
 Program  MARK  - Survival Rate Estimation with Capture-Recapture Data
 gfortran(dble/PIM2) Vers. 11.2 Nov 2025  19-Jan-2026 21:47:08    Page  001
  
 - - - - - - - - - - - - - - - - - - - - - - - - - - - - - - - - - - - - - -
 
 Welcome to MARK SCD-UM on machine DESKTOP-LNMOLR6 in subdirectory
   "C:\Users\SCD-UM\Desktop\cypripedium" running file "mark006.inp".
 This version was compiled by GCC version 15.2.0 using the options: 
  -cpp -iprefix C:/tdm-gcc-64/mingw64-15-2/bin/../lib/gcc/
  x86_64-w64-mingw32/15.2.0/ -D_MT -D_REENTRANT -U_REENTRANT -D
  dbleprecision -m64 -march=x86-64 -mtune=generic -mthreads -O3 -std=f2023
  -fimplicit-none -ffpe-summary=invalid,zero,overflow,underflow
  -funroll-loops -fno-unsafe-math-optimizations -frounding-math
  -fsignaling-nans -fprefetch-loop-arrays -fall-intrinsics -fopenmp

 This problem will use 7 of 8 possible threads.
 Static thread allocation is used.
 INPUT --- proc title ;

 For procedure title CPU Time was 0.001 secs and System Time was 0.001 secs.
 INPUT --- proc chmatrix occasions= 2 groups= 1 etype= Multistrata 
 INPUT --- Nodes= 101 strata=5 ICMeans  NoHist hist= 9 ;
 INPUT ---    time interval 1 ;
 INPUT ---     strata=1 2 3 4 5;
 INPUT ---    glabel(1)=Group 1;

      Number of unique encounter histories read was 9.

      Number of individual covariates read was 0.
      Time interval lengths are all equal to 1.

      Data type number is 9
      Data type is Multi-state with Live Recaptures

 For procedure chmatrix CPU Time was 0.001 secs and System Time was 0.001 secs.

Program  MARK  - Survival Rate Estimation with Capture-Recapture Data
 gfortran(dble/PIM2) Vers. 11.2 Nov 2025  19-Jan-2026 21:47:08    Page  002
 - - - - - - - - - - - - - - - - - - - - - - - - - - - - - - - - - - - - - -
 


 INPUT --- proc estimate link=Parm-Specific NOLOOP varest=2ndPart    ;
 INPUT --- model={ S(~1)p(~1)Psi(~stratum:tostratum) };
 INPUT ---    fixed=2;
 INPUT ---        parm(1)=1 ;
 INPUT ---        parm(2)=0 ;
 INPUT ---    group=1 S 1:Stratum1   rows=1 cols=1 Triang ;
 INPUT ---        1 ;
 INPUT ---    group=1 S 2:Stratum2   rows=1 cols=1 Triang ;
 INPUT ---        1 ;
 INPUT ---    group=1 S 3:Stratum3   rows=1 cols=1 Triang ;
 INPUT ---        1 ;
 INPUT ---    group=1 S 4:Stratum4   rows=1 cols=1 Triang ;
 INPUT ---        1 ;
 INPUT ---    group=1 S 5:Stratum5   rows=1 cols=1 Triang ;
 INPUT ---        1 ;
 INPUT ---    group=1 p 1:Stratum1   rows=1 cols=1 Triang ;
 INPUT ---        1 ;
 INPUT ---    group=1 p 2:Stratum2   rows=1 cols=1 Triang ;
 INPUT ---        1 ;
 INPUT ---    group=1 p 3:Stratum3   rows=1 cols=1 Triang ;
 INPUT ---        1 ;
 INPUT ---    group=1 p 4:Stratum4   rows=1 cols=1 Triang ;
 INPUT ---        1 ;
 INPUT ---    group=1 p 5:Stratum5   rows=1 cols=1 Triang ;
 INPUT ---        1 ;
 INPUT ---    group=1 Psi 1 to 2   rows=1 cols=1 Triang ;
 INPUT ---        3 ;
 INPUT ---    group=1 Psi 1 to 3   rows=1 cols=1 Triang ;
 INPUT ---        4 ;
 INPUT ---    group=1 Psi 1 to 4   rows=1 cols=1 Triang ;
 INPUT ---        5 ;
 INPUT ---    group=1 Psi 1 to 5   rows=1 cols=1 Triang ;
 INPUT ---        6 ;
 INPUT ---    group=1 Psi 2 to 1   rows=1 cols=1 Triang ;
 INPUT ---        2 ;
 INPUT ---    group=1 Psi 2 to 3   rows=1 cols=1 Triang ;
 INPUT ---        7 ;
 INPUT ---    group=1 Psi 2 to 4   rows=1 cols=1 Triang ;
 INPUT ---        8 ;
 INPUT ---    group=1 Psi 2 to 5   rows=1 cols=1 Triang ;
 INPUT ---        9 ;
 INPUT ---    group=1 Psi 3 to 1   rows=1 cols=1 Triang ;
 INPUT ---        2 ;
 INPUT ---    group=1 Psi 3 to 2   rows=1 cols=1 Triang ;

Program  MARK  - Survival Rate Estimation with Capture-Recapture Data
 gfortran(dble/PIM2) Vers. 11.2 Nov 2025  19-Jan-2026 21:47:08    Page  003
 - - - - - - - - - - - - - - - - - - - - - - - - - - - - - - - - - - - - - -
 
 INPUT ---        2 ;
 INPUT ---    group=1 Psi 3 to 4   rows=1 cols=1 Triang ;
 INPUT ---        10 ;
 INPUT ---    group=1 Psi 3 to 5   rows=1 cols=1 Triang ;
 INPUT ---        11 ;
 INPUT ---    group=1 Psi 4 to 1   rows=1 cols=1 Triang ;
 INPUT ---        2 ;
 INPUT ---    group=1 Psi 4 to 2   rows=1 cols=1 Triang ;
 INPUT ---        2 ;
 INPUT ---    group=1 Psi 4 to 3   rows=1 cols=1 Triang ;
 INPUT ---        2 ;
 INPUT ---    group=1 Psi 4 to 5   rows=1 cols=1 Triang ;
 INPUT ---        12 ;
 INPUT ---    group=1 Psi 5 to 1   rows=1 cols=1 Triang ;
 INPUT ---        2 ;
 INPUT ---    group=1 Psi 5 to 2   rows=1 cols=1 Triang ;
 INPUT ---        2 ;
 INPUT ---    group=1 Psi 5 to 3   rows=1 cols=1 Triang ;
 INPUT ---        2 ;
 INPUT ---    group=1 Psi 5 to 4   rows=1 cols=1 Triang ;
 INPUT ---        2 ;
 INPUT ---    design matrix constraints=12 covariates=11;
 INPUT ---        0 0 0 0 0 0 0 0 0 0 0;
 INPUT ---        0 0 0 0 0 0 0 0 0 0 0;
 INPUT ---        1 1 0 0 0 0 0 0 0 0 0;
 INPUT ---        1 0 1 0 0 0 0 0 0 0 0;
 INPUT ---        1 0 0 0 1 0 0 0 0 0 0;
 INPUT ---        1 0 0 0 0 0 0 1 0 0 0;
 INPUT ---        1 0 0 1 0 0 0 0 0 0 0;
 INPUT ---        1 0 0 0 0 1 0 0 0 0 0;
 INPUT ---        1 0 0 0 0 0 0 0 1 0 0;
 INPUT ---        1 0 0 0 0 0 1 0 0 0 0;
 INPUT ---        1 0 0 0 0 0 0 0 0 1 0;
 INPUT ---        1 0 0 0 0 0 0 0 0 0 1;
 INPUT ---    links=12;
 INPUT ---       Logit;
 INPUT ---       Logit;
 INPUT ---       mlogit(1);
 INPUT ---       mlogit(1);
 INPUT ---       mlogit(1);
 INPUT ---       mlogit(1);
 INPUT ---       mlogit(2);
 INPUT ---       mlogit(2);
 INPUT ---       mlogit(2);
 INPUT ---       mlogit(3);
 INPUT ---       mlogit(3);

Program  MARK  - Survival Rate Estimation with Capture-Recapture Data
 gfortran(dble/PIM2) Vers. 11.2 Nov 2025  19-Jan-2026 21:47:08    Page  004
 - - - - - - - - - - - - - - - - - - - - - - - - - - - - - - - - - - - - - -
 
 INPUT ---       mlogit(4);
 INPUT ---       blabel(1)=Psi:(Intercept);
 INPUT ---       blabel(2)=Psi:stratum1:tostratum2;
 INPUT ---       blabel(3)=Psi:stratum1:tostratum3;
 INPUT ---       blabel(4)=Psi:stratum2:tostratum3;
 INPUT ---       blabel(5)=Psi:stratum1:tostratum4;
 INPUT ---       blabel(6)=Psi:stratum2:tostratum4;
 INPUT ---       blabel(7)=Psi:stratum3:tostratum4;
 INPUT ---       blabel(8)=Psi:stratum1:tostratum5;
 INPUT ---       blabel(9)=Psi:stratum2:tostratum5;
 INPUT ---       blabel(10)=Psi:stratum3:tostratum5;
 INPUT ---       blabel(11)=Psi:stratum4:tostratum5;
 INPUT ---       rlabel(1)=S s1 g1 c1 a0 o1 t1;
 INPUT ---       rlabel(2)=Psi s2 to1 g1 c1 a0 o1 t1;
 INPUT ---       rlabel(3)=Psi s1 to2 g1 c1 a0 o1 t1;
 INPUT ---       rlabel(4)=Psi s1 to3 g1 c1 a0 o1 t1;
 INPUT ---       rlabel(5)=Psi s1 to4 g1 c1 a0 o1 t1;
 INPUT ---       rlabel(6)=Psi s1 to5 g1 c1 a0 o1 t1;
 INPUT ---       rlabel(7)=Psi s2 to3 g1 c1 a0 o1 t1;
 INPUT ---       rlabel(8)=Psi s2 to4 g1 c1 a0 o1 t1;
 INPUT ---       rlabel(9)=Psi s2 to5 g1 c1 a0 o1 t1;
 INPUT ---       rlabel(10)=Psi s3 to4 g1 c1 a0 o1 t1;
 INPUT ---       rlabel(11)=Psi s3 to5 g1 c1 a0 o1 t1;
 INPUT ---       rlabel(12)=Psi s4 to5 g1 c1 a0 o1 t1;
   Model is { S(~1)p(~1)Psi(~stratum:tostratum) }

 Link Function Used is PARM-SPECIFIC

 Variance Estimation Procedure Used is 2ndPart 
 -2logL(saturated) = 494.66311     
 Effective Sample Size = 357

 Number of function evaluations was 48 for 11 parameters.
 For numerical optimization, CPU Time was 0.203 secs and System Time was 0.203 secs.
 -2logL { S(~1)p(~1)Psi(~stratum:tostratum) } = 10355.355     
 Penalty { S(~1)p(~1)Psi(~stratum:tostratum) } = 0.0000000     
 Gradient { S(~1)p(~1)Psi(~stratum:tostratum) }:
  4.66562E-05  3.49219E-05 -1.67025E-05  4.24594E-05  2.06122E-05
   0.0000     -1.45563E-05   0.0000       0.0000       0.0000    
   0.0000    
 Maximum ABS(G) { S(~1)p(~1)Psi(~stratum:tostratum) } =  4.66562E-05
 To compute VC matrix, CPU Time was 0.031 secs and System Time was 0.063 secs.
 S Vector { S(~1)p(~1)Psi(~stratum:tostratum) }:
   106.9536      24.19696      5.192644      1.363989     0.9296404    
  0.1017253E-04 0.3734268E-05 0.5506488E-06 0.3031324E-06 0.2165735E-06
  0.7309004E-07
 To invert VC matrix, CPU Time was 0.001 secs and System Time was 0.001 secs.
 Ratio Threshold = 50.00 Max Gap (5/6) = 9.1387E+4 Next Max Gap (7/8) = 6.782

Program  MARK  - Survival Rate Estimation with Capture-Recapture Data
 gfortran(dble/PIM2) Vers. 11.2 Nov 2025  19-Jan-2026 21:47:08    Page  005
 - - - - - - - - - - - - - - - - - - - - - - - - - - - - - - - - - - - - - -
 
 Gap Method for Num. of Estimated Parameters { S(~1)p(~1)Psi(~stratum:tostratum) } = 5          
 Threshold { S(~1)p(~1)Psi(~stratum:tostratum) } = 0.9331245E-04           
 Numerical Threshold Method for Num. of Estimated Parameters { S(~1)p(~1)Psi(~stratum:tostratum) } = 5          
 Number of Estimated Parameters { S(~1)p(~1)Psi(~stratum:tostratum) } = 5          
 DEVIANCE { S(~1)p(~1)Psi(~stratum:tostratum) } = 9860.6917               
 DEVIANCE Degrees of Freedom { S(~1)p(~1)Psi(~stratum:tostratum) } = 1          
 c-hat { S(~1)p(~1)Psi(~stratum:tostratum) } = 9860.6917               
 AIC { S(~1)p(~1)Psi(~stratum:tostratum) } = 10365.355               
 AICc { S(~1)p(~1)Psi(~stratum:tostratum) } = 10365.526               
 BIC { S(~1)p(~1)Psi(~stratum:tostratum) } = 10384.744               
 Pearson Chisquare { S(~1)p(~1)Psi(~stratum:tostratum) } = 0.3202619               
 Possible Encounter Histories { S(~1)p(~1)Psi(~stratum:tostratum) } = 18          
 Pearson Chisquare df { S(~1)p(~1)Psi(~stratum:tostratum) } = 10          
 Pearson chat { S(~1)p(~1)Psi(~stratum:tostratum) } = 0.0320262               
 Sum(Observed/Expected) { S(~1)p(~1)Psi(~stratum:tostratum) } = 7.9084998               
 s-bar { S(~1)p(~1)Psi(~stratum:tostratum) } = -0.6727667              
 Fletcher chat { S(~1)p(~1)Psi(~stratum:tostratum) } = 0.0978696               


     PARM-SPECIFIC Link Function Parameters of { S(~1)p(~1)Psi(~stratum:tostratum) }
                                                              95% Confidence Interval
    Parameter                  Beta         Standard Error     Lower           Upper
 -------------------------  --------------  --------------  --------------  --------------
    1:Psi:(Intercept)       -9.4655114       214.59401      -430.06978       411.13876    
    2:Psi:stratum1:tostrat   9.4865650       214.59400      -411.11769       430.09082    
    3:Psi:stratum1:tostrat   6.3085084       214.59464      -414.29700       426.91402    
    4:Psi:stratum2:tostrat   7.6249626       214.59417      -412.97962       428.22955    
    5:Psi:stratum1:tostrat   4.9222235       214.59625      -415.68643       425.53088    
    6:Psi:stratum2:tostrat  -11.821704       0.0000000      -11.821704      -11.821704    
    7:Psi:stratum3:tostrat   7.3860596       214.59653      -413.22315       427.99527    
    8:Psi:stratum1:tostrat  -9.9372241       419.10650      -831.38597       811.51152    
    9:Psi:stratum2:tostrat  -11.821704       0.0000000      -11.821704      -11.821704    
   10:Psi:stratum3:tostrat  -11.627785       1132.9608      -2232.2311       2208.9755    
   11:Psi:stratum4:tostrat   0.0000000       0.0000000       0.0000000       0.0000000    


            Real Function Parameters of { S(~1)p(~1)Psi(~stratum:tostratum) }
                                                               95% Confidence Interval
     Parameter                Estimate       Standard Error     Lower           Upper
 --------------------------  --------------  --------------  --------------  --------------
     1:S s1 g1 c1 a0 o1 t1    1.0000000       0.0000000       1.0000000       1.0000000      Fixed
     2:Psi s2 to1 g1 c1 a0    0.0000000       0.0000000       0.0000000       0.0000000      Fixed
     3:Psi s1 to2 g1 c1 a0    0.4923077       0.0358015       0.4227433       0.5621713       
     4:Psi s1 to3 g1 c1 a0    0.0205128       0.0101507       0.0077200       0.0533643       
     5:Psi s1 to4 g1 c1 a0    0.0051282       0.0051151       0.7219091E-03   0.0354748       
     6:Psi s1 to5 g1 c1 a0    0.1805478E-08   0.7284070E-06  -0.1425872E-05   0.1429483E-05   
     7:Psi s2 to3 g1 c1 a0    0.1369864       0.0284558       0.0901077       0.2028175       

Program  MARK  - Survival Rate Estimation with Capture-Recapture Data
 gfortran(dble/PIM2) Vers. 11.2 Nov 2025  19-Jan-2026 21:47:08    Page  006
 - - - - - - - - - - - - - - - - - - - - - - - - - - - - - - - - - - - - - -
 
     8:Psi s2 to4 g1 c1 a0    0.4910180E-09   0.0000000       0.4910180E-09   0.4910180E-09   
     9:Psi s2 to5 g1 c1 a0    0.4910180E-09   0.0000000       0.4910180E-09   0.4910180E-09   
    10:Psi s3 to4 g1 c1 a0    0.1111101       0.1047561       0.0153926       0.4998625       
    11:Psi s3 to5 g1 c1 a0    0.6139678E-09   0.7273446E-06  -0.1424982E-05   0.1426209E-05   
    12:Psi s4 to5 g1 c1 a0    0.7747240E-04   0.0000000       0.7747240E-04   0.7747240E-04   

 To compute parameter estimates, CPU Time was 0.016 secs and System Time was 0.016 secs.

 Attempted ordering of parameters by estimatibility:
   1  2  4  3  7 11  5 10  8  6  9
 Beta number 9 is a singular value.

 For procedure estimate CPU Time was 0.281 secs and System Time was 0.735 secs.
 INPUT --- proc stop;

 For this job, CPU Time in mins was 0.006 and System Time in mins was 0.014.

     Time Start = 21:47:07.997   Time End = 21:47:08.846

 Wall Clock Time in mins for this job was 0.013.

 Maximum of 22 words used.


          E X E C U T I O N   S U C C E S S F U L
