
 Program  MARK  - Survival Rate Estimation with Capture-Recapture Data
 gfortran(dble/PIM2) Vers. 11.2 Nov 2025   7-Jan-2026 14:46:21    Page  001
  
 - - - - - - - - - - - - - - - - - - - - - - - - - - - - - - - - - - - - - -
 
 Welcome to MARK Vuillemot on machine LORDI-1NRUQJIEA in subdirectory
   "C:\Users\Vuillemot\Desktop\cypripedium" running file "mark003.inp".
 This version was compiled by GCC version 15.2.0 using the options: 
  -cpp -iprefix C:/tdm-gcc-64/mingw64-15-2/bin/../lib/gcc/
  x86_64-w64-mingw32/15.2.0/ -D_MT -D_REENTRANT -U_REENTRANT -D
  dbleprecision -m64 -march=x86-64 -mtune=generic -mthreads -O3 -std=f2023
  -fimplicit-none -ffpe-summary=invalid,zero,overflow,underflow
  -funroll-loops -fno-unsafe-math-optimizations -frounding-math
  -fsignaling-nans -fprefetch-loop-arrays -fall-intrinsics -fopenmp

 This problem will use 3 of 4 possible threads.
 Static thread allocation is used.
 INPUT --- proc title ;

 For procedure title CPU Time was 0.001 secs and System Time was 0.001 secs.
 INPUT --- proc chmatrix occasions= 3 groups= 1 etype= Multistrata 
 INPUT --- Nodes= 101 strata=6 ICMeans  NoHist hist= 62 ;
 INPUT ---    time interval 1 1 ;
 INPUT ---     strata=. A B C D E;
 INPUT ---    glabel(1)=Group 1;

      Number of unique encounter histories read was 62.

      Number of individual covariates read was 0.
      Time interval lengths are all equal to 1.

      Data type number is 9
      Data type is Multi-state with Live Recaptures

 For procedure chmatrix CPU Time was 0.062 secs and System Time was 0.063 secs.

Program  MARK  - Survival Rate Estimation with Capture-Recapture Data
 gfortran(dble/PIM2) Vers. 11.2 Nov 2025   7-Jan-2026 14:46:21    Page  002
 - - - - - - - - - - - - - - - - - - - - - - - - - - - - - - - - - - - - - -
 


 INPUT --- proc estimate link=Parm-Specific NOLOOP varest=2ndPart    ;
 INPUT --- model={ S(~1)p(~1)Psi(~stratum) };
 INPUT ---    group=1 S .:Stratum.   rows=2 cols=2 Triang ;
 INPUT ---        1 1 ;
 INPUT ---        1 ;
 INPUT ---    group=1 S A:StratumA   rows=2 cols=2 Triang ;
 INPUT ---        1 1 ;
 INPUT ---        1 ;
 INPUT ---    group=1 S B:StratumB   rows=2 cols=2 Triang ;
 INPUT ---        1 1 ;
 INPUT ---        1 ;
 INPUT ---    group=1 S C:StratumC   rows=2 cols=2 Triang ;
 INPUT ---        1 1 ;
 INPUT ---        1 ;
 INPUT ---    group=1 S D:StratumD   rows=2 cols=2 Triang ;
 INPUT ---        1 1 ;
 INPUT ---        1 ;
 INPUT ---    group=1 S E:StratumE   rows=2 cols=2 Triang ;
 INPUT ---        1 1 ;
 INPUT ---        1 ;
 INPUT ---    group=1 p .:Stratum.   rows=2 cols=2 Triang ;
 INPUT ---        2 2 ;
 INPUT ---        2 ;
 INPUT ---    group=1 p A:StratumA   rows=2 cols=2 Triang ;
 INPUT ---        2 2 ;
 INPUT ---        2 ;
 INPUT ---    group=1 p B:StratumB   rows=2 cols=2 Triang ;
 INPUT ---        2 2 ;
 INPUT ---        2 ;
 INPUT ---    group=1 p C:StratumC   rows=2 cols=2 Triang ;
 INPUT ---        2 2 ;
 INPUT ---        2 ;
 INPUT ---    group=1 p D:StratumD   rows=2 cols=2 Triang ;
 INPUT ---        2 2 ;
 INPUT ---        2 ;
 INPUT ---    group=1 p E:StratumE   rows=2 cols=2 Triang ;
 INPUT ---        2 2 ;
 INPUT ---        2 ;
 INPUT ---    group=1 Psi . to A   rows=2 cols=2 Triang ;
 INPUT ---        3 4 ;
 INPUT ---        5 ;
 INPUT ---    group=1 Psi . to B   rows=2 cols=2 Triang ;
 INPUT ---        6 7 ;
 INPUT ---        8 ;

Program  MARK  - Survival Rate Estimation with Capture-Recapture Data
 gfortran(dble/PIM2) Vers. 11.2 Nov 2025   7-Jan-2026 14:46:21    Page  003
 - - - - - - - - - - - - - - - - - - - - - - - - - - - - - - - - - - - - - -
 
 INPUT ---    group=1 Psi . to C   rows=2 cols=2 Triang ;
 INPUT ---        9 10 ;
 INPUT ---        11 ;
 INPUT ---    group=1 Psi . to D   rows=2 cols=2 Triang ;
 INPUT ---        12 13 ;
 INPUT ---        14 ;
 INPUT ---    group=1 Psi . to E   rows=2 cols=2 Triang ;
 INPUT ---        15 16 ;
 INPUT ---        17 ;
 INPUT ---    group=1 Psi A to .   rows=2 cols=2 Triang ;
 INPUT ---        18 19 ;
 INPUT ---        20 ;
 INPUT ---    group=1 Psi A to B   rows=2 cols=2 Triang ;
 INPUT ---        21 22 ;
 INPUT ---        23 ;
 INPUT ---    group=1 Psi A to C   rows=2 cols=2 Triang ;
 INPUT ---        24 25 ;
 INPUT ---        26 ;
 INPUT ---    group=1 Psi A to D   rows=2 cols=2 Triang ;
 INPUT ---        27 28 ;
 INPUT ---        29 ;
 INPUT ---    group=1 Psi A to E   rows=2 cols=2 Triang ;
 INPUT ---        30 31 ;
 INPUT ---        32 ;
 INPUT ---    group=1 Psi B to .   rows=2 cols=2 Triang ;
 INPUT ---        33 34 ;
 INPUT ---        35 ;
 INPUT ---    group=1 Psi B to A   rows=2 cols=2 Triang ;
 INPUT ---        36 37 ;
 INPUT ---        38 ;
 INPUT ---    group=1 Psi B to C   rows=2 cols=2 Triang ;
 INPUT ---        39 40 ;
 INPUT ---        41 ;
 INPUT ---    group=1 Psi B to D   rows=2 cols=2 Triang ;
 INPUT ---        42 43 ;
 INPUT ---        44 ;
 INPUT ---    group=1 Psi B to E   rows=2 cols=2 Triang ;
 INPUT ---        45 46 ;
 INPUT ---        47 ;
 INPUT ---    group=1 Psi C to .   rows=2 cols=2 Triang ;
 INPUT ---        48 49 ;
 INPUT ---        50 ;
 INPUT ---    group=1 Psi C to A   rows=2 cols=2 Triang ;
 INPUT ---        51 52 ;
 INPUT ---        53 ;
 INPUT ---    group=1 Psi C to B   rows=2 cols=2 Triang ;

Program  MARK  - Survival Rate Estimation with Capture-Recapture Data
 gfortran(dble/PIM2) Vers. 11.2 Nov 2025   7-Jan-2026 14:46:21    Page  004
 - - - - - - - - - - - - - - - - - - - - - - - - - - - - - - - - - - - - - -
 
 INPUT ---        54 55 ;
 INPUT ---        56 ;
 INPUT ---    group=1 Psi C to D   rows=2 cols=2 Triang ;
 INPUT ---        57 58 ;
 INPUT ---        59 ;
 INPUT ---    group=1 Psi C to E   rows=2 cols=2 Triang ;
 INPUT ---        60 61 ;
 INPUT ---        62 ;
 INPUT ---    group=1 Psi D to .   rows=2 cols=2 Triang ;
 INPUT ---        63 64 ;
 INPUT ---        65 ;
 INPUT ---    group=1 Psi D to A   rows=2 cols=2 Triang ;
 INPUT ---        66 67 ;
 INPUT ---        68 ;
 INPUT ---    group=1 Psi D to B   rows=2 cols=2 Triang ;
 INPUT ---        69 70 ;
 INPUT ---        71 ;
 INPUT ---    group=1 Psi D to C   rows=2 cols=2 Triang ;
 INPUT ---        72 73 ;
 INPUT ---        74 ;
 INPUT ---    group=1 Psi D to E   rows=2 cols=2 Triang ;
 INPUT ---        75 76 ;
 INPUT ---        77 ;
 INPUT ---    group=1 Psi E to .   rows=2 cols=2 Triang ;
 INPUT ---        78 79 ;
 INPUT ---        80 ;
 INPUT ---    group=1 Psi E to A   rows=2 cols=2 Triang ;
 INPUT ---        81 82 ;
 INPUT ---        83 ;
 INPUT ---    group=1 Psi E to B   rows=2 cols=2 Triang ;
 INPUT ---        84 85 ;
 INPUT ---        86 ;
 INPUT ---    group=1 Psi E to C   rows=2 cols=2 Triang ;
 INPUT ---        87 88 ;
 INPUT ---        89 ;
 INPUT ---    group=1 Psi E to D   rows=2 cols=2 Triang ;
 INPUT ---        90 91 ;
 INPUT ---        92 ;
 INPUT ---    design matrix constraints=92 covariates=8;
 INPUT ---        1 0 0 0 0 0 0 0;
 INPUT ---        0 1 0 0 0 0 0 0;
 INPUT ---        0 0 1 0 0 0 0 0;
 INPUT ---        0 0 1 0 0 0 0 0;
 INPUT ---        0 0 1 0 0 0 0 0;
 INPUT ---        0 0 1 0 0 0 0 0;
 INPUT ---        0 0 1 0 0 0 0 0;

Program  MARK  - Survival Rate Estimation with Capture-Recapture Data
 gfortran(dble/PIM2) Vers. 11.2 Nov 2025   7-Jan-2026 14:46:21    Page  005
 - - - - - - - - - - - - - - - - - - - - - - - - - - - - - - - - - - - - - -
 
 INPUT ---        0 0 1 0 0 0 0 0;
 INPUT ---        0 0 1 0 0 0 0 0;
 INPUT ---        0 0 1 0 0 0 0 0;
 INPUT ---        0 0 1 0 0 0 0 0;
 INPUT ---        0 0 1 0 0 0 0 0;
 INPUT ---        0 0 1 0 0 0 0 0;
 INPUT ---        0 0 1 0 0 0 0 0;
 INPUT ---        0 0 1 0 0 0 0 0;
 INPUT ---        0 0 1 0 0 0 0 0;
 INPUT ---        0 0 1 0 0 0 0 0;
 INPUT ---        0 0 1 1 0 0 0 0;
 INPUT ---        0 0 1 1 0 0 0 0;
 INPUT ---        0 0 1 1 0 0 0 0;
 INPUT ---        0 0 1 1 0 0 0 0;
 INPUT ---        0 0 1 1 0 0 0 0;
 INPUT ---        0 0 1 1 0 0 0 0;
 INPUT ---        0 0 1 1 0 0 0 0;
 INPUT ---        0 0 1 1 0 0 0 0;
 INPUT ---        0 0 1 1 0 0 0 0;
 INPUT ---        0 0 1 1 0 0 0 0;
 INPUT ---        0 0 1 1 0 0 0 0;
 INPUT ---        0 0 1 1 0 0 0 0;
 INPUT ---        0 0 1 1 0 0 0 0;
 INPUT ---        0 0 1 1 0 0 0 0;
 INPUT ---        0 0 1 1 0 0 0 0;
 INPUT ---        0 0 1 0 1 0 0 0;
 INPUT ---        0 0 1 0 1 0 0 0;
 INPUT ---        0 0 1 0 1 0 0 0;
 INPUT ---        0 0 1 0 1 0 0 0;
 INPUT ---        0 0 1 0 1 0 0 0;
 INPUT ---        0 0 1 0 1 0 0 0;
 INPUT ---        0 0 1 0 1 0 0 0;
 INPUT ---        0 0 1 0 1 0 0 0;
 INPUT ---        0 0 1 0 1 0 0 0;
 INPUT ---        0 0 1 0 1 0 0 0;
 INPUT ---        0 0 1 0 1 0 0 0;
 INPUT ---        0 0 1 0 1 0 0 0;
 INPUT ---        0 0 1 0 1 0 0 0;
 INPUT ---        0 0 1 0 1 0 0 0;
 INPUT ---        0 0 1 0 1 0 0 0;
 INPUT ---        0 0 1 0 0 1 0 0;
 INPUT ---        0 0 1 0 0 1 0 0;
 INPUT ---        0 0 1 0 0 1 0 0;
 INPUT ---        0 0 1 0 0 1 0 0;
 INPUT ---        0 0 1 0 0 1 0 0;
 INPUT ---        0 0 1 0 0 1 0 0;

Program  MARK  - Survival Rate Estimation with Capture-Recapture Data
 gfortran(dble/PIM2) Vers. 11.2 Nov 2025   7-Jan-2026 14:46:21    Page  006
 - - - - - - - - - - - - - - - - - - - - - - - - - - - - - - - - - - - - - -
 
 INPUT ---        0 0 1 0 0 1 0 0;
 INPUT ---        0 0 1 0 0 1 0 0;
 INPUT ---        0 0 1 0 0 1 0 0;
 INPUT ---        0 0 1 0 0 1 0 0;
 INPUT ---        0 0 1 0 0 1 0 0;
 INPUT ---        0 0 1 0 0 1 0 0;
 INPUT ---        0 0 1 0 0 1 0 0;
 INPUT ---        0 0 1 0 0 1 0 0;
 INPUT ---        0 0 1 0 0 1 0 0;
 INPUT ---        0 0 1 0 0 0 1 0;
 INPUT ---        0 0 1 0 0 0 1 0;
 INPUT ---        0 0 1 0 0 0 1 0;
 INPUT ---        0 0 1 0 0 0 1 0;
 INPUT ---        0 0 1 0 0 0 1 0;
 INPUT ---        0 0 1 0 0 0 1 0;
 INPUT ---        0 0 1 0 0 0 1 0;
 INPUT ---        0 0 1 0 0 0 1 0;
 INPUT ---        0 0 1 0 0 0 1 0;
 INPUT ---        0 0 1 0 0 0 1 0;
 INPUT ---        0 0 1 0 0 0 1 0;
 INPUT ---        0 0 1 0 0 0 1 0;
 INPUT ---        0 0 1 0 0 0 1 0;
 INPUT ---        0 0 1 0 0 0 1 0;
 INPUT ---        0 0 1 0 0 0 1 0;
 INPUT ---        0 0 1 0 0 0 0 1;
 INPUT ---        0 0 1 0 0 0 0 1;
 INPUT ---        0 0 1 0 0 0 0 1;
 INPUT ---        0 0 1 0 0 0 0 1;
 INPUT ---        0 0 1 0 0 0 0 1;
 INPUT ---        0 0 1 0 0 0 0 1;
 INPUT ---        0 0 1 0 0 0 0 1;
 INPUT ---        0 0 1 0 0 0 0 1;
 INPUT ---        0 0 1 0 0 0 0 1;
 INPUT ---        0 0 1 0 0 0 0 1;
 INPUT ---        0 0 1 0 0 0 0 1;
 INPUT ---        0 0 1 0 0 0 0 1;
 INPUT ---        0 0 1 0 0 0 0 1;
 INPUT ---        0 0 1 0 0 0 0 1;
 INPUT ---        0 0 1 0 0 0 0 1;
 INPUT ---    links=92;
 INPUT ---       Logit;
 INPUT ---       Logit;
 INPUT ---       mlogit(1);
 INPUT ---       mlogit(2);
 INPUT ---       mlogit(3);
 INPUT ---       mlogit(1);

Program  MARK  - Survival Rate Estimation with Capture-Recapture Data
 gfortran(dble/PIM2) Vers. 11.2 Nov 2025   7-Jan-2026 14:46:21    Page  007
 - - - - - - - - - - - - - - - - - - - - - - - - - - - - - - - - - - - - - -
 
 INPUT ---       mlogit(2);
 INPUT ---       mlogit(3);
 INPUT ---       mlogit(1);
 INPUT ---       mlogit(2);
 INPUT ---       mlogit(3);
 INPUT ---       mlogit(1);
 INPUT ---       mlogit(2);
 INPUT ---       mlogit(3);
 INPUT ---       mlogit(1);
 INPUT ---       mlogit(2);
 INPUT ---       mlogit(3);
 INPUT ---       mlogit(4);
 INPUT ---       mlogit(5);
 INPUT ---       mlogit(6);
 INPUT ---       mlogit(4);
 INPUT ---       mlogit(5);
 INPUT ---       mlogit(6);
 INPUT ---       mlogit(4);
 INPUT ---       mlogit(5);
 INPUT ---       mlogit(6);
 INPUT ---       mlogit(4);
 INPUT ---       mlogit(5);
 INPUT ---       mlogit(6);
 INPUT ---       mlogit(4);
 INPUT ---       mlogit(5);
 INPUT ---       mlogit(6);
 INPUT ---       mlogit(7);
 INPUT ---       mlogit(8);
 INPUT ---       mlogit(9);
 INPUT ---       mlogit(7);
 INPUT ---       mlogit(8);
 INPUT ---       mlogit(9);
 INPUT ---       mlogit(7);
 INPUT ---       mlogit(8);
 INPUT ---       mlogit(9);
 INPUT ---       mlogit(7);
 INPUT ---       mlogit(8);
 INPUT ---       mlogit(9);
 INPUT ---       mlogit(7);
 INPUT ---       mlogit(8);
 INPUT ---       mlogit(9);
 INPUT ---       mlogit(10);
 INPUT ---       mlogit(11);
 INPUT ---       mlogit(12);
 INPUT ---       mlogit(10);
 INPUT ---       mlogit(11);

Program  MARK  - Survival Rate Estimation with Capture-Recapture Data
 gfortran(dble/PIM2) Vers. 11.2 Nov 2025   7-Jan-2026 14:46:21    Page  008
 - - - - - - - - - - - - - - - - - - - - - - - - - - - - - - - - - - - - - -
 
 INPUT ---       mlogit(12);
 INPUT ---       mlogit(10);
 INPUT ---       mlogit(11);
 INPUT ---       mlogit(12);
 INPUT ---       mlogit(10);
 INPUT ---       mlogit(11);
 INPUT ---       mlogit(12);
 INPUT ---       mlogit(10);
 INPUT ---       mlogit(11);
 INPUT ---       mlogit(12);
 INPUT ---       mlogit(13);
 INPUT ---       mlogit(14);
 INPUT ---       mlogit(15);
 INPUT ---       mlogit(13);
 INPUT ---       mlogit(14);
 INPUT ---       mlogit(15);
 INPUT ---       mlogit(13);
 INPUT ---       mlogit(14);
 INPUT ---       mlogit(15);
 INPUT ---       mlogit(13);
 INPUT ---       mlogit(14);
 INPUT ---       mlogit(15);
 INPUT ---       mlogit(13);
 INPUT ---       mlogit(14);
 INPUT ---       mlogit(15);
 INPUT ---       mlogit(16);
 INPUT ---       mlogit(17);
 INPUT ---       mlogit(18);
 INPUT ---       mlogit(16);
 INPUT ---       mlogit(17);
 INPUT ---       mlogit(18);
 INPUT ---       mlogit(16);
 INPUT ---       mlogit(17);
 INPUT ---       mlogit(18);
 INPUT ---       mlogit(16);
 INPUT ---       mlogit(17);
 INPUT ---       mlogit(18);
 INPUT ---       mlogit(16);
 INPUT ---       mlogit(17);
 INPUT ---       mlogit(18);
 INPUT ---       blabel(1)=S:(Intercept);
 INPUT ---       blabel(2)=p:(Intercept);
 INPUT ---       blabel(3)=Psi:(Intercept);
 INPUT ---       blabel(4)=Psi:stratumA;
 INPUT ---       blabel(5)=Psi:stratumB;
 INPUT ---       blabel(6)=Psi:stratumC;

Program  MARK  - Survival Rate Estimation with Capture-Recapture Data
 gfortran(dble/PIM2) Vers. 11.2 Nov 2025   7-Jan-2026 14:46:21    Page  009
 - - - - - - - - - - - - - - - - - - - - - - - - - - - - - - - - - - - - - -
 
 INPUT ---       blabel(7)=Psi:stratumD;
 INPUT ---       blabel(8)=Psi:stratumE;
 INPUT ---       rlabel(1)=S s. g1 c1 a0 o1 t1;
 INPUT ---       rlabel(2)=p s. g1 c1 a1 o1 t2;
 INPUT ---       rlabel(3)=Psi s. toA g1 c1 a0 o1 t1;
 INPUT ---       rlabel(4)=Psi s. toA g1 c1 a1 o2 t2;
 INPUT ---       rlabel(5)=Psi s. toA g1 c2 a0 o2 t2;
 INPUT ---       rlabel(6)=Psi s. toB g1 c1 a0 o1 t1;
 INPUT ---       rlabel(7)=Psi s. toB g1 c1 a1 o2 t2;
 INPUT ---       rlabel(8)=Psi s. toB g1 c2 a0 o2 t2;
 INPUT ---       rlabel(9)=Psi s. toC g1 c1 a0 o1 t1;
 INPUT ---       rlabel(10)=Psi s. toC g1 c1 a1 o2 t2;
 INPUT ---       rlabel(11)=Psi s. toC g1 c2 a0 o2 t2;
 INPUT ---       rlabel(12)=Psi s. toD g1 c1 a0 o1 t1;
 INPUT ---       rlabel(13)=Psi s. toD g1 c1 a1 o2 t2;
 INPUT ---       rlabel(14)=Psi s. toD g1 c2 a0 o2 t2;
 INPUT ---       rlabel(15)=Psi s. toE g1 c1 a0 o1 t1;
 INPUT ---       rlabel(16)=Psi s. toE g1 c1 a1 o2 t2;
 INPUT ---       rlabel(17)=Psi s. toE g1 c2 a0 o2 t2;
 INPUT ---       rlabel(18)=Psi sA to. g1 c1 a0 o1 t1;
 INPUT ---       rlabel(19)=Psi sA to. g1 c1 a1 o2 t2;
 INPUT ---       rlabel(20)=Psi sA to. g1 c2 a0 o2 t2;
 INPUT ---       rlabel(21)=Psi sA toB g1 c1 a0 o1 t1;
 INPUT ---       rlabel(22)=Psi sA toB g1 c1 a1 o2 t2;
 INPUT ---       rlabel(23)=Psi sA toB g1 c2 a0 o2 t2;
 INPUT ---       rlabel(24)=Psi sA toC g1 c1 a0 o1 t1;
 INPUT ---       rlabel(25)=Psi sA toC g1 c1 a1 o2 t2;
 INPUT ---       rlabel(26)=Psi sA toC g1 c2 a0 o2 t2;
 INPUT ---       rlabel(27)=Psi sA toD g1 c1 a0 o1 t1;
 INPUT ---       rlabel(28)=Psi sA toD g1 c1 a1 o2 t2;
 INPUT ---       rlabel(29)=Psi sA toD g1 c2 a0 o2 t2;
 INPUT ---       rlabel(30)=Psi sA toE g1 c1 a0 o1 t1;
 INPUT ---       rlabel(31)=Psi sA toE g1 c1 a1 o2 t2;
 INPUT ---       rlabel(32)=Psi sA toE g1 c2 a0 o2 t2;
 INPUT ---       rlabel(33)=Psi sB to. g1 c1 a0 o1 t1;
 INPUT ---       rlabel(34)=Psi sB to. g1 c1 a1 o2 t2;
 INPUT ---       rlabel(35)=Psi sB to. g1 c2 a0 o2 t2;
 INPUT ---       rlabel(36)=Psi sB toA g1 c1 a0 o1 t1;
 INPUT ---       rlabel(37)=Psi sB toA g1 c1 a1 o2 t2;
 INPUT ---       rlabel(38)=Psi sB toA g1 c2 a0 o2 t2;
 INPUT ---       rlabel(39)=Psi sB toC g1 c1 a0 o1 t1;
 INPUT ---       rlabel(40)=Psi sB toC g1 c1 a1 o2 t2;
 INPUT ---       rlabel(41)=Psi sB toC g1 c2 a0 o2 t2;
 INPUT ---       rlabel(42)=Psi sB toD g1 c1 a0 o1 t1;
 INPUT ---       rlabel(43)=Psi sB toD g1 c1 a1 o2 t2;
 INPUT ---       rlabel(44)=Psi sB toD g1 c2 a0 o2 t2;

Program  MARK  - Survival Rate Estimation with Capture-Recapture Data
 gfortran(dble/PIM2) Vers. 11.2 Nov 2025   7-Jan-2026 14:46:22    Page  010
 - - - - - - - - - - - - - - - - - - - - - - - - - - - - - - - - - - - - - -
 
 INPUT ---       rlabel(45)=Psi sB toE g1 c1 a0 o1 t1;
 INPUT ---       rlabel(46)=Psi sB toE g1 c1 a1 o2 t2;
 INPUT ---       rlabel(47)=Psi sB toE g1 c2 a0 o2 t2;
 INPUT ---       rlabel(48)=Psi sC to. g1 c1 a0 o1 t1;
 INPUT ---       rlabel(49)=Psi sC to. g1 c1 a1 o2 t2;
 INPUT ---       rlabel(50)=Psi sC to. g1 c2 a0 o2 t2;
 INPUT ---       rlabel(51)=Psi sC toA g1 c1 a0 o1 t1;
 INPUT ---       rlabel(52)=Psi sC toA g1 c1 a1 o2 t2;
 INPUT ---       rlabel(53)=Psi sC toA g1 c2 a0 o2 t2;
 INPUT ---       rlabel(54)=Psi sC toB g1 c1 a0 o1 t1;
 INPUT ---       rlabel(55)=Psi sC toB g1 c1 a1 o2 t2;
 INPUT ---       rlabel(56)=Psi sC toB g1 c2 a0 o2 t2;
 INPUT ---       rlabel(57)=Psi sC toD g1 c1 a0 o1 t1;
 INPUT ---       rlabel(58)=Psi sC toD g1 c1 a1 o2 t2;
 INPUT ---       rlabel(59)=Psi sC toD g1 c2 a0 o2 t2;
 INPUT ---       rlabel(60)=Psi sC toE g1 c1 a0 o1 t1;
 INPUT ---       rlabel(61)=Psi sC toE g1 c1 a1 o2 t2;
 INPUT ---       rlabel(62)=Psi sC toE g1 c2 a0 o2 t2;
 INPUT ---       rlabel(63)=Psi sD to. g1 c1 a0 o1 t1;
 INPUT ---       rlabel(64)=Psi sD to. g1 c1 a1 o2 t2;
 INPUT ---       rlabel(65)=Psi sD to. g1 c2 a0 o2 t2;
 INPUT ---       rlabel(66)=Psi sD toA g1 c1 a0 o1 t1;
 INPUT ---       rlabel(67)=Psi sD toA g1 c1 a1 o2 t2;
 INPUT ---       rlabel(68)=Psi sD toA g1 c2 a0 o2 t2;
 INPUT ---       rlabel(69)=Psi sD toB g1 c1 a0 o1 t1;
 INPUT ---       rlabel(70)=Psi sD toB g1 c1 a1 o2 t2;
 INPUT ---       rlabel(71)=Psi sD toB g1 c2 a0 o2 t2;
 INPUT ---       rlabel(72)=Psi sD toC g1 c1 a0 o1 t1;
 INPUT ---       rlabel(73)=Psi sD toC g1 c1 a1 o2 t2;
 INPUT ---       rlabel(74)=Psi sD toC g1 c2 a0 o2 t2;
 INPUT ---       rlabel(75)=Psi sD toE g1 c1 a0 o1 t1;
 INPUT ---       rlabel(76)=Psi sD toE g1 c1 a1 o2 t2;
 INPUT ---       rlabel(77)=Psi sD toE g1 c2 a0 o2 t2;
 INPUT ---       rlabel(78)=Psi sE to. g1 c1 a0 o1 t1;
 INPUT ---       rlabel(79)=Psi sE to. g1 c1 a1 o2 t2;
 INPUT ---       rlabel(80)=Psi sE to. g1 c2 a0 o2 t2;
 INPUT ---       rlabel(81)=Psi sE toA g1 c1 a0 o1 t1;
 INPUT ---       rlabel(82)=Psi sE toA g1 c1 a1 o2 t2;
 INPUT ---       rlabel(83)=Psi sE toA g1 c2 a0 o2 t2;
 INPUT ---       rlabel(84)=Psi sE toB g1 c1 a0 o1 t1;
 INPUT ---       rlabel(85)=Psi sE toB g1 c1 a1 o2 t2;
 INPUT ---       rlabel(86)=Psi sE toB g1 c2 a0 o2 t2;
 INPUT ---       rlabel(87)=Psi sE toC g1 c1 a0 o1 t1;
 INPUT ---       rlabel(88)=Psi sE toC g1 c1 a1 o2 t2;
 INPUT ---       rlabel(89)=Psi sE toC g1 c2 a0 o2 t2;
 INPUT ---       rlabel(90)=Psi sE toD g1 c1 a0 o1 t1;

Program  MARK  - Survival Rate Estimation with Capture-Recapture Data
 gfortran(dble/PIM2) Vers. 11.2 Nov 2025   7-Jan-2026 14:46:22    Page  011
 - - - - - - - - - - - - - - - - - - - - - - - - - - - - - - - - - - - - - -
 
 INPUT ---       rlabel(91)=Psi sE toD g1 c1 a1 o2 t2;
 INPUT ---       rlabel(92)=Psi sE toD g1 c2 a0 o2 t2;
   Model is { S(~1)p(~1)Psi(~stratum) }

 Link Function Used is PARM-SPECIFIC

 Variance Estimation Procedure Used is 2ndPart 
 -2logL(saturated) = 5450.0866     
 Effective Sample Size = 2526

 Number of function evaluations was 37 for 8 parameters.
 For numerical optimization, CPU Time was 0.188 secs and System Time was 0.187 secs.
 -2logL { S(~1)p(~1)Psi(~stratum) } = 7239.0315     
 Penalty { S(~1)p(~1)Psi(~stratum) } = 0.0000000     
 Gradient { S(~1)p(~1)Psi(~stratum) }:
 -6.59312E-04 -1.37097E-03 -9.55553E-03  9.23987E-04 -1.03501E-02
 -1.22156E-04   0.0000       0.0000    
 Maximum ABS(G) { S(~1)p(~1)Psi(~stratum) } =  1.03501E-02
 To compute VC matrix, CPU Time was 0.016 secs and System Time was 0.063 secs.
 S Vector { S(~1)p(~1)Psi(~stratum) }:
   488.1190      291.9793      156.4461      35.12513      34.13725    
  0.3258325E-04 0.9364353E-06 0.8054867E-07
 To invert VC matrix, CPU Time was 0.001 secs and System Time was 0.001 secs.
 Ratio Threshold = 50.00 Max Gap (5/6) = 1.0477E+6 Next Max Gap (6/7) = 34.79
 Gap Method for Num. of Estimated Parameters { S(~1)p(~1)Psi(~stratum) } = 5          
 Threshold { S(~1)p(~1)Psi(~stratum) } = 0.0207001               
 Numerical Threshold Method for Num. of Estimated Parameters { S(~1)p(~1)Psi(~stratum) } = 5          
 Number of Estimated Parameters { S(~1)p(~1)Psi(~stratum) } = 5          
 DEVIANCE { S(~1)p(~1)Psi(~stratum) } = 1788.9450               
 DEVIANCE Degrees of Freedom { S(~1)p(~1)Psi(~stratum) } = 51          
 c-hat { S(~1)p(~1)Psi(~stratum) } = 35.077352               
 AIC { S(~1)p(~1)Psi(~stratum) } = 7249.0315               
 AICc { S(~1)p(~1)Psi(~stratum) } = 7249.0554               
 BIC { S(~1)p(~1)Psi(~stratum) } = 7278.2035               
 Pearson Chisquare { S(~1)p(~1)Psi(~stratum) } = 4891.8684               
 Possible Encounter Histories { S(~1)p(~1)Psi(~stratum) } = 168          
 Pearson Chisquare df { S(~1)p(~1)Psi(~stratum) } = 157          
 Pearson chat { S(~1)p(~1)Psi(~stratum) } = 31.158397               
 Sum(Observed/Expected) { S(~1)p(~1)Psi(~stratum) } = 172.21021               
 s-bar { S(~1)p(~1)Psi(~stratum) } = 0.0259890               
 Fletcher chat { S(~1)p(~1)Psi(~stratum) } = 30.369135               

Program  MARK  - Survival Rate Estimation with Capture-Recapture Data
 gfortran(dble/PIM2) Vers. 11.2 Nov 2025   7-Jan-2026 14:46:22    Page  012
 - - - - - - - - - - - - - - - - - - - - - - - - - - - - - - - - - - - - - -
 
          PARM-SPECIFIC Link Function Parameters of { S(~1)p(~1)Psi(~stratum) }
                                                              95% Confidence Interval
    Parameter                  Beta         Standard Error     Lower           Upper
 -------------------------  --------------  --------------  --------------  --------------
    1:S:(Intercept)          2.7030076       0.1604187       2.3885868       3.0174283    
    2:p:(Intercept)          1.5821359       0.0835717       1.4183353       1.7459365    
    3:Psi:(Intercept)        16.447916       87.619345      -155.28600       188.18183    
    4:Psi:stratumA          -17.845964       87.619303      -189.57980       153.88787    
    5:Psi:stratumB          -19.929897       87.619427      -191.66398       151.80418    
    6:Psi:stratumC          -16.763429       87.619549      -188.49775       154.97089    
    7:Psi:stratumD          -36.386326       3521.0607      -6937.6655       6864.8928    
    8:Psi:stratumE           5.1703037       1041.5603      -2036.2879       2046.6285    


                 Real Function Parameters of { S(~1)p(~1)Psi(~stratum) }
                                                               95% Confidence Interval
     Parameter                Estimate       Standard Error     Lower           Upper
 --------------------------  --------------  --------------  --------------  --------------
     1:S s. g1 c1 a0 o1 t1    0.9372039       0.0094411       0.9159528       0.9533553       
     2:p s. g1 c1 a1 o1 t2    0.8295068       0.0118192       0.8050773       0.8514395       
     3:Psi s. toA g1 c1 a0    0.2000000       0.2525517E-06   0.1999995       0.2000005       
     4:Psi s. toA g1 c1 a1    0.2000000       0.2525517E-06   0.1999995       0.2000005       
     5:Psi s. toA g1 c2 a0    0.2000000       0.2525517E-06   0.1999995       0.2000005       
     6:Psi s. toB g1 c1 a0    0.2000000       0.2525517E-06   0.1999995       0.2000005       
     7:Psi s. toB g1 c1 a1    0.2000000       0.2525517E-06   0.1999995       0.2000005       
     8:Psi s. toB g1 c2 a0    0.2000000       0.2525517E-06   0.1999995       0.2000005       
     9:Psi s. toC g1 c1 a0    0.2000000       0.2525517E-06   0.1999995       0.2000005       
    10:Psi s. toC g1 c1 a1    0.2000000       0.2525517E-06   0.1999995       0.2000005       
    11:Psi s. toC g1 c2 a0    0.2000000       0.2525517E-06   0.1999995       0.2000005       
    12:Psi s. toD g1 c1 a0    0.2000000       0.2525517E-06   0.1999995       0.2000005       
    13:Psi s. toD g1 c1 a1    0.2000000       0.2525517E-06   0.1999995       0.2000005       
    14:Psi s. toD g1 c2 a0    0.2000000       0.2525517E-06   0.1999995       0.2000005       
    15:Psi s. toE g1 c1 a0    0.2000000       0.2525517E-06   0.1999995       0.2000005       
    16:Psi s. toE g1 c1 a1    0.2000000       0.2525517E-06   0.1999995       0.2000005       
    17:Psi s. toE g1 c2 a0    0.2000000       0.2525517E-06   0.1999995       0.2000005       
    18:Psi sA to. g1 c1 a0    0.1105303       0.0039033       0.1031085       0.1184158       
    19:Psi sA to. g1 c1 a1    0.1105303       0.0039033       0.1031085       0.1184158       
    20:Psi sA to. g1 c2 a0    0.1105303       0.0039033       0.1031085       0.1184158       
    21:Psi sA toB g1 c1 a0    0.1105303       0.0039033       0.1031085       0.1184158       
    22:Psi sA toB g1 c1 a1    0.1105303       0.0039033       0.1031085       0.1184158       
    23:Psi sA toB g1 c2 a0    0.1105303       0.0039033       0.1031085       0.1184158       
    24:Psi sA toC g1 c1 a0    0.1105303       0.0039033       0.1031085       0.1184158       
    25:Psi sA toC g1 c1 a1    0.1105303       0.0039033       0.1031085       0.1184158       
    26:Psi sA toC g1 c2 a0    0.1105303       0.0039033       0.1031085       0.1184158       
    27:Psi sA toD g1 c1 a0    0.1105303       0.0039033       0.1031085       0.1184158       

Program  MARK  - Survival Rate Estimation with Capture-Recapture Data
 gfortran(dble/PIM2) Vers. 11.2 Nov 2025   7-Jan-2026 14:46:22    Page  013
 - - - - - - - - - - - - - - - - - - - - - - - - - - - - - - - - - - - - - -
 
    28:Psi sA toD g1 c1 a1    0.1105303       0.0039033       0.1031085       0.1184158       
    29:Psi sA toD g1 c2 a0    0.1105303       0.0039033       0.1031085       0.1184158       
    30:Psi sA toE g1 c1 a0    0.1105303       0.0039033       0.1031085       0.1184158       
    31:Psi sA toE g1 c1 a1    0.1105303       0.0039033       0.1031085       0.1184158       
    32:Psi sA toE g1 c2 a0    0.1105303       0.0039033       0.1031085       0.1184158       
    33:Psi sB to. g1 c1 a0    0.0266495       0.0018697       0.0232200       0.0305697       
    34:Psi sB to. g1 c1 a1    0.0266495       0.0018697       0.0232200       0.0305697       
    35:Psi sB to. g1 c2 a0    0.0266495       0.0018697       0.0232200       0.0305697       
    36:Psi sB toA g1 c1 a0    0.0266495       0.0018697       0.0232200       0.0305697       
    37:Psi sB toA g1 c1 a1    0.0266495       0.0018697       0.0232200       0.0305697       
    38:Psi sB toA g1 c2 a0    0.0266495       0.0018697       0.0232200       0.0305697       
    39:Psi sB toC g1 c1 a0    0.0266495       0.0018697       0.0232200       0.0305697       
    40:Psi sB toC g1 c1 a1    0.0266495       0.0018697       0.0232200       0.0305697       
    41:Psi sB toC g1 c2 a0    0.0266495       0.0018697       0.0232200       0.0305697       
    42:Psi sB toD g1 c1 a0    0.0266495       0.0018697       0.0232200       0.0305697       
    43:Psi sB toD g1 c1 a1    0.0266495       0.0018697       0.0232200       0.0305697       
    44:Psi sB toD g1 c2 a0    0.0266495       0.0018697       0.0232200       0.0305697       
    45:Psi sB toE g1 c1 a0    0.0266495       0.0018697       0.0232200       0.0305697       
    46:Psi sB toE g1 c1 a1    0.0266495       0.0018697       0.0232200       0.0305697       
    47:Psi sB toE g1 c2 a0    0.0266495       0.0018697       0.0232200       0.0305697       
    48:Psi sC to. g1 c1 a0    0.1569622       0.0064554       0.1447205       0.1700335       
    49:Psi sC to. g1 c1 a1    0.1569622       0.0064554       0.1447205       0.1700335       
    50:Psi sC to. g1 c2 a0    0.1569622       0.0064554       0.1447205       0.1700335       
    51:Psi sC toA g1 c1 a0    0.1569622       0.0064554       0.1447205       0.1700335       
    52:Psi sC toA g1 c1 a1    0.1569622       0.0064554       0.1447205       0.1700335       
    53:Psi sC toA g1 c2 a0    0.1569622       0.0064554       0.1447205       0.1700335       
    54:Psi sC toB g1 c1 a0    0.1569622       0.0064554       0.1447205       0.1700335       
    55:Psi sC toB g1 c1 a1    0.1569622       0.0064554       0.1447205       0.1700335       
    56:Psi sC toB g1 c2 a0    0.1569622       0.0064554       0.1447205       0.1700335       
    57:Psi sC toD g1 c1 a0    0.1569622       0.0064554       0.1447205       0.1700335       
    58:Psi sC toD g1 c1 a1    0.1569622       0.0064554       0.1447205       0.1700335       
    59:Psi sC toD g1 c2 a0    0.1569622       0.0064554       0.1447205       0.1700335       
    60:Psi sC toE g1 c1 a0    0.1569622       0.0064554       0.1447205       0.1700335       
    61:Psi sC toE g1 c1 a1    0.1569622       0.0064554       0.1447205       0.1700335       
    62:Psi sC toE g1 c2 a0    0.1569622       0.0064554       0.1447205       0.1700335       
    63:Psi sD to. g1 c1 a0    0.2192091E-08   0.7716233E-05  -0.1512162E-04   0.1512601E-04   
    64:Psi sD to. g1 c1 a1    0.2192091E-08   0.7716233E-05  -0.1512162E-04   0.1512601E-04   
    65:Psi sD to. g1 c2 a0    0.2192091E-08   0.7716233E-05  -0.1512162E-04   0.1512601E-04   
    66:Psi sD toA g1 c1 a0    0.2192091E-08   0.7716233E-05  -0.1512162E-04   0.1512601E-04   
    67:Psi sD toA g1 c1 a1    0.2192091E-08   0.7716233E-05  -0.1512162E-04   0.1512601E-04   
    68:Psi sD toA g1 c2 a0    0.2192091E-08   0.7716233E-05  -0.1512162E-04   0.1512601E-04   
    69:Psi sD toB g1 c1 a0    0.2192091E-08   0.7716233E-05  -0.1512162E-04   0.1512601E-04   
    70:Psi sD toB g1 c1 a1    0.2192091E-08   0.7716233E-05  -0.1512162E-04   0.1512601E-04   
    71:Psi sD toB g1 c2 a0    0.2192091E-08   0.7716233E-05  -0.1512162E-04   0.1512601E-04   
    72:Psi sD toC g1 c1 a0    0.2192091E-08   0.7716233E-05  -0.1512162E-04   0.1512601E-04   
    73:Psi sD toC g1 c1 a1    0.2192091E-08   0.7716233E-05  -0.1512162E-04   0.1512601E-04   

Program  MARK  - Survival Rate Estimation with Capture-Recapture Data
 gfortran(dble/PIM2) Vers. 11.2 Nov 2025   7-Jan-2026 14:46:22    Page  014
 - - - - - - - - - - - - - - - - - - - - - - - - - - - - - - - - - - - - - -
 
    74:Psi sD toC g1 c2 a0    0.2192091E-08   0.7716233E-05  -0.1512162E-04   0.1512601E-04   
    75:Psi sD toE g1 c1 a0    0.2192091E-08   0.7716233E-05  -0.1512162E-04   0.1512601E-04   
    76:Psi sD toE g1 c1 a1    0.2192091E-08   0.7716233E-05  -0.1512162E-04   0.1512601E-04   
    77:Psi sD toE g1 c2 a0    0.2192091E-08   0.7716233E-05  -0.1512162E-04   0.1512601E-04   
    78:Psi sE to. g1 c1 a0    0.2000000       0.0000000       0.2000000       0.2000000       
    79:Psi sE to. g1 c1 a1    0.2000000       0.0000000       0.2000000       0.2000000       
    80:Psi sE to. g1 c2 a0    0.2000000       0.0000000       0.2000000       0.2000000       
    81:Psi sE toA g1 c1 a0    0.2000000       0.0000000       0.2000000       0.2000000       
    82:Psi sE toA g1 c1 a1    0.2000000       0.0000000       0.2000000       0.2000000       
    83:Psi sE toA g1 c2 a0    0.2000000       0.0000000       0.2000000       0.2000000       
    84:Psi sE toB g1 c1 a0    0.2000000       0.0000000       0.2000000       0.2000000       
    85:Psi sE toB g1 c1 a1    0.2000000       0.0000000       0.2000000       0.2000000       
    86:Psi sE toB g1 c2 a0    0.2000000       0.0000000       0.2000000       0.2000000       
    87:Psi sE toC g1 c1 a0    0.2000000       0.0000000       0.2000000       0.2000000       
    88:Psi sE toC g1 c1 a1    0.2000000       0.0000000       0.2000000       0.2000000       
    89:Psi sE toC g1 c2 a0    0.2000000       0.0000000       0.2000000       0.2000000       
    90:Psi sE toD g1 c1 a0    0.2000000       0.0000000       0.2000000       0.2000000       
    91:Psi sE toD g1 c1 a1    0.2000000       0.0000000       0.2000000       0.2000000       
    92:Psi sE toD g1 c2 a0    0.2000000       0.0000000       0.2000000       0.2000000       

 To compute parameter estimates, CPU Time was 0.016 secs and System Time was 0.031 secs.

 Attempted ordering of parameters by estimatibility:
  3 2 4 1 5 6 8 7
 Beta number 7 is a singular value.

 For procedure estimate CPU Time was 0.281 secs and System Time was 1.484 secs.

Program  MARK  - Survival Rate Estimation with Capture-Recapture Data
 gfortran(dble/PIM2) Vers. 11.2 Nov 2025   7-Jan-2026 14:46:22    Page  015
 - - - - - - - - - - - - - - - - - - - - - - - - - - - - - - - - - - - - - -
 


 INPUT --- proc stop;

 For this job, CPU Time in mins was 0.007 and System Time in mins was 0.027.

     Time Start = 14:46:20.985   Time End = 14:46:22.584

 Wall Clock Time in mins for this job was 0.026.

 Maximum of 22 words used.


          E X E C U T I O N   S U C C E S S F U L
