
 Program  MARK  - Survival Rate Estimation with Capture-Recapture Data
 gfortran(dble/PIM2) Vers. 11.2 Nov 2025   7-Jan-2026 14:46:08    Page  001
  
 - - - - - - - - - - - - - - - - - - - - - - - - - - - - - - - - - - - - - -
 
 Welcome to MARK Vuillemot on machine LORDI-1NRUQJIEA in subdirectory
   "C:\Users\Vuillemot\Desktop\cypripedium" running file "mark002.inp".
 This version was compiled by GCC version 15.2.0 using the options: 
  -cpp -iprefix C:/tdm-gcc-64/mingw64-15-2/bin/../lib/gcc/
  x86_64-w64-mingw32/15.2.0/ -D_MT -D_REENTRANT -U_REENTRANT -D
  dbleprecision -m64 -march=x86-64 -mtune=generic -mthreads -O3 -std=f2023
  -fimplicit-none -ffpe-summary=invalid,zero,overflow,underflow
  -funroll-loops -fno-unsafe-math-optimizations -frounding-math
  -fsignaling-nans -fprefetch-loop-arrays -fall-intrinsics -fopenmp

 This problem will use 3 of 4 possible threads.
 Static thread allocation is used.
 INPUT --- proc title ;

 For procedure title CPU Time was 0.001 secs and System Time was 0.001 secs.
 INPUT --- proc chmatrix occasions= 3 groups= 1 etype= Multistrata 
 INPUT --- Nodes= 101 strata=6 ICMeans  NoHist hist= 62 ;
 INPUT ---    time interval 1 1 ;
 INPUT ---     strata=. A B C D E;
 INPUT ---    glabel(1)=Group 1;

      Number of unique encounter histories read was 62.

      Number of individual covariates read was 0.
      Time interval lengths are all equal to 1.

      Data type number is 9
      Data type is Multi-state with Live Recaptures

 For procedure chmatrix CPU Time was 0.047 secs and System Time was 0.047 secs.

Program  MARK  - Survival Rate Estimation with Capture-Recapture Data
 gfortran(dble/PIM2) Vers. 11.2 Nov 2025   7-Jan-2026 14:46:08    Page  002
 - - - - - - - - - - - - - - - - - - - - - - - - - - - - - - - - - - - - - -
 


 INPUT --- proc estimate link=Parm-Specific NOLOOP varest=2ndPart    ;
 INPUT --- model={ S(~1)p(~stratum)Psi(~1) };
 INPUT ---    group=1 S .:Stratum.   rows=2 cols=2 Triang ;
 INPUT ---        1 1 ;
 INPUT ---        1 ;
 INPUT ---    group=1 S A:StratumA   rows=2 cols=2 Triang ;
 INPUT ---        1 1 ;
 INPUT ---        1 ;
 INPUT ---    group=1 S B:StratumB   rows=2 cols=2 Triang ;
 INPUT ---        1 1 ;
 INPUT ---        1 ;
 INPUT ---    group=1 S C:StratumC   rows=2 cols=2 Triang ;
 INPUT ---        1 1 ;
 INPUT ---        1 ;
 INPUT ---    group=1 S D:StratumD   rows=2 cols=2 Triang ;
 INPUT ---        1 1 ;
 INPUT ---        1 ;
 INPUT ---    group=1 S E:StratumE   rows=2 cols=2 Triang ;
 INPUT ---        1 1 ;
 INPUT ---        1 ;
 INPUT ---    group=1 p .:Stratum.   rows=2 cols=2 Triang ;
 INPUT ---        2 2 ;
 INPUT ---        2 ;
 INPUT ---    group=1 p A:StratumA   rows=2 cols=2 Triang ;
 INPUT ---        3 3 ;
 INPUT ---        3 ;
 INPUT ---    group=1 p B:StratumB   rows=2 cols=2 Triang ;
 INPUT ---        4 4 ;
 INPUT ---        4 ;
 INPUT ---    group=1 p C:StratumC   rows=2 cols=2 Triang ;
 INPUT ---        5 5 ;
 INPUT ---        5 ;
 INPUT ---    group=1 p D:StratumD   rows=2 cols=2 Triang ;
 INPUT ---        6 6 ;
 INPUT ---        6 ;
 INPUT ---    group=1 p E:StratumE   rows=2 cols=2 Triang ;
 INPUT ---        7 7 ;
 INPUT ---        7 ;
 INPUT ---    group=1 Psi . to A   rows=2 cols=2 Triang ;
 INPUT ---        8 9 ;
 INPUT ---        10 ;
 INPUT ---    group=1 Psi . to B   rows=2 cols=2 Triang ;
 INPUT ---        11 12 ;
 INPUT ---        13 ;

Program  MARK  - Survival Rate Estimation with Capture-Recapture Data
 gfortran(dble/PIM2) Vers. 11.2 Nov 2025   7-Jan-2026 14:46:08    Page  003
 - - - - - - - - - - - - - - - - - - - - - - - - - - - - - - - - - - - - - -
 
 INPUT ---    group=1 Psi . to C   rows=2 cols=2 Triang ;
 INPUT ---        14 15 ;
 INPUT ---        16 ;
 INPUT ---    group=1 Psi . to D   rows=2 cols=2 Triang ;
 INPUT ---        17 18 ;
 INPUT ---        19 ;
 INPUT ---    group=1 Psi . to E   rows=2 cols=2 Triang ;
 INPUT ---        20 21 ;
 INPUT ---        22 ;
 INPUT ---    group=1 Psi A to .   rows=2 cols=2 Triang ;
 INPUT ---        23 24 ;
 INPUT ---        25 ;
 INPUT ---    group=1 Psi A to B   rows=2 cols=2 Triang ;
 INPUT ---        26 27 ;
 INPUT ---        28 ;
 INPUT ---    group=1 Psi A to C   rows=2 cols=2 Triang ;
 INPUT ---        29 30 ;
 INPUT ---        31 ;
 INPUT ---    group=1 Psi A to D   rows=2 cols=2 Triang ;
 INPUT ---        32 33 ;
 INPUT ---        34 ;
 INPUT ---    group=1 Psi A to E   rows=2 cols=2 Triang ;
 INPUT ---        35 36 ;
 INPUT ---        37 ;
 INPUT ---    group=1 Psi B to .   rows=2 cols=2 Triang ;
 INPUT ---        38 39 ;
 INPUT ---        40 ;
 INPUT ---    group=1 Psi B to A   rows=2 cols=2 Triang ;
 INPUT ---        41 42 ;
 INPUT ---        43 ;
 INPUT ---    group=1 Psi B to C   rows=2 cols=2 Triang ;
 INPUT ---        44 45 ;
 INPUT ---        46 ;
 INPUT ---    group=1 Psi B to D   rows=2 cols=2 Triang ;
 INPUT ---        47 48 ;
 INPUT ---        49 ;
 INPUT ---    group=1 Psi B to E   rows=2 cols=2 Triang ;
 INPUT ---        50 51 ;
 INPUT ---        52 ;
 INPUT ---    group=1 Psi C to .   rows=2 cols=2 Triang ;
 INPUT ---        53 54 ;
 INPUT ---        55 ;
 INPUT ---    group=1 Psi C to A   rows=2 cols=2 Triang ;
 INPUT ---        56 57 ;
 INPUT ---        58 ;
 INPUT ---    group=1 Psi C to B   rows=2 cols=2 Triang ;

Program  MARK  - Survival Rate Estimation with Capture-Recapture Data
 gfortran(dble/PIM2) Vers. 11.2 Nov 2025   7-Jan-2026 14:46:08    Page  004
 - - - - - - - - - - - - - - - - - - - - - - - - - - - - - - - - - - - - - -
 
 INPUT ---        59 60 ;
 INPUT ---        61 ;
 INPUT ---    group=1 Psi C to D   rows=2 cols=2 Triang ;
 INPUT ---        62 63 ;
 INPUT ---        64 ;
 INPUT ---    group=1 Psi C to E   rows=2 cols=2 Triang ;
 INPUT ---        65 66 ;
 INPUT ---        67 ;
 INPUT ---    group=1 Psi D to .   rows=2 cols=2 Triang ;
 INPUT ---        68 69 ;
 INPUT ---        70 ;
 INPUT ---    group=1 Psi D to A   rows=2 cols=2 Triang ;
 INPUT ---        71 72 ;
 INPUT ---        73 ;
 INPUT ---    group=1 Psi D to B   rows=2 cols=2 Triang ;
 INPUT ---        74 75 ;
 INPUT ---        76 ;
 INPUT ---    group=1 Psi D to C   rows=2 cols=2 Triang ;
 INPUT ---        77 78 ;
 INPUT ---        79 ;
 INPUT ---    group=1 Psi D to E   rows=2 cols=2 Triang ;
 INPUT ---        80 81 ;
 INPUT ---        82 ;
 INPUT ---    group=1 Psi E to .   rows=2 cols=2 Triang ;
 INPUT ---        83 84 ;
 INPUT ---        85 ;
 INPUT ---    group=1 Psi E to A   rows=2 cols=2 Triang ;
 INPUT ---        86 87 ;
 INPUT ---        88 ;
 INPUT ---    group=1 Psi E to B   rows=2 cols=2 Triang ;
 INPUT ---        89 90 ;
 INPUT ---        91 ;
 INPUT ---    group=1 Psi E to C   rows=2 cols=2 Triang ;
 INPUT ---        92 93 ;
 INPUT ---        94 ;
 INPUT ---    group=1 Psi E to D   rows=2 cols=2 Triang ;
 INPUT ---        95 96 ;
 INPUT ---        97 ;
 INPUT ---    design matrix constraints=97 covariates=8;
 INPUT ---        1 0 0 0 0 0 0 0;
 INPUT ---        0 1 0 0 0 0 0 0;
 INPUT ---        0 1 1 0 0 0 0 0;
 INPUT ---        0 1 0 1 0 0 0 0;
 INPUT ---        0 1 0 0 1 0 0 0;
 INPUT ---        0 1 0 0 0 1 0 0;
 INPUT ---        0 1 0 0 0 0 1 0;

Program  MARK  - Survival Rate Estimation with Capture-Recapture Data
 gfortran(dble/PIM2) Vers. 11.2 Nov 2025   7-Jan-2026 14:46:08    Page  005
 - - - - - - - - - - - - - - - - - - - - - - - - - - - - - - - - - - - - - -
 
 INPUT ---        0 0 0 0 0 0 0 1;
 INPUT ---        0 0 0 0 0 0 0 1;
 INPUT ---        0 0 0 0 0 0 0 1;
 INPUT ---        0 0 0 0 0 0 0 1;
 INPUT ---        0 0 0 0 0 0 0 1;
 INPUT ---        0 0 0 0 0 0 0 1;
 INPUT ---        0 0 0 0 0 0 0 1;
 INPUT ---        0 0 0 0 0 0 0 1;
 INPUT ---        0 0 0 0 0 0 0 1;
 INPUT ---        0 0 0 0 0 0 0 1;
 INPUT ---        0 0 0 0 0 0 0 1;
 INPUT ---        0 0 0 0 0 0 0 1;
 INPUT ---        0 0 0 0 0 0 0 1;
 INPUT ---        0 0 0 0 0 0 0 1;
 INPUT ---        0 0 0 0 0 0 0 1;
 INPUT ---        0 0 0 0 0 0 0 1;
 INPUT ---        0 0 0 0 0 0 0 1;
 INPUT ---        0 0 0 0 0 0 0 1;
 INPUT ---        0 0 0 0 0 0 0 1;
 INPUT ---        0 0 0 0 0 0 0 1;
 INPUT ---        0 0 0 0 0 0 0 1;
 INPUT ---        0 0 0 0 0 0 0 1;
 INPUT ---        0 0 0 0 0 0 0 1;
 INPUT ---        0 0 0 0 0 0 0 1;
 INPUT ---        0 0 0 0 0 0 0 1;
 INPUT ---        0 0 0 0 0 0 0 1;
 INPUT ---        0 0 0 0 0 0 0 1;
 INPUT ---        0 0 0 0 0 0 0 1;
 INPUT ---        0 0 0 0 0 0 0 1;
 INPUT ---        0 0 0 0 0 0 0 1;
 INPUT ---        0 0 0 0 0 0 0 1;
 INPUT ---        0 0 0 0 0 0 0 1;
 INPUT ---        0 0 0 0 0 0 0 1;
 INPUT ---        0 0 0 0 0 0 0 1;
 INPUT ---        0 0 0 0 0 0 0 1;
 INPUT ---        0 0 0 0 0 0 0 1;
 INPUT ---        0 0 0 0 0 0 0 1;
 INPUT ---        0 0 0 0 0 0 0 1;
 INPUT ---        0 0 0 0 0 0 0 1;
 INPUT ---        0 0 0 0 0 0 0 1;
 INPUT ---        0 0 0 0 0 0 0 1;
 INPUT ---        0 0 0 0 0 0 0 1;
 INPUT ---        0 0 0 0 0 0 0 1;
 INPUT ---        0 0 0 0 0 0 0 1;
 INPUT ---        0 0 0 0 0 0 0 1;
 INPUT ---        0 0 0 0 0 0 0 1;

Program  MARK  - Survival Rate Estimation with Capture-Recapture Data
 gfortran(dble/PIM2) Vers. 11.2 Nov 2025   7-Jan-2026 14:46:08    Page  006
 - - - - - - - - - - - - - - - - - - - - - - - - - - - - - - - - - - - - - -
 
 INPUT ---        0 0 0 0 0 0 0 1;
 INPUT ---        0 0 0 0 0 0 0 1;
 INPUT ---        0 0 0 0 0 0 0 1;
 INPUT ---        0 0 0 0 0 0 0 1;
 INPUT ---        0 0 0 0 0 0 0 1;
 INPUT ---        0 0 0 0 0 0 0 1;
 INPUT ---        0 0 0 0 0 0 0 1;
 INPUT ---        0 0 0 0 0 0 0 1;
 INPUT ---        0 0 0 0 0 0 0 1;
 INPUT ---        0 0 0 0 0 0 0 1;
 INPUT ---        0 0 0 0 0 0 0 1;
 INPUT ---        0 0 0 0 0 0 0 1;
 INPUT ---        0 0 0 0 0 0 0 1;
 INPUT ---        0 0 0 0 0 0 0 1;
 INPUT ---        0 0 0 0 0 0 0 1;
 INPUT ---        0 0 0 0 0 0 0 1;
 INPUT ---        0 0 0 0 0 0 0 1;
 INPUT ---        0 0 0 0 0 0 0 1;
 INPUT ---        0 0 0 0 0 0 0 1;
 INPUT ---        0 0 0 0 0 0 0 1;
 INPUT ---        0 0 0 0 0 0 0 1;
 INPUT ---        0 0 0 0 0 0 0 1;
 INPUT ---        0 0 0 0 0 0 0 1;
 INPUT ---        0 0 0 0 0 0 0 1;
 INPUT ---        0 0 0 0 0 0 0 1;
 INPUT ---        0 0 0 0 0 0 0 1;
 INPUT ---        0 0 0 0 0 0 0 1;
 INPUT ---        0 0 0 0 0 0 0 1;
 INPUT ---        0 0 0 0 0 0 0 1;
 INPUT ---        0 0 0 0 0 0 0 1;
 INPUT ---        0 0 0 0 0 0 0 1;
 INPUT ---        0 0 0 0 0 0 0 1;
 INPUT ---        0 0 0 0 0 0 0 1;
 INPUT ---        0 0 0 0 0 0 0 1;
 INPUT ---        0 0 0 0 0 0 0 1;
 INPUT ---        0 0 0 0 0 0 0 1;
 INPUT ---        0 0 0 0 0 0 0 1;
 INPUT ---        0 0 0 0 0 0 0 1;
 INPUT ---        0 0 0 0 0 0 0 1;
 INPUT ---        0 0 0 0 0 0 0 1;
 INPUT ---        0 0 0 0 0 0 0 1;
 INPUT ---        0 0 0 0 0 0 0 1;
 INPUT ---        0 0 0 0 0 0 0 1;
 INPUT ---        0 0 0 0 0 0 0 1;
 INPUT ---    links=97;
 INPUT ---       Logit;

Program  MARK  - Survival Rate Estimation with Capture-Recapture Data
 gfortran(dble/PIM2) Vers. 11.2 Nov 2025   7-Jan-2026 14:46:09    Page  007
 - - - - - - - - - - - - - - - - - - - - - - - - - - - - - - - - - - - - - -
 
 INPUT ---       Logit;
 INPUT ---       Logit;
 INPUT ---       Logit;
 INPUT ---       Logit;
 INPUT ---       Logit;
 INPUT ---       Logit;
 INPUT ---       mlogit(1);
 INPUT ---       mlogit(2);
 INPUT ---       mlogit(3);
 INPUT ---       mlogit(1);
 INPUT ---       mlogit(2);
 INPUT ---       mlogit(3);
 INPUT ---       mlogit(1);
 INPUT ---       mlogit(2);
 INPUT ---       mlogit(3);
 INPUT ---       mlogit(1);
 INPUT ---       mlogit(2);
 INPUT ---       mlogit(3);
 INPUT ---       mlogit(1);
 INPUT ---       mlogit(2);
 INPUT ---       mlogit(3);
 INPUT ---       mlogit(4);
 INPUT ---       mlogit(5);
 INPUT ---       mlogit(6);
 INPUT ---       mlogit(4);
 INPUT ---       mlogit(5);
 INPUT ---       mlogit(6);
 INPUT ---       mlogit(4);
 INPUT ---       mlogit(5);
 INPUT ---       mlogit(6);
 INPUT ---       mlogit(4);
 INPUT ---       mlogit(5);
 INPUT ---       mlogit(6);
 INPUT ---       mlogit(4);
 INPUT ---       mlogit(5);
 INPUT ---       mlogit(6);
 INPUT ---       mlogit(7);
 INPUT ---       mlogit(8);
 INPUT ---       mlogit(9);
 INPUT ---       mlogit(7);
 INPUT ---       mlogit(8);
 INPUT ---       mlogit(9);
 INPUT ---       mlogit(7);
 INPUT ---       mlogit(8);
 INPUT ---       mlogit(9);
 INPUT ---       mlogit(7);

Program  MARK  - Survival Rate Estimation with Capture-Recapture Data
 gfortran(dble/PIM2) Vers. 11.2 Nov 2025   7-Jan-2026 14:46:09    Page  008
 - - - - - - - - - - - - - - - - - - - - - - - - - - - - - - - - - - - - - -
 
 INPUT ---       mlogit(8);
 INPUT ---       mlogit(9);
 INPUT ---       mlogit(7);
 INPUT ---       mlogit(8);
 INPUT ---       mlogit(9);
 INPUT ---       mlogit(10);
 INPUT ---       mlogit(11);
 INPUT ---       mlogit(12);
 INPUT ---       mlogit(10);
 INPUT ---       mlogit(11);
 INPUT ---       mlogit(12);
 INPUT ---       mlogit(10);
 INPUT ---       mlogit(11);
 INPUT ---       mlogit(12);
 INPUT ---       mlogit(10);
 INPUT ---       mlogit(11);
 INPUT ---       mlogit(12);
 INPUT ---       mlogit(10);
 INPUT ---       mlogit(11);
 INPUT ---       mlogit(12);
 INPUT ---       mlogit(13);
 INPUT ---       mlogit(14);
 INPUT ---       mlogit(15);
 INPUT ---       mlogit(13);
 INPUT ---       mlogit(14);
 INPUT ---       mlogit(15);
 INPUT ---       mlogit(13);
 INPUT ---       mlogit(14);
 INPUT ---       mlogit(15);
 INPUT ---       mlogit(13);
 INPUT ---       mlogit(14);
 INPUT ---       mlogit(15);
 INPUT ---       mlogit(13);
 INPUT ---       mlogit(14);
 INPUT ---       mlogit(15);
 INPUT ---       mlogit(16);
 INPUT ---       mlogit(17);
 INPUT ---       mlogit(18);
 INPUT ---       mlogit(16);
 INPUT ---       mlogit(17);
 INPUT ---       mlogit(18);
 INPUT ---       mlogit(16);
 INPUT ---       mlogit(17);
 INPUT ---       mlogit(18);
 INPUT ---       mlogit(16);
 INPUT ---       mlogit(17);

Program  MARK  - Survival Rate Estimation with Capture-Recapture Data
 gfortran(dble/PIM2) Vers. 11.2 Nov 2025   7-Jan-2026 14:46:09    Page  009
 - - - - - - - - - - - - - - - - - - - - - - - - - - - - - - - - - - - - - -
 
 INPUT ---       mlogit(18);
 INPUT ---       mlogit(16);
 INPUT ---       mlogit(17);
 INPUT ---       mlogit(18);
 INPUT ---       blabel(1)=S:(Intercept);
 INPUT ---       blabel(2)=p:(Intercept);
 INPUT ---       blabel(3)=p:stratumA;
 INPUT ---       blabel(4)=p:stratumB;
 INPUT ---       blabel(5)=p:stratumC;
 INPUT ---       blabel(6)=p:stratumD;
 INPUT ---       blabel(7)=p:stratumE;
 INPUT ---       blabel(8)=Psi:(Intercept);
 INPUT ---       rlabel(1)=S s. g1 c1 a0 o1 t1;
 INPUT ---       rlabel(2)=p s. g1 c1 a1 o1 t2;
 INPUT ---       rlabel(3)=p sA g1 c1 a1 o1 t2;
 INPUT ---       rlabel(4)=p sB g1 c1 a1 o1 t2;
 INPUT ---       rlabel(5)=p sC g1 c1 a1 o1 t2;
 INPUT ---       rlabel(6)=p sD g1 c1 a1 o1 t2;
 INPUT ---       rlabel(7)=p sE g1 c1 a1 o1 t2;
 INPUT ---       rlabel(8)=Psi s. toA g1 c1 a0 o1 t1;
 INPUT ---       rlabel(9)=Psi s. toA g1 c1 a1 o2 t2;
 INPUT ---       rlabel(10)=Psi s. toA g1 c2 a0 o2 t2;
 INPUT ---       rlabel(11)=Psi s. toB g1 c1 a0 o1 t1;
 INPUT ---       rlabel(12)=Psi s. toB g1 c1 a1 o2 t2;
 INPUT ---       rlabel(13)=Psi s. toB g1 c2 a0 o2 t2;
 INPUT ---       rlabel(14)=Psi s. toC g1 c1 a0 o1 t1;
 INPUT ---       rlabel(15)=Psi s. toC g1 c1 a1 o2 t2;
 INPUT ---       rlabel(16)=Psi s. toC g1 c2 a0 o2 t2;
 INPUT ---       rlabel(17)=Psi s. toD g1 c1 a0 o1 t1;
 INPUT ---       rlabel(18)=Psi s. toD g1 c1 a1 o2 t2;
 INPUT ---       rlabel(19)=Psi s. toD g1 c2 a0 o2 t2;
 INPUT ---       rlabel(20)=Psi s. toE g1 c1 a0 o1 t1;
 INPUT ---       rlabel(21)=Psi s. toE g1 c1 a1 o2 t2;
 INPUT ---       rlabel(22)=Psi s. toE g1 c2 a0 o2 t2;
 INPUT ---       rlabel(23)=Psi sA to. g1 c1 a0 o1 t1;
 INPUT ---       rlabel(24)=Psi sA to. g1 c1 a1 o2 t2;
 INPUT ---       rlabel(25)=Psi sA to. g1 c2 a0 o2 t2;
 INPUT ---       rlabel(26)=Psi sA toB g1 c1 a0 o1 t1;
 INPUT ---       rlabel(27)=Psi sA toB g1 c1 a1 o2 t2;
 INPUT ---       rlabel(28)=Psi sA toB g1 c2 a0 o2 t2;
 INPUT ---       rlabel(29)=Psi sA toC g1 c1 a0 o1 t1;
 INPUT ---       rlabel(30)=Psi sA toC g1 c1 a1 o2 t2;
 INPUT ---       rlabel(31)=Psi sA toC g1 c2 a0 o2 t2;
 INPUT ---       rlabel(32)=Psi sA toD g1 c1 a0 o1 t1;
 INPUT ---       rlabel(33)=Psi sA toD g1 c1 a1 o2 t2;
 INPUT ---       rlabel(34)=Psi sA toD g1 c2 a0 o2 t2;

Program  MARK  - Survival Rate Estimation with Capture-Recapture Data
 gfortran(dble/PIM2) Vers. 11.2 Nov 2025   7-Jan-2026 14:46:09    Page  010
 - - - - - - - - - - - - - - - - - - - - - - - - - - - - - - - - - - - - - -
 
 INPUT ---       rlabel(35)=Psi sA toE g1 c1 a0 o1 t1;
 INPUT ---       rlabel(36)=Psi sA toE g1 c1 a1 o2 t2;
 INPUT ---       rlabel(37)=Psi sA toE g1 c2 a0 o2 t2;
 INPUT ---       rlabel(38)=Psi sB to. g1 c1 a0 o1 t1;
 INPUT ---       rlabel(39)=Psi sB to. g1 c1 a1 o2 t2;
 INPUT ---       rlabel(40)=Psi sB to. g1 c2 a0 o2 t2;
 INPUT ---       rlabel(41)=Psi sB toA g1 c1 a0 o1 t1;
 INPUT ---       rlabel(42)=Psi sB toA g1 c1 a1 o2 t2;
 INPUT ---       rlabel(43)=Psi sB toA g1 c2 a0 o2 t2;
 INPUT ---       rlabel(44)=Psi sB toC g1 c1 a0 o1 t1;
 INPUT ---       rlabel(45)=Psi sB toC g1 c1 a1 o2 t2;
 INPUT ---       rlabel(46)=Psi sB toC g1 c2 a0 o2 t2;
 INPUT ---       rlabel(47)=Psi sB toD g1 c1 a0 o1 t1;
 INPUT ---       rlabel(48)=Psi sB toD g1 c1 a1 o2 t2;
 INPUT ---       rlabel(49)=Psi sB toD g1 c2 a0 o2 t2;
 INPUT ---       rlabel(50)=Psi sB toE g1 c1 a0 o1 t1;
 INPUT ---       rlabel(51)=Psi sB toE g1 c1 a1 o2 t2;
 INPUT ---       rlabel(52)=Psi sB toE g1 c2 a0 o2 t2;
 INPUT ---       rlabel(53)=Psi sC to. g1 c1 a0 o1 t1;
 INPUT ---       rlabel(54)=Psi sC to. g1 c1 a1 o2 t2;
 INPUT ---       rlabel(55)=Psi sC to. g1 c2 a0 o2 t2;
 INPUT ---       rlabel(56)=Psi sC toA g1 c1 a0 o1 t1;
 INPUT ---       rlabel(57)=Psi sC toA g1 c1 a1 o2 t2;
 INPUT ---       rlabel(58)=Psi sC toA g1 c2 a0 o2 t2;
 INPUT ---       rlabel(59)=Psi sC toB g1 c1 a0 o1 t1;
 INPUT ---       rlabel(60)=Psi sC toB g1 c1 a1 o2 t2;
 INPUT ---       rlabel(61)=Psi sC toB g1 c2 a0 o2 t2;
 INPUT ---       rlabel(62)=Psi sC toD g1 c1 a0 o1 t1;
 INPUT ---       rlabel(63)=Psi sC toD g1 c1 a1 o2 t2;
 INPUT ---       rlabel(64)=Psi sC toD g1 c2 a0 o2 t2;
 INPUT ---       rlabel(65)=Psi sC toE g1 c1 a0 o1 t1;
 INPUT ---       rlabel(66)=Psi sC toE g1 c1 a1 o2 t2;
 INPUT ---       rlabel(67)=Psi sC toE g1 c2 a0 o2 t2;
 INPUT ---       rlabel(68)=Psi sD to. g1 c1 a0 o1 t1;
 INPUT ---       rlabel(69)=Psi sD to. g1 c1 a1 o2 t2;
 INPUT ---       rlabel(70)=Psi sD to. g1 c2 a0 o2 t2;
 INPUT ---       rlabel(71)=Psi sD toA g1 c1 a0 o1 t1;
 INPUT ---       rlabel(72)=Psi sD toA g1 c1 a1 o2 t2;
 INPUT ---       rlabel(73)=Psi sD toA g1 c2 a0 o2 t2;
 INPUT ---       rlabel(74)=Psi sD toB g1 c1 a0 o1 t1;
 INPUT ---       rlabel(75)=Psi sD toB g1 c1 a1 o2 t2;
 INPUT ---       rlabel(76)=Psi sD toB g1 c2 a0 o2 t2;
 INPUT ---       rlabel(77)=Psi sD toC g1 c1 a0 o1 t1;
 INPUT ---       rlabel(78)=Psi sD toC g1 c1 a1 o2 t2;
 INPUT ---       rlabel(79)=Psi sD toC g1 c2 a0 o2 t2;
 INPUT ---       rlabel(80)=Psi sD toE g1 c1 a0 o1 t1;

Program  MARK  - Survival Rate Estimation with Capture-Recapture Data
 gfortran(dble/PIM2) Vers. 11.2 Nov 2025   7-Jan-2026 14:46:09    Page  011
 - - - - - - - - - - - - - - - - - - - - - - - - - - - - - - - - - - - - - -
 
 INPUT ---       rlabel(81)=Psi sD toE g1 c1 a1 o2 t2;
 INPUT ---       rlabel(82)=Psi sD toE g1 c2 a0 o2 t2;
 INPUT ---       rlabel(83)=Psi sE to. g1 c1 a0 o1 t1;
 INPUT ---       rlabel(84)=Psi sE to. g1 c1 a1 o2 t2;
 INPUT ---       rlabel(85)=Psi sE to. g1 c2 a0 o2 t2;
 INPUT ---       rlabel(86)=Psi sE toA g1 c1 a0 o1 t1;
 INPUT ---       rlabel(87)=Psi sE toA g1 c1 a1 o2 t2;
 INPUT ---       rlabel(88)=Psi sE toA g1 c2 a0 o2 t2;
 INPUT ---       rlabel(89)=Psi sE toB g1 c1 a0 o1 t1;
 INPUT ---       rlabel(90)=Psi sE toB g1 c1 a1 o2 t2;
 INPUT ---       rlabel(91)=Psi sE toB g1 c2 a0 o2 t2;
 INPUT ---       rlabel(92)=Psi sE toC g1 c1 a0 o1 t1;
 INPUT ---       rlabel(93)=Psi sE toC g1 c1 a1 o2 t2;
 INPUT ---       rlabel(94)=Psi sE toC g1 c2 a0 o2 t2;
 INPUT ---       rlabel(95)=Psi sE toD g1 c1 a0 o1 t1;
 INPUT ---       rlabel(96)=Psi sE toD g1 c1 a1 o2 t2;
 INPUT ---       rlabel(97)=Psi sE toD g1 c2 a0 o2 t2;
   Model is { S(~1)p(~stratum)Psi(~1) }

 Link Function Used is PARM-SPECIFIC

 Variance Estimation Procedure Used is 2ndPart 
 -2logL(saturated) = 5450.0866     
 Effective Sample Size = 2526

 Number of function evaluations was 36 for 8 parameters.
 For numerical optimization, CPU Time was 0.328 secs and System Time was 0.687 secs.
 -2logL { S(~1)p(~stratum)Psi(~1) } = 7237.3695     
 Penalty { S(~1)p(~stratum)Psi(~1) } = 0.0000000     
 Gradient { S(~1)p(~stratum)Psi(~1) }:
 -1.25322E-05  7.06326E-03  8.32698E-03 -1.39414E-05 -7.13126E-03
  5.88346E-03 -4.35788E-05 -5.56885E-03
 Maximum ABS(G) { S(~1)p(~stratum)Psi(~1) } =  8.32698E-03
 To compute VC matrix, CPU Time was 0.094 secs and System Time was 0.078 secs.
 S Vector { S(~1)p(~stratum)Psi(~1) }:
   582.0684      268.1482      33.95990      21.07701      19.20577    
  0.4585226E-03 0.2604556E-06 0.1039242E-06
 To invert VC matrix, CPU Time was 0.001 secs and System Time was 0.001 secs.
 Ratio Threshold = 50.00 Max Gap (5/6) = 4.1886E+4 Next Max Gap (6/7) = 1760.
 Gap Method for Num. of Estimated Parameters { S(~1)p(~stratum)Psi(~1) } = 5          
 Threshold { S(~1)p(~stratum)Psi(~1) } = 0.0166540               
 Numerical Threshold Method for Num. of Estimated Parameters { S(~1)p(~stratum)Psi(~1) } = 5          
 Number of Estimated Parameters { S(~1)p(~stratum)Psi(~1) } = 5          
 DEVIANCE { S(~1)p(~stratum)Psi(~1) } = 1787.2829               
 DEVIANCE Degrees of Freedom { S(~1)p(~stratum)Psi(~1) } = 51          
 c-hat { S(~1)p(~stratum)Psi(~1) } = 35.044763               
 AIC { S(~1)p(~stratum)Psi(~1) } = 7247.3695               
 AICc { S(~1)p(~stratum)Psi(~1) } = 7247.3933               

Program  MARK  - Survival Rate Estimation with Capture-Recapture Data
 gfortran(dble/PIM2) Vers. 11.2 Nov 2025   7-Jan-2026 14:46:10    Page  012
 - - - - - - - - - - - - - - - - - - - - - - - - - - - - - - - - - - - - - -
 
 BIC { S(~1)p(~stratum)Psi(~1) } = 7276.5414               
 Pearson Chisquare { S(~1)p(~stratum)Psi(~1) } = 5883.1911               
 Possible Encounter Histories { S(~1)p(~stratum)Psi(~1) } = 168          
 Pearson Chisquare df { S(~1)p(~stratum)Psi(~1) } = 157          
 Pearson chat { S(~1)p(~stratum)Psi(~1) } = 37.472555               
 Sum(Observed/Expected) { S(~1)p(~stratum)Psi(~1) } = 188.28818               
 s-bar { S(~1)p(~stratum)Psi(~1) } = 0.1252357               
 Fletcher chat { S(~1)p(~stratum)Psi(~1) } = 33.301961               


          PARM-SPECIFIC Link Function Parameters of { S(~1)p(~stratum)Psi(~1) }
                                                              95% Confidence Interval
    Parameter                  Beta         Standard Error     Lower           Upper
 -------------------------  --------------  --------------  --------------  --------------
    1:S:(Intercept)          22.724111       3101.9991      -6057.1943       6102.6426    
    2:p:(Intercept)         -50.445864       20.886230      -91.382877      -9.5088519    
    3:p:stratumA             51.046006       20.886613       10.108243       91.983769    
    4:p:stratumB             68.447027       1959.4453      -3772.0658       3908.9599    
    5:p:stratumC             50.874222       20.887357       9.9350027       91.813442    
    6:p:stratumD             50.623306       20.887180       9.6844327       91.562180    
    7:p:stratumE             50.293898       20.886967       9.3554431       91.232354    
    8:Psi:(Intercept)       -1.9153669       0.0433779      -2.0003876      -1.8303462    


                 Real Function Parameters of { S(~1)p(~stratum)Psi(~1) }
                                                               95% Confidence Interval
     Parameter                Estimate       Standard Error     Lower           Upper
 --------------------------  --------------  --------------  --------------  --------------
     1:S s. g1 c1 a0 o1 t1    1.0000000       0.0000000       1.0000000       1.0000000       
     2:p s. g1 c1 a1 o1 t2    0.1234922E-21   0.2579286E-20  -0.4931909E-20   0.5178893E-20   
     3:p sA g1 c1 a1 o1 t2    0.6456887       0.0299930       0.5849629       0.7020550       
     4:p sB g1 c1 a1 o1 t2    1.0000000       0.2984919E-04  0.3656706E-300   1.0000000       
     5:p sC g1 c1 a1 o1 t2    0.6054814       0.0519941       0.5004342       0.7016105       
     6:p sD g1 c1 a1 o1 t2    0.5442444       0.0528962       0.4401539       0.6446080       
     7:p sE g1 c1 a1 o1 t2    0.4620814       0.0507462       0.3653732       0.5617299       
     8:Psi s. toA g1 c1 a0    0.0848217       0.0021189       0.0807598       0.0890682       
     9:Psi s. toA g1 c1 a1    0.0848217       0.0021189       0.0807598       0.0890682       
    10:Psi s. toA g1 c2 a0    0.0848217       0.0021189       0.0807598       0.0890682       
    11:Psi s. toB g1 c1 a0    0.0848217       0.0021189       0.0807598       0.0890682       
    12:Psi s. toB g1 c1 a1    0.0848217       0.0021189       0.0807598       0.0890682       
    13:Psi s. toB g1 c2 a0    0.0848217       0.0021189       0.0807598       0.0890682       
    14:Psi s. toC g1 c1 a0    0.0848217       0.0021189       0.0807598       0.0890682       
    15:Psi s. toC g1 c1 a1    0.0848217       0.0021189       0.0807598       0.0890682       
    16:Psi s. toC g1 c2 a0    0.0848217       0.0021189       0.0807598       0.0890682       
    17:Psi s. toD g1 c1 a0    0.0848217       0.0021189       0.0807598       0.0890682       
    18:Psi s. toD g1 c1 a1    0.0848217       0.0021189       0.0807598       0.0890682       
    19:Psi s. toD g1 c2 a0    0.0848217       0.0021189       0.0807598       0.0890682       

Program  MARK  - Survival Rate Estimation with Capture-Recapture Data
 gfortran(dble/PIM2) Vers. 11.2 Nov 2025   7-Jan-2026 14:46:10    Page  013
 - - - - - - - - - - - - - - - - - - - - - - - - - - - - - - - - - - - - - -
 
    20:Psi s. toE g1 c1 a0    0.0848217       0.0021189       0.0807598       0.0890682       
    21:Psi s. toE g1 c1 a1    0.0848217       0.0021189       0.0807598       0.0890682       
    22:Psi s. toE g1 c2 a0    0.0848217       0.0021189       0.0807598       0.0890682       
    23:Psi sA to. g1 c1 a0    0.0848217       0.0021189       0.0807598       0.0890682       
    24:Psi sA to. g1 c1 a1    0.0848217       0.0021189       0.0807598       0.0890682       
    25:Psi sA to. g1 c2 a0    0.0848217       0.0021189       0.0807598       0.0890682       
    26:Psi sA toB g1 c1 a0    0.0848217       0.0021189       0.0807598       0.0890682       
    27:Psi sA toB g1 c1 a1    0.0848217       0.0021189       0.0807598       0.0890682       
    28:Psi sA toB g1 c2 a0    0.0848217       0.0021189       0.0807598       0.0890682       
    29:Psi sA toC g1 c1 a0    0.0848217       0.0021189       0.0807598       0.0890682       
    30:Psi sA toC g1 c1 a1    0.0848217       0.0021189       0.0807598       0.0890682       
    31:Psi sA toC g1 c2 a0    0.0848217       0.0021189       0.0807598       0.0890682       
    32:Psi sA toD g1 c1 a0    0.0848217       0.0021189       0.0807598       0.0890682       
    33:Psi sA toD g1 c1 a1    0.0848217       0.0021189       0.0807598       0.0890682       
    34:Psi sA toD g1 c2 a0    0.0848217       0.0021189       0.0807598       0.0890682       
    35:Psi sA toE g1 c1 a0    0.0848217       0.0021189       0.0807598       0.0890682       
    36:Psi sA toE g1 c1 a1    0.0848217       0.0021189       0.0807598       0.0890682       
    37:Psi sA toE g1 c2 a0    0.0848217       0.0021189       0.0807598       0.0890682       
    38:Psi sB to. g1 c1 a0    0.0848217       0.0021189       0.0807598       0.0890682       
    39:Psi sB to. g1 c1 a1    0.0848217       0.0021189       0.0807598       0.0890682       
    40:Psi sB to. g1 c2 a0    0.0848217       0.0021189       0.0807598       0.0890682       
    41:Psi sB toA g1 c1 a0    0.0848217       0.0021189       0.0807598       0.0890682       
    42:Psi sB toA g1 c1 a1    0.0848217       0.0021189       0.0807598       0.0890682       
    43:Psi sB toA g1 c2 a0    0.0848217       0.0021189       0.0807598       0.0890682       
    44:Psi sB toC g1 c1 a0    0.0848217       0.0021189       0.0807598       0.0890682       
    45:Psi sB toC g1 c1 a1    0.0848217       0.0021189       0.0807598       0.0890682       
    46:Psi sB toC g1 c2 a0    0.0848217       0.0021189       0.0807598       0.0890682       
    47:Psi sB toD g1 c1 a0    0.0848217       0.0021189       0.0807598       0.0890682       
    48:Psi sB toD g1 c1 a1    0.0848217       0.0021189       0.0807598       0.0890682       
    49:Psi sB toD g1 c2 a0    0.0848217       0.0021189       0.0807598       0.0890682       
    50:Psi sB toE g1 c1 a0    0.0848217       0.0021189       0.0807598       0.0890682       
    51:Psi sB toE g1 c1 a1    0.0848217       0.0021189       0.0807598       0.0890682       
    52:Psi sB toE g1 c2 a0    0.0848217       0.0021189       0.0807598       0.0890682       
    53:Psi sC to. g1 c1 a0    0.0848217       0.0021189       0.0807598       0.0890682       
    54:Psi sC to. g1 c1 a1    0.0848217       0.0021189       0.0807598       0.0890682       
    55:Psi sC to. g1 c2 a0    0.0848217       0.0021189       0.0807598       0.0890682       
    56:Psi sC toA g1 c1 a0    0.0848217       0.0021189       0.0807598       0.0890682       
    57:Psi sC toA g1 c1 a1    0.0848217       0.0021189       0.0807598       0.0890682       
    58:Psi sC toA g1 c2 a0    0.0848217       0.0021189       0.0807598       0.0890682       
    59:Psi sC toB g1 c1 a0    0.0848217       0.0021189       0.0807598       0.0890682       
    60:Psi sC toB g1 c1 a1    0.0848217       0.0021189       0.0807598       0.0890682       
    61:Psi sC toB g1 c2 a0    0.0848217       0.0021189       0.0807598       0.0890682       
    62:Psi sC toD g1 c1 a0    0.0848217       0.0021189       0.0807598       0.0890682       
    63:Psi sC toD g1 c1 a1    0.0848217       0.0021189       0.0807598       0.0890682       
    64:Psi sC toD g1 c2 a0    0.0848217       0.0021189       0.0807598       0.0890682       
    65:Psi sC toE g1 c1 a0    0.0848217       0.0021189       0.0807598       0.0890682       

Program  MARK  - Survival Rate Estimation with Capture-Recapture Data
 gfortran(dble/PIM2) Vers. 11.2 Nov 2025   7-Jan-2026 14:46:10    Page  014
 - - - - - - - - - - - - - - - - - - - - - - - - - - - - - - - - - - - - - -
 
    66:Psi sC toE g1 c1 a1    0.0848217       0.0021189       0.0807598       0.0890682       
    67:Psi sC toE g1 c2 a0    0.0848217       0.0021189       0.0807598       0.0890682       
    68:Psi sD to. g1 c1 a0    0.0848217       0.0021189       0.0807598       0.0890682       
    69:Psi sD to. g1 c1 a1    0.0848217       0.0021189       0.0807598       0.0890682       
    70:Psi sD to. g1 c2 a0    0.0848217       0.0021189       0.0807598       0.0890682       
    71:Psi sD toA g1 c1 a0    0.0848217       0.0021189       0.0807598       0.0890682       
    72:Psi sD toA g1 c1 a1    0.0848217       0.0021189       0.0807598       0.0890682       
    73:Psi sD toA g1 c2 a0    0.0848217       0.0021189       0.0807598       0.0890682       
    74:Psi sD toB g1 c1 a0    0.0848217       0.0021189       0.0807598       0.0890682       
    75:Psi sD toB g1 c1 a1    0.0848217       0.0021189       0.0807598       0.0890682       
    76:Psi sD toB g1 c2 a0    0.0848217       0.0021189       0.0807598       0.0890682       
    77:Psi sD toC g1 c1 a0    0.0848217       0.0021189       0.0807598       0.0890682       
    78:Psi sD toC g1 c1 a1    0.0848217       0.0021189       0.0807598       0.0890682       
    79:Psi sD toC g1 c2 a0    0.0848217       0.0021189       0.0807598       0.0890682       
    80:Psi sD toE g1 c1 a0    0.0848217       0.0021189       0.0807598       0.0890682       
    81:Psi sD toE g1 c1 a1    0.0848217       0.0021189       0.0807598       0.0890682       
    82:Psi sD toE g1 c2 a0    0.0848217       0.0021189       0.0807598       0.0890682       
    83:Psi sE to. g1 c1 a0    0.0848217       0.0021189       0.0807598       0.0890682       
    84:Psi sE to. g1 c1 a1    0.0848217       0.0021189       0.0807598       0.0890682       
    85:Psi sE to. g1 c2 a0    0.0848217       0.0021189       0.0807598       0.0890682       
    86:Psi sE toA g1 c1 a0    0.0848217       0.0021189       0.0807598       0.0890682       
    87:Psi sE toA g1 c1 a1    0.0848217       0.0021189       0.0807598       0.0890682       
    88:Psi sE toA g1 c2 a0    0.0848217       0.0021189       0.0807598       0.0890682       
    89:Psi sE toB g1 c1 a0    0.0848217       0.0021189       0.0807598       0.0890682       
    90:Psi sE toB g1 c1 a1    0.0848217       0.0021189       0.0807598       0.0890682       
    91:Psi sE toB g1 c2 a0    0.0848217       0.0021189       0.0807598       0.0890682       
    92:Psi sE toC g1 c1 a0    0.0848217       0.0021189       0.0807598       0.0890682       
    93:Psi sE toC g1 c1 a1    0.0848217       0.0021189       0.0807598       0.0890682       
    94:Psi sE toC g1 c2 a0    0.0848217       0.0021189       0.0807598       0.0890682       
    95:Psi sE toD g1 c1 a0    0.0848217       0.0021189       0.0807598       0.0890682       
    96:Psi sE toD g1 c1 a1    0.0848217       0.0021189       0.0807598       0.0890682       
    97:Psi sE toD g1 c2 a0    0.0848217       0.0021189       0.0807598       0.0890682       

 To compute parameter estimates, CPU Time was 0.016 secs and System Time was 0.016 secs.

 Attempted ordering of parameters by estimatibility:
  8 2 3 7 6 5 4 1
 Beta number 1 is a singular value.

 For procedure estimate CPU Time was 0.484 secs and System Time was 2.094 secs.

Program  MARK  - Survival Rate Estimation with Capture-Recapture Data
 gfortran(dble/PIM2) Vers. 11.2 Nov 2025   7-Jan-2026 14:46:10    Page  015
 - - - - - - - - - - - - - - - - - - - - - - - - - - - - - - - - - - - - - -
 


 INPUT --- proc stop;

 For this job, CPU Time in mins was 0.010 and System Time in mins was 0.037.

     Time Start = 14:46:08.350   Time End = 14:46:10.552

 Wall Clock Time in mins for this job was 0.036.

 Maximum of 22 words used.


          E X E C U T I O N   S U C C E S S F U L
