
   Program  MARK  - Survival Rate Estimation with Capture-Recapture Data
   gfortran(dble/PIM2) Vers. 10.1 March 2023  18-Jan-2026 10:16:46    Page  001
    
 - - - - - - - - - - - - - - - - - - - - - - - - - - - - - - - - - - - - - -
 
   Welcome to MARK galad on machine LAPTOP-0G3JH30A in subdirectory 
   "C:\Users\galad\Documents\R\scriptes\projet_biodiv_data\cypripedium\Elian_cypripedium" running file "mark115.inp".
   This version was compiled by GCC version 12.2.0 using the options: 
     -cpp -iprefix c:\tdm-gcc-64\mingw64\bin\../lib/gcc/x86_64-w64-mingw32/12.2.0/
     -D_MT -D_REENTRANT -U_REENTRANT -D ieee -D dbleprecision -m64 -mtune=generic
     -march=x86-64 -mthreads -O3 -std=f2018 -fsignaling-nans
     -ffpe-summary=invalid,zero,overflow,underflow -funroll-loops -ffast-math
     -fall-intrinsics -fopenmp.

   This problem will use 7 of 8 possible threads.
   Static thread allocation is used.
   Schedule kind is omp_sched_dynamic with chunk size 1


  INPUT --- proc title ;

   For procedure title CPU Time was 0.001 seconds and System Time was 0.001 seconds.


  INPUT --- proc chmatrix occasions= 3 groups= 1 etype= Multistrata 
  INPUT --- Nodes= 101 strata=5 ICMeans  NoHist hist= 31 ;

  INPUT ---    time interval 1 1 ;

  INPUT ---     strata=1 2 3 4 5;

  INPUT ---    glabel(1)=Group 1;

      Number of unique encounter histories read was 31.

      Number of individual covariates read was 0.
      Time interval lengths are all equal to 1.

      Data type number is 9
      Data type is Multi-state with Live Recaptures

   For procedure chmatrix CPU Time was 0.094 seconds and System Time was 0.109 seconds.

  Program  MARK  - Survival Rate Estimation with Capture-Recapture Data
   gfortran(dble/PIM2) Vers. 10.1 March 2023  18-Jan-2026 10:16:46    Page  002
 - - - - - - - - - - - - - - - - - - - - - - - - - - - - - - - - - - - - - -
 


  INPUT --- proc estimate link=Parm-Specific NOLOOP varest=2ndPart    ;


  INPUT --- model={ S(~stratum)p(~1)Psi(~stratum:tostratum) };

  INPUT ---    fixed=1;
  INPUT ---        parm(6)=1 ;

  INPUT ---    group=1 S 1:Stratum1   rows=2 cols=2 Triang ;
  INPUT ---        1 1 ;
  INPUT ---        1 ;

  INPUT ---    group=1 S 2:Stratum2   rows=2 cols=2 Triang ;
  INPUT ---        2 2 ;
  INPUT ---        2 ;

  INPUT ---    group=1 S 3:Stratum3   rows=2 cols=2 Triang ;
  INPUT ---        3 3 ;
  INPUT ---        3 ;

  INPUT ---    group=1 S 4:Stratum4   rows=2 cols=2 Triang ;
  INPUT ---        4 4 ;
  INPUT ---        4 ;

  INPUT ---    group=1 S 5:Stratum5   rows=2 cols=2 Triang ;
  INPUT ---        5 5 ;
  INPUT ---        5 ;

  INPUT ---    group=1 p 1:Stratum1   rows=2 cols=2 Triang ;
  INPUT ---        6 6 ;
  INPUT ---        6 ;

  INPUT ---    group=1 p 2:Stratum2   rows=2 cols=2 Triang ;
  INPUT ---        6 6 ;
  INPUT ---        6 ;

  INPUT ---    group=1 p 3:Stratum3   rows=2 cols=2 Triang ;
  INPUT ---        6 6 ;
  INPUT ---        6 ;

  INPUT ---    group=1 p 4:Stratum4   rows=2 cols=2 Triang ;
  INPUT ---        6 6 ;
  INPUT ---        6 ;


  Program  MARK  - Survival Rate Estimation with Capture-Recapture Data
   gfortran(dble/PIM2) Vers. 10.1 March 2023  18-Jan-2026 10:16:46    Page  003
 - - - - - - - - - - - - - - - - - - - - - - - - - - - - - - - - - - - - - -
 
  INPUT ---    group=1 p 5:Stratum5   rows=2 cols=2 Triang ;
  INPUT ---        6 6 ;
  INPUT ---        6 ;

  INPUT ---    group=1 Psi 1 to 2   rows=2 cols=2 Triang ;
  INPUT ---        7 8 ;
  INPUT ---        9 ;

  INPUT ---    group=1 Psi 1 to 3   rows=2 cols=2 Triang ;
  INPUT ---        10 11 ;
  INPUT ---        12 ;

  INPUT ---    group=1 Psi 1 to 4   rows=2 cols=2 Triang ;
  INPUT ---        13 14 ;
  INPUT ---        15 ;

  INPUT ---    group=1 Psi 1 to 5   rows=2 cols=2 Triang ;
  INPUT ---        16 17 ;
  INPUT ---        18 ;

  INPUT ---    group=1 Psi 2 to 1   rows=2 cols=2 Triang ;
  INPUT ---        19 20 ;
  INPUT ---        21 ;

  INPUT ---    group=1 Psi 2 to 3   rows=2 cols=2 Triang ;
  INPUT ---        22 23 ;
  INPUT ---        24 ;

  INPUT ---    group=1 Psi 2 to 4   rows=2 cols=2 Triang ;
  INPUT ---        25 26 ;
  INPUT ---        27 ;

  INPUT ---    group=1 Psi 2 to 5   rows=2 cols=2 Triang ;
  INPUT ---        28 29 ;
  INPUT ---        30 ;

  INPUT ---    group=1 Psi 3 to 1   rows=2 cols=2 Triang ;
  INPUT ---        31 32 ;
  INPUT ---        33 ;

  INPUT ---    group=1 Psi 3 to 2   rows=2 cols=2 Triang ;
  INPUT ---        34 35 ;
  INPUT ---        36 ;

  INPUT ---    group=1 Psi 3 to 4   rows=2 cols=2 Triang ;
  INPUT ---        37 38 ;

  Program  MARK  - Survival Rate Estimation with Capture-Recapture Data
   gfortran(dble/PIM2) Vers. 10.1 March 2023  18-Jan-2026 10:16:46    Page  004
 - - - - - - - - - - - - - - - - - - - - - - - - - - - - - - - - - - - - - -
 
  INPUT ---        39 ;

  INPUT ---    group=1 Psi 3 to 5   rows=2 cols=2 Triang ;
  INPUT ---        40 41 ;
  INPUT ---        42 ;

  INPUT ---    group=1 Psi 4 to 1   rows=2 cols=2 Triang ;
  INPUT ---        43 44 ;
  INPUT ---        45 ;

  INPUT ---    group=1 Psi 4 to 2   rows=2 cols=2 Triang ;
  INPUT ---        46 47 ;
  INPUT ---        48 ;

  INPUT ---    group=1 Psi 4 to 3   rows=2 cols=2 Triang ;
  INPUT ---        49 50 ;
  INPUT ---        51 ;

  INPUT ---    group=1 Psi 4 to 5   rows=2 cols=2 Triang ;
  INPUT ---        52 53 ;
  INPUT ---        54 ;

  INPUT ---    group=1 Psi 5 to 1   rows=2 cols=2 Triang ;
  INPUT ---        55 56 ;
  INPUT ---        57 ;

  INPUT ---    group=1 Psi 5 to 2   rows=2 cols=2 Triang ;
  INPUT ---        58 59 ;
  INPUT ---        60 ;

  INPUT ---    group=1 Psi 5 to 3   rows=2 cols=2 Triang ;
  INPUT ---        61 62 ;
  INPUT ---        63 ;

  INPUT ---    group=1 Psi 5 to 4   rows=2 cols=2 Triang ;
  INPUT ---        64 65 ;
  INPUT ---        66 ;

  INPUT ---    design matrix constraints=66 covariates=26;
  INPUT ---        1 0 0 0 0 0 0 0 0 0 0 0 0 0 0 0 0 0 0 0 0 0 0 0 0 0;
  INPUT ---        1 1 0 0 0 0 0 0 0 0 0 0 0 0 0 0 0 0 0 0 0 0 0 0 0 0;
  INPUT ---        1 0 1 0 0 0 0 0 0 0 0 0 0 0 0 0 0 0 0 0 0 0 0 0 0 0;
  INPUT ---        1 0 0 1 0 0 0 0 0 0 0 0 0 0 0 0 0 0 0 0 0 0 0 0 0 0;
  INPUT ---        1 0 0 0 1 0 0 0 0 0 0 0 0 0 0 0 0 0 0 0 0 0 0 0 0 0;
  INPUT ---        0 0 0 0 0 0 0 0 0 0 0 0 0 0 0 0 0 0 0 0 0 0 0 0 0 0;
  INPUT ---        0 0 0 0 0 1 0 0 0 0 1 0 0 0 0 0 0 0 0 0 0 0 0 0 0 0;

  Program  MARK  - Survival Rate Estimation with Capture-Recapture Data
   gfortran(dble/PIM2) Vers. 10.1 March 2023  18-Jan-2026 10:16:46    Page  005
 - - - - - - - - - - - - - - - - - - - - - - - - - - - - - - - - - - - - - -
 
  INPUT ---        0 0 0 0 0 1 0 0 0 0 1 0 0 0 0 0 0 0 0 0 0 0 0 0 0 0;
  INPUT ---        0 0 0 0 0 1 0 0 0 0 1 0 0 0 0 0 0 0 0 0 0 0 0 0 0 0;
  INPUT ---        0 0 0 0 0 1 0 0 0 0 0 0 0 0 1 0 0 0 0 0 0 0 0 0 0 0;
  INPUT ---        0 0 0 0 0 1 0 0 0 0 0 0 0 0 1 0 0 0 0 0 0 0 0 0 0 0;
  INPUT ---        0 0 0 0 0 1 0 0 0 0 0 0 0 0 1 0 0 0 0 0 0 0 0 0 0 0;
  INPUT ---        0 0 0 0 0 1 0 0 0 0 0 0 0 0 0 0 0 0 1 0 0 0 0 0 0 0;
  INPUT ---        0 0 0 0 0 1 0 0 0 0 0 0 0 0 0 0 0 0 1 0 0 0 0 0 0 0;
  INPUT ---        0 0 0 0 0 1 0 0 0 0 0 0 0 0 0 0 0 0 1 0 0 0 0 0 0 0;
  INPUT ---        0 0 0 0 0 1 0 0 0 0 0 0 0 0 0 0 0 0 0 0 0 0 1 0 0 0;
  INPUT ---        0 0 0 0 0 1 0 0 0 0 0 0 0 0 0 0 0 0 0 0 0 0 1 0 0 0;
  INPUT ---        0 0 0 0 0 1 0 0 0 0 0 0 0 0 0 0 0 0 0 0 0 0 1 0 0 0;
  INPUT ---        0 0 0 0 0 1 1 0 0 0 0 0 0 0 0 0 0 0 0 0 0 0 0 0 0 0;
  INPUT ---        0 0 0 0 0 1 1 0 0 0 0 0 0 0 0 0 0 0 0 0 0 0 0 0 0 0;
  INPUT ---        0 0 0 0 0 1 1 0 0 0 0 0 0 0 0 0 0 0 0 0 0 0 0 0 0 0;
  INPUT ---        0 0 0 0 0 1 0 0 0 0 0 0 0 0 0 1 0 0 0 0 0 0 0 0 0 0;
  INPUT ---        0 0 0 0 0 1 0 0 0 0 0 0 0 0 0 1 0 0 0 0 0 0 0 0 0 0;
  INPUT ---        0 0 0 0 0 1 0 0 0 0 0 0 0 0 0 1 0 0 0 0 0 0 0 0 0 0;
  INPUT ---        0 0 0 0 0 1 0 0 0 0 0 0 0 0 0 0 0 0 0 1 0 0 0 0 0 0;
  INPUT ---        0 0 0 0 0 1 0 0 0 0 0 0 0 0 0 0 0 0 0 1 0 0 0 0 0 0;
  INPUT ---        0 0 0 0 0 1 0 0 0 0 0 0 0 0 0 0 0 0 0 1 0 0 0 0 0 0;
  INPUT ---        0 0 0 0 0 1 0 0 0 0 0 0 0 0 0 0 0 0 0 0 0 0 0 1 0 0;
  INPUT ---        0 0 0 0 0 1 0 0 0 0 0 0 0 0 0 0 0 0 0 0 0 0 0 1 0 0;
  INPUT ---        0 0 0 0 0 1 0 0 0 0 0 0 0 0 0 0 0 0 0 0 0 0 0 1 0 0;
  INPUT ---        0 0 0 0 0 1 0 1 0 0 0 0 0 0 0 0 0 0 0 0 0 0 0 0 0 0;
  INPUT ---        0 0 0 0 0 1 0 1 0 0 0 0 0 0 0 0 0 0 0 0 0 0 0 0 0 0;
  INPUT ---        0 0 0 0 0 1 0 1 0 0 0 0 0 0 0 0 0 0 0 0 0 0 0 0 0 0;
  INPUT ---        0 0 0 0 0 1 0 0 0 0 0 1 0 0 0 0 0 0 0 0 0 0 0 0 0 0;
  INPUT ---        0 0 0 0 0 1 0 0 0 0 0 1 0 0 0 0 0 0 0 0 0 0 0 0 0 0;
  INPUT ---        0 0 0 0 0 1 0 0 0 0 0 1 0 0 0 0 0 0 0 0 0 0 0 0 0 0;
  INPUT ---        0 0 0 0 0 1 0 0 0 0 0 0 0 0 0 0 0 0 0 0 1 0 0 0 0 0;
  INPUT ---        0 0 0 0 0 1 0 0 0 0 0 0 0 0 0 0 0 0 0 0 1 0 0 0 0 0;
  INPUT ---        0 0 0 0 0 1 0 0 0 0 0 0 0 0 0 0 0 0 0 0 1 0 0 0 0 0;
  INPUT ---        0 0 0 0 0 1 0 0 0 0 0 0 0 0 0 0 0 0 0 0 0 0 0 0 1 0;
  INPUT ---        0 0 0 0 0 1 0 0 0 0 0 0 0 0 0 0 0 0 0 0 0 0 0 0 1 0;
  INPUT ---        0 0 0 0 0 1 0 0 0 0 0 0 0 0 0 0 0 0 0 0 0 0 0 0 1 0;
  INPUT ---        0 0 0 0 0 1 0 0 1 0 0 0 0 0 0 0 0 0 0 0 0 0 0 0 0 0;
  INPUT ---        0 0 0 0 0 1 0 0 1 0 0 0 0 0 0 0 0 0 0 0 0 0 0 0 0 0;
  INPUT ---        0 0 0 0 0 1 0 0 1 0 0 0 0 0 0 0 0 0 0 0 0 0 0 0 0 0;
  INPUT ---        0 0 0 0 0 1 0 0 0 0 0 0 1 0 0 0 0 0 0 0 0 0 0 0 0 0;
  INPUT ---        0 0 0 0 0 1 0 0 0 0 0 0 1 0 0 0 0 0 0 0 0 0 0 0 0 0;
  INPUT ---        0 0 0 0 0 1 0 0 0 0 0 0 1 0 0 0 0 0 0 0 0 0 0 0 0 0;
  INPUT ---        0 0 0 0 0 1 0 0 0 0 0 0 0 0 0 0 1 0 0 0 0 0 0 0 0 0;
  INPUT ---        0 0 0 0 0 1 0 0 0 0 0 0 0 0 0 0 1 0 0 0 0 0 0 0 0 0;
  INPUT ---        0 0 0 0 0 1 0 0 0 0 0 0 0 0 0 0 1 0 0 0 0 0 0 0 0 0;
  INPUT ---        0 0 0 0 0 1 0 0 0 0 0 0 0 0 0 0 0 0 0 0 0 0 0 0 0 1;
  INPUT ---        0 0 0 0 0 1 0 0 0 0 0 0 0 0 0 0 0 0 0 0 0 0 0 0 0 1;

  Program  MARK  - Survival Rate Estimation with Capture-Recapture Data
   gfortran(dble/PIM2) Vers. 10.1 March 2023  18-Jan-2026 10:16:47    Page  006
 - - - - - - - - - - - - - - - - - - - - - - - - - - - - - - - - - - - - - -
 
  INPUT ---        0 0 0 0 0 1 0 0 0 0 0 0 0 0 0 0 0 0 0 0 0 0 0 0 0 1;
  INPUT ---        0 0 0 0 0 1 0 0 0 1 0 0 0 0 0 0 0 0 0 0 0 0 0 0 0 0;
  INPUT ---        0 0 0 0 0 1 0 0 0 1 0 0 0 0 0 0 0 0 0 0 0 0 0 0 0 0;
  INPUT ---        0 0 0 0 0 1 0 0 0 1 0 0 0 0 0 0 0 0 0 0 0 0 0 0 0 0;
  INPUT ---        0 0 0 0 0 1 0 0 0 0 0 0 0 1 0 0 0 0 0 0 0 0 0 0 0 0;
  INPUT ---        0 0 0 0 0 1 0 0 0 0 0 0 0 1 0 0 0 0 0 0 0 0 0 0 0 0;
  INPUT ---        0 0 0 0 0 1 0 0 0 0 0 0 0 1 0 0 0 0 0 0 0 0 0 0 0 0;
  INPUT ---        0 0 0 0 0 1 0 0 0 0 0 0 0 0 0 0 0 1 0 0 0 0 0 0 0 0;
  INPUT ---        0 0 0 0 0 1 0 0 0 0 0 0 0 0 0 0 0 1 0 0 0 0 0 0 0 0;
  INPUT ---        0 0 0 0 0 1 0 0 0 0 0 0 0 0 0 0 0 1 0 0 0 0 0 0 0 0;
  INPUT ---        0 0 0 0 0 1 0 0 0 0 0 0 0 0 0 0 0 0 0 0 0 1 0 0 0 0;
  INPUT ---        0 0 0 0 0 1 0 0 0 0 0 0 0 0 0 0 0 0 0 0 0 1 0 0 0 0;
  INPUT ---        0 0 0 0 0 1 0 0 0 0 0 0 0 0 0 0 0 0 0 0 0 1 0 0 0 0;

  INPUT ---    links=66;

  INPUT ---    Logit;

  INPUT ---    Logit;

  INPUT ---    Logit;

  INPUT ---    Logit;

  INPUT ---    Logit;

  INPUT ---    Logit;

  INPUT ---    mlogit(1);

  INPUT ---    mlogit(2);

  INPUT ---    mlogit(3);

  INPUT ---    mlogit(1);

  INPUT ---    mlogit(2);

  INPUT ---    mlogit(3);

  INPUT ---    mlogit(1);

  INPUT ---    mlogit(2);

  INPUT ---    mlogit(3);


  Program  MARK  - Survival Rate Estimation with Capture-Recapture Data
   gfortran(dble/PIM2) Vers. 10.1 March 2023  18-Jan-2026 10:16:47    Page  007
 - - - - - - - - - - - - - - - - - - - - - - - - - - - - - - - - - - - - - -
 
  INPUT ---    mlogit(1);

  INPUT ---    mlogit(2);

  INPUT ---    mlogit(3);

  INPUT ---    mlogit(4);

  INPUT ---    mlogit(5);

  INPUT ---    mlogit(6);

  INPUT ---    mlogit(4);

  INPUT ---    mlogit(5);

  INPUT ---    mlogit(6);

  INPUT ---    mlogit(4);

  INPUT ---    mlogit(5);

  INPUT ---    mlogit(6);

  INPUT ---    mlogit(4);

  INPUT ---    mlogit(5);

  INPUT ---    mlogit(6);

  INPUT ---    mlogit(7);

  INPUT ---    mlogit(8);

  INPUT ---    mlogit(9);

  INPUT ---    mlogit(7);

  INPUT ---    mlogit(8);

  INPUT ---    mlogit(9);

  INPUT ---    mlogit(7);

  INPUT ---    mlogit(8);


  Program  MARK  - Survival Rate Estimation with Capture-Recapture Data
   gfortran(dble/PIM2) Vers. 10.1 March 2023  18-Jan-2026 10:16:47    Page  008
 - - - - - - - - - - - - - - - - - - - - - - - - - - - - - - - - - - - - - -
 
  INPUT ---    mlogit(9);

  INPUT ---    mlogit(7);

  INPUT ---    mlogit(8);

  INPUT ---    mlogit(9);

  INPUT ---    mlogit(10);

  INPUT ---    mlogit(11);

  INPUT ---    mlogit(12);

  INPUT ---    mlogit(10);

  INPUT ---    mlogit(11);

  INPUT ---    mlogit(12);

  INPUT ---    mlogit(10);

  INPUT ---    mlogit(11);

  INPUT ---    mlogit(12);

  INPUT ---    mlogit(10);

  INPUT ---    mlogit(11);

  INPUT ---    mlogit(12);

  INPUT ---    mlogit(13);

  INPUT ---    mlogit(14);

  INPUT ---    mlogit(15);

  INPUT ---    mlogit(13);

  INPUT ---    mlogit(14);

  INPUT ---    mlogit(15);

  INPUT ---    mlogit(13);


  Program  MARK  - Survival Rate Estimation with Capture-Recapture Data
   gfortran(dble/PIM2) Vers. 10.1 March 2023  18-Jan-2026 10:16:47    Page  009
 - - - - - - - - - - - - - - - - - - - - - - - - - - - - - - - - - - - - - -
 
  INPUT ---    mlogit(14);

  INPUT ---    mlogit(15);

  INPUT ---    mlogit(13);

  INPUT ---    mlogit(14);

  INPUT ---    mlogit(15);
  INPUT ---       blabel(1)=S:(Intercept);
  INPUT ---       blabel(2)=S:stratum2;
  INPUT ---       blabel(3)=S:stratum3;
  INPUT ---       blabel(4)=S:stratum4;
  INPUT ---       blabel(5)=S:stratum5;
  INPUT ---       blabel(6)=Psi:(Intercept);
  INPUT ---       blabel(7)=Psi:stratum2:tostratum1;
  INPUT ---       blabel(8)=Psi:stratum3:tostratum1;
  INPUT ---       blabel(9)=Psi:stratum4:tostratum1;
  INPUT ---       blabel(10)=Psi:stratum5:tostratum1;
  INPUT ---       blabel(11)=Psi:stratum1:tostratum2;
  INPUT ---       blabel(12)=Psi:stratum3:tostratum2;
  INPUT ---       blabel(13)=Psi:stratum4:tostratum2;
  INPUT ---       blabel(14)=Psi:stratum5:tostratum2;
  INPUT ---       blabel(15)=Psi:stratum1:tostratum3;
  INPUT ---       blabel(16)=Psi:stratum2:tostratum3;
  INPUT ---       blabel(17)=Psi:stratum4:tostratum3;
  INPUT ---       blabel(18)=Psi:stratum5:tostratum3;
  INPUT ---       blabel(19)=Psi:stratum1:tostratum4;
  INPUT ---       blabel(20)=Psi:stratum2:tostratum4;
  INPUT ---       blabel(21)=Psi:stratum3:tostratum4;
  INPUT ---       blabel(22)=Psi:stratum5:tostratum4;
  INPUT ---       blabel(23)=Psi:stratum1:tostratum5;
  INPUT ---       blabel(24)=Psi:stratum2:tostratum5;
  INPUT ---       blabel(25)=Psi:stratum3:tostratum5;
  INPUT ---       blabel(26)=Psi:stratum4:tostratum5;
  INPUT ---       rlabel(1)=S s1 g1 c1 a0 o1 t1;
  INPUT ---       rlabel(2)=S s2 g1 c1 a0 o1 t1;
  INPUT ---       rlabel(3)=S s3 g1 c1 a0 o1 t1;
  INPUT ---       rlabel(4)=S s4 g1 c1 a0 o1 t1;
  INPUT ---       rlabel(5)=S s5 g1 c1 a0 o1 t1;
  INPUT ---       rlabel(6)=p s1 g1 c1 a1 o1 t2;
  INPUT ---       rlabel(7)=Psi s1 to2 g1 c1 a0 o1 t1;
  INPUT ---       rlabel(8)=Psi s1 to2 g1 c1 a1 o2 t2;
  INPUT ---       rlabel(9)=Psi s1 to2 g1 c2 a0 o2 t2;
  INPUT ---       rlabel(10)=Psi s1 to3 g1 c1 a0 o1 t1;
  INPUT ---       rlabel(11)=Psi s1 to3 g1 c1 a1 o2 t2;

  Program  MARK  - Survival Rate Estimation with Capture-Recapture Data
   gfortran(dble/PIM2) Vers. 10.1 March 2023  18-Jan-2026 10:16:47    Page  010
 - - - - - - - - - - - - - - - - - - - - - - - - - - - - - - - - - - - - - -
 
  INPUT ---       rlabel(12)=Psi s1 to3 g1 c2 a0 o2 t2;
  INPUT ---       rlabel(13)=Psi s1 to4 g1 c1 a0 o1 t1;
  INPUT ---       rlabel(14)=Psi s1 to4 g1 c1 a1 o2 t2;
  INPUT ---       rlabel(15)=Psi s1 to4 g1 c2 a0 o2 t2;
  INPUT ---       rlabel(16)=Psi s1 to5 g1 c1 a0 o1 t1;
  INPUT ---       rlabel(17)=Psi s1 to5 g1 c1 a1 o2 t2;
  INPUT ---       rlabel(18)=Psi s1 to5 g1 c2 a0 o2 t2;
  INPUT ---       rlabel(19)=Psi s2 to1 g1 c1 a0 o1 t1;
  INPUT ---       rlabel(20)=Psi s2 to1 g1 c1 a1 o2 t2;
  INPUT ---       rlabel(21)=Psi s2 to1 g1 c2 a0 o2 t2;
  INPUT ---       rlabel(22)=Psi s2 to3 g1 c1 a0 o1 t1;
  INPUT ---       rlabel(23)=Psi s2 to3 g1 c1 a1 o2 t2;
  INPUT ---       rlabel(24)=Psi s2 to3 g1 c2 a0 o2 t2;
  INPUT ---       rlabel(25)=Psi s2 to4 g1 c1 a0 o1 t1;
  INPUT ---       rlabel(26)=Psi s2 to4 g1 c1 a1 o2 t2;
  INPUT ---       rlabel(27)=Psi s2 to4 g1 c2 a0 o2 t2;
  INPUT ---       rlabel(28)=Psi s2 to5 g1 c1 a0 o1 t1;
  INPUT ---       rlabel(29)=Psi s2 to5 g1 c1 a1 o2 t2;
  INPUT ---       rlabel(30)=Psi s2 to5 g1 c2 a0 o2 t2;
  INPUT ---       rlabel(31)=Psi s3 to1 g1 c1 a0 o1 t1;
  INPUT ---       rlabel(32)=Psi s3 to1 g1 c1 a1 o2 t2;
  INPUT ---       rlabel(33)=Psi s3 to1 g1 c2 a0 o2 t2;
  INPUT ---       rlabel(34)=Psi s3 to2 g1 c1 a0 o1 t1;
  INPUT ---       rlabel(35)=Psi s3 to2 g1 c1 a1 o2 t2;
  INPUT ---       rlabel(36)=Psi s3 to2 g1 c2 a0 o2 t2;
  INPUT ---       rlabel(37)=Psi s3 to4 g1 c1 a0 o1 t1;
  INPUT ---       rlabel(38)=Psi s3 to4 g1 c1 a1 o2 t2;
  INPUT ---       rlabel(39)=Psi s3 to4 g1 c2 a0 o2 t2;
  INPUT ---       rlabel(40)=Psi s3 to5 g1 c1 a0 o1 t1;
  INPUT ---       rlabel(41)=Psi s3 to5 g1 c1 a1 o2 t2;
  INPUT ---       rlabel(42)=Psi s3 to5 g1 c2 a0 o2 t2;
  INPUT ---       rlabel(43)=Psi s4 to1 g1 c1 a0 o1 t1;
  INPUT ---       rlabel(44)=Psi s4 to1 g1 c1 a1 o2 t2;
  INPUT ---       rlabel(45)=Psi s4 to1 g1 c2 a0 o2 t2;
  INPUT ---       rlabel(46)=Psi s4 to2 g1 c1 a0 o1 t1;
  INPUT ---       rlabel(47)=Psi s4 to2 g1 c1 a1 o2 t2;
  INPUT ---       rlabel(48)=Psi s4 to2 g1 c2 a0 o2 t2;
  INPUT ---       rlabel(49)=Psi s4 to3 g1 c1 a0 o1 t1;
  INPUT ---       rlabel(50)=Psi s4 to3 g1 c1 a1 o2 t2;
  INPUT ---       rlabel(51)=Psi s4 to3 g1 c2 a0 o2 t2;
  INPUT ---       rlabel(52)=Psi s4 to5 g1 c1 a0 o1 t1;
  INPUT ---       rlabel(53)=Psi s4 to5 g1 c1 a1 o2 t2;
  INPUT ---       rlabel(54)=Psi s4 to5 g1 c2 a0 o2 t2;
  INPUT ---       rlabel(55)=Psi s5 to1 g1 c1 a0 o1 t1;
  INPUT ---       rlabel(56)=Psi s5 to1 g1 c1 a1 o2 t2;
  INPUT ---       rlabel(57)=Psi s5 to1 g1 c2 a0 o2 t2;

  Program  MARK  - Survival Rate Estimation with Capture-Recapture Data
   gfortran(dble/PIM2) Vers. 10.1 March 2023  18-Jan-2026 10:16:47    Page  011
 - - - - - - - - - - - - - - - - - - - - - - - - - - - - - - - - - - - - - -
 
  INPUT ---       rlabel(58)=Psi s5 to2 g1 c1 a0 o1 t1;
  INPUT ---       rlabel(59)=Psi s5 to2 g1 c1 a1 o2 t2;
  INPUT ---       rlabel(60)=Psi s5 to2 g1 c2 a0 o2 t2;
  INPUT ---       rlabel(61)=Psi s5 to3 g1 c1 a0 o1 t1;
  INPUT ---       rlabel(62)=Psi s5 to3 g1 c1 a1 o2 t2;
  INPUT ---       rlabel(63)=Psi s5 to3 g1 c2 a0 o2 t2;
  INPUT ---       rlabel(64)=Psi s5 to4 g1 c1 a0 o1 t1;
  INPUT ---       rlabel(65)=Psi s5 to4 g1 c1 a1 o2 t2;
  INPUT ---       rlabel(66)=Psi s5 to4 g1 c2 a0 o2 t2;
   Model is { S(~stratum)p(~1)Psi(~stratum:tostratum) }

 Link Function Used is PARM-SPECIFIC

 Variance Estimation Procedure Used is 2ndPart 
 -2logL(saturated) = 917.92556     
 Effective Sample Size = 765

 Number of function evaluations was 63 for 26 parameters.
 For numerical optimization, CPU Time was 0.625 seconds and System Time was 0.375 seconds.
 -2logL { S(~stratum)p(~1)Psi(~stratum:tostratum) } = 1108.7050     
 Penalty { S(~stratum)p(~1)Psi(~stratum:tostratum) } = 0.0000000     
 Gradient { S(~stratum)p(~1)Psi(~stratum:tostratum) }:
  0.22410546E-03  0.81945925E-04   0.0000000       0.0000000       0.0000000    
 -0.94827450E-04  0.12783651E-03   0.0000000       0.0000000       0.0000000    
  0.41040960E-04   0.0000000       0.0000000       0.0000000     -0.12232785E-03
  0.14296823E-04   0.0000000       0.0000000       0.0000000     -0.19088927E-03
 -0.97176851E-05   0.0000000      0.11443660E-05  0.31238339E-04  0.22090010E-04
   0.0000000    
 Maximum ABS(G) { S(~stratum)p(~1)Psi(~stratum:tostratum) } = 0.2241055E-03 
 To compute VC matrix, CPU Time was 0.203 seconds and System Time was 0.297 seconds.
 S Vector { S(~stratum)p(~1)Psi(~stratum:tostratum) }:
   176.7121      34.72028      20.48197      17.89933      16.48862    
   10.14175      5.518385      3.935987      3.483176      1.730205    
   1.086664     0.1693006E-05 0.7399296E-06 0.2499146E-06 0.2499146E-06
  0.2499146E-06 0.2472987E-06 0.1362127E-06 0.1013258E-06 0.7627285E-07
  0.8771993E-15 0.1381088E-15 0.3400957E-16 0.2018778E-22 0.3875830E-25
  0.4340553E-32
 To invert VC matrix, CPU Time was 0.001 seconds and System Time was 0.001 seconds.
 Ratio Threshold = 50.000000       Max Gap (20/21) = 86950415.       Next Max Gap (25/26) = 8929345.3     
 Gap Method for Num. of Estimated Parameters { S(~stratum)p(~1)Psi(~stratum:tostratum) } = 20          
 Threshold { S(~stratum)p(~1)Psi(~stratum:tostratum) } = 0.4482109E-03           
 Numerical Threshold Method for Num. of Estimated Parameters { S(~stratum)p(~1)Psi(~stratum:tostratum) } = 11          
 Number of Estimated Parameters { S(~stratum)p(~1)Psi(~stratum:tostratum) } = 20          

   * *  WARNING  * *   Number of parameters estimated from gap method (=20) and threshold method (=11) differ.  Inspect full output. 
 Ratios of S Vector { S(~stratum)p(~1)Psi(~stratum:tostratum) }:
   1/2    5.089595       2/3    1.695163       3/4    1.144287       4/5    1.085556       5/6    1.625817    
   6/7    1.837811       7/8    1.402033       8/9    1.130000       9/10    2.013158       10/11    1.592216    
   11/12    641855.2       12/13    2.288063       13/14    2.960730       14/15    1.000000       15/16    1.000000    
   16/17    1.010578       17/18    1.815533       18/19    1.344305       19/20    1.328464       20/21   0.8695041E+08
   21/22    6.351511       22/23    4.060880       23/24    1684661.       24/25    520.8633       25/26    8929345.    
 DEVIANCE { S(~stratum)p(~1)Psi(~stratum:tostratum) } = 190.77943               
 DEVIANCE Degrees of Freedom { S(~stratum)p(~1)Psi(~stratum:tostratum) } = 15          
 c-hat { S(~stratum)p(~1)Psi(~stratum:tostratum) } = 12.718628               
 AIC { S(~stratum)p(~1)Psi(~stratum:tostratum) } = 1130.7050               
 AICc { S(~stratum)p(~1)Psi(~stratum:tostratum) } = 1131.0556               
 BIC { S(~stratum)p(~1)Psi(~stratum:tostratum) } = 1181.7436               
 Pearson Chisquare { S(~stratum)p(~1)Psi(~stratum:tostratum) } = 204.76812               
 Possible Encounter Histories { S(~stratum)p(~1)Psi(~stratum:tostratum) } = 120          
 Pearson Chisquare df { S(~stratum)p(~1)Psi(~stratum:tostratum) } = 104          
 Pearson chat { S(~stratum)p(~1)Psi(~stratum:tostratum) } = 1.9689242               
 Sum(Observed/Expected) { S(~stratum)p(~1)Psi(~stratum:tostratum) } = 67.119312               
 s-bar { S(~stratum)p(~1)Psi(~stratum:tostratum) } = -0.4598321              
 Fletcher chat { S(~stratum)p(~1)Psi(~stratum:tostratum) } = 3.6450225               

  Program  MARK  - Survival Rate Estimation with Capture-Recapture Data
   gfortran(dble/PIM2) Vers. 10.1 March 2023  18-Jan-2026 10:16:48    Page  012
 - - - - - - - - - - - - - - - - - - - - - - - - - - - - - - - - - - - - - -
 


  PARM-SPECIFIC Link Function Parameters of { S(~stratum)p(~1)Psi(~stratum:tostratum) }
                                                              95% Confidence Interval
    Parameter                  Beta         Standard Error     Lower           Upper
 -------------------------  --------------  --------------  --------------  --------------
    1:S:(Intercept)          4.3789155       0.5031288       3.3927830       5.3650481    
    2:S:stratum2            -0.4896447       0.6170055      -1.6989754       0.7196860    
    3:S:stratum3             30.403245       0.0000000       30.403245       30.403245    
    4:S:stratum4             10.738262       1172.8016      -2287.9528       2309.4294    
    5:S:stratum5             0.0000000       0.0000000       0.0000000       0.0000000    
    6:Psi:(Intercept)       -9.2983103       246.70063      -492.83155       474.23493    
    7:Psi:stratum2:tostrat   6.5197897       246.70078      -477.01374       490.05332    
    8:Psi:stratum3:tostrat  -13.169988       3219.5716      -6323.5304       6297.1904    
    9:Psi:stratum4:tostrat  -8.0226394       2002.6628      -3933.2417       3917.1964    
   10:Psi:stratum5:tostrat   0.0000000       0.0000000       0.0000000       0.0000000    
   11:Psi:stratum1:tostrat   8.6666481       246.70061      -474.86656       492.19985    
   12:Psi:stratum3:tostrat  -13.169988       3219.5716      -6323.5304       6297.1904    
   13:Psi:stratum4:tostrat  -8.0226394       2002.6628      -3933.2417       3917.1964    
   14:Psi:stratum5:tostrat   0.0000000       0.0000000       0.0000000       0.0000000    
   15:Psi:stratum1:tostrat   5.3615789       246.70109      -478.17256       488.89572    
   16:Psi:stratum2:tostrat   6.4709969       246.70078      -477.06254       490.00453    
   17:Psi:stratum4:tostrat  -8.0226394       2002.6628      -3933.2417       3917.1964    
   18:Psi:stratum5:tostrat   0.0000000       0.0000000       0.0000000       0.0000000    
   19:Psi:stratum1:tostrat   3.9752988       246.70245      -479.56152       487.51212    
   20:Psi:stratum2:tostrat   5.5546939       246.70091      -477.97910       489.08849    
   21:Psi:stratum3:tostrat   9.9914576       246.70084      -473.54220       493.52511    
   22:Psi:stratum5:tostrat   0.0000000       0.1517778E+17  -0.2974846E+17   0.2974846E+17
   23:Psi:stratum1:tostrat  -12.333836       3090.8561      -6070.4120       6045.7443    
   24:Psi:stratum2:tostrat   4.8615623       246.70117      -478.67275       488.39587    
   25:Psi:stratum3:tostrat   10.052083       246.70083      -473.48156       493.58573    
   26:Psi:stratum4:tostrat  -8.0226394       2002.6628      -3933.2417       3917.1964    


         Real Function Parameters of { S(~stratum)p(~1)Psi(~stratum:tostratum) }
                                                               95% Confidence Interval
     Parameter                Estimate       Standard Error     Lower           Upper
 --------------------------  --------------  --------------  --------------  --------------
     1:S s1 g1 c1 a0 o1 t1    0.9876163       0.0061534       0.9674782       0.9953445       
     2:S s2 g1 c1 a0 o1 t1    0.9799500       0.0070173       0.9604278       0.9899421       
     3:S s3 g1 c1 a0 o1 t1    1.0000000       0.0000000       1.0000000       1.0000000       
     4:S s4 g1 c1 a0 o1 t1    0.9999997       0.3200953E-03  0.2044519E-301   1.0000000       
     5:S s5 g1 c1 a0 o1 t1    0.9876163       0.0000000       0.9876163       0.9876163       
     6:p s1 g1 c1 a1 o1 t2    1.0000000       0.0000000       1.0000000       1.0000000      Fixed
     7:Psi s1 to2 g1 c1 a0    0.3416928       0.0265544       0.2917002       0.3954696       
     8:Psi s1 to2 g1 c1 a1    0.3416928       0.0265544       0.2917002       0.3954696       

  Program  MARK  - Survival Rate Estimation with Capture-Recapture Data
   gfortran(dble/PIM2) Vers. 10.1 March 2023  18-Jan-2026 10:16:48    Page  013
 - - - - - - - - - - - - - - - - - - - - - - - - - - - - - - - - - - - - - -
 
     9:Psi s1 to2 g1 c2 a0    0.3416928       0.0265544       0.2917002       0.3954696       
    10:Psi s1 to3 g1 c1 a0    0.0125390       0.0062301       0.0047139       0.0329237       
    11:Psi s1 to3 g1 c1 a1    0.0125390       0.0062301       0.0047139       0.0329237       
    12:Psi s1 to3 g1 c2 a0    0.0125390       0.0062301       0.0047139       0.0329237       
    13:Psi s1 to4 g1 c1 a0    0.0031348       0.0031299       0.4413933E-03   0.0219033       
    14:Psi s1 to4 g1 c1 a1    0.0031348       0.0031299       0.4413933E-03   0.0219033       
    15:Psi s1 to4 g1 c2 a0    0.0031348       0.0031299       0.4413933E-03   0.0219033       
    16:Psi s1 to5 g1 c1 a0    0.2589652E-09   0.7951256E-06  -0.1558187E-05   0.1558705E-05   
    17:Psi s1 to5 g1 c1 a1    0.2589652E-09   0.7951256E-06  -0.1558187E-05   0.1558705E-05   
    18:Psi s1 to5 g1 c2 a0    0.2589652E-09   0.7951256E-06  -0.1558187E-05   0.1558705E-05   
    19:Psi s2 to1 g1 c1 a0    0.0537086       0.0114011       0.0352755       0.0809655       
    20:Psi s2 to1 g1 c1 a1    0.0537086       0.0114011       0.0352755       0.0809655       
    21:Psi s2 to1 g1 c2 a0    0.0537086       0.0114011       0.0352755       0.0809655       
    22:Psi s2 to3 g1 c1 a0    0.0511509       0.0111413       0.0332336       0.0779493       
    23:Psi s2 to3 g1 c1 a1    0.0511509       0.0111413       0.0332336       0.0779493       
    24:Psi s2 to3 g1 c2 a0    0.0511509       0.0111413       0.0332336       0.0779493       
    25:Psi s2 to4 g1 c1 a0    0.0204601       0.0071594       0.0102642       0.0403709       
    26:Psi s2 to4 g1 c1 a1    0.0204601       0.0071594       0.0102642       0.0403709       
    27:Psi s2 to4 g1 c2 a0    0.0204601       0.0071594       0.0102642       0.0403709       
    28:Psi s2 to5 g1 c1 a0    0.0102302       0.0050889       0.0038448       0.0269336       
    29:Psi s2 to5 g1 c1 a1    0.0102302       0.0050889       0.0038448       0.0269336       
    30:Psi s2 to5 g1 c2 a0    0.0102302       0.0050889       0.0038448       0.0269336       
    31:Psi s3 to1 g1 c1 a0    0.3407595E-10   0.1094983E-06  -0.2145825E-06   0.2146507E-06   
    32:Psi s3 to1 g1 c1 a1    0.3407595E-10   0.1094983E-06  -0.2145825E-06   0.2146507E-06   
    33:Psi s3 to1 g1 c2 a0    0.3407595E-10   0.1094983E-06  -0.2145825E-06   0.2146507E-06   
    34:Psi s3 to2 g1 c1 a0    0.3407595E-10   0.1094983E-06  -0.2145825E-06   0.2146507E-06   
    35:Psi s3 to2 g1 c1 a1    0.3407595E-10   0.1094983E-06  -0.2145825E-06   0.2146507E-06   
    36:Psi s3 to2 g1 c2 a0    0.3407595E-10   0.1094983E-06  -0.2145825E-06   0.2146507E-06   
    37:Psi s3 to4 g1 c1 a0    0.3902438       0.0761823       0.2546822       0.5451810       
    38:Psi s3 to4 g1 c1 a1    0.3902438       0.0761823       0.2546822       0.5451810       
    39:Psi s3 to4 g1 c2 a0    0.3902438       0.0761823       0.2546822       0.5451810       
    40:Psi s3 to5 g1 c1 a0    0.4146344       0.0769404       0.2756459       0.5686841       
    41:Psi s3 to5 g1 c1 a1    0.4146344       0.0769404       0.2756459       0.5686841       
    42:Psi s3 to5 g1 c2 a0    0.4146344       0.0769404       0.2756459       0.5686841       
    43:Psi s4 to1 g1 c1 a0    0.3003358E-07   0.6024679E-04  0.1670673E-315   1.0000000       
    44:Psi s4 to1 g1 c1 a1    0.3003358E-07   0.6024679E-04  0.1670673E-315   1.0000000       
    45:Psi s4 to1 g1 c2 a0    0.3003358E-07   0.6024679E-04  0.1670673E-315   1.0000000       
    46:Psi s4 to2 g1 c1 a0    0.3003358E-07   0.6024679E-04  0.1670673E-315   1.0000000       
    47:Psi s4 to2 g1 c1 a1    0.3003358E-07   0.6024679E-04  0.1670673E-315   1.0000000       
    48:Psi s4 to2 g1 c2 a0    0.3003358E-07   0.6024679E-04  0.1670673E-315   1.0000000       
    49:Psi s4 to3 g1 c1 a0    0.3003358E-07   0.6024679E-04  0.1670673E-315   1.0000000       
    50:Psi s4 to3 g1 c1 a1    0.3003358E-07   0.6024679E-04  0.1670673E-315   1.0000000       
    51:Psi s4 to3 g1 c2 a0    0.3003358E-07   0.6024679E-04  0.1670673E-315   1.0000000       
    52:Psi s4 to5 g1 c1 a0    0.3003358E-07   0.6024679E-04  0.1670673E-315   1.0000000       
    53:Psi s4 to5 g1 c1 a1    0.3003358E-07   0.6024679E-04  0.1670673E-315   1.0000000       
    54:Psi s4 to5 g1 c2 a0    0.3003358E-07   0.6024679E-04  0.1670673E-315   1.0000000       

  Program  MARK  - Survival Rate Estimation with Capture-Recapture Data
   gfortran(dble/PIM2) Vers. 10.1 March 2023  18-Jan-2026 10:16:48    Page  014
 - - - - - - - - - - - - - - - - - - - - - - - - - - - - - - - - - - - - - -
 
    55:Psi s5 to1 g1 c1 a0    0.9154531E-04   0.1276845E+09  0.5092843E-312   1.0000000       
    56:Psi s5 to1 g1 c1 a1    0.9154531E-04   0.1276845E+09  0.5092843E-312   1.0000000       
    57:Psi s5 to1 g1 c2 a0    0.9154531E-04   0.1276845E+09  0.5092843E-312   1.0000000       
    58:Psi s5 to2 g1 c1 a0    0.9154531E-04   0.9270121E+09  0.5092843E-312   1.0000000       
    59:Psi s5 to2 g1 c1 a1    0.9154531E-04   0.9270121E+09  0.5092843E-312   1.0000000       
    60:Psi s5 to2 g1 c2 a0    0.9154531E-04   0.9270121E+09  0.5092843E-312   1.0000000       
    61:Psi s5 to3 g1 c1 a0    0.9154531E-04   0.0000000       0.9154531E-04   0.9154531E-04   
    62:Psi s5 to3 g1 c1 a1    0.9154531E-04   0.0000000       0.9154531E-04   0.9154531E-04   
    63:Psi s5 to3 g1 c2 a0    0.9154531E-04   0.0000000       0.9154531E-04   0.9154531E-04   
    64:Psi s5 to4 g1 c1 a0    0.9154531E-04   0.1389327E+13  0.5092843E-312   1.0000000       
    65:Psi s5 to4 g1 c1 a1    0.9154531E-04   0.1389327E+13  0.5092843E-312   1.0000000       
    66:Psi s5 to4 g1 c2 a0    0.9154531E-04   0.1389327E+13  0.5092843E-312   1.0000000       

 To compute parameter estimates, CPU Time was 0.016 seconds and System Time was 0.016 seconds.

 Attempted ordering of parameters by estimatibility:
   6 11  7  1 25 16 20 21 15  2 24 19  4 17 13 26  9 23 12  8  3 22 18 10  5
  14
 Beta number 14 is a singular value.

   For procedure estimate CPU Time was 0.891 seconds and System Time was 1.922 seconds.


  INPUT --- proc stop;

     For this job, CPU Time in minutes was 0.017 and System Time in minutes was 0.035.

     Time Start = 10:16:46.020   Time End = 10:16:48.085

     Wall Clock Time in minutes for this job was 0.034.

     Maximum of 26 words used of 4096 words allocated.


          E X E C U T I O N   S U C C E S S F U L 
