
 Program  MARK  - Survival Rate Estimation with Capture-Recapture Data
 gfortran(dble/PIM2) Vers. 11.2 Nov 2025   7-Jan-2026 13:11:29    Page  001
  
 - - - - - - - - - - - - - - - - - - - - - - - - - - - - - - - - - - - - - -
 
 Welcome to MARK Vuillemot on machine LORDI-1NRUQJIEA in subdirectory
   "C:\Users\Vuillemot\Desktop\cypripedium\Elian_cypripedium" running file "mark023.inp".
 This version was compiled by GCC version 15.2.0 using the options: 
  -cpp -iprefix C:/tdm-gcc-64/mingw64-15-2/bin/../lib/gcc/
  x86_64-w64-mingw32/15.2.0/ -D_MT -D_REENTRANT -U_REENTRANT -D
  dbleprecision -m64 -march=x86-64 -mtune=generic -mthreads -O3 -std=f2023
  -fimplicit-none -ffpe-summary=invalid,zero,overflow,underflow
  -funroll-loops -fno-unsafe-math-optimizations -frounding-math
  -fsignaling-nans -fprefetch-loop-arrays -fall-intrinsics -fopenmp

 This problem will use 3 of 4 possible threads.
 Static thread allocation is used.
 INPUT --- proc title ;

 For procedure title CPU Time was 0.001 secs and System Time was 0.001 secs.
 INPUT --- proc chmatrix occasions= 3 groups= 4 etype= Live Nodes= 101 
 INPUT --- ICMeans NoHist hist= 23 ;
 INPUT ---    time interval 1 1 ;
 INPUT ---    glabel(1)=siteCombe Michaut;
 INPUT ---    glabel(2)=siteTête Cendrée Haut;
 INPUT ---    glabel(3)=siteVal Clavin;
 INPUT ---    glabel(4)=siteVigne au Renard;

   * *  WARNING  * *   At least a pair of the encounter histories are duplicates. 

      Number of unique encounter histories read was 7.

      Number of individual covariates read was 0.
      Time interval lengths are all equal to 1.

      Data type number is 1
      Data type is Live Recaptures (CJS)

 For procedure chmatrix CPU Time was 0.001 secs and System Time was 0.001 secs.

Program  MARK  - Survival Rate Estimation with Capture-Recapture Data
 gfortran(dble/PIM2) Vers. 11.2 Nov 2025   7-Jan-2026 13:11:29    Page  002
 - - - - - - - - - - - - - - - - - - - - - - - - - - - - - - - - - - - - - -
 


 INPUT --- proc estimate link=Logit NOLOOP varest=2ndPart    ;
 INPUT --- model={ Phi(~1)p(~1) };
 INPUT ---    group=1 Phi    rows=2 cols=2 Triang ;
 INPUT ---        1 1 ;
 INPUT ---        1 ;
 INPUT ---    group=2 Phi    rows=2 cols=2 Triang ;
 INPUT ---        1 1 ;
 INPUT ---        1 ;
 INPUT ---    group=3 Phi    rows=2 cols=2 Triang ;
 INPUT ---        1 1 ;
 INPUT ---        1 ;
 INPUT ---    group=4 Phi    rows=2 cols=2 Triang ;
 INPUT ---        1 1 ;
 INPUT ---        1 ;
 INPUT ---    group=1 p    rows=2 cols=2 Triang ;
 INPUT ---        2 2 ;
 INPUT ---        2 ;
 INPUT ---    group=2 p    rows=2 cols=2 Triang ;
 INPUT ---        2 2 ;
 INPUT ---        2 ;
 INPUT ---    group=3 p    rows=2 cols=2 Triang ;
 INPUT ---        2 2 ;
 INPUT ---        2 ;
 INPUT ---    group=4 p    rows=2 cols=2 Triang ;
 INPUT ---        2 2 ;
 INPUT ---        2 ;
 INPUT ---    design matrix constraints=2 covariates=2 identity;
 INPUT ---       blabel(1)=Phi:(Intercept);
 INPUT ---       blabel(2)=p:(Intercept);
 INPUT ---       rlabel(1)=Phi gCombe Michaut c1 a0 t1;
 INPUT ---       rlabel(2)=p gCombe Michaut c1 a1 t2;
   Model is { Phi(~1)p(~1) }

 Link Function Used is LOGIT        

 Variance Estimation Procedure Used is 2ndPart 
 -2logL(saturated) = 333.05712     
 Effective Sample Size = 662

 Number of function evaluations was 19 for 2 parameters.
 For numerical optimization, CPU Time was 0.016 secs and System Time was 0.453 secs.
 -2logL { Phi(~1)p(~1) } = 371.20053     
 Penalty { Phi(~1)p(~1) } = 0.0000000     
 Gradient { Phi(~1)p(~1) }:
  2.93488E-06  8.15291E-07
 Maximum ABS(G) { Phi(~1)p(~1) } =  2.93488E-06

Program  MARK  - Survival Rate Estimation with Capture-Recapture Data
 gfortran(dble/PIM2) Vers. 11.2 Nov 2025   7-Jan-2026 13:11:30    Page  003
 - - - - - - - - - - - - - - - - - - - - - - - - - - - - - - - - - - - - - -
 
 To compute VC matrix, CPU Time was 0.001 secs and System Time was 0.032 secs.
 S Vector { Phi(~1)p(~1) }:
   28.02600      4.409353    
 To invert VC matrix, CPU Time was 0.001 secs and System Time was 0.001 secs.
 Gap Method for Num. of Estimated Parameters { Phi(~1)p(~1) } = 2          
 Threshold { Phi(~1)p(~1) } = 0.5869753E-05           
 Numerical Threshold Method for Num. of Estimated Parameters { Phi(~1)p(~1) } = 2          
 Number of Estimated Parameters { Phi(~1)p(~1) } = 2          
 DEVIANCE { Phi(~1)p(~1) } = 38.143407               
 DEVIANCE Degrees of Freedom { Phi(~1)p(~1) } = 10          
 c-hat { Phi(~1)p(~1) } = 3.8143407               
 AIC { Phi(~1)p(~1) } = 375.20053               
 AICc { Phi(~1)p(~1) } = 375.21874               
 BIC { Phi(~1)p(~1) } = 384.19106               
 Pearson Chisquare { Phi(~1)p(~1) } = 42.677960               
 Possible Encounter Histories { Phi(~1)p(~1) } = 24          
 Pearson Chisquare df { Phi(~1)p(~1) } = 14          
 Pearson chat { Phi(~1)p(~1) } = 3.0484257               
 Sum(Observed/Expected) { Phi(~1)p(~1) } = 25.260560               
 s-bar { Phi(~1)p(~1) } = 0.0787850               
 Fletcher chat { Phi(~1)p(~1) } = 2.8257954               


                    LOGIT Link Function Parameters of { Phi(~1)p(~1) }
                                                              95% Confidence Interval
    Parameter                  Beta         Standard Error     Lower           Upper
 -------------------------  --------------  --------------  --------------  --------------
    1:Phi:(Intercept)        2.8993434       0.2426417       2.4237657       3.3749211    
    2:p:(Intercept)          3.6789390       0.4512170       2.7945536       4.5633244    


                       Real Function Parameters of { Phi(~1)p(~1) }
                                                               95% Confidence Interval
     Parameter                Estimate       Standard Error     Lower           Upper
 --------------------------  --------------  --------------  --------------  --------------
     1:Phi gCombe Michaut c   0.9478140       0.0120017       0.9186217       0.9669115       
     2:p gCombe Michaut c1    0.9753721       0.0108389       0.9423808       0.9896803       

Program  MARK  - Survival Rate Estimation with Capture-Recapture Data
 gfortran(dble/PIM2) Vers. 11.2 Nov 2025   7-Jan-2026 13:11:30    Page  004
 - - - - - - - - - - - - - - - - - - - - - - - - - - - - - - - - - - - - - -
 

 To compute parameter estimates, CPU Time was 0.016 secs and System Time was 0.078 secs.

 For procedure estimate CPU Time was 0.031 secs and System Time was 0.578 secs.
 INPUT --- proc stop;

 For this job, CPU Time in mins was 0.002 and System Time in mins was 0.011.

     Time Start = 13:11:29.587   Time End = 13:11:30.277

 Wall Clock Time in mins for this job was 0.010.

 Maximum of 19 words used.


          E X E C U T I O N   S U C C E S S F U L
