
 Program  MARK  - Survival Rate Estimation with Capture-Recapture Data
 gfortran(dble/PIM2) Vers. 11.2 Nov 2025   7-Jan-2026 23:52:36    Page  001
  
 - - - - - - - - - - - - - - - - - - - - - - - - - - - - - - - - - - - - - -
 
 Welcome to MARK Vuillemot on machine LORDI-1NRUQJIEA in subdirectory
   "C:\Users\Vuillemot\Desktop\cypripedium\Elian_cypripedium" running file "mark053.inp".
 This version was compiled by GCC version 15.2.0 using the options: 
  -cpp -iprefix C:/tdm-gcc-64/mingw64-15-2/bin/../lib/gcc/
  x86_64-w64-mingw32/15.2.0/ -D_MT -D_REENTRANT -U_REENTRANT -D
  dbleprecision -m64 -march=x86-64 -mtune=generic -mthreads -O3 -std=f2023
  -fimplicit-none -ffpe-summary=invalid,zero,overflow,underflow
  -funroll-loops -fno-unsafe-math-optimizations -frounding-math
  -fsignaling-nans -fprefetch-loop-arrays -fall-intrinsics -fopenmp

 This problem will use 3 of 4 possible threads.
 Static thread allocation is used.
 INPUT --- proc title ;

 For procedure title CPU Time was 0.001 secs and System Time was 0.001 secs.
 INPUT --- proc chmatrix occasions= 3 groups= 1 etype= Multistrata 
 INPUT --- Nodes= 101 strata=5 icovar =  1 ICMeans NoHist hist= 325 ;
 INPUT ---    time interval 1 1 ;
 INPUT ---     strata=A B C D E;
 INPUT ---     icovariates recov_c ;
 INPUT ---    glabel(1)=Group 1;

      Number of unique encounter histories read was 325.

      Number of individual covariates read was 1.
      Time interval lengths are all equal to 1.

      Data type number is 9
      Data type is Multi-state with Live Recaptures

 For procedure chmatrix CPU Time was 0.016 secs and System Time was 0.109 secs.

Program  MARK  - Survival Rate Estimation with Capture-Recapture Data
 gfortran(dble/PIM2) Vers. 11.2 Nov 2025   7-Jan-2026 23:52:36    Page  002
 - - - - - - - - - - - - - - - - - - - - - - - - - - - - - - - - - - - - - -
 


 INPUT --- proc estimate link=Parm-Specific NOLOOP varest=2ndPart    ;
 INPUT --- model={ S(~recov_c)p(~stratum)Psi(~stratum) };
 INPUT ---    group=1 S A:StratumA   rows=2 cols=2 Triang ;
 INPUT ---        1 1 ;
 INPUT ---        1 ;
 INPUT ---    group=1 S B:StratumB   rows=2 cols=2 Triang ;
 INPUT ---        1 1 ;
 INPUT ---        1 ;
 INPUT ---    group=1 S C:StratumC   rows=2 cols=2 Triang ;
 INPUT ---        1 1 ;
 INPUT ---        1 ;
 INPUT ---    group=1 S D:StratumD   rows=2 cols=2 Triang ;
 INPUT ---        1 1 ;
 INPUT ---        1 ;
 INPUT ---    group=1 S E:StratumE   rows=2 cols=2 Triang ;
 INPUT ---        1 1 ;
 INPUT ---        1 ;
 INPUT ---    group=1 p A:StratumA   rows=2 cols=2 Triang ;
 INPUT ---        2 2 ;
 INPUT ---        2 ;
 INPUT ---    group=1 p B:StratumB   rows=2 cols=2 Triang ;
 INPUT ---        3 3 ;
 INPUT ---        3 ;
 INPUT ---    group=1 p C:StratumC   rows=2 cols=2 Triang ;
 INPUT ---        4 4 ;
 INPUT ---        4 ;
 INPUT ---    group=1 p D:StratumD   rows=2 cols=2 Triang ;
 INPUT ---        5 5 ;
 INPUT ---        5 ;
 INPUT ---    group=1 p E:StratumE   rows=2 cols=2 Triang ;
 INPUT ---        6 6 ;
 INPUT ---        6 ;
 INPUT ---    group=1 Psi A to B   rows=2 cols=2 Triang ;
 INPUT ---        7 8 ;
 INPUT ---        9 ;
 INPUT ---    group=1 Psi A to C   rows=2 cols=2 Triang ;
 INPUT ---        10 11 ;
 INPUT ---        12 ;
 INPUT ---    group=1 Psi A to D   rows=2 cols=2 Triang ;
 INPUT ---        13 14 ;
 INPUT ---        15 ;
 INPUT ---    group=1 Psi A to E   rows=2 cols=2 Triang ;
 INPUT ---        16 17 ;
 INPUT ---        18 ;

Program  MARK  - Survival Rate Estimation with Capture-Recapture Data
 gfortran(dble/PIM2) Vers. 11.2 Nov 2025   7-Jan-2026 23:52:36    Page  003
 - - - - - - - - - - - - - - - - - - - - - - - - - - - - - - - - - - - - - -
 
 INPUT ---    group=1 Psi B to A   rows=2 cols=2 Triang ;
 INPUT ---        19 20 ;
 INPUT ---        21 ;
 INPUT ---    group=1 Psi B to C   rows=2 cols=2 Triang ;
 INPUT ---        22 23 ;
 INPUT ---        24 ;
 INPUT ---    group=1 Psi B to D   rows=2 cols=2 Triang ;
 INPUT ---        25 26 ;
 INPUT ---        27 ;
 INPUT ---    group=1 Psi B to E   rows=2 cols=2 Triang ;
 INPUT ---        28 29 ;
 INPUT ---        30 ;
 INPUT ---    group=1 Psi C to A   rows=2 cols=2 Triang ;
 INPUT ---        31 32 ;
 INPUT ---        33 ;
 INPUT ---    group=1 Psi C to B   rows=2 cols=2 Triang ;
 INPUT ---        34 35 ;
 INPUT ---        36 ;
 INPUT ---    group=1 Psi C to D   rows=2 cols=2 Triang ;
 INPUT ---        37 38 ;
 INPUT ---        39 ;
 INPUT ---    group=1 Psi C to E   rows=2 cols=2 Triang ;
 INPUT ---        40 41 ;
 INPUT ---        42 ;
 INPUT ---    group=1 Psi D to A   rows=2 cols=2 Triang ;
 INPUT ---        43 44 ;
 INPUT ---        45 ;
 INPUT ---    group=1 Psi D to B   rows=2 cols=2 Triang ;
 INPUT ---        46 47 ;
 INPUT ---        48 ;
 INPUT ---    group=1 Psi D to C   rows=2 cols=2 Triang ;
 INPUT ---        49 50 ;
 INPUT ---        51 ;
 INPUT ---    group=1 Psi D to E   rows=2 cols=2 Triang ;
 INPUT ---        52 53 ;
 INPUT ---        54 ;
 INPUT ---    group=1 Psi E to A   rows=2 cols=2 Triang ;
 INPUT ---        55 56 ;
 INPUT ---        57 ;
 INPUT ---    group=1 Psi E to B   rows=2 cols=2 Triang ;
 INPUT ---        58 59 ;
 INPUT ---        60 ;
 INPUT ---    group=1 Psi E to C   rows=2 cols=2 Triang ;
 INPUT ---        61 62 ;
 INPUT ---        63 ;
 INPUT ---    group=1 Psi E to D   rows=2 cols=2 Triang ;

Program  MARK  - Survival Rate Estimation with Capture-Recapture Data
 gfortran(dble/PIM2) Vers. 11.2 Nov 2025   7-Jan-2026 23:52:37    Page  004
 - - - - - - - - - - - - - - - - - - - - - - - - - - - - - - - - - - - - - -
 
 INPUT ---        64 65 ;
 INPUT ---        66 ;
 INPUT ---    design matrix constraints=66 covariates=12;
 INPUT ---        1 recov_c 0 0 0 0 0 0 0 0 0 0;
 INPUT ---        0 0 1 0 0 0 0 0 0 0 0 0;
 INPUT ---        0 0 1 1 0 0 0 0 0 0 0 0;
 INPUT ---        0 0 1 0 1 0 0 0 0 0 0 0;
 INPUT ---        0 0 1 0 0 1 0 0 0 0 0 0;
 INPUT ---        0 0 1 0 0 0 1 0 0 0 0 0;
 INPUT ---        0 0 0 0 0 0 0 1 0 0 0 0;
 INPUT ---        0 0 0 0 0 0 0 1 0 0 0 0;
 INPUT ---        0 0 0 0 0 0 0 1 0 0 0 0;
 INPUT ---        0 0 0 0 0 0 0 1 0 0 0 0;
 INPUT ---        0 0 0 0 0 0 0 1 0 0 0 0;
 INPUT ---        0 0 0 0 0 0 0 1 0 0 0 0;
 INPUT ---        0 0 0 0 0 0 0 1 0 0 0 0;
 INPUT ---        0 0 0 0 0 0 0 1 0 0 0 0;
 INPUT ---        0 0 0 0 0 0 0 1 0 0 0 0;
 INPUT ---        0 0 0 0 0 0 0 1 0 0 0 0;
 INPUT ---        0 0 0 0 0 0 0 1 0 0 0 0;
 INPUT ---        0 0 0 0 0 0 0 1 0 0 0 0;
 INPUT ---        0 0 0 0 0 0 0 1 1 0 0 0;
 INPUT ---        0 0 0 0 0 0 0 1 1 0 0 0;
 INPUT ---        0 0 0 0 0 0 0 1 1 0 0 0;
 INPUT ---        0 0 0 0 0 0 0 1 1 0 0 0;
 INPUT ---        0 0 0 0 0 0 0 1 1 0 0 0;
 INPUT ---        0 0 0 0 0 0 0 1 1 0 0 0;
 INPUT ---        0 0 0 0 0 0 0 1 1 0 0 0;
 INPUT ---        0 0 0 0 0 0 0 1 1 0 0 0;
 INPUT ---        0 0 0 0 0 0 0 1 1 0 0 0;
 INPUT ---        0 0 0 0 0 0 0 1 1 0 0 0;
 INPUT ---        0 0 0 0 0 0 0 1 1 0 0 0;
 INPUT ---        0 0 0 0 0 0 0 1 1 0 0 0;
 INPUT ---        0 0 0 0 0 0 0 1 0 1 0 0;
 INPUT ---        0 0 0 0 0 0 0 1 0 1 0 0;
 INPUT ---        0 0 0 0 0 0 0 1 0 1 0 0;
 INPUT ---        0 0 0 0 0 0 0 1 0 1 0 0;
 INPUT ---        0 0 0 0 0 0 0 1 0 1 0 0;
 INPUT ---        0 0 0 0 0 0 0 1 0 1 0 0;
 INPUT ---        0 0 0 0 0 0 0 1 0 1 0 0;
 INPUT ---        0 0 0 0 0 0 0 1 0 1 0 0;
 INPUT ---        0 0 0 0 0 0 0 1 0 1 0 0;
 INPUT ---        0 0 0 0 0 0 0 1 0 1 0 0;
 INPUT ---        0 0 0 0 0 0 0 1 0 1 0 0;
 INPUT ---        0 0 0 0 0 0 0 1 0 1 0 0;
 INPUT ---        0 0 0 0 0 0 0 1 0 0 1 0;

Program  MARK  - Survival Rate Estimation with Capture-Recapture Data
 gfortran(dble/PIM2) Vers. 11.2 Nov 2025   7-Jan-2026 23:52:37    Page  005
 - - - - - - - - - - - - - - - - - - - - - - - - - - - - - - - - - - - - - -
 
 INPUT ---        0 0 0 0 0 0 0 1 0 0 1 0;
 INPUT ---        0 0 0 0 0 0 0 1 0 0 1 0;
 INPUT ---        0 0 0 0 0 0 0 1 0 0 1 0;
 INPUT ---        0 0 0 0 0 0 0 1 0 0 1 0;
 INPUT ---        0 0 0 0 0 0 0 1 0 0 1 0;
 INPUT ---        0 0 0 0 0 0 0 1 0 0 1 0;
 INPUT ---        0 0 0 0 0 0 0 1 0 0 1 0;
 INPUT ---        0 0 0 0 0 0 0 1 0 0 1 0;
 INPUT ---        0 0 0 0 0 0 0 1 0 0 1 0;
 INPUT ---        0 0 0 0 0 0 0 1 0 0 1 0;
 INPUT ---        0 0 0 0 0 0 0 1 0 0 1 0;
 INPUT ---        0 0 0 0 0 0 0 1 0 0 0 1;
 INPUT ---        0 0 0 0 0 0 0 1 0 0 0 1;
 INPUT ---        0 0 0 0 0 0 0 1 0 0 0 1;
 INPUT ---        0 0 0 0 0 0 0 1 0 0 0 1;
 INPUT ---        0 0 0 0 0 0 0 1 0 0 0 1;
 INPUT ---        0 0 0 0 0 0 0 1 0 0 0 1;
 INPUT ---        0 0 0 0 0 0 0 1 0 0 0 1;
 INPUT ---        0 0 0 0 0 0 0 1 0 0 0 1;
 INPUT ---        0 0 0 0 0 0 0 1 0 0 0 1;
 INPUT ---        0 0 0 0 0 0 0 1 0 0 0 1;
 INPUT ---        0 0 0 0 0 0 0 1 0 0 0 1;
 INPUT ---        0 0 0 0 0 0 0 1 0 0 0 1;
 INPUT ---    links=66;
 INPUT ---       Logit;
 INPUT ---       Logit;
 INPUT ---       Logit;
 INPUT ---       Logit;
 INPUT ---       Logit;
 INPUT ---       Logit;
 INPUT ---       mlogit(1);
 INPUT ---       mlogit(2);
 INPUT ---       mlogit(3);
 INPUT ---       mlogit(1);
 INPUT ---       mlogit(2);
 INPUT ---       mlogit(3);
 INPUT ---       mlogit(1);
 INPUT ---       mlogit(2);
 INPUT ---       mlogit(3);
 INPUT ---       mlogit(1);
 INPUT ---       mlogit(2);
 INPUT ---       mlogit(3);
 INPUT ---       mlogit(4);
 INPUT ---       mlogit(5);
 INPUT ---       mlogit(6);
 INPUT ---       mlogit(4);

Program  MARK  - Survival Rate Estimation with Capture-Recapture Data
 gfortran(dble/PIM2) Vers. 11.2 Nov 2025   7-Jan-2026 23:52:37    Page  006
 - - - - - - - - - - - - - - - - - - - - - - - - - - - - - - - - - - - - - -
 
 INPUT ---       mlogit(5);
 INPUT ---       mlogit(6);
 INPUT ---       mlogit(4);
 INPUT ---       mlogit(5);
 INPUT ---       mlogit(6);
 INPUT ---       mlogit(4);
 INPUT ---       mlogit(5);
 INPUT ---       mlogit(6);
 INPUT ---       mlogit(7);
 INPUT ---       mlogit(8);
 INPUT ---       mlogit(9);
 INPUT ---       mlogit(7);
 INPUT ---       mlogit(8);
 INPUT ---       mlogit(9);
 INPUT ---       mlogit(7);
 INPUT ---       mlogit(8);
 INPUT ---       mlogit(9);
 INPUT ---       mlogit(7);
 INPUT ---       mlogit(8);
 INPUT ---       mlogit(9);
 INPUT ---       mlogit(10);
 INPUT ---       mlogit(11);
 INPUT ---       mlogit(12);
 INPUT ---       mlogit(10);
 INPUT ---       mlogit(11);
 INPUT ---       mlogit(12);
 INPUT ---       mlogit(10);
 INPUT ---       mlogit(11);
 INPUT ---       mlogit(12);
 INPUT ---       mlogit(10);
 INPUT ---       mlogit(11);
 INPUT ---       mlogit(12);
 INPUT ---       mlogit(13);
 INPUT ---       mlogit(14);
 INPUT ---       mlogit(15);
 INPUT ---       mlogit(13);
 INPUT ---       mlogit(14);
 INPUT ---       mlogit(15);
 INPUT ---       mlogit(13);
 INPUT ---       mlogit(14);
 INPUT ---       mlogit(15);
 INPUT ---       mlogit(13);
 INPUT ---       mlogit(14);
 INPUT ---       mlogit(15);
 INPUT ---       blabel(1)=S:(Intercept);
 INPUT ---       blabel(2)=S:recov_c;

Program  MARK  - Survival Rate Estimation with Capture-Recapture Data
 gfortran(dble/PIM2) Vers. 11.2 Nov 2025   7-Jan-2026 23:52:37    Page  007
 - - - - - - - - - - - - - - - - - - - - - - - - - - - - - - - - - - - - - -
 
 INPUT ---       blabel(3)=p:(Intercept);
 INPUT ---       blabel(4)=p:stratumB;
 INPUT ---       blabel(5)=p:stratumC;
 INPUT ---       blabel(6)=p:stratumD;
 INPUT ---       blabel(7)=p:stratumE;
 INPUT ---       blabel(8)=Psi:(Intercept);
 INPUT ---       blabel(9)=Psi:stratumB;
 INPUT ---       blabel(10)=Psi:stratumC;
 INPUT ---       blabel(11)=Psi:stratumD;
 INPUT ---       blabel(12)=Psi:stratumE;
 INPUT ---       rlabel(1)=S sA g1 c1 a0 o1 t1;
 INPUT ---       rlabel(2)=p sA g1 c1 a1 o1 t2;
 INPUT ---       rlabel(3)=p sB g1 c1 a1 o1 t2;
 INPUT ---       rlabel(4)=p sC g1 c1 a1 o1 t2;
 INPUT ---       rlabel(5)=p sD g1 c1 a1 o1 t2;
 INPUT ---       rlabel(6)=p sE g1 c1 a1 o1 t2;
 INPUT ---       rlabel(7)=Psi sA toB g1 c1 a0 o1 t1;
 INPUT ---       rlabel(8)=Psi sA toB g1 c1 a1 o2 t2;
 INPUT ---       rlabel(9)=Psi sA toB g1 c2 a0 o2 t2;
 INPUT ---       rlabel(10)=Psi sA toC g1 c1 a0 o1 t1;
 INPUT ---       rlabel(11)=Psi sA toC g1 c1 a1 o2 t2;
 INPUT ---       rlabel(12)=Psi sA toC g1 c2 a0 o2 t2;
 INPUT ---       rlabel(13)=Psi sA toD g1 c1 a0 o1 t1;
 INPUT ---       rlabel(14)=Psi sA toD g1 c1 a1 o2 t2;
 INPUT ---       rlabel(15)=Psi sA toD g1 c2 a0 o2 t2;
 INPUT ---       rlabel(16)=Psi sA toE g1 c1 a0 o1 t1;
 INPUT ---       rlabel(17)=Psi sA toE g1 c1 a1 o2 t2;
 INPUT ---       rlabel(18)=Psi sA toE g1 c2 a0 o2 t2;
 INPUT ---       rlabel(19)=Psi sB toA g1 c1 a0 o1 t1;
 INPUT ---       rlabel(20)=Psi sB toA g1 c1 a1 o2 t2;
 INPUT ---       rlabel(21)=Psi sB toA g1 c2 a0 o2 t2;
 INPUT ---       rlabel(22)=Psi sB toC g1 c1 a0 o1 t1;
 INPUT ---       rlabel(23)=Psi sB toC g1 c1 a1 o2 t2;
 INPUT ---       rlabel(24)=Psi sB toC g1 c2 a0 o2 t2;
 INPUT ---       rlabel(25)=Psi sB toD g1 c1 a0 o1 t1;
 INPUT ---       rlabel(26)=Psi sB toD g1 c1 a1 o2 t2;
 INPUT ---       rlabel(27)=Psi sB toD g1 c2 a0 o2 t2;
 INPUT ---       rlabel(28)=Psi sB toE g1 c1 a0 o1 t1;
 INPUT ---       rlabel(29)=Psi sB toE g1 c1 a1 o2 t2;
 INPUT ---       rlabel(30)=Psi sB toE g1 c2 a0 o2 t2;
 INPUT ---       rlabel(31)=Psi sC toA g1 c1 a0 o1 t1;
 INPUT ---       rlabel(32)=Psi sC toA g1 c1 a1 o2 t2;
 INPUT ---       rlabel(33)=Psi sC toA g1 c2 a0 o2 t2;
 INPUT ---       rlabel(34)=Psi sC toB g1 c1 a0 o1 t1;
 INPUT ---       rlabel(35)=Psi sC toB g1 c1 a1 o2 t2;
 INPUT ---       rlabel(36)=Psi sC toB g1 c2 a0 o2 t2;

Program  MARK  - Survival Rate Estimation with Capture-Recapture Data
 gfortran(dble/PIM2) Vers. 11.2 Nov 2025   7-Jan-2026 23:52:37    Page  008
 - - - - - - - - - - - - - - - - - - - - - - - - - - - - - - - - - - - - - -
 
 INPUT ---       rlabel(37)=Psi sC toD g1 c1 a0 o1 t1;
 INPUT ---       rlabel(38)=Psi sC toD g1 c1 a1 o2 t2;
 INPUT ---       rlabel(39)=Psi sC toD g1 c2 a0 o2 t2;
 INPUT ---       rlabel(40)=Psi sC toE g1 c1 a0 o1 t1;
 INPUT ---       rlabel(41)=Psi sC toE g1 c1 a1 o2 t2;
 INPUT ---       rlabel(42)=Psi sC toE g1 c2 a0 o2 t2;
 INPUT ---       rlabel(43)=Psi sD toA g1 c1 a0 o1 t1;
 INPUT ---       rlabel(44)=Psi sD toA g1 c1 a1 o2 t2;
 INPUT ---       rlabel(45)=Psi sD toA g1 c2 a0 o2 t2;
 INPUT ---       rlabel(46)=Psi sD toB g1 c1 a0 o1 t1;
 INPUT ---       rlabel(47)=Psi sD toB g1 c1 a1 o2 t2;
 INPUT ---       rlabel(48)=Psi sD toB g1 c2 a0 o2 t2;
 INPUT ---       rlabel(49)=Psi sD toC g1 c1 a0 o1 t1;
 INPUT ---       rlabel(50)=Psi sD toC g1 c1 a1 o2 t2;
 INPUT ---       rlabel(51)=Psi sD toC g1 c2 a0 o2 t2;
 INPUT ---       rlabel(52)=Psi sD toE g1 c1 a0 o1 t1;
 INPUT ---       rlabel(53)=Psi sD toE g1 c1 a1 o2 t2;
 INPUT ---       rlabel(54)=Psi sD toE g1 c2 a0 o2 t2;
 INPUT ---       rlabel(55)=Psi sE toA g1 c1 a0 o1 t1;
 INPUT ---       rlabel(56)=Psi sE toA g1 c1 a1 o2 t2;
 INPUT ---       rlabel(57)=Psi sE toA g1 c2 a0 o2 t2;
 INPUT ---       rlabel(58)=Psi sE toB g1 c1 a0 o1 t1;
 INPUT ---       rlabel(59)=Psi sE toB g1 c1 a1 o2 t2;
 INPUT ---       rlabel(60)=Psi sE toB g1 c2 a0 o2 t2;
 INPUT ---       rlabel(61)=Psi sE toC g1 c1 a0 o1 t1;
 INPUT ---       rlabel(62)=Psi sE toC g1 c1 a1 o2 t2;
 INPUT ---       rlabel(63)=Psi sE toC g1 c2 a0 o2 t2;
 INPUT ---       rlabel(64)=Psi sE toD g1 c1 a0 o1 t1;
 INPUT ---       rlabel(65)=Psi sE toD g1 c1 a1 o2 t2;
 INPUT ---       rlabel(66)=Psi sE toD g1 c2 a0 o2 t2;
   Model is { S(~recov_c)p(~stratum)Psi(~stratum) }

 Link Function Used is PARM-SPECIFIC

 Variance Estimation Procedure Used is 2ndPart 
 -2logL(saturated) = 0.0000000     
 Effective Sample Size = 41954

 Number of function evaluations was 61 for 12 parameters.
 For numerical optimization, CPU Time was 3.375 secs and System Time was 3.297 secs.
 -2logL { S(~recov_c)p(~stratum)Psi(~stratum) } = 113117.94     
 Penalty { S(~recov_c)p(~stratum)Psi(~stratum) } = 0.0000000     
 Gradient { S(~recov_c)p(~stratum)Psi(~stratum) }:
   0.0000       0.0000     -3.70749E-04   0.0000     -3.96412E-04
   0.0000       0.0000       0.0000       0.0000       0.0000    
   0.0000       0.0000    
 Maximum ABS(G) { S(~recov_c)p(~stratum)Psi(~stratum) } =  3.96412E-04
 To compute VC matrix, CPU Time was 1.109 secs and System Time was 0.875 secs.

Program  MARK  - Survival Rate Estimation with Capture-Recapture Data
 gfortran(dble/PIM2) Vers. 11.2 Nov 2025   7-Jan-2026 23:52:42    Page  009
 - - - - - - - - - - - - - - - - - - - - - - - - - - - - - - - - - - - - - -
 
 S Vector { S(~recov_c)p(~stratum)Psi(~stratum) }:
   9059.062      6454.261      1402.175      682.9419      554.7614    
   413.0928      373.8143      15.46074     0.3141847E-04 0.3345546E-05
  0.1198686E-06 0.2146098E-07
 To invert VC matrix, CPU Time was 0.001 secs and System Time was 0.001 secs.
 Ratio Threshold = 50.00 Max Gap (8/9) = 4.9209E+5 Next Max Gap (10/11) = 27.91
 Gap Method for Num. of Estimated Parameters { S(~recov_c)p(~stratum)Psi(~stratum) } = 8          
 Threshold { S(~recov_c)p(~stratum)Psi(~stratum) } = 0.7928236E-03           
 Numerical Threshold Method for Num. of Estimated Parameters { S(~recov_c)p(~stratum)Psi(~stratum) } = 8          
 Number of Estimated Parameters { S(~recov_c)p(~stratum)Psi(~stratum) } = 8          
 DEVIANCE { S(~recov_c)p(~stratum)Psi(~stratum) } = 113117.94               
 DEVIANCE Degrees of Freedom { S(~recov_c)p(~stratum)Psi(~stratum) } = 311          
 c-hat { S(~recov_c)p(~stratum)Psi(~stratum) } = 363.72327               
 AIC { S(~recov_c)p(~stratum)Psi(~stratum) } = 113133.94               
 AICc { S(~recov_c)p(~stratum)Psi(~stratum) } = 113133.94               
 BIC { S(~recov_c)p(~stratum)Psi(~stratum) } = 113203.09               
 Pearson Chisquare { S(~recov_c)p(~stratum)Psi(~stratum) } = 989556.36               
 Possible Encounter Histories { S(~recov_c)p(~stratum)Psi(~stratum) } = 126          
 Pearson Chisquare df { S(~recov_c)p(~stratum)Psi(~stratum) } = 112          
 Pearson chat { S(~recov_c)p(~stratum)Psi(~stratum) } = 8835.3246               
 Sum(Observed/Expected) { S(~recov_c)p(~stratum)Psi(~stratum) } = 10965.111               
 s-bar { S(~recov_c)p(~stratum)Psi(~stratum) } = 90.325923               
 Fletcher chat { S(~recov_c)p(~stratum)Psi(~stratum) } = 96.744980               


    PARM-SPECIFIC Link Function Parameters of { S(~recov_c)p(~stratum)Psi(~stratum) }
                                                              95% Confidence Interval
    Parameter                  Beta         Standard Error     Lower           Upper
 -------------------------  --------------  --------------  --------------  --------------
    1:S:(Intercept)          20.359241       541.66238      -1041.2990       1082.0175    
    2:S:recov_c              0.9630893       56.427557      -109.63492       111.56110    
    3:p:(Intercept)          1.6340278       0.1035412       1.4310869       1.8369686    
    4:p:stratumB             0.6419139       0.1187951       0.4090755       0.8747523    
    5:p:stratumC            -1.4635051       0.1249703      -1.7084469      -1.2185632    
    6:p:stratumD            -2.2548116       0.1193909      -2.4888178      -2.0208055    
    7:p:stratumE            -2.0818484       0.1193469      -2.3157684      -1.8479283    
    8:Psi:(Intercept)       -0.8216866       0.0277505      -0.8760775      -0.7672957    
    9:Psi:stratumB          -1.8804777       0.0368831      -1.9527685      -1.8081869    
   10:Psi:stratumC           0.7730844       0.0542420       0.6667700       0.8793988    
   11:Psi:stratumD          -35.848665       2888.3336      -5696.9827       5625.2854    
   12:Psi:stratumE           86.086254       6826.1404      -13293.149       13465.322    

Program  MARK  - Survival Rate Estimation with Capture-Recapture Data
 gfortran(dble/PIM2) Vers. 11.2 Nov 2025   7-Jan-2026 23:52:42    Page  010
 - - - - - - - - - - - - - - - - - - - - - - - - - - - - - - - - - - - - - -
 
           Real Function Parameters of { S(~recov_c)p(~stratum)Psi(~stratum) }

      Following estimates based on unstandardized individual covariate values:
          Variable                 Value        
          ----------------------  ------------- 
          RECOV_C                 -0.5960714E-09
                                                               95% Confidence Interval
     Parameter                Estimate       Standard Error     Lower           Upper
 --------------------------  --------------  --------------  --------------  --------------
     1:S sA g1 c1 a0 o1 t1    1.0000000       0.7557758E-06   0.9999985       1.0000015       
     2:p sA g1 c1 a1 o1 t2    0.8367207       0.0141457       0.8070706       0.8625898       
     3:p sB g1 c1 a1 o1 t2    0.9068648       0.0033619       0.9000631       0.9132482       
     4:p sC g1 c1 a1 o1 t2    0.5425277       0.0118151       0.5192947       0.5655771       
     5:p sD g1 c1 a1 o1 t2    0.3496032       0.0083780       0.3333657       0.3661971       
     6:p sE g1 c1 a1 o1 t2    0.3898791       0.0099418       0.3705780       0.4095313       
     7:Psi sA toB g1 c1 a0    0.1593795       0.0016032       0.1562623       0.1625469       
     8:Psi sA toB g1 c1 a1    0.1593795       0.0016032       0.1562623       0.1625469       
     9:Psi sA toB g1 c2 a0    0.1593795       0.0016032       0.1562623       0.1625469       
    10:Psi sA toC g1 c1 a0    0.1593795       0.0016032       0.1562623       0.1625469       
    11:Psi sA toC g1 c1 a1    0.1593795       0.0016032       0.1562623       0.1625469       
    12:Psi sA toC g1 c2 a0    0.1593795       0.0016032       0.1562623       0.1625469       
    13:Psi sA toD g1 c1 a0    0.1593795       0.0016032       0.1562623       0.1625469       
    14:Psi sA toD g1 c1 a1    0.1593795       0.0016032       0.1562623       0.1625469       
    15:Psi sA toD g1 c2 a0    0.1593795       0.0016032       0.1562623       0.1625469       
    16:Psi sA toE g1 c1 a0    0.1593795       0.0016032       0.1562623       0.1625469       
    17:Psi sA toE g1 c1 a1    0.1593795       0.0016032       0.1562623       0.1625469       
    18:Psi sA toE g1 c2 a0    0.1593795       0.0016032       0.1562623       0.1625469       
    19:Psi sB toA g1 c1 a0    0.0528766       0.9058345E-03   0.0511290       0.0546804       
    20:Psi sB toA g1 c1 a1    0.0528766       0.9058345E-03   0.0511290       0.0546804       
    21:Psi sB toA g1 c2 a0    0.0528766       0.9058345E-03   0.0511290       0.0546804       
    22:Psi sB toC g1 c1 a0    0.0528766       0.9058345E-03   0.0511290       0.0546804       
    23:Psi sB toC g1 c1 a1    0.0528766       0.9058345E-03   0.0511290       0.0546804       
    24:Psi sB toC g1 c2 a0    0.0528766       0.9058345E-03   0.0511290       0.0546804       
    25:Psi sB toD g1 c1 a0    0.0528766       0.9058345E-03   0.0511290       0.0546804       
    26:Psi sB toD g1 c1 a1    0.0528766       0.9058345E-03   0.0511290       0.0546804       
    27:Psi sB toD g1 c2 a0    0.0528766       0.9058345E-03   0.0511290       0.0546804       
    28:Psi sB toE g1 c1 a0    0.0528766       0.9058345E-03   0.0511290       0.0546804       
    29:Psi sB toE g1 c1 a1    0.0528766       0.9058345E-03   0.0511290       0.0546804       
    30:Psi sB toE g1 c2 a0    0.0528766       0.9058345E-03   0.0511290       0.0546804       
    31:Psi sC toA g1 c1 a0    0.1980275       0.0018961       0.1943374       0.2017702       
    32:Psi sC toA g1 c1 a1    0.1980275       0.0018961       0.1943374       0.2017702       
    33:Psi sC toA g1 c2 a0    0.1980275       0.0018961       0.1943374       0.2017702       
    34:Psi sC toB g1 c1 a0    0.1980275       0.0018961       0.1943374       0.2017702       
    35:Psi sC toB g1 c1 a1    0.1980275       0.0018961       0.1943374       0.2017702       
    36:Psi sC toB g1 c2 a0    0.1980275       0.0018961       0.1943374       0.2017702       

Program  MARK  - Survival Rate Estimation with Capture-Recapture Data
 gfortran(dble/PIM2) Vers. 11.2 Nov 2025   7-Jan-2026 23:52:42    Page  011
 - - - - - - - - - - - - - - - - - - - - - - - - - - - - - - - - - - - - - -
 
    37:Psi sC toD g1 c1 a0    0.1980275       0.0018961       0.1943374       0.2017702       
    38:Psi sC toD g1 c1 a1    0.1980275       0.0018961       0.1943374       0.2017702       
    39:Psi sC toD g1 c2 a0    0.1980275       0.0018961       0.1943374       0.2017702       
    40:Psi sC toE g1 c1 a0    0.1980275       0.0018961       0.1943374       0.2017702       
    41:Psi sC toE g1 c1 a1    0.1980275       0.0018961       0.1943374       0.2017702       
    42:Psi sC toE g1 c2 a0    0.1980275       0.0018961       0.1943374       0.2017702       
    43:Psi sD toA g1 c1 a0    0.1186503E-15   0.3427016E-12  -0.6715765E-12   0.6718138E-12   
    44:Psi sD toA g1 c1 a1    0.1186503E-15   0.3427016E-12  -0.6715765E-12   0.6718138E-12   
    45:Psi sD toA g1 c2 a0    0.1186503E-15   0.3427016E-12  -0.6715765E-12   0.6718138E-12   
    46:Psi sD toB g1 c1 a0    0.1186503E-15   0.3427016E-12  -0.6715765E-12   0.6718138E-12   
    47:Psi sD toB g1 c1 a1    0.1186503E-15   0.3427016E-12  -0.6715765E-12   0.6718138E-12   
    48:Psi sD toB g1 c2 a0    0.1186503E-15   0.3427016E-12  -0.6715765E-12   0.6718138E-12   
    49:Psi sD toC g1 c1 a0    0.1186503E-15   0.3427016E-12  -0.6715765E-12   0.6718138E-12   
    50:Psi sD toC g1 c1 a1    0.1186503E-15   0.3427016E-12  -0.6715765E-12   0.6718138E-12   
    51:Psi sD toC g1 c2 a0    0.1186503E-15   0.3427016E-12  -0.6715765E-12   0.6718138E-12   
    52:Psi sD toE g1 c1 a0    0.1186503E-15   0.3427016E-12  -0.6715765E-12   0.6718138E-12   
    53:Psi sD toE g1 c1 a1    0.1186503E-15   0.3427016E-12  -0.6715765E-12   0.6718138E-12   
    54:Psi sD toE g1 c2 a0    0.1186503E-15   0.3427016E-12  -0.6715765E-12   0.6718138E-12   
    55:Psi sE toA g1 c1 a0    0.2500000       0.0000000       0.2500000       0.2500000       
    56:Psi sE toA g1 c1 a1    0.2500000       0.0000000       0.2500000       0.2500000       
    57:Psi sE toA g1 c2 a0    0.2500000       0.0000000       0.2500000       0.2500000       
    58:Psi sE toB g1 c1 a0    0.2500000       0.0000000       0.2500000       0.2500000       
    59:Psi sE toB g1 c1 a1    0.2500000       0.0000000       0.2500000       0.2500000       
    60:Psi sE toB g1 c2 a0    0.2500000       0.0000000       0.2500000       0.2500000       
    61:Psi sE toC g1 c1 a0    0.2500000       0.0000000       0.2500000       0.2500000       
    62:Psi sE toC g1 c1 a1    0.2500000       0.0000000       0.2500000       0.2500000       
    63:Psi sE toC g1 c2 a0    0.2500000       0.0000000       0.2500000       0.2500000       
    64:Psi sE toD g1 c1 a0    0.2500000       0.0000000       0.2500000       0.2500000       
    65:Psi sE toD g1 c1 a1    0.2500000       0.0000000       0.2500000       0.2500000       
    66:Psi sE toD g1 c2 a0    0.2500000       0.0000000       0.2500000       0.2500000       

 To compute parameter estimates, CPU Time was 0.031 secs and System Time was 0.063 secs.

 Attempted ordering of parameters by estimatibility:
   8  3  9  6  7 10  4  5  2  1 11 12
 Beta number 12 is a singular value.

 For procedure estimate CPU Time was 4.562 secs and System Time was 5.641 secs.

Program  MARK  - Survival Rate Estimation with Capture-Recapture Data
 gfortran(dble/PIM2) Vers. 11.2 Nov 2025   7-Jan-2026 23:52:42    Page  012
 - - - - - - - - - - - - - - - - - - - - - - - - - - - - - - - - - - - - - -
 


 INPUT --- proc stop;

 For this job, CPU Time in mins was 0.079 and System Time in mins was 0.103.

     Time Start = 23:52:36.044   Time End = 23:52:42.193

 Wall Clock Time in mins for this job was 0.097.

 Maximum of 25 words used.


          E X E C U T I O N   S U C C E S S F U L
