
 Program  MARK  - Survival Rate Estimation with Capture-Recapture Data
 gfortran(dble/PIM2) Vers. 11.2 Nov 2025  15-Jan-2026 23:10:25    Page  001
  
 - - - - - - - - - - - - - - - - - - - - - - - - - - - - - - - - - - - - - -
 
 Welcome to MARK SCD-UM on machine DESKTOP-LNMOLR6 in subdirectory
   "C:\Users\SCD-UM\Desktop\cypripedium\Elian_cypripedium" running file "mark096.inp".
 This version was compiled by GCC version 15.2.0 using the options: 
  -cpp -iprefix C:/tdm-gcc-64/mingw64-15-2/bin/../lib/gcc/
  x86_64-w64-mingw32/15.2.0/ -D_MT -D_REENTRANT -U_REENTRANT -D
  dbleprecision -m64 -march=x86-64 -mtune=generic -mthreads -O3 -std=f2023
  -fimplicit-none -ffpe-summary=invalid,zero,overflow,underflow
  -funroll-loops -fno-unsafe-math-optimizations -frounding-math
  -fsignaling-nans -fprefetch-loop-arrays -fall-intrinsics -fopenmp

 This problem will use 7 of 8 possible threads.
 Static thread allocation is used.
 INPUT --- proc title ;

 For procedure title CPU Time was 0.001 secs and System Time was 0.001 secs.
 INPUT --- proc chmatrix occasions= 2 groups= 1 etype= Multistrata 
 INPUT --- Nodes= 101 strata=5 ICMeans  NoHist hist= 9 ;
 INPUT ---    time interval 1 ;
 INPUT ---     strata=1 2 3 4 5;
 INPUT ---    glabel(1)=Group 1;

      Number of unique encounter histories read was 9.

      Number of individual covariates read was 0.
      Time interval lengths are all equal to 1.

      Data type number is 9
      Data type is Multi-state with Live Recaptures

 For procedure chmatrix CPU Time was 0.001 secs and System Time was 0.001 secs.

Program  MARK  - Survival Rate Estimation with Capture-Recapture Data
 gfortran(dble/PIM2) Vers. 11.2 Nov 2025  15-Jan-2026 23:10:25    Page  002
 - - - - - - - - - - - - - - - - - - - - - - - - - - - - - - - - - - - - - -
 


 INPUT --- proc estimate link=Parm-Specific NOLOOP varest=2ndPart    ;
 INPUT --- model={ S(~stratum)p(~1)Psi(~stratum + tostratum) };
 INPUT ---    group=1 S 1:Stratum1   rows=1 cols=1 Triang ;
 INPUT ---        1 ;
 INPUT ---    group=1 S 2:Stratum2   rows=1 cols=1 Triang ;
 INPUT ---        2 ;
 INPUT ---    group=1 S 3:Stratum3   rows=1 cols=1 Triang ;
 INPUT ---        3 ;
 INPUT ---    group=1 S 4:Stratum4   rows=1 cols=1 Triang ;
 INPUT ---        4 ;
 INPUT ---    group=1 S 5:Stratum5   rows=1 cols=1 Triang ;
 INPUT ---        5 ;
 INPUT ---    group=1 p 1:Stratum1   rows=1 cols=1 Triang ;
 INPUT ---        6 ;
 INPUT ---    group=1 p 2:Stratum2   rows=1 cols=1 Triang ;
 INPUT ---        6 ;
 INPUT ---    group=1 p 3:Stratum3   rows=1 cols=1 Triang ;
 INPUT ---        6 ;
 INPUT ---    group=1 p 4:Stratum4   rows=1 cols=1 Triang ;
 INPUT ---        6 ;
 INPUT ---    group=1 p 5:Stratum5   rows=1 cols=1 Triang ;
 INPUT ---        6 ;
 INPUT ---    group=1 Psi 1 to 2   rows=1 cols=1 Triang ;
 INPUT ---        7 ;
 INPUT ---    group=1 Psi 1 to 3   rows=1 cols=1 Triang ;
 INPUT ---        8 ;
 INPUT ---    group=1 Psi 1 to 4   rows=1 cols=1 Triang ;
 INPUT ---        9 ;
 INPUT ---    group=1 Psi 1 to 5   rows=1 cols=1 Triang ;
 INPUT ---        10 ;
 INPUT ---    group=1 Psi 2 to 1   rows=1 cols=1 Triang ;
 INPUT ---        11 ;
 INPUT ---    group=1 Psi 2 to 3   rows=1 cols=1 Triang ;
 INPUT ---        12 ;
 INPUT ---    group=1 Psi 2 to 4   rows=1 cols=1 Triang ;
 INPUT ---        13 ;
 INPUT ---    group=1 Psi 2 to 5   rows=1 cols=1 Triang ;
 INPUT ---        14 ;
 INPUT ---    group=1 Psi 3 to 1   rows=1 cols=1 Triang ;
 INPUT ---        15 ;
 INPUT ---    group=1 Psi 3 to 2   rows=1 cols=1 Triang ;
 INPUT ---        16 ;
 INPUT ---    group=1 Psi 3 to 4   rows=1 cols=1 Triang ;
 INPUT ---        17 ;

Program  MARK  - Survival Rate Estimation with Capture-Recapture Data
 gfortran(dble/PIM2) Vers. 11.2 Nov 2025  15-Jan-2026 23:10:25    Page  003
 - - - - - - - - - - - - - - - - - - - - - - - - - - - - - - - - - - - - - -
 
 INPUT ---    group=1 Psi 3 to 5   rows=1 cols=1 Triang ;
 INPUT ---        18 ;
 INPUT ---    group=1 Psi 4 to 1   rows=1 cols=1 Triang ;
 INPUT ---        19 ;
 INPUT ---    group=1 Psi 4 to 2   rows=1 cols=1 Triang ;
 INPUT ---        20 ;
 INPUT ---    group=1 Psi 4 to 3   rows=1 cols=1 Triang ;
 INPUT ---        21 ;
 INPUT ---    group=1 Psi 4 to 5   rows=1 cols=1 Triang ;
 INPUT ---        22 ;
 INPUT ---    group=1 Psi 5 to 1   rows=1 cols=1 Triang ;
 INPUT ---        23 ;
 INPUT ---    group=1 Psi 5 to 2   rows=1 cols=1 Triang ;
 INPUT ---        24 ;
 INPUT ---    group=1 Psi 5 to 3   rows=1 cols=1 Triang ;
 INPUT ---        25 ;
 INPUT ---    group=1 Psi 5 to 4   rows=1 cols=1 Triang ;
 INPUT ---        26 ;
 INPUT ---    design matrix constraints=26 covariates=15;
 INPUT ---        1 0 0 0 0 0 0 0 0 0 0 0 0 0 0;
 INPUT ---        1 1 0 0 0 0 0 0 0 0 0 0 0 0 0;
 INPUT ---        1 0 1 0 0 0 0 0 0 0 0 0 0 0 0;
 INPUT ---        1 0 0 1 0 0 0 0 0 0 0 0 0 0 0;
 INPUT ---        1 0 0 0 1 0 0 0 0 0 0 0 0 0 0;
 INPUT ---        0 0 0 0 0 1 0 0 0 0 0 0 0 0 0;
 INPUT ---        0 0 0 0 0 0 1 0 0 0 0 1 0 0 0;
 INPUT ---        0 0 0 0 0 0 1 0 0 0 0 0 1 0 0;
 INPUT ---        0 0 0 0 0 0 1 0 0 0 0 0 0 1 0;
 INPUT ---        0 0 0 0 0 0 1 0 0 0 0 0 0 0 1;
 INPUT ---        0 0 0 0 0 0 1 1 0 0 0 0 0 0 0;
 INPUT ---        0 0 0 0 0 0 1 1 0 0 0 0 1 0 0;
 INPUT ---        0 0 0 0 0 0 1 1 0 0 0 0 0 1 0;
 INPUT ---        0 0 0 0 0 0 1 1 0 0 0 0 0 0 1;
 INPUT ---        0 0 0 0 0 0 1 0 1 0 0 0 0 0 0;
 INPUT ---        0 0 0 0 0 0 1 0 1 0 0 1 0 0 0;
 INPUT ---        0 0 0 0 0 0 1 0 1 0 0 0 0 1 0;
 INPUT ---        0 0 0 0 0 0 1 0 1 0 0 0 0 0 1;
 INPUT ---        0 0 0 0 0 0 1 0 0 1 0 0 0 0 0;
 INPUT ---        0 0 0 0 0 0 1 0 0 1 0 1 0 0 0;
 INPUT ---        0 0 0 0 0 0 1 0 0 1 0 0 1 0 0;
 INPUT ---        0 0 0 0 0 0 1 0 0 1 0 0 0 0 1;
 INPUT ---        0 0 0 0 0 0 1 0 0 0 1 0 0 0 0;
 INPUT ---        0 0 0 0 0 0 1 0 0 0 1 1 0 0 0;
 INPUT ---        0 0 0 0 0 0 1 0 0 0 1 0 1 0 0;
 INPUT ---        0 0 0 0 0 0 1 0 0 0 1 0 0 1 0;
 INPUT ---    links=26;

Program  MARK  - Survival Rate Estimation with Capture-Recapture Data
 gfortran(dble/PIM2) Vers. 11.2 Nov 2025  15-Jan-2026 23:10:25    Page  004
 - - - - - - - - - - - - - - - - - - - - - - - - - - - - - - - - - - - - - -
 
 INPUT ---       Logit;
 INPUT ---       Logit;
 INPUT ---       Logit;
 INPUT ---       Logit;
 INPUT ---       Logit;
 INPUT ---       Logit;
 INPUT ---       mlogit(1);
 INPUT ---       mlogit(1);
 INPUT ---       mlogit(1);
 INPUT ---       mlogit(1);
 INPUT ---       mlogit(2);
 INPUT ---       mlogit(2);
 INPUT ---       mlogit(2);
 INPUT ---       mlogit(2);
 INPUT ---       mlogit(3);
 INPUT ---       mlogit(3);
 INPUT ---       mlogit(3);
 INPUT ---       mlogit(3);
 INPUT ---       mlogit(4);
 INPUT ---       mlogit(4);
 INPUT ---       mlogit(4);
 INPUT ---       mlogit(4);
 INPUT ---       mlogit(5);
 INPUT ---       mlogit(5);
 INPUT ---       mlogit(5);
 INPUT ---       mlogit(5);
 INPUT ---       blabel(1)=S:(Intercept);
 INPUT ---       blabel(2)=S:stratum2;
 INPUT ---       blabel(3)=S:stratum3;
 INPUT ---       blabel(4)=S:stratum4;
 INPUT ---       blabel(5)=S:stratum5;
 INPUT ---       blabel(6)=p:(Intercept);
 INPUT ---       blabel(7)=Psi:(Intercept);
 INPUT ---       blabel(8)=Psi:stratum2;
 INPUT ---       blabel(9)=Psi:stratum3;
 INPUT ---       blabel(10)=Psi:stratum4;
 INPUT ---       blabel(11)=Psi:stratum5;
 INPUT ---       blabel(12)=Psi:tostratum2;
 INPUT ---       blabel(13)=Psi:tostratum3;
 INPUT ---       blabel(14)=Psi:tostratum4;
 INPUT ---       blabel(15)=Psi:tostratum5;
 INPUT ---       rlabel(1)=S s1 g1 c1 a0 o1 t1;
 INPUT ---       rlabel(2)=S s2 g1 c1 a0 o1 t1;
 INPUT ---       rlabel(3)=S s3 g1 c1 a0 o1 t1;
 INPUT ---       rlabel(4)=S s4 g1 c1 a0 o1 t1;
 INPUT ---       rlabel(5)=S s5 g1 c1 a0 o1 t1;

Program  MARK  - Survival Rate Estimation with Capture-Recapture Data
 gfortran(dble/PIM2) Vers. 11.2 Nov 2025  15-Jan-2026 23:10:25    Page  005
 - - - - - - - - - - - - - - - - - - - - - - - - - - - - - - - - - - - - - -
 
 INPUT ---       rlabel(6)=p s1 g1 c1 a1 o1 t2;
 INPUT ---       rlabel(7)=Psi s1 to2 g1 c1 a0 o1 t1;
 INPUT ---       rlabel(8)=Psi s1 to3 g1 c1 a0 o1 t1;
 INPUT ---       rlabel(9)=Psi s1 to4 g1 c1 a0 o1 t1;
 INPUT ---       rlabel(10)=Psi s1 to5 g1 c1 a0 o1 t1;
 INPUT ---       rlabel(11)=Psi s2 to1 g1 c1 a0 o1 t1;
 INPUT ---       rlabel(12)=Psi s2 to3 g1 c1 a0 o1 t1;
 INPUT ---       rlabel(13)=Psi s2 to4 g1 c1 a0 o1 t1;
 INPUT ---       rlabel(14)=Psi s2 to5 g1 c1 a0 o1 t1;
 INPUT ---       rlabel(15)=Psi s3 to1 g1 c1 a0 o1 t1;
 INPUT ---       rlabel(16)=Psi s3 to2 g1 c1 a0 o1 t1;
 INPUT ---       rlabel(17)=Psi s3 to4 g1 c1 a0 o1 t1;
 INPUT ---       rlabel(18)=Psi s3 to5 g1 c1 a0 o1 t1;
 INPUT ---       rlabel(19)=Psi s4 to1 g1 c1 a0 o1 t1;
 INPUT ---       rlabel(20)=Psi s4 to2 g1 c1 a0 o1 t1;
 INPUT ---       rlabel(21)=Psi s4 to3 g1 c1 a0 o1 t1;
 INPUT ---       rlabel(22)=Psi s4 to5 g1 c1 a0 o1 t1;
 INPUT ---       rlabel(23)=Psi s5 to1 g1 c1 a0 o1 t1;
 INPUT ---       rlabel(24)=Psi s5 to2 g1 c1 a0 o1 t1;
 INPUT ---       rlabel(25)=Psi s5 to3 g1 c1 a0 o1 t1;
 INPUT ---       rlabel(26)=Psi s5 to4 g1 c1 a0 o1 t1;
   Model is { S(~stratum)p(~1)Psi(~stratum + tostratum) }

 Link Function Used is PARM-SPECIFIC

 Variance Estimation Procedure Used is 2ndPart 
 -2logL(saturated) = 494.66311     
 Effective Sample Size = 357

 Number of function evaluations was 50 for 15 parameters.
 For numerical optimization, CPU Time was 0.188 secs and System Time was 0.265 secs.
 -2logL { S(~stratum)p(~1)Psi(~stratum + tostratum) } = 509.52543     
 Penalty { S(~stratum)p(~1)Psi(~stratum + tostratum) } = 0.0000000     
 Gradient { S(~stratum)p(~1)Psi(~stratum + tostratum) }:
   0.0000       0.0000       0.0000       0.0000       0.0000    
   0.0000      2.45862E-05   0.0000     -2.69270E-05   0.0000    
   0.0000      2.37395E-06  1.77779E-04 -1.06252E-05   0.0000    
 Maximum ABS(G) { S(~stratum)p(~1)Psi(~stratum + tostratum) } =  1.77779E-04
 To compute VC matrix, CPU Time was 0.172 secs and System Time was 0.110 secs.
 S Vector { S(~stratum)p(~1)Psi(~stratum + tostratum) }:
   114.8295      42.62704      6.869198      2.053565     0.8816194    
  0.8560696     0.3395310E-05 0.2215971E-05 0.1112620E-05 0.1112620E-05
  0.1112620E-05 0.1112620E-05 0.1084844E-06 0.8612156E-07 0.4846525E-08
 To invert VC matrix, CPU Time was 0.001 secs and System Time was 0.001 secs.
 Ratio Threshold = 50.00 Max Gap (6/7) = 2.5213E+5 Next Max Gap (14/15) = 17.77
 Gap Method for Num. of Estimated Parameters { S(~stratum)p(~1)Psi(~stratum + tostratum) } = 6          

Program  MARK  - Survival Rate Estimation with Capture-Recapture Data
 gfortran(dble/PIM2) Vers. 11.2 Nov 2025  15-Jan-2026 23:10:26    Page  006
 - - - - - - - - - - - - - - - - - - - - - - - - - - - - - - - - - - - - - -
 
 Threshold { S(~stratum)p(~1)Psi(~stratum + tostratum) } = 0.3555576E-03           
 Numerical Threshold Method for Num. of Estimated Parameters { S(~stratum)p(~1)Psi(~stratum + tostratum) } = 6          
 Number of Estimated Parameters { S(~stratum)p(~1)Psi(~stratum + tostratum) } = 6          
 DEVIANCE { S(~stratum)p(~1)Psi(~stratum + tostratum) } = 14.862325               
 DEVIANCE Degrees of Freedom { S(~stratum)p(~1)Psi(~stratum + tostratum) } = 0          
 c-hat { S(~stratum)p(~1)Psi(~stratum + tostratum) } = 1.0000000               
 AIC { S(~stratum)p(~1)Psi(~stratum + tostratum) } = 521.52543               
 AICc { S(~stratum)p(~1)Psi(~stratum + tostratum) } = 521.76543               
 BIC { S(~stratum)p(~1)Psi(~stratum + tostratum) } = 544.79185               
 Pearson Chisquare { S(~stratum)p(~1)Psi(~stratum + tostratum) } = 214.50858               
 Possible Encounter Histories { S(~stratum)p(~1)Psi(~stratum + tostratum) } = 18          
 Pearson Chisquare df { S(~stratum)p(~1)Psi(~stratum + tostratum) } = 9          
 Pearson chat { S(~stratum)p(~1)Psi(~stratum + tostratum) } = 23.834287               
 Sum(Observed/Expected) { S(~stratum)p(~1)Psi(~stratum + tostratum) } = 221.78318               
 s-bar { S(~stratum)p(~1)Psi(~stratum + tostratum) } = 13.585545               
 Fletcher chat { S(~stratum)p(~1)Psi(~stratum + tostratum) } = 1.6341033               


 PARM-SPECIFIC Link Function Parameters of { S(~stratum)p(~1)Psi(~stratum + tostratum) }
                                                              95% Confidence Interval
    Parameter                  Beta         Standard Error     Lower           Upper
 -------------------------  --------------  --------------  --------------  --------------
    1:S:(Intercept)          22.112992       3407.9832      -6657.5341       6701.7601    
    2:S:stratum2             0.0104698       677.52831      -1327.9451       1327.9660    
    3:S:stratum3             0.3218115       563.59768      -1104.3297       1104.9733    
    4:S:stratum4             0.0000000       948.03978      -1858.1580       1858.1580    
    5:S:stratum5             0.0000000       948.03978      -1858.1580       1858.1580    
    6:p:(Intercept)          22.105719       3036.2037      -5928.8537       5973.0651    
    7:Psi:(Intercept)       -3.8098390       0.6070094      -4.9995774      -2.6201006    
    8:Psi:stratum2           0.9164034       0.4845748      -0.0333633       1.8661701    
    9:Psi:stratum3          -2.1167004       1.0704417      -4.2147662      -0.0186346    
   10:Psi:stratum4           0.0000000       948.03978      -1858.1580       1858.1580    
   11:Psi:stratum5           0.0000000       948.03978      -1858.1580       1858.1580    
   12:Psi:tostratum2         3.8206956       0.6067704       2.6314257       5.0099655    
   13:Psi:tostratum3         0.9740946       0.4423357       0.1071166       1.8410726    
   14:Psi:tostratum4        -1.5131711       0.8088012      -3.0984214       0.0720793    
   15:Psi:tostratum5        -21.921600       14363.113      -28173.624       28129.781    

Program  MARK  - Survival Rate Estimation with Capture-Recapture Data
 gfortran(dble/PIM2) Vers. 11.2 Nov 2025  15-Jan-2026 23:10:26    Page  007
 - - - - - - - - - - - - - - - - - - - - - - - - - - - - - - - - - - - - - -
 
        Real Function Parameters of { S(~stratum)p(~1)Psi(~stratum + tostratum) }
                                                               95% Confidence Interval
     Parameter                Estimate       Standard Error     Lower           Upper
 --------------------------  --------------  --------------  --------------  --------------
     1:S s1 g1 c1 a0 o1 t1    1.0000000       0.0000000       1.0000000       1.0000000       
     2:S s2 g1 c1 a0 o1 t1    1.0000000       0.0000000       1.0000000       1.0000000       
     3:S s3 g1 c1 a0 o1 t1    1.0000000       0.0000000       1.0000000       1.0000000       
     4:S s4 g1 c1 a0 o1 t1    1.0000000       0.0000000       1.0000000       1.0000000       
     5:S s5 g1 c1 a0 o1 t1    1.0000000       0.0000000       1.0000000       1.0000000       
     6:p s1 g1 c1 a1 o1 t2    1.0000000       0.1958085E-05   0.9999962       1.0000038       
     7:Psi s1 to2 g1 c1 a0    0.4873131       0.0357850       0.4178773       0.5572420       
     8:Psi s1 to3 g1 c1 a0    0.0282843       0.0114825       0.0126719       0.0619253       
     9:Psi s1 to4 g1 c1 a0    0.0023515       0.0018554       0.4999493E-03   0.0109846       
    10:Psi s1 to5 g1 c1 a0    0.3221596E-11   0.4627214E-07  -0.9069018E-07   0.9069663E-07   
    11:Psi s2 to1 g1 c1 a0    0.0456117       0.0168414       0.0218986       0.0925725       
    12:Psi s2 to3 g1 c1 a0    0.1208147       0.0260665       0.0782959       0.1818676       
    13:Psi s2 to4 g1 c1 a0    0.0100442       0.0071382       0.0024782       0.0397875       
    14:Psi s2 to5 g1 c1 a0    0.1376087E-10   0.1976490E-06  -0.3873782E-06   0.3874057E-06   
    15:Psi s3 to1 g1 c1 a0    0.0023713       0.0026405       0.2665646E-03   0.0207495       
    16:Psi s3 to2 g1 c1 a0    0.1082161       0.1020403       0.0150456       0.4908311       
    17:Psi s3 to4 g1 c1 a0    0.5221834E-03   0.6424534E-03   0.4679631E-04   0.0057989       
    18:Psi s3 to5 g1 c1 a0    0.7154097E-12   0.1027551E-07  -0.2013929E-07   0.2014072E-07   
    19:Psi s4 to1 g1 c1 a0    0.0105901       4.7997489      0.5953988E-310   1.0000000       
    20:Psi s4 to2 g1 c1 a0    0.4832888       219.04087      0.5202875E-308   1.0000000       
    21:Psi s4 to3 g1 c1 a0    0.0280507       12.713416      0.1605405E-309   1.0000000       
    22:Psi s4 to5 g1 c1 a0    0.3194992E-11   0.4591287E-07  -0.8998603E-07   0.8999242E-07   
    23:Psi s5 to1 g1 c1 a0    0.0105655       4.7774403      0.5939987E-310   1.0000000       
    24:Psi s5 to2 g1 c1 a0    0.4821644       218.02280      0.5179498E-308   1.0000000       
    25:Psi s5 to3 g1 c1 a0    0.0279854       12.654325      0.1601562E-309   1.0000000       
    26:Psi s5 to4 g1 c1 a0    0.0023266       1.0520436      0.1297246E-310   1.0000000       

 To compute parameter estimates, CPU Time was 0.001 secs and System Time was 0.001 secs.

 Attempted ordering of parameters by estimatibility:
   7 12 13  8 14  9  3  2 10 11  4  5  6  1 15
 Beta number 15 is a singular value.

 For procedure estimate CPU Time was 0.375 secs and System Time was 0.735 secs.

Program  MARK  - Survival Rate Estimation with Capture-Recapture Data
 gfortran(dble/PIM2) Vers. 11.2 Nov 2025  15-Jan-2026 23:10:26    Page  008
 - - - - - - - - - - - - - - - - - - - - - - - - - - - - - - - - - - - - - -
 


 INPUT --- proc stop;

 For this job, CPU Time in mins was 0.007 and System Time in mins was 0.014.

     Time Start = 23:10:25.469   Time End = 23:10:26.298

 Wall Clock Time in mins for this job was 0.012.

 Maximum of 22 words used.


          E X E C U T I O N   S U C C E S S F U L
