
 Program  MARK  - Survival Rate Estimation with Capture-Recapture Data
 gfortran(dble/PIM2) Vers. 11.2 Nov 2025   7-Jan-2026 23:51:12    Page  001
  
 - - - - - - - - - - - - - - - - - - - - - - - - - - - - - - - - - - - - - -
 
 Welcome to MARK Vuillemot on machine LORDI-1NRUQJIEA in subdirectory
   "C:\Users\Vuillemot\Desktop\cypripedium\Elian_cypripedium" running file "mark047.inp".
 This version was compiled by GCC version 15.2.0 using the options: 
  -cpp -iprefix C:/tdm-gcc-64/mingw64-15-2/bin/../lib/gcc/
  x86_64-w64-mingw32/15.2.0/ -D_MT -D_REENTRANT -U_REENTRANT -D
  dbleprecision -m64 -march=x86-64 -mtune=generic -mthreads -O3 -std=f2023
  -fimplicit-none -ffpe-summary=invalid,zero,overflow,underflow
  -funroll-loops -fno-unsafe-math-optimizations -frounding-math
  -fsignaling-nans -fprefetch-loop-arrays -fall-intrinsics -fopenmp

 This problem will use 3 of 4 possible threads.
 Static thread allocation is used.
 INPUT --- proc title ;

 For procedure title CPU Time was 0.001 secs and System Time was 0.001 secs.
 INPUT --- proc chmatrix occasions= 3 groups= 1 etype= Multistrata 
 INPUT --- Nodes= 101 strata=5 ICMeans  NoHist hist= 62 ;
 INPUT ---    time interval 1 1 ;
 INPUT ---     strata=A B C D E;
 INPUT ---    glabel(1)=Group 1;

      Number of unique encounter histories read was 62.

      Number of individual covariates read was 0.
      Time interval lengths are all equal to 1.

      Data type number is 9
      Data type is Multi-state with Live Recaptures

 For procedure chmatrix CPU Time was 0.001 secs and System Time was 0.001 secs.

Program  MARK  - Survival Rate Estimation with Capture-Recapture Data
 gfortran(dble/PIM2) Vers. 11.2 Nov 2025   7-Jan-2026 23:51:12    Page  002
 - - - - - - - - - - - - - - - - - - - - - - - - - - - - - - - - - - - - - -
 


 INPUT --- proc estimate link=Parm-Specific NOLOOP varest=2ndPart    ;
 INPUT --- model={ S(~1)p(~stratum)Psi(~stratum) };
 INPUT ---    group=1 S A:StratumA   rows=2 cols=2 Triang ;
 INPUT ---        1 1 ;
 INPUT ---        1 ;
 INPUT ---    group=1 S B:StratumB   rows=2 cols=2 Triang ;
 INPUT ---        1 1 ;
 INPUT ---        1 ;
 INPUT ---    group=1 S C:StratumC   rows=2 cols=2 Triang ;
 INPUT ---        1 1 ;
 INPUT ---        1 ;
 INPUT ---    group=1 S D:StratumD   rows=2 cols=2 Triang ;
 INPUT ---        1 1 ;
 INPUT ---        1 ;
 INPUT ---    group=1 S E:StratumE   rows=2 cols=2 Triang ;
 INPUT ---        1 1 ;
 INPUT ---        1 ;
 INPUT ---    group=1 p A:StratumA   rows=2 cols=2 Triang ;
 INPUT ---        2 2 ;
 INPUT ---        2 ;
 INPUT ---    group=1 p B:StratumB   rows=2 cols=2 Triang ;
 INPUT ---        3 3 ;
 INPUT ---        3 ;
 INPUT ---    group=1 p C:StratumC   rows=2 cols=2 Triang ;
 INPUT ---        4 4 ;
 INPUT ---        4 ;
 INPUT ---    group=1 p D:StratumD   rows=2 cols=2 Triang ;
 INPUT ---        5 5 ;
 INPUT ---        5 ;
 INPUT ---    group=1 p E:StratumE   rows=2 cols=2 Triang ;
 INPUT ---        6 6 ;
 INPUT ---        6 ;
 INPUT ---    group=1 Psi A to B   rows=2 cols=2 Triang ;
 INPUT ---        7 8 ;
 INPUT ---        9 ;
 INPUT ---    group=1 Psi A to C   rows=2 cols=2 Triang ;
 INPUT ---        10 11 ;
 INPUT ---        12 ;
 INPUT ---    group=1 Psi A to D   rows=2 cols=2 Triang ;
 INPUT ---        13 14 ;
 INPUT ---        15 ;
 INPUT ---    group=1 Psi A to E   rows=2 cols=2 Triang ;
 INPUT ---        16 17 ;
 INPUT ---        18 ;

Program  MARK  - Survival Rate Estimation with Capture-Recapture Data
 gfortran(dble/PIM2) Vers. 11.2 Nov 2025   7-Jan-2026 23:51:12    Page  003
 - - - - - - - - - - - - - - - - - - - - - - - - - - - - - - - - - - - - - -
 
 INPUT ---    group=1 Psi B to A   rows=2 cols=2 Triang ;
 INPUT ---        19 20 ;
 INPUT ---        21 ;
 INPUT ---    group=1 Psi B to C   rows=2 cols=2 Triang ;
 INPUT ---        22 23 ;
 INPUT ---        24 ;
 INPUT ---    group=1 Psi B to D   rows=2 cols=2 Triang ;
 INPUT ---        25 26 ;
 INPUT ---        27 ;
 INPUT ---    group=1 Psi B to E   rows=2 cols=2 Triang ;
 INPUT ---        28 29 ;
 INPUT ---        30 ;
 INPUT ---    group=1 Psi C to A   rows=2 cols=2 Triang ;
 INPUT ---        31 32 ;
 INPUT ---        33 ;
 INPUT ---    group=1 Psi C to B   rows=2 cols=2 Triang ;
 INPUT ---        34 35 ;
 INPUT ---        36 ;
 INPUT ---    group=1 Psi C to D   rows=2 cols=2 Triang ;
 INPUT ---        37 38 ;
 INPUT ---        39 ;
 INPUT ---    group=1 Psi C to E   rows=2 cols=2 Triang ;
 INPUT ---        40 41 ;
 INPUT ---        42 ;
 INPUT ---    group=1 Psi D to A   rows=2 cols=2 Triang ;
 INPUT ---        43 44 ;
 INPUT ---        45 ;
 INPUT ---    group=1 Psi D to B   rows=2 cols=2 Triang ;
 INPUT ---        46 47 ;
 INPUT ---        48 ;
 INPUT ---    group=1 Psi D to C   rows=2 cols=2 Triang ;
 INPUT ---        49 50 ;
 INPUT ---        51 ;
 INPUT ---    group=1 Psi D to E   rows=2 cols=2 Triang ;
 INPUT ---        52 53 ;
 INPUT ---        54 ;
 INPUT ---    group=1 Psi E to A   rows=2 cols=2 Triang ;
 INPUT ---        55 56 ;
 INPUT ---        57 ;
 INPUT ---    group=1 Psi E to B   rows=2 cols=2 Triang ;
 INPUT ---        58 59 ;
 INPUT ---        60 ;
 INPUT ---    group=1 Psi E to C   rows=2 cols=2 Triang ;
 INPUT ---        61 62 ;
 INPUT ---        63 ;
 INPUT ---    group=1 Psi E to D   rows=2 cols=2 Triang ;

Program  MARK  - Survival Rate Estimation with Capture-Recapture Data
 gfortran(dble/PIM2) Vers. 11.2 Nov 2025   7-Jan-2026 23:51:12    Page  004
 - - - - - - - - - - - - - - - - - - - - - - - - - - - - - - - - - - - - - -
 
 INPUT ---        64 65 ;
 INPUT ---        66 ;
 INPUT ---    design matrix constraints=66 covariates=11;
 INPUT ---        1 0 0 0 0 0 0 0 0 0 0;
 INPUT ---        0 1 0 0 0 0 0 0 0 0 0;
 INPUT ---        0 1 1 0 0 0 0 0 0 0 0;
 INPUT ---        0 1 0 1 0 0 0 0 0 0 0;
 INPUT ---        0 1 0 0 1 0 0 0 0 0 0;
 INPUT ---        0 1 0 0 0 1 0 0 0 0 0;
 INPUT ---        0 0 0 0 0 0 1 0 0 0 0;
 INPUT ---        0 0 0 0 0 0 1 0 0 0 0;
 INPUT ---        0 0 0 0 0 0 1 0 0 0 0;
 INPUT ---        0 0 0 0 0 0 1 0 0 0 0;
 INPUT ---        0 0 0 0 0 0 1 0 0 0 0;
 INPUT ---        0 0 0 0 0 0 1 0 0 0 0;
 INPUT ---        0 0 0 0 0 0 1 0 0 0 0;
 INPUT ---        0 0 0 0 0 0 1 0 0 0 0;
 INPUT ---        0 0 0 0 0 0 1 0 0 0 0;
 INPUT ---        0 0 0 0 0 0 1 0 0 0 0;
 INPUT ---        0 0 0 0 0 0 1 0 0 0 0;
 INPUT ---        0 0 0 0 0 0 1 0 0 0 0;
 INPUT ---        0 0 0 0 0 0 1 1 0 0 0;
 INPUT ---        0 0 0 0 0 0 1 1 0 0 0;
 INPUT ---        0 0 0 0 0 0 1 1 0 0 0;
 INPUT ---        0 0 0 0 0 0 1 1 0 0 0;
 INPUT ---        0 0 0 0 0 0 1 1 0 0 0;
 INPUT ---        0 0 0 0 0 0 1 1 0 0 0;
 INPUT ---        0 0 0 0 0 0 1 1 0 0 0;
 INPUT ---        0 0 0 0 0 0 1 1 0 0 0;
 INPUT ---        0 0 0 0 0 0 1 1 0 0 0;
 INPUT ---        0 0 0 0 0 0 1 1 0 0 0;
 INPUT ---        0 0 0 0 0 0 1 1 0 0 0;
 INPUT ---        0 0 0 0 0 0 1 1 0 0 0;
 INPUT ---        0 0 0 0 0 0 1 0 1 0 0;
 INPUT ---        0 0 0 0 0 0 1 0 1 0 0;
 INPUT ---        0 0 0 0 0 0 1 0 1 0 0;
 INPUT ---        0 0 0 0 0 0 1 0 1 0 0;
 INPUT ---        0 0 0 0 0 0 1 0 1 0 0;
 INPUT ---        0 0 0 0 0 0 1 0 1 0 0;
 INPUT ---        0 0 0 0 0 0 1 0 1 0 0;
 INPUT ---        0 0 0 0 0 0 1 0 1 0 0;
 INPUT ---        0 0 0 0 0 0 1 0 1 0 0;
 INPUT ---        0 0 0 0 0 0 1 0 1 0 0;
 INPUT ---        0 0 0 0 0 0 1 0 1 0 0;
 INPUT ---        0 0 0 0 0 0 1 0 1 0 0;
 INPUT ---        0 0 0 0 0 0 1 0 0 1 0;

Program  MARK  - Survival Rate Estimation with Capture-Recapture Data
 gfortran(dble/PIM2) Vers. 11.2 Nov 2025   7-Jan-2026 23:51:13    Page  005
 - - - - - - - - - - - - - - - - - - - - - - - - - - - - - - - - - - - - - -
 
 INPUT ---        0 0 0 0 0 0 1 0 0 1 0;
 INPUT ---        0 0 0 0 0 0 1 0 0 1 0;
 INPUT ---        0 0 0 0 0 0 1 0 0 1 0;
 INPUT ---        0 0 0 0 0 0 1 0 0 1 0;
 INPUT ---        0 0 0 0 0 0 1 0 0 1 0;
 INPUT ---        0 0 0 0 0 0 1 0 0 1 0;
 INPUT ---        0 0 0 0 0 0 1 0 0 1 0;
 INPUT ---        0 0 0 0 0 0 1 0 0 1 0;
 INPUT ---        0 0 0 0 0 0 1 0 0 1 0;
 INPUT ---        0 0 0 0 0 0 1 0 0 1 0;
 INPUT ---        0 0 0 0 0 0 1 0 0 1 0;
 INPUT ---        0 0 0 0 0 0 1 0 0 0 1;
 INPUT ---        0 0 0 0 0 0 1 0 0 0 1;
 INPUT ---        0 0 0 0 0 0 1 0 0 0 1;
 INPUT ---        0 0 0 0 0 0 1 0 0 0 1;
 INPUT ---        0 0 0 0 0 0 1 0 0 0 1;
 INPUT ---        0 0 0 0 0 0 1 0 0 0 1;
 INPUT ---        0 0 0 0 0 0 1 0 0 0 1;
 INPUT ---        0 0 0 0 0 0 1 0 0 0 1;
 INPUT ---        0 0 0 0 0 0 1 0 0 0 1;
 INPUT ---        0 0 0 0 0 0 1 0 0 0 1;
 INPUT ---        0 0 0 0 0 0 1 0 0 0 1;
 INPUT ---        0 0 0 0 0 0 1 0 0 0 1;
 INPUT ---    links=66;
 INPUT ---       Logit;
 INPUT ---       Logit;
 INPUT ---       Logit;
 INPUT ---       Logit;
 INPUT ---       Logit;
 INPUT ---       Logit;
 INPUT ---       mlogit(1);
 INPUT ---       mlogit(2);
 INPUT ---       mlogit(3);
 INPUT ---       mlogit(1);
 INPUT ---       mlogit(2);
 INPUT ---       mlogit(3);
 INPUT ---       mlogit(1);
 INPUT ---       mlogit(2);
 INPUT ---       mlogit(3);
 INPUT ---       mlogit(1);
 INPUT ---       mlogit(2);
 INPUT ---       mlogit(3);
 INPUT ---       mlogit(4);
 INPUT ---       mlogit(5);
 INPUT ---       mlogit(6);
 INPUT ---       mlogit(4);

Program  MARK  - Survival Rate Estimation with Capture-Recapture Data
 gfortran(dble/PIM2) Vers. 11.2 Nov 2025   7-Jan-2026 23:51:13    Page  006
 - - - - - - - - - - - - - - - - - - - - - - - - - - - - - - - - - - - - - -
 
 INPUT ---       mlogit(5);
 INPUT ---       mlogit(6);
 INPUT ---       mlogit(4);
 INPUT ---       mlogit(5);
 INPUT ---       mlogit(6);
 INPUT ---       mlogit(4);
 INPUT ---       mlogit(5);
 INPUT ---       mlogit(6);
 INPUT ---       mlogit(7);
 INPUT ---       mlogit(8);
 INPUT ---       mlogit(9);
 INPUT ---       mlogit(7);
 INPUT ---       mlogit(8);
 INPUT ---       mlogit(9);
 INPUT ---       mlogit(7);
 INPUT ---       mlogit(8);
 INPUT ---       mlogit(9);
 INPUT ---       mlogit(7);
 INPUT ---       mlogit(8);
 INPUT ---       mlogit(9);
 INPUT ---       mlogit(10);
 INPUT ---       mlogit(11);
 INPUT ---       mlogit(12);
 INPUT ---       mlogit(10);
 INPUT ---       mlogit(11);
 INPUT ---       mlogit(12);
 INPUT ---       mlogit(10);
 INPUT ---       mlogit(11);
 INPUT ---       mlogit(12);
 INPUT ---       mlogit(10);
 INPUT ---       mlogit(11);
 INPUT ---       mlogit(12);
 INPUT ---       mlogit(13);
 INPUT ---       mlogit(14);
 INPUT ---       mlogit(15);
 INPUT ---       mlogit(13);
 INPUT ---       mlogit(14);
 INPUT ---       mlogit(15);
 INPUT ---       mlogit(13);
 INPUT ---       mlogit(14);
 INPUT ---       mlogit(15);
 INPUT ---       mlogit(13);
 INPUT ---       mlogit(14);
 INPUT ---       mlogit(15);
 INPUT ---       blabel(1)=S:(Intercept);
 INPUT ---       blabel(2)=p:(Intercept);

Program  MARK  - Survival Rate Estimation with Capture-Recapture Data
 gfortran(dble/PIM2) Vers. 11.2 Nov 2025   7-Jan-2026 23:51:13    Page  007
 - - - - - - - - - - - - - - - - - - - - - - - - - - - - - - - - - - - - - -
 
 INPUT ---       blabel(3)=p:stratumB;
 INPUT ---       blabel(4)=p:stratumC;
 INPUT ---       blabel(5)=p:stratumD;
 INPUT ---       blabel(6)=p:stratumE;
 INPUT ---       blabel(7)=Psi:(Intercept);
 INPUT ---       blabel(8)=Psi:stratumB;
 INPUT ---       blabel(9)=Psi:stratumC;
 INPUT ---       blabel(10)=Psi:stratumD;
 INPUT ---       blabel(11)=Psi:stratumE;
 INPUT ---       rlabel(1)=S sA g1 c1 a0 o1 t1;
 INPUT ---       rlabel(2)=p sA g1 c1 a1 o1 t2;
 INPUT ---       rlabel(3)=p sB g1 c1 a1 o1 t2;
 INPUT ---       rlabel(4)=p sC g1 c1 a1 o1 t2;
 INPUT ---       rlabel(5)=p sD g1 c1 a1 o1 t2;
 INPUT ---       rlabel(6)=p sE g1 c1 a1 o1 t2;
 INPUT ---       rlabel(7)=Psi sA toB g1 c1 a0 o1 t1;
 INPUT ---       rlabel(8)=Psi sA toB g1 c1 a1 o2 t2;
 INPUT ---       rlabel(9)=Psi sA toB g1 c2 a0 o2 t2;
 INPUT ---       rlabel(10)=Psi sA toC g1 c1 a0 o1 t1;
 INPUT ---       rlabel(11)=Psi sA toC g1 c1 a1 o2 t2;
 INPUT ---       rlabel(12)=Psi sA toC g1 c2 a0 o2 t2;
 INPUT ---       rlabel(13)=Psi sA toD g1 c1 a0 o1 t1;
 INPUT ---       rlabel(14)=Psi sA toD g1 c1 a1 o2 t2;
 INPUT ---       rlabel(15)=Psi sA toD g1 c2 a0 o2 t2;
 INPUT ---       rlabel(16)=Psi sA toE g1 c1 a0 o1 t1;
 INPUT ---       rlabel(17)=Psi sA toE g1 c1 a1 o2 t2;
 INPUT ---       rlabel(18)=Psi sA toE g1 c2 a0 o2 t2;
 INPUT ---       rlabel(19)=Psi sB toA g1 c1 a0 o1 t1;
 INPUT ---       rlabel(20)=Psi sB toA g1 c1 a1 o2 t2;
 INPUT ---       rlabel(21)=Psi sB toA g1 c2 a0 o2 t2;
 INPUT ---       rlabel(22)=Psi sB toC g1 c1 a0 o1 t1;
 INPUT ---       rlabel(23)=Psi sB toC g1 c1 a1 o2 t2;
 INPUT ---       rlabel(24)=Psi sB toC g1 c2 a0 o2 t2;
 INPUT ---       rlabel(25)=Psi sB toD g1 c1 a0 o1 t1;
 INPUT ---       rlabel(26)=Psi sB toD g1 c1 a1 o2 t2;
 INPUT ---       rlabel(27)=Psi sB toD g1 c2 a0 o2 t2;
 INPUT ---       rlabel(28)=Psi sB toE g1 c1 a0 o1 t1;
 INPUT ---       rlabel(29)=Psi sB toE g1 c1 a1 o2 t2;
 INPUT ---       rlabel(30)=Psi sB toE g1 c2 a0 o2 t2;
 INPUT ---       rlabel(31)=Psi sC toA g1 c1 a0 o1 t1;
 INPUT ---       rlabel(32)=Psi sC toA g1 c1 a1 o2 t2;
 INPUT ---       rlabel(33)=Psi sC toA g1 c2 a0 o2 t2;
 INPUT ---       rlabel(34)=Psi sC toB g1 c1 a0 o1 t1;
 INPUT ---       rlabel(35)=Psi sC toB g1 c1 a1 o2 t2;
 INPUT ---       rlabel(36)=Psi sC toB g1 c2 a0 o2 t2;
 INPUT ---       rlabel(37)=Psi sC toD g1 c1 a0 o1 t1;

Program  MARK  - Survival Rate Estimation with Capture-Recapture Data
 gfortran(dble/PIM2) Vers. 11.2 Nov 2025   7-Jan-2026 23:51:13    Page  008
 - - - - - - - - - - - - - - - - - - - - - - - - - - - - - - - - - - - - - -
 
 INPUT ---       rlabel(38)=Psi sC toD g1 c1 a1 o2 t2;
 INPUT ---       rlabel(39)=Psi sC toD g1 c2 a0 o2 t2;
 INPUT ---       rlabel(40)=Psi sC toE g1 c1 a0 o1 t1;
 INPUT ---       rlabel(41)=Psi sC toE g1 c1 a1 o2 t2;
 INPUT ---       rlabel(42)=Psi sC toE g1 c2 a0 o2 t2;
 INPUT ---       rlabel(43)=Psi sD toA g1 c1 a0 o1 t1;
 INPUT ---       rlabel(44)=Psi sD toA g1 c1 a1 o2 t2;
 INPUT ---       rlabel(45)=Psi sD toA g1 c2 a0 o2 t2;
 INPUT ---       rlabel(46)=Psi sD toB g1 c1 a0 o1 t1;
 INPUT ---       rlabel(47)=Psi sD toB g1 c1 a1 o2 t2;
 INPUT ---       rlabel(48)=Psi sD toB g1 c2 a0 o2 t2;
 INPUT ---       rlabel(49)=Psi sD toC g1 c1 a0 o1 t1;
 INPUT ---       rlabel(50)=Psi sD toC g1 c1 a1 o2 t2;
 INPUT ---       rlabel(51)=Psi sD toC g1 c2 a0 o2 t2;
 INPUT ---       rlabel(52)=Psi sD toE g1 c1 a0 o1 t1;
 INPUT ---       rlabel(53)=Psi sD toE g1 c1 a1 o2 t2;
 INPUT ---       rlabel(54)=Psi sD toE g1 c2 a0 o2 t2;
 INPUT ---       rlabel(55)=Psi sE toA g1 c1 a0 o1 t1;
 INPUT ---       rlabel(56)=Psi sE toA g1 c1 a1 o2 t2;
 INPUT ---       rlabel(57)=Psi sE toA g1 c2 a0 o2 t2;
 INPUT ---       rlabel(58)=Psi sE toB g1 c1 a0 o1 t1;
 INPUT ---       rlabel(59)=Psi sE toB g1 c1 a1 o2 t2;
 INPUT ---       rlabel(60)=Psi sE toB g1 c2 a0 o2 t2;
 INPUT ---       rlabel(61)=Psi sE toC g1 c1 a0 o1 t1;
 INPUT ---       rlabel(62)=Psi sE toC g1 c1 a1 o2 t2;
 INPUT ---       rlabel(63)=Psi sE toC g1 c2 a0 o2 t2;
 INPUT ---       rlabel(64)=Psi sE toD g1 c1 a0 o1 t1;
 INPUT ---       rlabel(65)=Psi sE toD g1 c1 a1 o2 t2;
 INPUT ---       rlabel(66)=Psi sE toD g1 c2 a0 o2 t2;
   Model is { S(~1)p(~stratum)Psi(~stratum) }

 Link Function Used is PARM-SPECIFIC

 Variance Estimation Procedure Used is 2ndPart 
 -2logL(saturated) = 90643.026     
 Effective Sample Size = 41954

 Number of function evaluations was 53 for 11 parameters.
 For numerical optimization, CPU Time was 0.328 secs and System Time was 0.922 secs.
 -2logL { S(~1)p(~stratum)Psi(~stratum) } = 113633.29     
 Penalty { S(~1)p(~stratum)Psi(~stratum) } = 0.0000000     
 Gradient { S(~1)p(~stratum)Psi(~stratum) }:
   0.0000      2.67102E-02  4.98586E-04 -2.18116E-03  2.32917E-03
  3.16599E-03  1.47809E-02  2.09991E-03  2.42662E-03   0.0000    
   0.0000    
 Maximum ABS(G) { S(~1)p(~stratum)Psi(~stratum) } =  2.67102E-02
 To compute VC matrix, CPU Time was 0.125 secs and System Time was 0.156 secs.

Program  MARK  - Survival Rate Estimation with Capture-Recapture Data
 gfortran(dble/PIM2) Vers. 11.2 Nov 2025   7-Jan-2026 23:51:15    Page  009
 - - - - - - - - - - - - - - - - - - - - - - - - - - - - - - - - - - - - - -
 
 S Vector { S(~1)p(~stratum)Psi(~stratum) }:
   9026.428      6924.938      1407.233      675.3027      465.3877    
   409.9508      356.5618      41.15235     0.8758553E-05 -0.000000    
   0.000000    
 To invert VC matrix, CPU Time was 0.001 secs and System Time was 0.001 secs.
 Ratio Threshold = 50.00 Max Gap (8/9) = 4.6985E+6 Next Max Gap (7/8) = 8.664
 Gap Method for Num. of Estimated Parameters { S(~1)p(~stratum)Psi(~stratum) } = 8          
 Threshold { S(~1)p(~stratum)Psi(~stratum) } = 0.0534205               
 Numerical Threshold Method for Num. of Estimated Parameters { S(~1)p(~stratum)Psi(~stratum) } = 8          
 Number of Estimated Parameters { S(~1)p(~stratum)Psi(~stratum) } = 8          
 DEVIANCE { S(~1)p(~stratum)Psi(~stratum) } = 22990.267               
 DEVIANCE Degrees of Freedom { S(~1)p(~stratum)Psi(~stratum) } = 48          
 c-hat { S(~1)p(~stratum)Psi(~stratum) } = 478.96390               
 AIC { S(~1)p(~stratum)Psi(~stratum) } = 113649.29               
 AICc { S(~1)p(~stratum)Psi(~stratum) } = 113649.30               
 BIC { S(~1)p(~stratum)Psi(~stratum) } = 113718.45               
 Pearson Chisquare { S(~1)p(~stratum)Psi(~stratum) } = 90669.077               
 Possible Encounter Histories { S(~1)p(~stratum)Psi(~stratum) } = 126          
 Pearson Chisquare df { S(~1)p(~stratum)Psi(~stratum) } = 112          
 Pearson chat { S(~1)p(~stratum)Psi(~stratum) } = 809.54533               
 Sum(Observed/Expected) { S(~1)p(~stratum)Psi(~stratum) } = 198.88912               
 s-bar { S(~1)p(~stratum)Psi(~stratum) } = 0.6074094               
 Fletcher chat { S(~1)p(~stratum)Psi(~stratum) } = 503.63358               

   * *  WARNING  * *   Divide by zero occurred computing the variance-covariance matrix. 
     IEEE flag status computing the variance-covariance matrix:
     overflow       F
     divide by zero T
     invalid        T
     underflow      F
     inexact        T



       PARM-SPECIFIC Link Function Parameters of { S(~1)p(~stratum)Psi(~stratum) }
                                                              95% Confidence Interval
    Parameter                  Beta         Standard Error     Lower           Upper
 -------------------------  --------------  --------------  --------------  --------------
    1:S:(Intercept)          19.673885      Not a Number    Not a Number    Not a Number  
    2:p:(Intercept)          1.1936772      Not a Number    Not a Number    Not a Number  
    3:p:stratumB             0.9586683      Not a Number    Not a Number    Not a Number  
    4:p:stratumC            -0.7909005      Not a Number    Not a Number    Not a Number  
    5:p:stratumD            -1.5156426      Not a Number    Not a Number    Not a Number  
    6:p:stratumE            -1.7760804      Not a Number    Not a Number    Not a Number  
    7:Psi:(Intercept)       -0.9820840      Not a Number    Not a Number    Not a Number  
    8:Psi:stratumB          -1.7902927      Not a Number    Not a Number    Not a Number  
    9:Psi:stratumC           1.0121858      Not a Number    Not a Number    Not a Number  

Program  MARK  - Survival Rate Estimation with Capture-Recapture Data
 gfortran(dble/PIM2) Vers. 11.2 Nov 2025   7-Jan-2026 23:51:15    Page  010
 - - - - - - - - - - - - - - - - - - - - - - - - - - - - - - - - - - - - - -
 
   10:Psi:stratumD          -123.14686      Not a Number    Not a Number    Not a Number  
   11:Psi:stratumE          -172.46353      Not a Number    Not a Number    Not a Number  


              Real Function Parameters of { S(~1)p(~stratum)Psi(~stratum) }
                                                               95% Confidence Interval
     Parameter                Estimate       Standard Error     Lower           Upper
 --------------------------  --------------  --------------  --------------  --------------
     1:S sA g1 c1 a0 o1 t1    1.0000000      Not a Number    Not a Number    Not a Number     
     2:p sA g1 c1 a1 o1 t2    0.7673981      Not a Number     1.0000000      0.7340943E-307   
     3:p sB g1 c1 a1 o1 t2    0.8958877      Not a Number     1.0000000      0.1914680E-306   
     4:p sC g1 c1 a1 o1 t2    0.5993546      Not a Number     1.0000000      0.3328650E-307   
     5:p sD g1 c1 a1 o1 t2    0.4201968      Not a Number     1.0000000      0.1612563E-307   
     6:p sE g1 c1 a1 o1 t2    0.3583798      Not a Number     1.0000000      0.1242825E-307   
     7:Psi sA toB g1 c1 a0    0.1499247      Not a Number     1.0000000      0.3924282E-308   
     8:Psi sA toB g1 c1 a1    0.1499247      Not a Number     1.0000000      0.3924282E-308   
     9:Psi sA toB g1 c2 a0    0.1499247      Not a Number     1.0000000      0.3924282E-308   
    10:Psi sA toC g1 c1 a0    0.1499247      Not a Number     1.0000000      0.3924282E-308   
    11:Psi sA toC g1 c1 a1    0.1499247      Not a Number     1.0000000      0.3924282E-308   
    12:Psi sA toC g1 c2 a0    0.1499247      Not a Number     1.0000000      0.3924282E-308   
    13:Psi sA toD g1 c1 a0    0.1499247      Not a Number     1.0000000      0.3924282E-308   
    14:Psi sA toD g1 c1 a1    0.1499247      Not a Number     1.0000000      0.3924282E-308   
    15:Psi sA toD g1 c2 a0    0.1499247      Not a Number     1.0000000      0.3924282E-308   
    16:Psi sA toE g1 c1 a0    0.1499247      Not a Number     1.0000000      0.3924282E-308   
    17:Psi sA toE g1 c1 a1    0.1499247      Not a Number     1.0000000      0.3924282E-308   
    18:Psi sA toE g1 c2 a0    0.1499247      Not a Number     1.0000000      0.3924282E-308   
    19:Psi sB toA g1 c1 a0    0.0500085      Not a Number     1.0000000      0.1171301E-308   
    20:Psi sB toA g1 c1 a1    0.0500085      Not a Number     1.0000000      0.1171301E-308   
    21:Psi sB toA g1 c2 a0    0.0500085      Not a Number     1.0000000      0.1171301E-308   
    22:Psi sB toC g1 c1 a0    0.0500085      Not a Number     1.0000000      0.1171301E-308   
    23:Psi sB toC g1 c1 a1    0.0500085      Not a Number     1.0000000      0.1171301E-308   
    24:Psi sB toC g1 c2 a0    0.0500085      Not a Number     1.0000000      0.1171301E-308   
    25:Psi sB toD g1 c1 a0    0.0500085      Not a Number     1.0000000      0.1171301E-308   
    26:Psi sB toD g1 c1 a1    0.0500085      Not a Number     1.0000000      0.1171301E-308   
    27:Psi sB toD g1 c2 a0    0.0500085      Not a Number     1.0000000      0.1171301E-308   
    28:Psi sB toE g1 c1 a0    0.0500085      Not a Number     1.0000000      0.1171301E-308   
    29:Psi sB toE g1 c1 a1    0.0500085      Not a Number     1.0000000      0.1171301E-308   
    30:Psi sB toE g1 c2 a0    0.0500085      Not a Number     1.0000000      0.1171301E-308   
    31:Psi sC toA g1 c1 a0    0.2011932      Not a Number     1.0000000      0.5604231E-308   
    32:Psi sC toA g1 c1 a1    0.2011932      Not a Number     1.0000000      0.5604231E-308   
    33:Psi sC toA g1 c2 a0    0.2011932      Not a Number     1.0000000      0.5604231E-308   
    34:Psi sC toB g1 c1 a0    0.2011932      Not a Number     1.0000000      0.5604231E-308   
    35:Psi sC toB g1 c1 a1    0.2011932      Not a Number     1.0000000      0.5604231E-308   
    36:Psi sC toB g1 c2 a0    0.2011932      Not a Number     1.0000000      0.5604231E-308   
    37:Psi sC toD g1 c1 a0    0.2011932      Not a Number     1.0000000      0.5604231E-308   
    38:Psi sC toD g1 c1 a1    0.2011932      Not a Number     1.0000000      0.5604231E-308   
    39:Psi sC toD g1 c2 a0    0.2011932      Not a Number     1.0000000      0.5604231E-308   

Program  MARK  - Survival Rate Estimation with Capture-Recapture Data
 gfortran(dble/PIM2) Vers. 11.2 Nov 2025   7-Jan-2026 23:51:15    Page  011
 - - - - - - - - - - - - - - - - - - - - - - - - - - - - - - - - - - - - - -
 
    40:Psi sC toE g1 c1 a0    0.2011932      Not a Number     1.0000000      0.5604231E-308   
    41:Psi sC toE g1 c1 a1    0.2011932      Not a Number     1.0000000      0.5604231E-308   
    42:Psi sC toE g1 c2 a0    0.2011932      Not a Number     1.0000000      0.5604231E-308   
    43:Psi sD toA g1 c1 a0    0.1234482E-53  Not a Number    Not a Number    Not a Number     
    44:Psi sD toA g1 c1 a1    0.1234482E-53  Not a Number    Not a Number    Not a Number     
    45:Psi sD toA g1 c2 a0    0.1234482E-53  Not a Number    Not a Number    Not a Number     
    46:Psi sD toB g1 c1 a0    0.1234482E-53  Not a Number    Not a Number    Not a Number     
    47:Psi sD toB g1 c1 a1    0.1234482E-53  Not a Number    Not a Number    Not a Number     
    48:Psi sD toB g1 c2 a0    0.1234482E-53  Not a Number    Not a Number    Not a Number     
    49:Psi sD toC g1 c1 a0    0.1234482E-53  Not a Number    Not a Number    Not a Number     
    50:Psi sD toC g1 c1 a1    0.1234482E-53  Not a Number    Not a Number    Not a Number     
    51:Psi sD toC g1 c2 a0    0.1234482E-53  Not a Number    Not a Number    Not a Number     
    52:Psi sD toE g1 c1 a0    0.1234482E-53  Not a Number    Not a Number    Not a Number     
    53:Psi sD toE g1 c1 a1    0.1234482E-53  Not a Number    Not a Number    Not a Number     
    54:Psi sD toE g1 c2 a0    0.1234482E-53  Not a Number    Not a Number    Not a Number     
    55:Psi sE toA g1 c1 a0    0.4715480E-75  Not a Number    Not a Number    Not a Number     
    56:Psi sE toA g1 c1 a1    0.4715480E-75  Not a Number    Not a Number    Not a Number     
    57:Psi sE toA g1 c2 a0    0.4715480E-75  Not a Number    Not a Number    Not a Number     
    58:Psi sE toB g1 c1 a0    0.4715480E-75  Not a Number    Not a Number    Not a Number     
    59:Psi sE toB g1 c1 a1    0.4715480E-75  Not a Number    Not a Number    Not a Number     
    60:Psi sE toB g1 c2 a0    0.4715480E-75  Not a Number    Not a Number    Not a Number     
    61:Psi sE toC g1 c1 a0    0.4715480E-75  Not a Number    Not a Number    Not a Number     
    62:Psi sE toC g1 c1 a1    0.4715480E-75  Not a Number    Not a Number    Not a Number     
    63:Psi sE toC g1 c2 a0    0.4715480E-75  Not a Number    Not a Number    Not a Number     
    64:Psi sE toD g1 c1 a0    0.4715480E-75  Not a Number    Not a Number    Not a Number     
    65:Psi sE toD g1 c1 a1    0.4715480E-75  Not a Number    Not a Number    Not a Number     
    66:Psi sE toD g1 c2 a0    0.4715480E-75  Not a Number    Not a Number    Not a Number     

 To compute parameter estimates, CPU Time was 0.016 secs and System Time was 0.047 secs.

 Attempted ordering of parameters by estimatibility:
   7  2  8  3  9  6  5  4  1 10 11
 Beta number 11 is a singular value.

 For procedure estimate CPU Time was 0.547 secs and System Time was 2.469 secs.

Program  MARK  - Survival Rate Estimation with Capture-Recapture Data
 gfortran(dble/PIM2) Vers. 11.2 Nov 2025   7-Jan-2026 23:51:15    Page  012
 - - - - - - - - - - - - - - - - - - - - - - - - - - - - - - - - - - - - - -
 


 INPUT --- proc stop;

 For this job, CPU Time in mins was 0.010 and System Time in mins was 0.042.

     Time Start = 23:51:12.521   Time End = 23:51:15.058

 Wall Clock Time in mins for this job was 0.042.

 Maximum of 22 words used.


          E X E C U T I O N   S U C C E S S F U L
