
   Program  MARK  - Survival Rate Estimation with Capture-Recapture Data
   gfortran(dble/PIM2) Vers. 10.1 March 2023   8-Jan-2026 17:03:56    Page  001
    
 - - - - - - - - - - - - - - - - - - - - - - - - - - - - - - - - - - - - - -
 
   Welcome to MARK galad on machine LAPTOP-0G3JH30A in subdirectory 
   "C:\Users\galad\Documents\R\scriptes\projet_biodiv_data\cypripedium\Elian_cypripedium" running file "mark082.inp".
   This version was compiled by GCC version 12.2.0 using the options: 
     -cpp -iprefix c:\tdm-gcc-64\mingw64\bin\../lib/gcc/x86_64-w64-mingw32/12.2.0/
     -D_MT -D_REENTRANT -U_REENTRANT -D ieee -D dbleprecision -m64 -mtune=generic
     -march=x86-64 -mthreads -O3 -std=f2018 -fsignaling-nans
     -ffpe-summary=invalid,zero,overflow,underflow -funroll-loops -ffast-math
     -fall-intrinsics -fopenmp.

   This problem will use 7 of 8 possible threads.
   Static thread allocation is used.
   Schedule kind is omp_sched_dynamic with chunk size 1


  INPUT --- proc title ;

   For procedure title CPU Time was 0.001 seconds and System Time was 0.001 seconds.


  INPUT --- proc chmatrix occasions= 3 groups= 1 etype= Multistrata 
  INPUT --- Nodes= 101 strata=5 ICMeans  NoHist hist= 62 ;

  INPUT ---    time interval 1 1 ;

  INPUT ---     strata=A B C D E;

  INPUT ---    glabel(1)=Group 1;

      Number of unique encounter histories read was 62.

      Number of individual covariates read was 0.
      Time interval lengths are all equal to 1.

      Data type number is 9
      Data type is Multi-state with Live Recaptures

   For procedure chmatrix CPU Time was 0.016 seconds and System Time was 0.016 seconds.

  Program  MARK  - Survival Rate Estimation with Capture-Recapture Data
   gfortran(dble/PIM2) Vers. 10.1 March 2023   8-Jan-2026 17:03:56    Page  002
 - - - - - - - - - - - - - - - - - - - - - - - - - - - - - - - - - - - - - -
 


  INPUT --- proc estimate link=Parm-Specific NOLOOP varest=2ndPart    ;


  INPUT --- model={ S(~1)p(~1)Psi(~stratum) };

  INPUT ---    group=1 S A:StratumA   rows=2 cols=2 Triang ;
  INPUT ---        1 1 ;
  INPUT ---        1 ;

  INPUT ---    group=1 S B:StratumB   rows=2 cols=2 Triang ;
  INPUT ---        1 1 ;
  INPUT ---        1 ;

  INPUT ---    group=1 S C:StratumC   rows=2 cols=2 Triang ;
  INPUT ---        1 1 ;
  INPUT ---        1 ;

  INPUT ---    group=1 S D:StratumD   rows=2 cols=2 Triang ;
  INPUT ---        1 1 ;
  INPUT ---        1 ;

  INPUT ---    group=1 S E:StratumE   rows=2 cols=2 Triang ;
  INPUT ---        1 1 ;
  INPUT ---        1 ;

  INPUT ---    group=1 p A:StratumA   rows=2 cols=2 Triang ;
  INPUT ---        2 2 ;
  INPUT ---        2 ;

  INPUT ---    group=1 p B:StratumB   rows=2 cols=2 Triang ;
  INPUT ---        2 2 ;
  INPUT ---        2 ;

  INPUT ---    group=1 p C:StratumC   rows=2 cols=2 Triang ;
  INPUT ---        2 2 ;
  INPUT ---        2 ;

  INPUT ---    group=1 p D:StratumD   rows=2 cols=2 Triang ;
  INPUT ---        2 2 ;
  INPUT ---        2 ;

  INPUT ---    group=1 p E:StratumE   rows=2 cols=2 Triang ;
  INPUT ---        2 2 ;
  INPUT ---        2 ;

  Program  MARK  - Survival Rate Estimation with Capture-Recapture Data
   gfortran(dble/PIM2) Vers. 10.1 March 2023   8-Jan-2026 17:03:56    Page  003
 - - - - - - - - - - - - - - - - - - - - - - - - - - - - - - - - - - - - - -
 

  INPUT ---    group=1 Psi A to B   rows=2 cols=2 Triang ;
  INPUT ---        3 4 ;
  INPUT ---        5 ;

  INPUT ---    group=1 Psi A to C   rows=2 cols=2 Triang ;
  INPUT ---        6 7 ;
  INPUT ---        8 ;

  INPUT ---    group=1 Psi A to D   rows=2 cols=2 Triang ;
  INPUT ---        9 10 ;
  INPUT ---        11 ;

  INPUT ---    group=1 Psi A to E   rows=2 cols=2 Triang ;
  INPUT ---        12 13 ;
  INPUT ---        14 ;

  INPUT ---    group=1 Psi B to A   rows=2 cols=2 Triang ;
  INPUT ---        15 16 ;
  INPUT ---        17 ;

  INPUT ---    group=1 Psi B to C   rows=2 cols=2 Triang ;
  INPUT ---        18 19 ;
  INPUT ---        20 ;

  INPUT ---    group=1 Psi B to D   rows=2 cols=2 Triang ;
  INPUT ---        21 22 ;
  INPUT ---        23 ;

  INPUT ---    group=1 Psi B to E   rows=2 cols=2 Triang ;
  INPUT ---        24 25 ;
  INPUT ---        26 ;

  INPUT ---    group=1 Psi C to A   rows=2 cols=2 Triang ;
  INPUT ---        27 28 ;
  INPUT ---        29 ;

  INPUT ---    group=1 Psi C to B   rows=2 cols=2 Triang ;
  INPUT ---        30 31 ;
  INPUT ---        32 ;

  INPUT ---    group=1 Psi C to D   rows=2 cols=2 Triang ;
  INPUT ---        33 34 ;
  INPUT ---        35 ;

  INPUT ---    group=1 Psi C to E   rows=2 cols=2 Triang ;

  Program  MARK  - Survival Rate Estimation with Capture-Recapture Data
   gfortran(dble/PIM2) Vers. 10.1 March 2023   8-Jan-2026 17:03:56    Page  004
 - - - - - - - - - - - - - - - - - - - - - - - - - - - - - - - - - - - - - -
 
  INPUT ---        36 37 ;
  INPUT ---        38 ;

  INPUT ---    group=1 Psi D to A   rows=2 cols=2 Triang ;
  INPUT ---        39 40 ;
  INPUT ---        41 ;

  INPUT ---    group=1 Psi D to B   rows=2 cols=2 Triang ;
  INPUT ---        42 43 ;
  INPUT ---        44 ;

  INPUT ---    group=1 Psi D to C   rows=2 cols=2 Triang ;
  INPUT ---        45 46 ;
  INPUT ---        47 ;

  INPUT ---    group=1 Psi D to E   rows=2 cols=2 Triang ;
  INPUT ---        48 49 ;
  INPUT ---        50 ;

  INPUT ---    group=1 Psi E to A   rows=2 cols=2 Triang ;
  INPUT ---        51 52 ;
  INPUT ---        53 ;

  INPUT ---    group=1 Psi E to B   rows=2 cols=2 Triang ;
  INPUT ---        54 55 ;
  INPUT ---        56 ;

  INPUT ---    group=1 Psi E to C   rows=2 cols=2 Triang ;
  INPUT ---        57 58 ;
  INPUT ---        59 ;

  INPUT ---    group=1 Psi E to D   rows=2 cols=2 Triang ;
  INPUT ---        60 61 ;
  INPUT ---        62 ;

  INPUT ---    design matrix constraints=62 covariates=7;
  INPUT ---        1 0 0 0 0 0 0;
  INPUT ---        0 1 0 0 0 0 0;
  INPUT ---        0 0 1 0 0 0 0;
  INPUT ---        0 0 1 0 0 0 0;
  INPUT ---        0 0 1 0 0 0 0;
  INPUT ---        0 0 1 0 0 0 0;
  INPUT ---        0 0 1 0 0 0 0;
  INPUT ---        0 0 1 0 0 0 0;
  INPUT ---        0 0 1 0 0 0 0;
  INPUT ---        0 0 1 0 0 0 0;

  Program  MARK  - Survival Rate Estimation with Capture-Recapture Data
   gfortran(dble/PIM2) Vers. 10.1 March 2023   8-Jan-2026 17:03:57    Page  005
 - - - - - - - - - - - - - - - - - - - - - - - - - - - - - - - - - - - - - -
 
  INPUT ---        0 0 1 0 0 0 0;
  INPUT ---        0 0 1 0 0 0 0;
  INPUT ---        0 0 1 0 0 0 0;
  INPUT ---        0 0 1 0 0 0 0;
  INPUT ---        0 0 1 1 0 0 0;
  INPUT ---        0 0 1 1 0 0 0;
  INPUT ---        0 0 1 1 0 0 0;
  INPUT ---        0 0 1 1 0 0 0;
  INPUT ---        0 0 1 1 0 0 0;
  INPUT ---        0 0 1 1 0 0 0;
  INPUT ---        0 0 1 1 0 0 0;
  INPUT ---        0 0 1 1 0 0 0;
  INPUT ---        0 0 1 1 0 0 0;
  INPUT ---        0 0 1 1 0 0 0;
  INPUT ---        0 0 1 1 0 0 0;
  INPUT ---        0 0 1 1 0 0 0;
  INPUT ---        0 0 1 0 1 0 0;
  INPUT ---        0 0 1 0 1 0 0;
  INPUT ---        0 0 1 0 1 0 0;
  INPUT ---        0 0 1 0 1 0 0;
  INPUT ---        0 0 1 0 1 0 0;
  INPUT ---        0 0 1 0 1 0 0;
  INPUT ---        0 0 1 0 1 0 0;
  INPUT ---        0 0 1 0 1 0 0;
  INPUT ---        0 0 1 0 1 0 0;
  INPUT ---        0 0 1 0 1 0 0;
  INPUT ---        0 0 1 0 1 0 0;
  INPUT ---        0 0 1 0 1 0 0;
  INPUT ---        0 0 1 0 0 1 0;
  INPUT ---        0 0 1 0 0 1 0;
  INPUT ---        0 0 1 0 0 1 0;
  INPUT ---        0 0 1 0 0 1 0;
  INPUT ---        0 0 1 0 0 1 0;
  INPUT ---        0 0 1 0 0 1 0;
  INPUT ---        0 0 1 0 0 1 0;
  INPUT ---        0 0 1 0 0 1 0;
  INPUT ---        0 0 1 0 0 1 0;
  INPUT ---        0 0 1 0 0 1 0;
  INPUT ---        0 0 1 0 0 1 0;
  INPUT ---        0 0 1 0 0 1 0;
  INPUT ---        0 0 1 0 0 0 1;
  INPUT ---        0 0 1 0 0 0 1;
  INPUT ---        0 0 1 0 0 0 1;
  INPUT ---        0 0 1 0 0 0 1;
  INPUT ---        0 0 1 0 0 0 1;
  INPUT ---        0 0 1 0 0 0 1;

  Program  MARK  - Survival Rate Estimation with Capture-Recapture Data
   gfortran(dble/PIM2) Vers. 10.1 March 2023   8-Jan-2026 17:03:57    Page  006
 - - - - - - - - - - - - - - - - - - - - - - - - - - - - - - - - - - - - - -
 
  INPUT ---        0 0 1 0 0 0 1;
  INPUT ---        0 0 1 0 0 0 1;
  INPUT ---        0 0 1 0 0 0 1;
  INPUT ---        0 0 1 0 0 0 1;
  INPUT ---        0 0 1 0 0 0 1;
  INPUT ---        0 0 1 0 0 0 1;

  INPUT ---    links=62;

  INPUT ---    Logit;

  INPUT ---    Logit;

  INPUT ---    mlogit(1);

  INPUT ---    mlogit(2);

  INPUT ---    mlogit(3);

  INPUT ---    mlogit(1);

  INPUT ---    mlogit(2);

  INPUT ---    mlogit(3);

  INPUT ---    mlogit(1);

  INPUT ---    mlogit(2);

  INPUT ---    mlogit(3);

  INPUT ---    mlogit(1);

  INPUT ---    mlogit(2);

  INPUT ---    mlogit(3);

  INPUT ---    mlogit(4);

  INPUT ---    mlogit(5);

  INPUT ---    mlogit(6);

  INPUT ---    mlogit(4);

  INPUT ---    mlogit(5);

  Program  MARK  - Survival Rate Estimation with Capture-Recapture Data
   gfortran(dble/PIM2) Vers. 10.1 March 2023   8-Jan-2026 17:03:57    Page  007
 - - - - - - - - - - - - - - - - - - - - - - - - - - - - - - - - - - - - - -
 

  INPUT ---    mlogit(6);

  INPUT ---    mlogit(4);

  INPUT ---    mlogit(5);

  INPUT ---    mlogit(6);

  INPUT ---    mlogit(4);

  INPUT ---    mlogit(5);

  INPUT ---    mlogit(6);

  INPUT ---    mlogit(7);

  INPUT ---    mlogit(8);

  INPUT ---    mlogit(9);

  INPUT ---    mlogit(7);

  INPUT ---    mlogit(8);

  INPUT ---    mlogit(9);

  INPUT ---    mlogit(7);

  INPUT ---    mlogit(8);

  INPUT ---    mlogit(9);

  INPUT ---    mlogit(7);

  INPUT ---    mlogit(8);

  INPUT ---    mlogit(9);

  INPUT ---    mlogit(10);

  INPUT ---    mlogit(11);

  INPUT ---    mlogit(12);

  INPUT ---    mlogit(10);

  Program  MARK  - Survival Rate Estimation with Capture-Recapture Data
   gfortran(dble/PIM2) Vers. 10.1 March 2023   8-Jan-2026 17:03:57    Page  008
 - - - - - - - - - - - - - - - - - - - - - - - - - - - - - - - - - - - - - -
 

  INPUT ---    mlogit(11);

  INPUT ---    mlogit(12);

  INPUT ---    mlogit(10);

  INPUT ---    mlogit(11);

  INPUT ---    mlogit(12);

  INPUT ---    mlogit(10);

  INPUT ---    mlogit(11);

  INPUT ---    mlogit(12);

  INPUT ---    mlogit(13);

  INPUT ---    mlogit(14);

  INPUT ---    mlogit(15);

  INPUT ---    mlogit(13);

  INPUT ---    mlogit(14);

  INPUT ---    mlogit(15);

  INPUT ---    mlogit(13);

  INPUT ---    mlogit(14);

  INPUT ---    mlogit(15);

  INPUT ---    mlogit(13);

  INPUT ---    mlogit(14);

  INPUT ---    mlogit(15);
  INPUT ---       blabel(1)=S:(Intercept);
  INPUT ---       blabel(2)=p:(Intercept);
  INPUT ---       blabel(3)=Psi:(Intercept);
  INPUT ---       blabel(4)=Psi:stratumB;
  INPUT ---       blabel(5)=Psi:stratumC;
  INPUT ---       blabel(6)=Psi:stratumD;

  Program  MARK  - Survival Rate Estimation with Capture-Recapture Data
   gfortran(dble/PIM2) Vers. 10.1 March 2023   8-Jan-2026 17:03:57    Page  009
 - - - - - - - - - - - - - - - - - - - - - - - - - - - - - - - - - - - - - -
 
  INPUT ---       blabel(7)=Psi:stratumE;
  INPUT ---       rlabel(1)=S sA g1 c1 a0 o1 t1;
  INPUT ---       rlabel(2)=p sA g1 c1 a1 o1 t2;
  INPUT ---       rlabel(3)=Psi sA toB g1 c1 a0 o1 t1;
  INPUT ---       rlabel(4)=Psi sA toB g1 c1 a1 o2 t2;
  INPUT ---       rlabel(5)=Psi sA toB g1 c2 a0 o2 t2;
  INPUT ---       rlabel(6)=Psi sA toC g1 c1 a0 o1 t1;
  INPUT ---       rlabel(7)=Psi sA toC g1 c1 a1 o2 t2;
  INPUT ---       rlabel(8)=Psi sA toC g1 c2 a0 o2 t2;
  INPUT ---       rlabel(9)=Psi sA toD g1 c1 a0 o1 t1;
  INPUT ---       rlabel(10)=Psi sA toD g1 c1 a1 o2 t2;
  INPUT ---       rlabel(11)=Psi sA toD g1 c2 a0 o2 t2;
  INPUT ---       rlabel(12)=Psi sA toE g1 c1 a0 o1 t1;
  INPUT ---       rlabel(13)=Psi sA toE g1 c1 a1 o2 t2;
  INPUT ---       rlabel(14)=Psi sA toE g1 c2 a0 o2 t2;
  INPUT ---       rlabel(15)=Psi sB toA g1 c1 a0 o1 t1;
  INPUT ---       rlabel(16)=Psi sB toA g1 c1 a1 o2 t2;
  INPUT ---       rlabel(17)=Psi sB toA g1 c2 a0 o2 t2;
  INPUT ---       rlabel(18)=Psi sB toC g1 c1 a0 o1 t1;
  INPUT ---       rlabel(19)=Psi sB toC g1 c1 a1 o2 t2;
  INPUT ---       rlabel(20)=Psi sB toC g1 c2 a0 o2 t2;
  INPUT ---       rlabel(21)=Psi sB toD g1 c1 a0 o1 t1;
  INPUT ---       rlabel(22)=Psi sB toD g1 c1 a1 o2 t2;
  INPUT ---       rlabel(23)=Psi sB toD g1 c2 a0 o2 t2;
  INPUT ---       rlabel(24)=Psi sB toE g1 c1 a0 o1 t1;
  INPUT ---       rlabel(25)=Psi sB toE g1 c1 a1 o2 t2;
  INPUT ---       rlabel(26)=Psi sB toE g1 c2 a0 o2 t2;
  INPUT ---       rlabel(27)=Psi sC toA g1 c1 a0 o1 t1;
  INPUT ---       rlabel(28)=Psi sC toA g1 c1 a1 o2 t2;
  INPUT ---       rlabel(29)=Psi sC toA g1 c2 a0 o2 t2;
  INPUT ---       rlabel(30)=Psi sC toB g1 c1 a0 o1 t1;
  INPUT ---       rlabel(31)=Psi sC toB g1 c1 a1 o2 t2;
  INPUT ---       rlabel(32)=Psi sC toB g1 c2 a0 o2 t2;
  INPUT ---       rlabel(33)=Psi sC toD g1 c1 a0 o1 t1;
  INPUT ---       rlabel(34)=Psi sC toD g1 c1 a1 o2 t2;
  INPUT ---       rlabel(35)=Psi sC toD g1 c2 a0 o2 t2;
  INPUT ---       rlabel(36)=Psi sC toE g1 c1 a0 o1 t1;
  INPUT ---       rlabel(37)=Psi sC toE g1 c1 a1 o2 t2;
  INPUT ---       rlabel(38)=Psi sC toE g1 c2 a0 o2 t2;
  INPUT ---       rlabel(39)=Psi sD toA g1 c1 a0 o1 t1;
  INPUT ---       rlabel(40)=Psi sD toA g1 c1 a1 o2 t2;
  INPUT ---       rlabel(41)=Psi sD toA g1 c2 a0 o2 t2;
  INPUT ---       rlabel(42)=Psi sD toB g1 c1 a0 o1 t1;
  INPUT ---       rlabel(43)=Psi sD toB g1 c1 a1 o2 t2;
  INPUT ---       rlabel(44)=Psi sD toB g1 c2 a0 o2 t2;
  INPUT ---       rlabel(45)=Psi sD toC g1 c1 a0 o1 t1;

  Program  MARK  - Survival Rate Estimation with Capture-Recapture Data
   gfortran(dble/PIM2) Vers. 10.1 March 2023   8-Jan-2026 17:03:57    Page  010
 - - - - - - - - - - - - - - - - - - - - - - - - - - - - - - - - - - - - - -
 
  INPUT ---       rlabel(46)=Psi sD toC g1 c1 a1 o2 t2;
  INPUT ---       rlabel(47)=Psi sD toC g1 c2 a0 o2 t2;
  INPUT ---       rlabel(48)=Psi sD toE g1 c1 a0 o1 t1;
  INPUT ---       rlabel(49)=Psi sD toE g1 c1 a1 o2 t2;
  INPUT ---       rlabel(50)=Psi sD toE g1 c2 a0 o2 t2;
  INPUT ---       rlabel(51)=Psi sE toA g1 c1 a0 o1 t1;
  INPUT ---       rlabel(52)=Psi sE toA g1 c1 a1 o2 t2;
  INPUT ---       rlabel(53)=Psi sE toA g1 c2 a0 o2 t2;
  INPUT ---       rlabel(54)=Psi sE toB g1 c1 a0 o1 t1;
  INPUT ---       rlabel(55)=Psi sE toB g1 c1 a1 o2 t2;
  INPUT ---       rlabel(56)=Psi sE toB g1 c2 a0 o2 t2;
  INPUT ---       rlabel(57)=Psi sE toC g1 c1 a0 o1 t1;
  INPUT ---       rlabel(58)=Psi sE toC g1 c1 a1 o2 t2;
  INPUT ---       rlabel(59)=Psi sE toC g1 c2 a0 o2 t2;
  INPUT ---       rlabel(60)=Psi sE toD g1 c1 a0 o1 t1;
  INPUT ---       rlabel(61)=Psi sE toD g1 c1 a1 o2 t2;
  INPUT ---       rlabel(62)=Psi sE toD g1 c2 a0 o2 t2;
   Model is { S(~1)p(~1)Psi(~stratum) }

 Link Function Used is PARM-SPECIFIC

 Variance Estimation Procedure Used is 2ndPart 
 -2logL(saturated) = 90643.026     
 Effective Sample Size = 41954

 Number of function evaluations was 33 for 7 parameters.
 For numerical optimization, CPU Time was 0.062 seconds and System Time was 0.172 seconds.
 -2logL { S(~1)p(~1)Psi(~stratum) } = 115838.58     
 Penalty { S(~1)p(~1)Psi(~stratum) } = 0.0000000     
 Gradient { S(~1)p(~1)Psi(~stratum) }:
  0.13180166E-02  0.34090666E-02 -0.45073452E-03   0.0000000      0.93353380E-03
   0.0000000       0.0000000    
 Maximum ABS(G) { S(~1)p(~1)Psi(~stratum) } = 0.0034091     
 To compute VC matrix, CPU Time was 0.078 seconds and System Time was 0.063 seconds.
 S Vector { S(~1)p(~1)Psi(~stratum) }:
   7136.197      4864.031      1189.816      566.4225      379.5993    
  0.1348113E-04 0.3778854E-05
 To invert VC matrix, CPU Time was 0.001 seconds and System Time was 0.001 seconds.
 Ratio Threshold = 50.000000       Max Gap (5/6) = 28157823.       Next Max Gap (2/3) = 4.0880525     
 Gap Method for Num. of Estimated Parameters { S(~1)p(~1)Psi(~stratum) } = 5          
 Threshold { S(~1)p(~1)Psi(~stratum) } = 0.0068181               
 Numerical Threshold Method for Num. of Estimated Parameters { S(~1)p(~1)Psi(~stratum) } = 5          
 Number of Estimated Parameters { S(~1)p(~1)Psi(~stratum) } = 5          
 DEVIANCE { S(~1)p(~1)Psi(~stratum) } = 25195.549               
 DEVIANCE Degrees of Freedom { S(~1)p(~1)Psi(~stratum) } = 51          
 c-hat { S(~1)p(~1)Psi(~stratum) } = 494.03038               
 AIC { S(~1)p(~1)Psi(~stratum) } = 115848.58               
 AICc { S(~1)p(~1)Psi(~stratum) } = 115848.58               
 BIC { S(~1)p(~1)Psi(~stratum) } = 115891.80               
 Pearson Chisquare { S(~1)p(~1)Psi(~stratum) } = 63581.330               
 Possible Encounter Histories { S(~1)p(~1)Psi(~stratum) } = 126          
 Pearson Chisquare df { S(~1)p(~1)Psi(~stratum) } = 115          
 Pearson chat { S(~1)p(~1)Psi(~stratum) } = 552.88113               
 Sum(Observed/Expected) { S(~1)p(~1)Psi(~stratum) } = 132.19833               
 s-bar { S(~1)p(~1)Psi(~stratum) } = 0.0516527               
 Fletcher chat { S(~1)p(~1)Psi(~stratum) } = 525.72594               


          PARM-SPECIFIC Link Function Parameters of { S(~1)p(~1)Psi(~stratum) }
                                                              95% Confidence Interval
    Parameter                  Beta         Standard Error     Lower           Upper
 -------------------------  --------------  --------------  --------------  --------------
    1:S:(Intercept)          2.7046668       0.0394018       2.6274394       2.7818942    
    2:p:(Intercept)          1.5781434       0.0204587       1.5380443       1.6182424    
    3:Psi:(Intercept)       -1.1666024       0.0194963      -1.2048151      -1.1283897    
    4:Psi:stratumB          -2.0666522       0.0276884      -2.1209214      -2.0123830    
    5:Psi:stratumC           1.0921846       0.0496810       0.9948098       1.1895594    
    6:Psi:stratumD          -17.562622       514.42248      -1025.8307       990.70547    

  Program  MARK  - Survival Rate Estimation with Capture-Recapture Data
   gfortran(dble/PIM2) Vers. 10.1 March 2023   8-Jan-2026 17:03:57    Page  011
 - - - - - - - - - - - - - - - - - - - - - - - - - - - - - - - - - - - - - -
 
    7:Psi:stratumE           16.022246       272.35594      -517.79540       549.83989    


                 Real Function Parameters of { S(~1)p(~1)Psi(~stratum) }
                                                               95% Confidence Interval
     Parameter                Estimate       Standard Error     Lower           Upper
 --------------------------  --------------  --------------  --------------  --------------
     1:S sA g1 c1 a0 o1 t1    0.9373015       0.0023155       0.9326068       0.9416895       
     2:p sA g1 c1 a1 o1 t2    0.8289414       0.0029010       0.8231802       0.8345526       
     3:Psi sA toB g1 c1 a0    0.1386758       0.0012039       0.1363329       0.1410524       
     4:Psi sA toB g1 c1 a1    0.1386758       0.0012039       0.1363329       0.1410524       
     5:Psi sA toB g1 c2 a0    0.1386758       0.0012039       0.1363329       0.1410524       
     6:Psi sA toC g1 c1 a0    0.1386758       0.0012039       0.1363329       0.1410524       
     7:Psi sA toC g1 c1 a1    0.1386758       0.0012039       0.1363329       0.1410524       
     8:Psi sA toC g1 c2 a0    0.1386758       0.0012039       0.1363329       0.1410524       
     9:Psi sA toD g1 c1 a0    0.1386758       0.0012039       0.1363329       0.1410524       
    10:Psi sA toD g1 c1 a1    0.1386758       0.0012039       0.1363329       0.1410524       
    11:Psi sA toD g1 c2 a0    0.1386758       0.0012039       0.1363329       0.1410524       
    12:Psi sA toE g1 c1 a0    0.1386758       0.0012039       0.1363329       0.1410524       
    13:Psi sA toE g1 c1 a1    0.1386758       0.0012039       0.1363329       0.1410524       
    14:Psi sA toE g1 c2 a0    0.1386758       0.0012039       0.1363329       0.1410524       
    15:Psi sB toA g1 c1 a0    0.0340575       0.5789918E-03   0.0329408       0.0352108       
    16:Psi sB toA g1 c1 a1    0.0340575       0.5789918E-03   0.0329408       0.0352108       
    17:Psi sB toA g1 c2 a0    0.0340575       0.5789918E-03   0.0329408       0.0352108       
    18:Psi sB toC g1 c1 a0    0.0340575       0.5789918E-03   0.0329408       0.0352108       
    19:Psi sB toC g1 c1 a1    0.0340575       0.5789918E-03   0.0329408       0.0352108       
    20:Psi sB toC g1 c2 a0    0.0340575       0.5789918E-03   0.0329408       0.0352108       
    21:Psi sB toD g1 c1 a0    0.0340575       0.5789918E-03   0.0329408       0.0352108       
    22:Psi sB toD g1 c1 a1    0.0340575       0.5789918E-03   0.0329408       0.0352108       
    23:Psi sB toD g1 c2 a0    0.0340575       0.5789918E-03   0.0329408       0.0352108       
    24:Psi sB toE g1 c1 a0    0.0340575       0.5789918E-03   0.0329408       0.0352108       
    25:Psi sB toE g1 c1 a1    0.0340575       0.5789918E-03   0.0329408       0.0352108       
    26:Psi sB toE g1 c2 a0    0.0340575       0.5789918E-03   0.0329408       0.0352108       
    27:Psi sC toA g1 c1 a0    0.1969567       0.0019184       0.1932237       0.2007439       
    28:Psi sC toA g1 c1 a1    0.1969567       0.0019184       0.1932237       0.2007439       
    29:Psi sC toA g1 c2 a0    0.1969567       0.0019184       0.1932237       0.2007439       
    30:Psi sC toB g1 c1 a0    0.1969567       0.0019184       0.1932237       0.2007439       
    31:Psi sC toB g1 c1 a1    0.1969567       0.0019184       0.1932237       0.2007439       
    32:Psi sC toB g1 c2 a0    0.1969567       0.0019184       0.1932237       0.2007439       
    33:Psi sC toD g1 c1 a0    0.1969567       0.0019184       0.1932237       0.2007439       
    34:Psi sC toD g1 c1 a1    0.1969567       0.0019184       0.1932237       0.2007439       
    35:Psi sC toD g1 c2 a0    0.1969567       0.0019184       0.1932237       0.2007439       
    36:Psi sC toE g1 c1 a0    0.1969567       0.0019184       0.1932237       0.2007439       
    37:Psi sC toE g1 c1 a1    0.1969567       0.0019184       0.1932237       0.2007439       
    38:Psi sC toE g1 c2 a0    0.1969567       0.0019184       0.1932237       0.2007439       
    39:Psi sD toA g1 c1 a0    0.7345155E-08   0.3778513E-05  -0.7398540E-05   0.7413230E-05   

  Program  MARK  - Survival Rate Estimation with Capture-Recapture Data
   gfortran(dble/PIM2) Vers. 10.1 March 2023   8-Jan-2026 17:03:57    Page  012
 - - - - - - - - - - - - - - - - - - - - - - - - - - - - - - - - - - - - - -
 
    40:Psi sD toA g1 c1 a1    0.7345155E-08   0.3778513E-05  -0.7398540E-05   0.7413230E-05   
    41:Psi sD toA g1 c2 a0    0.7345155E-08   0.3778513E-05  -0.7398540E-05   0.7413230E-05   
    42:Psi sD toB g1 c1 a0    0.7345155E-08   0.3778513E-05  -0.7398540E-05   0.7413230E-05   
    43:Psi sD toB g1 c1 a1    0.7345155E-08   0.3778513E-05  -0.7398540E-05   0.7413230E-05   
    44:Psi sD toB g1 c2 a0    0.7345155E-08   0.3778513E-05  -0.7398540E-05   0.7413230E-05   
    45:Psi sD toC g1 c1 a0    0.7345155E-08   0.3778513E-05  -0.7398540E-05   0.7413230E-05   
    46:Psi sD toC g1 c1 a1    0.7345155E-08   0.3778513E-05  -0.7398540E-05   0.7413230E-05   
    47:Psi sD toC g1 c2 a0    0.7345155E-08   0.3778513E-05  -0.7398540E-05   0.7413230E-05   
    48:Psi sD toE g1 c1 a0    0.7345155E-08   0.3778513E-05  -0.7398540E-05   0.7413230E-05   
    49:Psi sD toE g1 c1 a1    0.7345155E-08   0.3778513E-05  -0.7398540E-05   0.7413230E-05   
    50:Psi sD toE g1 c2 a0    0.7345155E-08   0.3778513E-05  -0.7398540E-05   0.7413230E-05   
    51:Psi sE toA g1 c1 a0    0.2500000       0.6020069E-05   0.2499882       0.2500118       
    52:Psi sE toA g1 c1 a1    0.2500000       0.6020069E-05   0.2499882       0.2500118       
    53:Psi sE toA g1 c2 a0    0.2500000       0.6020069E-05   0.2499882       0.2500118       
    54:Psi sE toB g1 c1 a0    0.2500000       0.6020069E-05   0.2499882       0.2500118       
    55:Psi sE toB g1 c1 a1    0.2500000       0.6020069E-05   0.2499882       0.2500118       
    56:Psi sE toB g1 c2 a0    0.2500000       0.6020069E-05   0.2499882       0.2500118       
    57:Psi sE toC g1 c1 a0    0.2500000       0.6020069E-05   0.2499882       0.2500118       
    58:Psi sE toC g1 c1 a1    0.2500000       0.6020069E-05   0.2499882       0.2500118       
    59:Psi sE toC g1 c2 a0    0.2500000       0.6020069E-05   0.2499882       0.2500118       
    60:Psi sE toD g1 c1 a0    0.2500000       0.6020069E-05   0.2499882       0.2500118       
    61:Psi sE toD g1 c1 a1    0.2500000       0.6020069E-05   0.2499882       0.2500118       
    62:Psi sE toD g1 c2 a0    0.2500000       0.6020069E-05   0.2499882       0.2500118       

 To compute parameter estimates, CPU Time was 0.001 seconds and System Time was 0.016 seconds.

 Attempted ordering of parameters by estimatibility:
  3 2 4 1 5 7 6
 Beta number 6 is a singular value.

   For procedure estimate CPU Time was 0.281 seconds and System Time was 1.406 seconds.

  Program  MARK  - Survival Rate Estimation with Capture-Recapture Data
   gfortran(dble/PIM2) Vers. 10.1 March 2023   8-Jan-2026 17:03:57    Page  013
 - - - - - - - - - - - - - - - - - - - - - - - - - - - - - - - - - - - - - -
 


  INPUT --- proc stop;

     For this job, CPU Time in minutes was 0.005 and System Time in minutes was 0.024.

     Time Start = 17:03:56.368   Time End = 17:03:57.823

     Wall Clock Time in minutes for this job was 0.024.

     Maximum of 22 words used of 4096 words allocated.


          E X E C U T I O N   S U C C E S S F U L 
