
 Program  MARK  - Survival Rate Estimation with Capture-Recapture Data
 gfortran(dble/PIM2) Vers. 11.2 Nov 2025   8-Jan-2026 14:30:50    Page  001
  
 - - - - - - - - - - - - - - - - - - - - - - - - - - - - - - - - - - - - - -
 
 Welcome to MARK Vuillemot on machine LORDI-1NRUQJIEA in subdirectory
   "C:\Users\Vuillemot\Desktop\cypripedium\Elian_cypripedium" running file "mark059.inp".
 This version was compiled by GCC version 15.2.0 using the options: 
  -cpp -iprefix C:/tdm-gcc-64/mingw64-15-2/bin/../lib/gcc/
  x86_64-w64-mingw32/15.2.0/ -D_MT -D_REENTRANT -U_REENTRANT -D
  dbleprecision -m64 -march=x86-64 -mtune=generic -mthreads -O3 -std=f2023
  -fimplicit-none -ffpe-summary=invalid,zero,overflow,underflow
  -funroll-loops -fno-unsafe-math-optimizations -frounding-math
  -fsignaling-nans -fprefetch-loop-arrays -fall-intrinsics -fopenmp

 This problem will use 3 of 4 possible threads.
 Static thread allocation is used.
 INPUT --- proc title ;

 For procedure title CPU Time was 0.001 secs and System Time was 0.001 secs.
 INPUT --- proc chmatrix occasions= 3 groups= 1 etype= Multistrata 
 INPUT --- Nodes= 101 strata=5 ICMeans  NoHist hist= 62 ;
 INPUT ---    time interval 1 1 ;
 INPUT ---     strata=A B C D E;
 INPUT ---    glabel(1)=Group 1;

      Number of unique encounter histories read was 62.

      Number of individual covariates read was 0.
      Time interval lengths are all equal to 1.

      Data type number is 9
      Data type is Multi-state with Live Recaptures

 For procedure chmatrix CPU Time was 0.001 secs and System Time was 0.001 secs.

Program  MARK  - Survival Rate Estimation with Capture-Recapture Data
 gfortran(dble/PIM2) Vers. 11.2 Nov 2025   8-Jan-2026 14:30:50    Page  002
 - - - - - - - - - - - - - - - - - - - - - - - - - - - - - - - - - - - - - -
 


 INPUT --- proc estimate link=Parm-Specific NOLOOP varest=2ndPart    ;
 INPUT --- model={ S(~1)p(~stratum)Psi(~stratum) };
 INPUT ---    group=1 S A:StratumA   rows=2 cols=2 Triang ;
 INPUT ---        1 1 ;
 INPUT ---        1 ;
 INPUT ---    group=1 S B:StratumB   rows=2 cols=2 Triang ;
 INPUT ---        1 1 ;
 INPUT ---        1 ;
 INPUT ---    group=1 S C:StratumC   rows=2 cols=2 Triang ;
 INPUT ---        1 1 ;
 INPUT ---        1 ;
 INPUT ---    group=1 S D:StratumD   rows=2 cols=2 Triang ;
 INPUT ---        1 1 ;
 INPUT ---        1 ;
 INPUT ---    group=1 S E:StratumE   rows=2 cols=2 Triang ;
 INPUT ---        1 1 ;
 INPUT ---        1 ;
 INPUT ---    group=1 p A:StratumA   rows=2 cols=2 Triang ;
 INPUT ---        2 2 ;
 INPUT ---        2 ;
 INPUT ---    group=1 p B:StratumB   rows=2 cols=2 Triang ;
 INPUT ---        3 3 ;
 INPUT ---        3 ;
 INPUT ---    group=1 p C:StratumC   rows=2 cols=2 Triang ;
 INPUT ---        4 4 ;
 INPUT ---        4 ;
 INPUT ---    group=1 p D:StratumD   rows=2 cols=2 Triang ;
 INPUT ---        5 5 ;
 INPUT ---        5 ;
 INPUT ---    group=1 p E:StratumE   rows=2 cols=2 Triang ;
 INPUT ---        6 6 ;
 INPUT ---        6 ;
 INPUT ---    group=1 Psi A to B   rows=2 cols=2 Triang ;
 INPUT ---        7 8 ;
 INPUT ---        9 ;
 INPUT ---    group=1 Psi A to C   rows=2 cols=2 Triang ;
 INPUT ---        10 11 ;
 INPUT ---        12 ;
 INPUT ---    group=1 Psi A to D   rows=2 cols=2 Triang ;
 INPUT ---        13 14 ;
 INPUT ---        15 ;
 INPUT ---    group=1 Psi A to E   rows=2 cols=2 Triang ;
 INPUT ---        16 17 ;
 INPUT ---        18 ;

Program  MARK  - Survival Rate Estimation with Capture-Recapture Data
 gfortran(dble/PIM2) Vers. 11.2 Nov 2025   8-Jan-2026 14:30:50    Page  003
 - - - - - - - - - - - - - - - - - - - - - - - - - - - - - - - - - - - - - -
 
 INPUT ---    group=1 Psi B to A   rows=2 cols=2 Triang ;
 INPUT ---        19 20 ;
 INPUT ---        21 ;
 INPUT ---    group=1 Psi B to C   rows=2 cols=2 Triang ;
 INPUT ---        22 23 ;
 INPUT ---        24 ;
 INPUT ---    group=1 Psi B to D   rows=2 cols=2 Triang ;
 INPUT ---        25 26 ;
 INPUT ---        27 ;
 INPUT ---    group=1 Psi B to E   rows=2 cols=2 Triang ;
 INPUT ---        28 29 ;
 INPUT ---        30 ;
 INPUT ---    group=1 Psi C to A   rows=2 cols=2 Triang ;
 INPUT ---        31 32 ;
 INPUT ---        33 ;
 INPUT ---    group=1 Psi C to B   rows=2 cols=2 Triang ;
 INPUT ---        34 35 ;
 INPUT ---        36 ;
 INPUT ---    group=1 Psi C to D   rows=2 cols=2 Triang ;
 INPUT ---        37 38 ;
 INPUT ---        39 ;
 INPUT ---    group=1 Psi C to E   rows=2 cols=2 Triang ;
 INPUT ---        40 41 ;
 INPUT ---        42 ;
 INPUT ---    group=1 Psi D to A   rows=2 cols=2 Triang ;
 INPUT ---        43 44 ;
 INPUT ---        45 ;
 INPUT ---    group=1 Psi D to B   rows=2 cols=2 Triang ;
 INPUT ---        46 47 ;
 INPUT ---        48 ;
 INPUT ---    group=1 Psi D to C   rows=2 cols=2 Triang ;
 INPUT ---        49 50 ;
 INPUT ---        51 ;
 INPUT ---    group=1 Psi D to E   rows=2 cols=2 Triang ;
 INPUT ---        52 53 ;
 INPUT ---        54 ;
 INPUT ---    group=1 Psi E to A   rows=2 cols=2 Triang ;
 INPUT ---        55 56 ;
 INPUT ---        57 ;
 INPUT ---    group=1 Psi E to B   rows=2 cols=2 Triang ;
 INPUT ---        58 59 ;
 INPUT ---        60 ;
 INPUT ---    group=1 Psi E to C   rows=2 cols=2 Triang ;
 INPUT ---        61 62 ;
 INPUT ---        63 ;
 INPUT ---    group=1 Psi E to D   rows=2 cols=2 Triang ;

Program  MARK  - Survival Rate Estimation with Capture-Recapture Data
 gfortran(dble/PIM2) Vers. 11.2 Nov 2025   8-Jan-2026 14:30:50    Page  004
 - - - - - - - - - - - - - - - - - - - - - - - - - - - - - - - - - - - - - -
 
 INPUT ---        64 65 ;
 INPUT ---        66 ;
 INPUT ---    design matrix constraints=66 covariates=11;
 INPUT ---        1 0 0 0 0 0 0 0 0 0 0;
 INPUT ---        0 1 0 0 0 0 0 0 0 0 0;
 INPUT ---        0 1 1 0 0 0 0 0 0 0 0;
 INPUT ---        0 1 0 1 0 0 0 0 0 0 0;
 INPUT ---        0 1 0 0 1 0 0 0 0 0 0;
 INPUT ---        0 1 0 0 0 1 0 0 0 0 0;
 INPUT ---        0 0 0 0 0 0 1 0 0 0 0;
 INPUT ---        0 0 0 0 0 0 1 0 0 0 0;
 INPUT ---        0 0 0 0 0 0 1 0 0 0 0;
 INPUT ---        0 0 0 0 0 0 1 0 0 0 0;
 INPUT ---        0 0 0 0 0 0 1 0 0 0 0;
 INPUT ---        0 0 0 0 0 0 1 0 0 0 0;
 INPUT ---        0 0 0 0 0 0 1 0 0 0 0;
 INPUT ---        0 0 0 0 0 0 1 0 0 0 0;
 INPUT ---        0 0 0 0 0 0 1 0 0 0 0;
 INPUT ---        0 0 0 0 0 0 1 0 0 0 0;
 INPUT ---        0 0 0 0 0 0 1 0 0 0 0;
 INPUT ---        0 0 0 0 0 0 1 0 0 0 0;
 INPUT ---        0 0 0 0 0 0 1 1 0 0 0;
 INPUT ---        0 0 0 0 0 0 1 1 0 0 0;
 INPUT ---        0 0 0 0 0 0 1 1 0 0 0;
 INPUT ---        0 0 0 0 0 0 1 1 0 0 0;
 INPUT ---        0 0 0 0 0 0 1 1 0 0 0;
 INPUT ---        0 0 0 0 0 0 1 1 0 0 0;
 INPUT ---        0 0 0 0 0 0 1 1 0 0 0;
 INPUT ---        0 0 0 0 0 0 1 1 0 0 0;
 INPUT ---        0 0 0 0 0 0 1 1 0 0 0;
 INPUT ---        0 0 0 0 0 0 1 1 0 0 0;
 INPUT ---        0 0 0 0 0 0 1 1 0 0 0;
 INPUT ---        0 0 0 0 0 0 1 1 0 0 0;
 INPUT ---        0 0 0 0 0 0 1 0 1 0 0;
 INPUT ---        0 0 0 0 0 0 1 0 1 0 0;
 INPUT ---        0 0 0 0 0 0 1 0 1 0 0;
 INPUT ---        0 0 0 0 0 0 1 0 1 0 0;
 INPUT ---        0 0 0 0 0 0 1 0 1 0 0;
 INPUT ---        0 0 0 0 0 0 1 0 1 0 0;
 INPUT ---        0 0 0 0 0 0 1 0 1 0 0;
 INPUT ---        0 0 0 0 0 0 1 0 1 0 0;
 INPUT ---        0 0 0 0 0 0 1 0 1 0 0;
 INPUT ---        0 0 0 0 0 0 1 0 1 0 0;
 INPUT ---        0 0 0 0 0 0 1 0 1 0 0;
 INPUT ---        0 0 0 0 0 0 1 0 1 0 0;
 INPUT ---        0 0 0 0 0 0 1 0 0 1 0;

Program  MARK  - Survival Rate Estimation with Capture-Recapture Data
 gfortran(dble/PIM2) Vers. 11.2 Nov 2025   8-Jan-2026 14:30:50    Page  005
 - - - - - - - - - - - - - - - - - - - - - - - - - - - - - - - - - - - - - -
 
 INPUT ---        0 0 0 0 0 0 1 0 0 1 0;
 INPUT ---        0 0 0 0 0 0 1 0 0 1 0;
 INPUT ---        0 0 0 0 0 0 1 0 0 1 0;
 INPUT ---        0 0 0 0 0 0 1 0 0 1 0;
 INPUT ---        0 0 0 0 0 0 1 0 0 1 0;
 INPUT ---        0 0 0 0 0 0 1 0 0 1 0;
 INPUT ---        0 0 0 0 0 0 1 0 0 1 0;
 INPUT ---        0 0 0 0 0 0 1 0 0 1 0;
 INPUT ---        0 0 0 0 0 0 1 0 0 1 0;
 INPUT ---        0 0 0 0 0 0 1 0 0 1 0;
 INPUT ---        0 0 0 0 0 0 1 0 0 1 0;
 INPUT ---        0 0 0 0 0 0 1 0 0 0 1;
 INPUT ---        0 0 0 0 0 0 1 0 0 0 1;
 INPUT ---        0 0 0 0 0 0 1 0 0 0 1;
 INPUT ---        0 0 0 0 0 0 1 0 0 0 1;
 INPUT ---        0 0 0 0 0 0 1 0 0 0 1;
 INPUT ---        0 0 0 0 0 0 1 0 0 0 1;
 INPUT ---        0 0 0 0 0 0 1 0 0 0 1;
 INPUT ---        0 0 0 0 0 0 1 0 0 0 1;
 INPUT ---        0 0 0 0 0 0 1 0 0 0 1;
 INPUT ---        0 0 0 0 0 0 1 0 0 0 1;
 INPUT ---        0 0 0 0 0 0 1 0 0 0 1;
 INPUT ---        0 0 0 0 0 0 1 0 0 0 1;
 INPUT ---    links=66;
 INPUT ---       Logit;
 INPUT ---       Logit;
 INPUT ---       Logit;
 INPUT ---       Logit;
 INPUT ---       Logit;
 INPUT ---       Logit;
 INPUT ---       mlogit(1);
 INPUT ---       mlogit(2);
 INPUT ---       mlogit(3);
 INPUT ---       mlogit(1);
 INPUT ---       mlogit(2);
 INPUT ---       mlogit(3);
 INPUT ---       mlogit(1);
 INPUT ---       mlogit(2);
 INPUT ---       mlogit(3);
 INPUT ---       mlogit(1);
 INPUT ---       mlogit(2);
 INPUT ---       mlogit(3);
 INPUT ---       mlogit(4);
 INPUT ---       mlogit(5);
 INPUT ---       mlogit(6);
 INPUT ---       mlogit(4);

Program  MARK  - Survival Rate Estimation with Capture-Recapture Data
 gfortran(dble/PIM2) Vers. 11.2 Nov 2025   8-Jan-2026 14:30:50    Page  006
 - - - - - - - - - - - - - - - - - - - - - - - - - - - - - - - - - - - - - -
 
 INPUT ---       mlogit(5);
 INPUT ---       mlogit(6);
 INPUT ---       mlogit(4);
 INPUT ---       mlogit(5);
 INPUT ---       mlogit(6);
 INPUT ---       mlogit(4);
 INPUT ---       mlogit(5);
 INPUT ---       mlogit(6);
 INPUT ---       mlogit(7);
 INPUT ---       mlogit(8);
 INPUT ---       mlogit(9);
 INPUT ---       mlogit(7);
 INPUT ---       mlogit(8);
 INPUT ---       mlogit(9);
 INPUT ---       mlogit(7);
 INPUT ---       mlogit(8);
 INPUT ---       mlogit(9);
 INPUT ---       mlogit(7);
 INPUT ---       mlogit(8);
 INPUT ---       mlogit(9);
 INPUT ---       mlogit(10);
 INPUT ---       mlogit(11);
 INPUT ---       mlogit(12);
 INPUT ---       mlogit(10);
 INPUT ---       mlogit(11);
 INPUT ---       mlogit(12);
 INPUT ---       mlogit(10);
 INPUT ---       mlogit(11);
 INPUT ---       mlogit(12);
 INPUT ---       mlogit(10);
 INPUT ---       mlogit(11);
 INPUT ---       mlogit(12);
 INPUT ---       mlogit(13);
 INPUT ---       mlogit(14);
 INPUT ---       mlogit(15);
 INPUT ---       mlogit(13);
 INPUT ---       mlogit(14);
 INPUT ---       mlogit(15);
 INPUT ---       mlogit(13);
 INPUT ---       mlogit(14);
 INPUT ---       mlogit(15);
 INPUT ---       mlogit(13);
 INPUT ---       mlogit(14);
 INPUT ---       mlogit(15);
 INPUT ---       blabel(1)=S:(Intercept);
 INPUT ---       blabel(2)=p:(Intercept);

Program  MARK  - Survival Rate Estimation with Capture-Recapture Data
 gfortran(dble/PIM2) Vers. 11.2 Nov 2025   8-Jan-2026 14:30:50    Page  007
 - - - - - - - - - - - - - - - - - - - - - - - - - - - - - - - - - - - - - -
 
 INPUT ---       blabel(3)=p:stratumB;
 INPUT ---       blabel(4)=p:stratumC;
 INPUT ---       blabel(5)=p:stratumD;
 INPUT ---       blabel(6)=p:stratumE;
 INPUT ---       blabel(7)=Psi:(Intercept);
 INPUT ---       blabel(8)=Psi:stratumB;
 INPUT ---       blabel(9)=Psi:stratumC;
 INPUT ---       blabel(10)=Psi:stratumD;
 INPUT ---       blabel(11)=Psi:stratumE;
 INPUT ---       rlabel(1)=S sA g1 c1 a0 o1 t1;
 INPUT ---       rlabel(2)=p sA g1 c1 a1 o1 t2;
 INPUT ---       rlabel(3)=p sB g1 c1 a1 o1 t2;
 INPUT ---       rlabel(4)=p sC g1 c1 a1 o1 t2;
 INPUT ---       rlabel(5)=p sD g1 c1 a1 o1 t2;
 INPUT ---       rlabel(6)=p sE g1 c1 a1 o1 t2;
 INPUT ---       rlabel(7)=Psi sA toB g1 c1 a0 o1 t1;
 INPUT ---       rlabel(8)=Psi sA toB g1 c1 a1 o2 t2;
 INPUT ---       rlabel(9)=Psi sA toB g1 c2 a0 o2 t2;
 INPUT ---       rlabel(10)=Psi sA toC g1 c1 a0 o1 t1;
 INPUT ---       rlabel(11)=Psi sA toC g1 c1 a1 o2 t2;
 INPUT ---       rlabel(12)=Psi sA toC g1 c2 a0 o2 t2;
 INPUT ---       rlabel(13)=Psi sA toD g1 c1 a0 o1 t1;
 INPUT ---       rlabel(14)=Psi sA toD g1 c1 a1 o2 t2;
 INPUT ---       rlabel(15)=Psi sA toD g1 c2 a0 o2 t2;
 INPUT ---       rlabel(16)=Psi sA toE g1 c1 a0 o1 t1;
 INPUT ---       rlabel(17)=Psi sA toE g1 c1 a1 o2 t2;
 INPUT ---       rlabel(18)=Psi sA toE g1 c2 a0 o2 t2;
 INPUT ---       rlabel(19)=Psi sB toA g1 c1 a0 o1 t1;
 INPUT ---       rlabel(20)=Psi sB toA g1 c1 a1 o2 t2;
 INPUT ---       rlabel(21)=Psi sB toA g1 c2 a0 o2 t2;
 INPUT ---       rlabel(22)=Psi sB toC g1 c1 a0 o1 t1;
 INPUT ---       rlabel(23)=Psi sB toC g1 c1 a1 o2 t2;
 INPUT ---       rlabel(24)=Psi sB toC g1 c2 a0 o2 t2;
 INPUT ---       rlabel(25)=Psi sB toD g1 c1 a0 o1 t1;
 INPUT ---       rlabel(26)=Psi sB toD g1 c1 a1 o2 t2;
 INPUT ---       rlabel(27)=Psi sB toD g1 c2 a0 o2 t2;
 INPUT ---       rlabel(28)=Psi sB toE g1 c1 a0 o1 t1;
 INPUT ---       rlabel(29)=Psi sB toE g1 c1 a1 o2 t2;
 INPUT ---       rlabel(30)=Psi sB toE g1 c2 a0 o2 t2;
 INPUT ---       rlabel(31)=Psi sC toA g1 c1 a0 o1 t1;
 INPUT ---       rlabel(32)=Psi sC toA g1 c1 a1 o2 t2;
 INPUT ---       rlabel(33)=Psi sC toA g1 c2 a0 o2 t2;
 INPUT ---       rlabel(34)=Psi sC toB g1 c1 a0 o1 t1;
 INPUT ---       rlabel(35)=Psi sC toB g1 c1 a1 o2 t2;
 INPUT ---       rlabel(36)=Psi sC toB g1 c2 a0 o2 t2;
 INPUT ---       rlabel(37)=Psi sC toD g1 c1 a0 o1 t1;

Program  MARK  - Survival Rate Estimation with Capture-Recapture Data
 gfortran(dble/PIM2) Vers. 11.2 Nov 2025   8-Jan-2026 14:30:51    Page  008
 - - - - - - - - - - - - - - - - - - - - - - - - - - - - - - - - - - - - - -
 
 INPUT ---       rlabel(38)=Psi sC toD g1 c1 a1 o2 t2;
 INPUT ---       rlabel(39)=Psi sC toD g1 c2 a0 o2 t2;
 INPUT ---       rlabel(40)=Psi sC toE g1 c1 a0 o1 t1;
 INPUT ---       rlabel(41)=Psi sC toE g1 c1 a1 o2 t2;
 INPUT ---       rlabel(42)=Psi sC toE g1 c2 a0 o2 t2;
 INPUT ---       rlabel(43)=Psi sD toA g1 c1 a0 o1 t1;
 INPUT ---       rlabel(44)=Psi sD toA g1 c1 a1 o2 t2;
 INPUT ---       rlabel(45)=Psi sD toA g1 c2 a0 o2 t2;
 INPUT ---       rlabel(46)=Psi sD toB g1 c1 a0 o1 t1;
 INPUT ---       rlabel(47)=Psi sD toB g1 c1 a1 o2 t2;
 INPUT ---       rlabel(48)=Psi sD toB g1 c2 a0 o2 t2;
 INPUT ---       rlabel(49)=Psi sD toC g1 c1 a0 o1 t1;
 INPUT ---       rlabel(50)=Psi sD toC g1 c1 a1 o2 t2;
 INPUT ---       rlabel(51)=Psi sD toC g1 c2 a0 o2 t2;
 INPUT ---       rlabel(52)=Psi sD toE g1 c1 a0 o1 t1;
 INPUT ---       rlabel(53)=Psi sD toE g1 c1 a1 o2 t2;
 INPUT ---       rlabel(54)=Psi sD toE g1 c2 a0 o2 t2;
 INPUT ---       rlabel(55)=Psi sE toA g1 c1 a0 o1 t1;
 INPUT ---       rlabel(56)=Psi sE toA g1 c1 a1 o2 t2;
 INPUT ---       rlabel(57)=Psi sE toA g1 c2 a0 o2 t2;
 INPUT ---       rlabel(58)=Psi sE toB g1 c1 a0 o1 t1;
 INPUT ---       rlabel(59)=Psi sE toB g1 c1 a1 o2 t2;
 INPUT ---       rlabel(60)=Psi sE toB g1 c2 a0 o2 t2;
 INPUT ---       rlabel(61)=Psi sE toC g1 c1 a0 o1 t1;
 INPUT ---       rlabel(62)=Psi sE toC g1 c1 a1 o2 t2;
 INPUT ---       rlabel(63)=Psi sE toC g1 c2 a0 o2 t2;
 INPUT ---       rlabel(64)=Psi sE toD g1 c1 a0 o1 t1;
 INPUT ---       rlabel(65)=Psi sE toD g1 c1 a1 o2 t2;
 INPUT ---       rlabel(66)=Psi sE toD g1 c2 a0 o2 t2;
   Model is { S(~1)p(~stratum)Psi(~stratum) }

 Link Function Used is PARM-SPECIFIC

 Variance Estimation Procedure Used is 2ndPart 
 -2logL(saturated) = 5450.0866     
 Effective Sample Size = 2526

 Number of function evaluations was 65 for 11 parameters.
 For numerical optimization, CPU Time was 0.312 secs and System Time was 0.453 secs.
 -2logL { S(~1)p(~stratum)Psi(~stratum) } = 6766.4240     
 Penalty { S(~1)p(~stratum)Psi(~stratum) } = 0.0000000     
 Gradient { S(~1)p(~stratum)Psi(~stratum) }:
   0.0000     -2.10971E-05   0.0000       0.0000       0.0000    
   0.0000       0.0000     -2.07631E-05  3.54821E-05   0.0000    
   0.0000    
 Maximum ABS(G) { S(~1)p(~stratum)Psi(~stratum) } =  3.54821E-05
 To compute VC matrix, CPU Time was 0.125 secs and System Time was 0.140 secs.

Program  MARK  - Survival Rate Estimation with Capture-Recapture Data
 gfortran(dble/PIM2) Vers. 11.2 Nov 2025   8-Jan-2026 14:30:51    Page  009
 - - - - - - - - - - - - - - - - - - - - - - - - - - - - - - - - - - - - - -
 
 S Vector { S(~1)p(~stratum)Psi(~stratum) }:
   542.2237      377.4065      84.89875      41.44312      34.20381    
   25.63942      22.17320     0.6093784     0.9973588E-06 0.1094038E-07
  0.5358618E-08
 To invert VC matrix, CPU Time was 0.001 secs and System Time was 0.001 secs.
 Ratio Threshold = 50.00 Max Gap (8/9) = 6.1099E+5 Next Max Gap (9/10) = 91.16
 Gap Method for Num. of Estimated Parameters { S(~1)p(~stratum)Psi(~stratum) } = 8          
 Threshold { S(~1)p(~stratum)Psi(~stratum) } = 0.7096416E-04           
 Numerical Threshold Method for Num. of Estimated Parameters { S(~1)p(~stratum)Psi(~stratum) } = 8          
 Number of Estimated Parameters { S(~1)p(~stratum)Psi(~stratum) } = 8          
 DEVIANCE { S(~1)p(~stratum)Psi(~stratum) } = 1316.3375               
 DEVIANCE Degrees of Freedom { S(~1)p(~stratum)Psi(~stratum) } = 48          
 c-hat { S(~1)p(~stratum)Psi(~stratum) } = 27.423697               
 AIC { S(~1)p(~stratum)Psi(~stratum) } = 6782.4240               
 AICc { S(~1)p(~stratum)Psi(~stratum) } = 6782.4813               
 BIC { S(~1)p(~stratum)Psi(~stratum) } = 6829.0992               
 Pearson Chisquare { S(~1)p(~stratum)Psi(~stratum) } = 5550.9351               
 Possible Encounter Histories { S(~1)p(~stratum)Psi(~stratum) } = 126          
 Pearson Chisquare df { S(~1)p(~stratum)Psi(~stratum) } = 112          
 Pearson chat { S(~1)p(~stratum)Psi(~stratum) } = 49.561921               
 Sum(Observed/Expected) { S(~1)p(~stratum)Psi(~stratum) } = 218.89007               
 s-bar { S(~1)p(~stratum)Psi(~stratum) } = 0.7740839               
 Fletcher chat { S(~1)p(~stratum)Psi(~stratum) } = 27.936627               


       PARM-SPECIFIC Link Function Parameters of { S(~1)p(~stratum)Psi(~stratum) }
                                                              95% Confidence Interval
    Parameter                  Beta         Standard Error     Lower           Upper
 -------------------------  --------------  --------------  --------------  --------------
    1:S:(Intercept)          17.622012       1001.3232      -1944.9716       1980.2156    
    2:p:(Intercept)          1.8930593       0.5329535       0.8484704       2.9376482    
    3:p:stratumB             0.3964834       0.5937509      -0.7672685       1.5602353    
    4:p:stratumC            -1.8328047       0.6091126      -3.0266654      -0.6389440    
    5:p:stratumD            -2.5474181       0.5927586      -3.7092250      -1.3856111    
    6:p:stratumE            -2.4123916       0.5906585      -3.5700822      -1.2547009    
    7:Psi:(Intercept)       -0.7791966       0.1142449      -1.0031167      -0.5552765    
    8:Psi:stratumB          -1.9395990       0.1531446      -2.2397623      -1.6394357    
    9:Psi:stratumC           0.7201684       0.2245290       0.2800917       1.1602452    
   10:Psi:stratumD          -36.732764       0.0000000      -36.732764      -36.732764    
   11:Psi:stratumE           25.407605       0.0000000       25.407605       25.407605    

Program  MARK  - Survival Rate Estimation with Capture-Recapture Data
 gfortran(dble/PIM2) Vers. 11.2 Nov 2025   8-Jan-2026 14:30:51    Page  010
 - - - - - - - - - - - - - - - - - - - - - - - - - - - - - - - - - - - - - -
 
              Real Function Parameters of { S(~1)p(~stratum)Psi(~stratum) }
                                                               95% Confidence Interval
     Parameter                Estimate       Standard Error     Lower           Upper
 --------------------------  --------------  --------------  --------------  --------------
     1:S sA g1 c1 a0 o1 t1    1.0000000       0.2163374E-04  0.2502804E-300   1.0000000       
     2:p sA g1 c1 a1 o1 t2    0.8691040       0.0606300       0.7002462       0.9496765       
     3:p sB g1 c1 a1 o1 t2    0.9080073       0.0136181       0.8776110       0.9314441       
     4:p sC g1 c1 a1 o1 t2    0.5150591       0.0466794       0.4240806       0.6050503       
     5:p sD g1 c1 a1 o1 t2    0.3420080       0.0336662       0.2793720       0.4106840       
     6:p sE g1 c1 a1 o1 t2    0.3730084       0.0395430       0.2992804       0.4531534       
     7:Psi sA toB g1 c1 a0    0.1618196       0.0065208       0.1494424       0.1750110       
     8:Psi sA toB g1 c1 a1    0.1618196       0.0065208       0.1494424       0.1750110       
     9:Psi sA toB g1 c2 a0    0.1618196       0.0065208       0.1494424       0.1750110       
    10:Psi sA toC g1 c1 a0    0.1618196       0.0065208       0.1494424       0.1750110       
    11:Psi sA toC g1 c1 a1    0.1618196       0.0065208       0.1494424       0.1750110       
    12:Psi sA toC g1 c2 a0    0.1618196       0.0065208       0.1494424       0.1750110       
    13:Psi sA toD g1 c1 a0    0.1618196       0.0065208       0.1494424       0.1750110       
    14:Psi sA toD g1 c1 a1    0.1618196       0.0065208       0.1494424       0.1750110       
    15:Psi sA toD g1 c2 a0    0.1618196       0.0065208       0.1494424       0.1750110       
    16:Psi sA toE g1 c1 a0    0.1618196       0.0065208       0.1494424       0.1750110       
    17:Psi sA toE g1 c1 a1    0.1618196       0.0065208       0.1494424       0.1750110       
    18:Psi sA toE g1 c2 a0    0.1618196       0.0065208       0.1494424       0.1750110       
    19:Psi sB toA g1 c1 a0    0.0521865       0.0036826       0.0454226       0.0598944       
    20:Psi sB toA g1 c1 a1    0.0521865       0.0036826       0.0454226       0.0598944       
    21:Psi sB toA g1 c2 a0    0.0521865       0.0036826       0.0454226       0.0598944       
    22:Psi sB toC g1 c1 a0    0.0521865       0.0036826       0.0454226       0.0598944       
    23:Psi sB toC g1 c1 a1    0.0521865       0.0036826       0.0454226       0.0598944       
    24:Psi sB toC g1 c2 a0    0.0521865       0.0036826       0.0454226       0.0598944       
    25:Psi sB toD g1 c1 a0    0.0521865       0.0036826       0.0454226       0.0598944       
    26:Psi sB toD g1 c1 a1    0.0521865       0.0036826       0.0454226       0.0598944       
    27:Psi sB toD g1 c2 a0    0.0521865       0.0036826       0.0454226       0.0598944       
    28:Psi sB toE g1 c1 a0    0.0521865       0.0036826       0.0454226       0.0598944       
    29:Psi sB toE g1 c1 a1    0.0521865       0.0036826       0.0454226       0.0598944       
    30:Psi sB toE g1 c2 a0    0.0521865       0.0036826       0.0454226       0.0598944       
    31:Psi sC toA g1 c1 a0    0.1975970       0.0079116       0.1825475       0.2135632       
    32:Psi sC toA g1 c1 a1    0.1975970       0.0079116       0.1825475       0.2135632       
    33:Psi sC toA g1 c2 a0    0.1975970       0.0079116       0.1825475       0.2135632       
    34:Psi sC toB g1 c1 a0    0.1975970       0.0079116       0.1825475       0.2135632       
    35:Psi sC toB g1 c1 a1    0.1975970       0.0079116       0.1825475       0.2135632       
    36:Psi sC toB g1 c2 a0    0.1975970       0.0079116       0.1825475       0.2135632       
    37:Psi sC toD g1 c1 a0    0.1975970       0.0079116       0.1825475       0.2135632       
    38:Psi sC toD g1 c1 a1    0.1975970       0.0079116       0.1825475       0.2135632       
    39:Psi sC toD g1 c2 a0    0.1975970       0.0079116       0.1825475       0.2135632       
    40:Psi sC toE g1 c1 a0    0.1975970       0.0079116       0.1825475       0.2135632       
    41:Psi sC toE g1 c1 a1    0.1975970       0.0079116       0.1825475       0.2135632       

Program  MARK  - Survival Rate Estimation with Capture-Recapture Data
 gfortran(dble/PIM2) Vers. 11.2 Nov 2025   8-Jan-2026 14:30:51    Page  011
 - - - - - - - - - - - - - - - - - - - - - - - - - - - - - - - - - - - - - -
 
    42:Psi sC toE g1 c2 a0    0.1975970       0.0079116       0.1825475       0.2135632       
    43:Psi sD toA g1 c1 a0    0.5114019E-16   0.0000000       0.5114019E-16   0.5114019E-16   
    44:Psi sD toA g1 c1 a1    0.5114019E-16   0.0000000       0.5114019E-16   0.5114019E-16   
    45:Psi sD toA g1 c2 a0    0.5114019E-16   0.0000000       0.5114019E-16   0.5114019E-16   
    46:Psi sD toB g1 c1 a0    0.5114019E-16   0.0000000       0.5114019E-16   0.5114019E-16   
    47:Psi sD toB g1 c1 a1    0.5114019E-16   0.0000000       0.5114019E-16   0.5114019E-16   
    48:Psi sD toB g1 c2 a0    0.5114019E-16   0.0000000       0.5114019E-16   0.5114019E-16   
    49:Psi sD toC g1 c1 a0    0.5114019E-16   0.0000000       0.5114019E-16   0.5114019E-16   
    50:Psi sD toC g1 c1 a1    0.5114019E-16   0.0000000       0.5114019E-16   0.5114019E-16   
    51:Psi sD toC g1 c2 a0    0.5114019E-16   0.0000000       0.5114019E-16   0.5114019E-16   
    52:Psi sD toE g1 c1 a0    0.5114019E-16   0.0000000       0.5114019E-16   0.5114019E-16   
    53:Psi sD toE g1 c1 a1    0.5114019E-16   0.0000000       0.5114019E-16   0.5114019E-16   
    54:Psi sD toE g1 c2 a0    0.5114019E-16   0.0000000       0.5114019E-16   0.5114019E-16   
    55:Psi sE toA g1 c1 a0    0.2500000       0.0000000       0.2500000       0.2500000       
    56:Psi sE toA g1 c1 a1    0.2500000       0.0000000       0.2500000       0.2500000       
    57:Psi sE toA g1 c2 a0    0.2500000       0.0000000       0.2500000       0.2500000       
    58:Psi sE toB g1 c1 a0    0.2500000       0.0000000       0.2500000       0.2500000       
    59:Psi sE toB g1 c1 a1    0.2500000       0.0000000       0.2500000       0.2500000       
    60:Psi sE toB g1 c2 a0    0.2500000       0.0000000       0.2500000       0.2500000       
    61:Psi sE toC g1 c1 a0    0.2500000       0.0000000       0.2500000       0.2500000       
    62:Psi sE toC g1 c1 a1    0.2500000       0.0000000       0.2500000       0.2500000       
    63:Psi sE toC g1 c2 a0    0.2500000       0.0000000       0.2500000       0.2500000       
    64:Psi sE toD g1 c1 a0    0.2500000       0.0000000       0.2500000       0.2500000       
    65:Psi sE toD g1 c1 a1    0.2500000       0.0000000       0.2500000       0.2500000       
    66:Psi sE toD g1 c2 a0    0.2500000       0.0000000       0.2500000       0.2500000       

 To compute parameter estimates, CPU Time was 0.031 secs and System Time was 0.032 secs.

 Attempted ordering of parameters by estimatibility:
   7  2  8  5  6  9  3  4  1 11 10
 Beta number 10 is a singular value.

 For procedure estimate CPU Time was 0.500 secs and System Time was 1.657 secs.

Program  MARK  - Survival Rate Estimation with Capture-Recapture Data
 gfortran(dble/PIM2) Vers. 11.2 Nov 2025   8-Jan-2026 14:30:51    Page  012
 - - - - - - - - - - - - - - - - - - - - - - - - - - - - - - - - - - - - - -
 


 INPUT --- proc stop;

 For this job, CPU Time in mins was 0.010 and System Time in mins was 0.029.

     Time Start = 14:30:50.026   Time End = 14:30:51.776

 Wall Clock Time in mins for this job was 0.028.

 Maximum of 22 words used.


          E X E C U T I O N   S U C C E S S F U L
