
   Program  MARK  - Survival Rate Estimation with Capture-Recapture Data
   gfortran(dble/PIM2) Vers. 10.1 March 2023   8-Jan-2026 17:04:09    Page  001
    
 - - - - - - - - - - - - - - - - - - - - - - - - - - - - - - - - - - - - - -
 
   Welcome to MARK galad on machine LAPTOP-0G3JH30A in subdirectory 
   "C:\Users\galad\Documents\R\scriptes\projet_biodiv_data\cypripedium\Elian_cypripedium" running file "mark084.inp".
   This version was compiled by GCC version 12.2.0 using the options: 
     -cpp -iprefix c:\tdm-gcc-64\mingw64\bin\../lib/gcc/x86_64-w64-mingw32/12.2.0/
     -D_MT -D_REENTRANT -U_REENTRANT -D ieee -D dbleprecision -m64 -mtune=generic
     -march=x86-64 -mthreads -O3 -std=f2018 -fsignaling-nans
     -ffpe-summary=invalid,zero,overflow,underflow -funroll-loops -ffast-math
     -fall-intrinsics -fopenmp.

   This problem will use 7 of 8 possible threads.
   Static thread allocation is used.
   Schedule kind is omp_sched_dynamic with chunk size 1


  INPUT --- proc title ;

   For procedure title CPU Time was 0.001 seconds and System Time was 0.001 seconds.


  INPUT --- proc chmatrix occasions= 3 groups= 1 etype= Multistrata 
  INPUT --- Nodes= 101 strata=5 icovar =  1 ICMeans NoHist hist= 325 ;

  INPUT ---    time interval 1 1 ;

  INPUT ---     strata=A B C D E;

  INPUT ---     icovariates recov_c ;

  INPUT ---    glabel(1)=Group 1;

      Number of unique encounter histories read was 325.

      Number of individual covariates read was 1.
      Time interval lengths are all equal to 1.

      Data type number is 9
      Data type is Multi-state with Live Recaptures

   For procedure chmatrix CPU Time was 0.125 seconds and System Time was 0.125 seconds.

  Program  MARK  - Survival Rate Estimation with Capture-Recapture Data
   gfortran(dble/PIM2) Vers. 10.1 March 2023   8-Jan-2026 17:04:09    Page  002
 - - - - - - - - - - - - - - - - - - - - - - - - - - - - - - - - - - - - - -
 


  INPUT --- proc estimate link=Parm-Specific NOLOOP varest=2ndPart    ;


  INPUT --- model={ S(~recov_c)p(~stratum)Psi(~stratum) };

  INPUT ---    group=1 S A:StratumA   rows=2 cols=2 Triang ;
  INPUT ---        1 1 ;
  INPUT ---        1 ;

  INPUT ---    group=1 S B:StratumB   rows=2 cols=2 Triang ;
  INPUT ---        1 1 ;
  INPUT ---        1 ;

  INPUT ---    group=1 S C:StratumC   rows=2 cols=2 Triang ;
  INPUT ---        1 1 ;
  INPUT ---        1 ;

  INPUT ---    group=1 S D:StratumD   rows=2 cols=2 Triang ;
  INPUT ---        1 1 ;
  INPUT ---        1 ;

  INPUT ---    group=1 S E:StratumE   rows=2 cols=2 Triang ;
  INPUT ---        1 1 ;
  INPUT ---        1 ;

  INPUT ---    group=1 p A:StratumA   rows=2 cols=2 Triang ;
  INPUT ---        2 2 ;
  INPUT ---        2 ;

  INPUT ---    group=1 p B:StratumB   rows=2 cols=2 Triang ;
  INPUT ---        3 3 ;
  INPUT ---        3 ;

  INPUT ---    group=1 p C:StratumC   rows=2 cols=2 Triang ;
  INPUT ---        4 4 ;
  INPUT ---        4 ;

  INPUT ---    group=1 p D:StratumD   rows=2 cols=2 Triang ;
  INPUT ---        5 5 ;
  INPUT ---        5 ;

  INPUT ---    group=1 p E:StratumE   rows=2 cols=2 Triang ;
  INPUT ---        6 6 ;
  INPUT ---        6 ;

  Program  MARK  - Survival Rate Estimation with Capture-Recapture Data
   gfortran(dble/PIM2) Vers. 10.1 March 2023   8-Jan-2026 17:04:09    Page  003
 - - - - - - - - - - - - - - - - - - - - - - - - - - - - - - - - - - - - - -
 

  INPUT ---    group=1 Psi A to B   rows=2 cols=2 Triang ;
  INPUT ---        7 8 ;
  INPUT ---        9 ;

  INPUT ---    group=1 Psi A to C   rows=2 cols=2 Triang ;
  INPUT ---        10 11 ;
  INPUT ---        12 ;

  INPUT ---    group=1 Psi A to D   rows=2 cols=2 Triang ;
  INPUT ---        13 14 ;
  INPUT ---        15 ;

  INPUT ---    group=1 Psi A to E   rows=2 cols=2 Triang ;
  INPUT ---        16 17 ;
  INPUT ---        18 ;

  INPUT ---    group=1 Psi B to A   rows=2 cols=2 Triang ;
  INPUT ---        19 20 ;
  INPUT ---        21 ;

  INPUT ---    group=1 Psi B to C   rows=2 cols=2 Triang ;
  INPUT ---        22 23 ;
  INPUT ---        24 ;

  INPUT ---    group=1 Psi B to D   rows=2 cols=2 Triang ;
  INPUT ---        25 26 ;
  INPUT ---        27 ;

  INPUT ---    group=1 Psi B to E   rows=2 cols=2 Triang ;
  INPUT ---        28 29 ;
  INPUT ---        30 ;

  INPUT ---    group=1 Psi C to A   rows=2 cols=2 Triang ;
  INPUT ---        31 32 ;
  INPUT ---        33 ;

  INPUT ---    group=1 Psi C to B   rows=2 cols=2 Triang ;
  INPUT ---        34 35 ;
  INPUT ---        36 ;

  INPUT ---    group=1 Psi C to D   rows=2 cols=2 Triang ;
  INPUT ---        37 38 ;
  INPUT ---        39 ;

  INPUT ---    group=1 Psi C to E   rows=2 cols=2 Triang ;

  Program  MARK  - Survival Rate Estimation with Capture-Recapture Data
   gfortran(dble/PIM2) Vers. 10.1 March 2023   8-Jan-2026 17:04:10    Page  004
 - - - - - - - - - - - - - - - - - - - - - - - - - - - - - - - - - - - - - -
 
  INPUT ---        40 41 ;
  INPUT ---        42 ;

  INPUT ---    group=1 Psi D to A   rows=2 cols=2 Triang ;
  INPUT ---        43 44 ;
  INPUT ---        45 ;

  INPUT ---    group=1 Psi D to B   rows=2 cols=2 Triang ;
  INPUT ---        46 47 ;
  INPUT ---        48 ;

  INPUT ---    group=1 Psi D to C   rows=2 cols=2 Triang ;
  INPUT ---        49 50 ;
  INPUT ---        51 ;

  INPUT ---    group=1 Psi D to E   rows=2 cols=2 Triang ;
  INPUT ---        52 53 ;
  INPUT ---        54 ;

  INPUT ---    group=1 Psi E to A   rows=2 cols=2 Triang ;
  INPUT ---        55 56 ;
  INPUT ---        57 ;

  INPUT ---    group=1 Psi E to B   rows=2 cols=2 Triang ;
  INPUT ---        58 59 ;
  INPUT ---        60 ;

  INPUT ---    group=1 Psi E to C   rows=2 cols=2 Triang ;
  INPUT ---        61 62 ;
  INPUT ---        63 ;

  INPUT ---    group=1 Psi E to D   rows=2 cols=2 Triang ;
  INPUT ---        64 65 ;
  INPUT ---        66 ;

  INPUT ---    design matrix constraints=66 covariates=12;
  INPUT ---        1 recov_c 0 0 0 0 0 0 0 0 0 0;
  INPUT ---        0 0 1 0 0 0 0 0 0 0 0 0;
  INPUT ---        0 0 1 1 0 0 0 0 0 0 0 0;
  INPUT ---        0 0 1 0 1 0 0 0 0 0 0 0;
  INPUT ---        0 0 1 0 0 1 0 0 0 0 0 0;
  INPUT ---        0 0 1 0 0 0 1 0 0 0 0 0;
  INPUT ---        0 0 0 0 0 0 0 1 0 0 0 0;
  INPUT ---        0 0 0 0 0 0 0 1 0 0 0 0;
  INPUT ---        0 0 0 0 0 0 0 1 0 0 0 0;
  INPUT ---        0 0 0 0 0 0 0 1 0 0 0 0;

  Program  MARK  - Survival Rate Estimation with Capture-Recapture Data
   gfortran(dble/PIM2) Vers. 10.1 March 2023   8-Jan-2026 17:04:10    Page  005
 - - - - - - - - - - - - - - - - - - - - - - - - - - - - - - - - - - - - - -
 
  INPUT ---        0 0 0 0 0 0 0 1 0 0 0 0;
  INPUT ---        0 0 0 0 0 0 0 1 0 0 0 0;
  INPUT ---        0 0 0 0 0 0 0 1 0 0 0 0;
  INPUT ---        0 0 0 0 0 0 0 1 0 0 0 0;
  INPUT ---        0 0 0 0 0 0 0 1 0 0 0 0;
  INPUT ---        0 0 0 0 0 0 0 1 0 0 0 0;
  INPUT ---        0 0 0 0 0 0 0 1 0 0 0 0;
  INPUT ---        0 0 0 0 0 0 0 1 0 0 0 0;
  INPUT ---        0 0 0 0 0 0 0 1 1 0 0 0;
  INPUT ---        0 0 0 0 0 0 0 1 1 0 0 0;
  INPUT ---        0 0 0 0 0 0 0 1 1 0 0 0;
  INPUT ---        0 0 0 0 0 0 0 1 1 0 0 0;
  INPUT ---        0 0 0 0 0 0 0 1 1 0 0 0;
  INPUT ---        0 0 0 0 0 0 0 1 1 0 0 0;
  INPUT ---        0 0 0 0 0 0 0 1 1 0 0 0;
  INPUT ---        0 0 0 0 0 0 0 1 1 0 0 0;
  INPUT ---        0 0 0 0 0 0 0 1 1 0 0 0;
  INPUT ---        0 0 0 0 0 0 0 1 1 0 0 0;
  INPUT ---        0 0 0 0 0 0 0 1 1 0 0 0;
  INPUT ---        0 0 0 0 0 0 0 1 1 0 0 0;
  INPUT ---        0 0 0 0 0 0 0 1 0 1 0 0;
  INPUT ---        0 0 0 0 0 0 0 1 0 1 0 0;
  INPUT ---        0 0 0 0 0 0 0 1 0 1 0 0;
  INPUT ---        0 0 0 0 0 0 0 1 0 1 0 0;
  INPUT ---        0 0 0 0 0 0 0 1 0 1 0 0;
  INPUT ---        0 0 0 0 0 0 0 1 0 1 0 0;
  INPUT ---        0 0 0 0 0 0 0 1 0 1 0 0;
  INPUT ---        0 0 0 0 0 0 0 1 0 1 0 0;
  INPUT ---        0 0 0 0 0 0 0 1 0 1 0 0;
  INPUT ---        0 0 0 0 0 0 0 1 0 1 0 0;
  INPUT ---        0 0 0 0 0 0 0 1 0 1 0 0;
  INPUT ---        0 0 0 0 0 0 0 1 0 1 0 0;
  INPUT ---        0 0 0 0 0 0 0 1 0 0 1 0;
  INPUT ---        0 0 0 0 0 0 0 1 0 0 1 0;
  INPUT ---        0 0 0 0 0 0 0 1 0 0 1 0;
  INPUT ---        0 0 0 0 0 0 0 1 0 0 1 0;
  INPUT ---        0 0 0 0 0 0 0 1 0 0 1 0;
  INPUT ---        0 0 0 0 0 0 0 1 0 0 1 0;
  INPUT ---        0 0 0 0 0 0 0 1 0 0 1 0;
  INPUT ---        0 0 0 0 0 0 0 1 0 0 1 0;
  INPUT ---        0 0 0 0 0 0 0 1 0 0 1 0;
  INPUT ---        0 0 0 0 0 0 0 1 0 0 1 0;
  INPUT ---        0 0 0 0 0 0 0 1 0 0 1 0;
  INPUT ---        0 0 0 0 0 0 0 1 0 0 1 0;
  INPUT ---        0 0 0 0 0 0 0 1 0 0 0 1;
  INPUT ---        0 0 0 0 0 0 0 1 0 0 0 1;

  Program  MARK  - Survival Rate Estimation with Capture-Recapture Data
   gfortran(dble/PIM2) Vers. 10.1 March 2023   8-Jan-2026 17:04:10    Page  006
 - - - - - - - - - - - - - - - - - - - - - - - - - - - - - - - - - - - - - -
 
  INPUT ---        0 0 0 0 0 0 0 1 0 0 0 1;
  INPUT ---        0 0 0 0 0 0 0 1 0 0 0 1;
  INPUT ---        0 0 0 0 0 0 0 1 0 0 0 1;
  INPUT ---        0 0 0 0 0 0 0 1 0 0 0 1;
  INPUT ---        0 0 0 0 0 0 0 1 0 0 0 1;
  INPUT ---        0 0 0 0 0 0 0 1 0 0 0 1;
  INPUT ---        0 0 0 0 0 0 0 1 0 0 0 1;
  INPUT ---        0 0 0 0 0 0 0 1 0 0 0 1;
  INPUT ---        0 0 0 0 0 0 0 1 0 0 0 1;
  INPUT ---        0 0 0 0 0 0 0 1 0 0 0 1;

  INPUT ---    links=66;

  INPUT ---    Logit;

  INPUT ---    Logit;

  INPUT ---    Logit;

  INPUT ---    Logit;

  INPUT ---    Logit;

  INPUT ---    Logit;

  INPUT ---    mlogit(1);

  INPUT ---    mlogit(2);

  INPUT ---    mlogit(3);

  INPUT ---    mlogit(1);

  INPUT ---    mlogit(2);

  INPUT ---    mlogit(3);

  INPUT ---    mlogit(1);

  INPUT ---    mlogit(2);

  INPUT ---    mlogit(3);

  INPUT ---    mlogit(1);

  INPUT ---    mlogit(2);

  Program  MARK  - Survival Rate Estimation with Capture-Recapture Data
   gfortran(dble/PIM2) Vers. 10.1 March 2023   8-Jan-2026 17:04:10    Page  007
 - - - - - - - - - - - - - - - - - - - - - - - - - - - - - - - - - - - - - -
 

  INPUT ---    mlogit(3);

  INPUT ---    mlogit(4);

  INPUT ---    mlogit(5);

  INPUT ---    mlogit(6);

  INPUT ---    mlogit(4);

  INPUT ---    mlogit(5);

  INPUT ---    mlogit(6);

  INPUT ---    mlogit(4);

  INPUT ---    mlogit(5);

  INPUT ---    mlogit(6);

  INPUT ---    mlogit(4);

  INPUT ---    mlogit(5);

  INPUT ---    mlogit(6);

  INPUT ---    mlogit(7);

  INPUT ---    mlogit(8);

  INPUT ---    mlogit(9);

  INPUT ---    mlogit(7);

  INPUT ---    mlogit(8);

  INPUT ---    mlogit(9);

  INPUT ---    mlogit(7);

  INPUT ---    mlogit(8);

  INPUT ---    mlogit(9);

  INPUT ---    mlogit(7);

  Program  MARK  - Survival Rate Estimation with Capture-Recapture Data
   gfortran(dble/PIM2) Vers. 10.1 March 2023   8-Jan-2026 17:04:10    Page  008
 - - - - - - - - - - - - - - - - - - - - - - - - - - - - - - - - - - - - - -
 

  INPUT ---    mlogit(8);

  INPUT ---    mlogit(9);

  INPUT ---    mlogit(10);

  INPUT ---    mlogit(11);

  INPUT ---    mlogit(12);

  INPUT ---    mlogit(10);

  INPUT ---    mlogit(11);

  INPUT ---    mlogit(12);

  INPUT ---    mlogit(10);

  INPUT ---    mlogit(11);

  INPUT ---    mlogit(12);

  INPUT ---    mlogit(10);

  INPUT ---    mlogit(11);

  INPUT ---    mlogit(12);

  INPUT ---    mlogit(13);

  INPUT ---    mlogit(14);

  INPUT ---    mlogit(15);

  INPUT ---    mlogit(13);

  INPUT ---    mlogit(14);

  INPUT ---    mlogit(15);

  INPUT ---    mlogit(13);

  INPUT ---    mlogit(14);

  INPUT ---    mlogit(15);

  Program  MARK  - Survival Rate Estimation with Capture-Recapture Data
   gfortran(dble/PIM2) Vers. 10.1 March 2023   8-Jan-2026 17:04:10    Page  009
 - - - - - - - - - - - - - - - - - - - - - - - - - - - - - - - - - - - - - -
 

  INPUT ---    mlogit(13);

  INPUT ---    mlogit(14);

  INPUT ---    mlogit(15);
  INPUT ---       blabel(1)=S:(Intercept);
  INPUT ---       blabel(2)=S:recov_c;
  INPUT ---       blabel(3)=p:(Intercept);
  INPUT ---       blabel(4)=p:stratumB;
  INPUT ---       blabel(5)=p:stratumC;
  INPUT ---       blabel(6)=p:stratumD;
  INPUT ---       blabel(7)=p:stratumE;
  INPUT ---       blabel(8)=Psi:(Intercept);
  INPUT ---       blabel(9)=Psi:stratumB;
  INPUT ---       blabel(10)=Psi:stratumC;
  INPUT ---       blabel(11)=Psi:stratumD;
  INPUT ---       blabel(12)=Psi:stratumE;
  INPUT ---       rlabel(1)=S sA g1 c1 a0 o1 t1;
  INPUT ---       rlabel(2)=p sA g1 c1 a1 o1 t2;
  INPUT ---       rlabel(3)=p sB g1 c1 a1 o1 t2;
  INPUT ---       rlabel(4)=p sC g1 c1 a1 o1 t2;
  INPUT ---       rlabel(5)=p sD g1 c1 a1 o1 t2;
  INPUT ---       rlabel(6)=p sE g1 c1 a1 o1 t2;
  INPUT ---       rlabel(7)=Psi sA toB g1 c1 a0 o1 t1;
  INPUT ---       rlabel(8)=Psi sA toB g1 c1 a1 o2 t2;
  INPUT ---       rlabel(9)=Psi sA toB g1 c2 a0 o2 t2;
  INPUT ---       rlabel(10)=Psi sA toC g1 c1 a0 o1 t1;
  INPUT ---       rlabel(11)=Psi sA toC g1 c1 a1 o2 t2;
  INPUT ---       rlabel(12)=Psi sA toC g1 c2 a0 o2 t2;
  INPUT ---       rlabel(13)=Psi sA toD g1 c1 a0 o1 t1;
  INPUT ---       rlabel(14)=Psi sA toD g1 c1 a1 o2 t2;
  INPUT ---       rlabel(15)=Psi sA toD g1 c2 a0 o2 t2;
  INPUT ---       rlabel(16)=Psi sA toE g1 c1 a0 o1 t1;
  INPUT ---       rlabel(17)=Psi sA toE g1 c1 a1 o2 t2;
  INPUT ---       rlabel(18)=Psi sA toE g1 c2 a0 o2 t2;
  INPUT ---       rlabel(19)=Psi sB toA g1 c1 a0 o1 t1;
  INPUT ---       rlabel(20)=Psi sB toA g1 c1 a1 o2 t2;
  INPUT ---       rlabel(21)=Psi sB toA g1 c2 a0 o2 t2;
  INPUT ---       rlabel(22)=Psi sB toC g1 c1 a0 o1 t1;
  INPUT ---       rlabel(23)=Psi sB toC g1 c1 a1 o2 t2;
  INPUT ---       rlabel(24)=Psi sB toC g1 c2 a0 o2 t2;
  INPUT ---       rlabel(25)=Psi sB toD g1 c1 a0 o1 t1;
  INPUT ---       rlabel(26)=Psi sB toD g1 c1 a1 o2 t2;
  INPUT ---       rlabel(27)=Psi sB toD g1 c2 a0 o2 t2;
  INPUT ---       rlabel(28)=Psi sB toE g1 c1 a0 o1 t1;

  Program  MARK  - Survival Rate Estimation with Capture-Recapture Data
   gfortran(dble/PIM2) Vers. 10.1 March 2023   8-Jan-2026 17:04:10    Page  010
 - - - - - - - - - - - - - - - - - - - - - - - - - - - - - - - - - - - - - -
 
  INPUT ---       rlabel(29)=Psi sB toE g1 c1 a1 o2 t2;
  INPUT ---       rlabel(30)=Psi sB toE g1 c2 a0 o2 t2;
  INPUT ---       rlabel(31)=Psi sC toA g1 c1 a0 o1 t1;
  INPUT ---       rlabel(32)=Psi sC toA g1 c1 a1 o2 t2;
  INPUT ---       rlabel(33)=Psi sC toA g1 c2 a0 o2 t2;
  INPUT ---       rlabel(34)=Psi sC toB g1 c1 a0 o1 t1;
  INPUT ---       rlabel(35)=Psi sC toB g1 c1 a1 o2 t2;
  INPUT ---       rlabel(36)=Psi sC toB g1 c2 a0 o2 t2;
  INPUT ---       rlabel(37)=Psi sC toD g1 c1 a0 o1 t1;
  INPUT ---       rlabel(38)=Psi sC toD g1 c1 a1 o2 t2;
  INPUT ---       rlabel(39)=Psi sC toD g1 c2 a0 o2 t2;
  INPUT ---       rlabel(40)=Psi sC toE g1 c1 a0 o1 t1;
  INPUT ---       rlabel(41)=Psi sC toE g1 c1 a1 o2 t2;
  INPUT ---       rlabel(42)=Psi sC toE g1 c2 a0 o2 t2;
  INPUT ---       rlabel(43)=Psi sD toA g1 c1 a0 o1 t1;
  INPUT ---       rlabel(44)=Psi sD toA g1 c1 a1 o2 t2;
  INPUT ---       rlabel(45)=Psi sD toA g1 c2 a0 o2 t2;
  INPUT ---       rlabel(46)=Psi sD toB g1 c1 a0 o1 t1;
  INPUT ---       rlabel(47)=Psi sD toB g1 c1 a1 o2 t2;
  INPUT ---       rlabel(48)=Psi sD toB g1 c2 a0 o2 t2;
  INPUT ---       rlabel(49)=Psi sD toC g1 c1 a0 o1 t1;
  INPUT ---       rlabel(50)=Psi sD toC g1 c1 a1 o2 t2;
  INPUT ---       rlabel(51)=Psi sD toC g1 c2 a0 o2 t2;
  INPUT ---       rlabel(52)=Psi sD toE g1 c1 a0 o1 t1;
  INPUT ---       rlabel(53)=Psi sD toE g1 c1 a1 o2 t2;
  INPUT ---       rlabel(54)=Psi sD toE g1 c2 a0 o2 t2;
  INPUT ---       rlabel(55)=Psi sE toA g1 c1 a0 o1 t1;
  INPUT ---       rlabel(56)=Psi sE toA g1 c1 a1 o2 t2;
  INPUT ---       rlabel(57)=Psi sE toA g1 c2 a0 o2 t2;
  INPUT ---       rlabel(58)=Psi sE toB g1 c1 a0 o1 t1;
  INPUT ---       rlabel(59)=Psi sE toB g1 c1 a1 o2 t2;
  INPUT ---       rlabel(60)=Psi sE toB g1 c2 a0 o2 t2;
  INPUT ---       rlabel(61)=Psi sE toC g1 c1 a0 o1 t1;
  INPUT ---       rlabel(62)=Psi sE toC g1 c1 a1 o2 t2;
  INPUT ---       rlabel(63)=Psi sE toC g1 c2 a0 o2 t2;
  INPUT ---       rlabel(64)=Psi sE toD g1 c1 a0 o1 t1;
  INPUT ---       rlabel(65)=Psi sE toD g1 c1 a1 o2 t2;
  INPUT ---       rlabel(66)=Psi sE toD g1 c2 a0 o2 t2;
   Model is { S(~recov_c)p(~stratum)Psi(~stratum) }

 Link Function Used is PARM-SPECIFIC

 Variance Estimation Procedure Used is 2ndPart 
 -2logL(saturated) = 0.0000000     
 Effective Sample Size = 41954

 Number of function evaluations was 58 for 12 parameters.
 For numerical optimization, CPU Time was 14.781 seconds and System Time was 3.703 seconds.
 -2logL { S(~recov_c)p(~stratum)Psi(~stratum) } = 113117.94     
 Penalty { S(~recov_c)p(~stratum)Psi(~stratum) } = 0.0000000     

  Program  MARK  - Survival Rate Estimation with Capture-Recapture Data
   gfortran(dble/PIM2) Vers. 10.1 March 2023   8-Jan-2026 17:04:14    Page  011
 - - - - - - - - - - - - - - - - - - - - - - - - - - - - - - - - - - - - - -
 
 Gradient { S(~recov_c)p(~stratum)Psi(~stratum) }:
   0.0000000       0.0000000      0.74149697E-03   0.0000000       0.0000000    
  0.30003638E-03  0.31687540E-03 -0.53607610E-03 -0.33902791E-03  0.55077055E-03
   0.0000000       0.0000000    
 Maximum ABS(G) { S(~recov_c)p(~stratum)Psi(~stratum) } = 0.7414970E-03 
 To compute VC matrix, CPU Time was 3.516 seconds and System Time was 0.796 seconds.
 S Vector { S(~recov_c)p(~stratum)Psi(~stratum) }:
   9059.063      6454.261      1402.175      682.9421      554.7616    
   413.0931      373.8141      15.46081     0.2392475E-05 0.2392471E-05
  -0.000000      0.000000    
 To invert VC matrix, CPU Time was 0.001 seconds and System Time was 0.001 seconds.
 Ratio Threshold = 50.000000       Max Gap (8/9) = 6462264.6       Next Max Gap (7/8) = 24.178176     
 Gap Method for Num. of Estimated Parameters { S(~recov_c)p(~stratum)Psi(~stratum) } = 8          
 Threshold { S(~recov_c)p(~stratum)Psi(~stratum) } = 0.0014830               
 Numerical Threshold Method for Num. of Estimated Parameters { S(~recov_c)p(~stratum)Psi(~stratum) } = 8          
 Number of Estimated Parameters { S(~recov_c)p(~stratum)Psi(~stratum) } = 8          
 DEVIANCE { S(~recov_c)p(~stratum)Psi(~stratum) } = 113117.94               
 DEVIANCE Degrees of Freedom { S(~recov_c)p(~stratum)Psi(~stratum) } = 311          
 c-hat { S(~recov_c)p(~stratum)Psi(~stratum) } = 363.72327               
 AIC { S(~recov_c)p(~stratum)Psi(~stratum) } = 113133.94               
 AICc { S(~recov_c)p(~stratum)Psi(~stratum) } = 113133.94               
 BIC { S(~recov_c)p(~stratum)Psi(~stratum) } = 113203.09               
 Pearson Chisquare { S(~recov_c)p(~stratum)Psi(~stratum) } = 989556.63               
 Possible Encounter Histories { S(~recov_c)p(~stratum)Psi(~stratum) } = 126          
 Pearson Chisquare df { S(~recov_c)p(~stratum)Psi(~stratum) } = 112          
 Pearson chat { S(~recov_c)p(~stratum)Psi(~stratum) } = 8835.3271               
 Sum(Observed/Expected) { S(~recov_c)p(~stratum)Psi(~stratum) } = 10965.113               
 s-bar { S(~recov_c)p(~stratum)Psi(~stratum) } = 90.325938               
 Fletcher chat { S(~recov_c)p(~stratum)Psi(~stratum) } = 96.744992               

   * *  WARNING  * *   Divide by zero occurred during variance-covariance calculation of this model. 
     IEEE flag status at end of variance-covariance calculation:
     overflow       F
     divide by zero T
     invalid        T
     underflow      F
     inexact        T



    PARM-SPECIFIC Link Function Parameters of { S(~recov_c)p(~stratum)Psi(~stratum) }
                                                              95% Confidence Interval
    Parameter                  Beta         Standard Error     Lower           Upper
 -------------------------  --------------  --------------  --------------  --------------
    1:S:(Intercept)          21.546976       0.0000000       21.546976       21.546976    
    2:S:recov_c              1.0296102       0.0000000       1.0296102       1.0296102    
    3:p:(Intercept)          1.6340300       0.0000000       1.6340300       1.6340300    
    4:p:stratumB             0.6419115       0.0000000       0.6419115       0.6419115    
    5:p:stratumC            -1.4635077       0.0000000      -1.4635077      -1.4635077    
    6:p:stratumD            -2.2548142       0.0000000      -2.2548142      -2.2548142    
    7:p:stratumE            -2.0818507       0.0000000      -2.0818507      -2.0818507    
    8:Psi:(Intercept)       -0.8216861       0.0000000      -0.8216861      -0.8216861    
    9:Psi:stratumB          -1.8804783       0.0000000      -1.8804783      -1.8804783    
   10:Psi:stratumC           0.7730833       0.0000000       0.7730833       0.7730833    
   11:Psi:stratumD          -38.166699       0.0000000      -38.166699      -38.166699    
   12:Psi:stratumE           91.735863       0.0000000       91.735863       91.735863    


           Real Function Parameters of { S(~recov_c)p(~stratum)Psi(~stratum) }

  Program  MARK  - Survival Rate Estimation with Capture-Recapture Data
   gfortran(dble/PIM2) Vers. 10.1 March 2023   8-Jan-2026 17:04:15    Page  012
 - - - - - - - - - - - - - - - - - - - - - - - - - - - - - - - - - - - - - -
 

      Following estimates based on unstandardized individual covariate values:
          Variable                 Value        
          ----------------------  ------------- 
          RECOV_C                 -0.2828759E-09
                                                               95% Confidence Interval
     Parameter                Estimate       Standard Error     Lower           Upper
 --------------------------  --------------  --------------  --------------  --------------
     1:S sA g1 c1 a0 o1 t1    1.0000000       0.0000000       0.0000000       0.0000000       
     2:p sA g1 c1 a1 o1 t2    0.8367210       0.0000000       1.0000000      0.1140236E-306   
     3:p sB g1 c1 a1 o1 t2    0.9068648       0.0000000       1.0000000      0.2166573E-306   
     4:p sC g1 c1 a1 o1 t2    0.5425276       0.0000000       1.0000000      0.2638769E-307   
     5:p sD g1 c1 a1 o1 t2    0.3496031       0.0000000       1.0000000      0.1196028E-307   
     6:p sE g1 c1 a1 o1 t2    0.3898790       0.0000000       1.0000000      0.1421865E-307   
     7:Psi sA toB g1 c1 a0    0.1593795       0.0000000       1.0000000      0.4218684E-308   
     8:Psi sA toB g1 c1 a1    0.1593795       0.0000000       1.0000000      0.4218684E-308   
     9:Psi sA toB g1 c2 a0    0.1593795       0.0000000       1.0000000      0.4218684E-308   
    10:Psi sA toC g1 c1 a0    0.1593795       0.0000000       1.0000000      0.4218684E-308   
    11:Psi sA toC g1 c1 a1    0.1593795       0.0000000       1.0000000      0.4218684E-308   
    12:Psi sA toC g1 c2 a0    0.1593795       0.0000000       1.0000000      0.4218684E-308   
    13:Psi sA toD g1 c1 a0    0.1593795       0.0000000       1.0000000      0.4218684E-308   
    14:Psi sA toD g1 c1 a1    0.1593795       0.0000000       1.0000000      0.4218684E-308   
    15:Psi sA toD g1 c2 a0    0.1593795       0.0000000       1.0000000      0.4218684E-308   
    16:Psi sA toE g1 c1 a0    0.1593795       0.0000000       1.0000000      0.4218684E-308   
    17:Psi sA toE g1 c1 a1    0.1593795       0.0000000       1.0000000      0.4218684E-308   
    18:Psi sA toE g1 c2 a0    0.1593795       0.0000000       1.0000000      0.4218684E-308   
    19:Psi sB toA g1 c1 a0    0.0528766       0.0000000       1.0000000      0.1242227E-308   
    20:Psi sB toA g1 c1 a1    0.0528766       0.0000000       1.0000000      0.1242227E-308   
    21:Psi sB toA g1 c2 a0    0.0528766       0.0000000       1.0000000      0.1242227E-308   
    22:Psi sB toC g1 c1 a0    0.0528766       0.0000000       1.0000000      0.1242227E-308   
    23:Psi sB toC g1 c1 a1    0.0528766       0.0000000       1.0000000      0.1242227E-308   
    24:Psi sB toC g1 c2 a0    0.0528766       0.0000000       1.0000000      0.1242227E-308   
    25:Psi sB toD g1 c1 a0    0.0528766       0.0000000       1.0000000      0.1242227E-308   
    26:Psi sB toD g1 c1 a1    0.0528766       0.0000000       1.0000000      0.1242227E-308   
    27:Psi sB toD g1 c2 a0    0.0528766       0.0000000       1.0000000      0.1242227E-308   
    28:Psi sB toE g1 c1 a0    0.0528766       0.0000000       1.0000000      0.1242227E-308   
    29:Psi sB toE g1 c1 a1    0.0528766       0.0000000       1.0000000      0.1242227E-308   
    30:Psi sB toE g1 c2 a0    0.0528766       0.0000000       1.0000000      0.1242227E-308   
    31:Psi sC toA g1 c1 a0    0.1980275       0.0000000       1.0000000      0.5494276E-308   
    32:Psi sC toA g1 c1 a1    0.1980275       0.0000000       1.0000000      0.5494276E-308   
    33:Psi sC toA g1 c2 a0    0.1980275       0.0000000       1.0000000      0.5494276E-308   
    34:Psi sC toB g1 c1 a0    0.1980275       0.0000000       1.0000000      0.5494276E-308   
    35:Psi sC toB g1 c1 a1    0.1980275       0.0000000       1.0000000      0.5494276E-308   
    36:Psi sC toB g1 c2 a0    0.1980275       0.0000000       1.0000000      0.5494276E-308   
    37:Psi sC toD g1 c1 a0    0.1980275       0.0000000       1.0000000      0.5494276E-308   
    38:Psi sC toD g1 c1 a1    0.1980275       0.0000000       1.0000000      0.5494276E-308   
    39:Psi sC toD g1 c2 a0    0.1980275       0.0000000       1.0000000      0.5494276E-308   
    40:Psi sC toE g1 c1 a0    0.1980275       0.0000000       1.0000000      0.5494276E-308   
    41:Psi sC toE g1 c1 a1    0.1980275       0.0000000       1.0000000      0.5494276E-308   

  Program  MARK  - Survival Rate Estimation with Capture-Recapture Data
   gfortran(dble/PIM2) Vers. 10.1 March 2023   8-Jan-2026 17:04:15    Page  013
 - - - - - - - - - - - - - - - - - - - - - - - - - - - - - - - - - - - - - -
 
    42:Psi sC toE g1 c2 a0    0.1980275       0.0000000       1.0000000      0.5494276E-308   
    43:Psi sD toA g1 c1 a0    0.1168313E-16   0.0000000       0.0000000       0.0000000       
    44:Psi sD toA g1 c1 a1    0.1168313E-16   0.0000000       0.0000000       0.0000000       
    45:Psi sD toA g1 c2 a0    0.1168313E-16   0.0000000       0.0000000       0.0000000       
    46:Psi sD toB g1 c1 a0    0.1168313E-16   0.0000000       0.0000000       0.0000000       
    47:Psi sD toB g1 c1 a1    0.1168313E-16   0.0000000       0.0000000       0.0000000       
    48:Psi sD toB g1 c2 a0    0.1168313E-16   0.0000000       0.0000000       0.0000000       
    49:Psi sD toC g1 c1 a0    0.1168313E-16   0.0000000       0.0000000       0.0000000       
    50:Psi sD toC g1 c1 a1    0.1168313E-16   0.0000000       0.0000000       0.0000000       
    51:Psi sD toC g1 c2 a0    0.1168313E-16   0.0000000       0.0000000       0.0000000       
    52:Psi sD toE g1 c1 a0    0.1168313E-16   0.0000000       0.0000000       0.0000000       
    53:Psi sD toE g1 c1 a1    0.1168313E-16   0.0000000       0.0000000       0.0000000       
    54:Psi sD toE g1 c2 a0    0.1168313E-16   0.0000000       0.0000000       0.0000000       
    55:Psi sE toA g1 c1 a0    0.2500000       0.0000000       1.0000000      0.7416913E-308   
    56:Psi sE toA g1 c1 a1    0.2500000       0.0000000       1.0000000      0.7416913E-308   
    57:Psi sE toA g1 c2 a0    0.2500000       0.0000000       1.0000000      0.7416913E-308   
    58:Psi sE toB g1 c1 a0    0.2500000       0.0000000       1.0000000      0.7416913E-308   
    59:Psi sE toB g1 c1 a1    0.2500000       0.0000000       1.0000000      0.7416913E-308   
    60:Psi sE toB g1 c2 a0    0.2500000       0.0000000       1.0000000      0.7416913E-308   
    61:Psi sE toC g1 c1 a0    0.2500000       0.0000000       1.0000000      0.7416913E-308   
    62:Psi sE toC g1 c1 a1    0.2500000       0.0000000       1.0000000      0.7416913E-308   
    63:Psi sE toC g1 c2 a0    0.2500000       0.0000000       1.0000000      0.7416913E-308   
    64:Psi sE toD g1 c1 a0    0.2500000       0.0000000       1.0000000      0.7416913E-308   
    65:Psi sE toD g1 c1 a1    0.2500000       0.0000000       1.0000000      0.7416913E-308   
    66:Psi sE toD g1 c2 a0    0.2500000       0.0000000       1.0000000      0.7416913E-308   

 To compute parameter estimates, CPU Time was 0.001 seconds and System Time was 0.016 seconds.

 Attempted ordering of parameters by estimatibility:
   8  3  9  6  7 10  4  5  1  2 11 12
 Beta number 12 is a singular value.

   For procedure estimate CPU Time was 18.469 seconds and System Time was 5.531 seconds.

  Program  MARK  - Survival Rate Estimation with Capture-Recapture Data
   gfortran(dble/PIM2) Vers. 10.1 March 2023   8-Jan-2026 17:04:15    Page  014
 - - - - - - - - - - - - - - - - - - - - - - - - - - - - - - - - - - - - - -
 


  INPUT --- proc stop;

     For this job, CPU Time in minutes was 0.311 and System Time in minutes was 0.095.

     Time Start = 17:04:09.609   Time End = 17:04:15.323

     Wall Clock Time in minutes for this job was 0.095.

     Maximum of 25 words used of 4096 words allocated.


          E X E C U T I O N   S U C C E S S F U L 
