
 Program  MARK  - Survival Rate Estimation with Capture-Recapture Data
 gfortran(dble/PIM2) Vers. 11.2 Nov 2025   8-Jan-2026 14:45:39    Page  001
  
 - - - - - - - - - - - - - - - - - - - - - - - - - - - - - - - - - - - - - -
 
 Welcome to MARK Vuillemot on machine LORDI-1NRUQJIEA in subdirectory
   "C:\Users\Vuillemot\Desktop\cypripedium\Elian_cypripedium" running file "mark070.inp".
 This version was compiled by GCC version 15.2.0 using the options: 
  -cpp -iprefix C:/tdm-gcc-64/mingw64-15-2/bin/../lib/gcc/
  x86_64-w64-mingw32/15.2.0/ -D_MT -D_REENTRANT -U_REENTRANT -D
  dbleprecision -m64 -march=x86-64 -mtune=generic -mthreads -O3 -std=f2023
  -fimplicit-none -ffpe-summary=invalid,zero,overflow,underflow
  -funroll-loops -fno-unsafe-math-optimizations -frounding-math
  -fsignaling-nans -fprefetch-loop-arrays -fall-intrinsics -fopenmp

 This problem will use 3 of 4 possible threads.
 Static thread allocation is used.
 INPUT --- proc title ;

 For procedure title CPU Time was 0.001 secs and System Time was 0.001 secs.
 INPUT --- proc chmatrix occasions= 3 groups= 1 etype= Multistrata 
 INPUT --- Nodes= 101 strata=5 ICMeans  NoHist hist= 19 ;
 INPUT ---    time interval 1 1 ;
 INPUT ---     strata=1 2 3 4 5;
 INPUT ---    glabel(1)=Group 1;

      Number of unique encounter histories read was 19.

      Number of individual covariates read was 0.
      Time interval lengths are all equal to 1.

      Data type number is 9
      Data type is Multi-state with Live Recaptures

 For procedure chmatrix CPU Time was 0.001 secs and System Time was 0.001 secs.

Program  MARK  - Survival Rate Estimation with Capture-Recapture Data
 gfortran(dble/PIM2) Vers. 11.2 Nov 2025   8-Jan-2026 14:45:39    Page  002
 - - - - - - - - - - - - - - - - - - - - - - - - - - - - - - - - - - - - - -
 


 INPUT --- proc estimate link=Parm-Specific NOLOOP varest=2ndPart    ;
 INPUT --- model={ S(~stratum)p(~1)Psi(~stratum) };
 INPUT ---    group=1 S 1:Stratum1   rows=2 cols=2 Triang ;
 INPUT ---        1 1 ;
 INPUT ---        1 ;
 INPUT ---    group=1 S 2:Stratum2   rows=2 cols=2 Triang ;
 INPUT ---        2 2 ;
 INPUT ---        2 ;
 INPUT ---    group=1 S 3:Stratum3   rows=2 cols=2 Triang ;
 INPUT ---        3 3 ;
 INPUT ---        3 ;
 INPUT ---    group=1 S 4:Stratum4   rows=2 cols=2 Triang ;
 INPUT ---        4 4 ;
 INPUT ---        4 ;
 INPUT ---    group=1 S 5:Stratum5   rows=2 cols=2 Triang ;
 INPUT ---        5 5 ;
 INPUT ---        5 ;
 INPUT ---    group=1 p 1:Stratum1   rows=2 cols=2 Triang ;
 INPUT ---        6 6 ;
 INPUT ---        6 ;
 INPUT ---    group=1 p 2:Stratum2   rows=2 cols=2 Triang ;
 INPUT ---        6 6 ;
 INPUT ---        6 ;
 INPUT ---    group=1 p 3:Stratum3   rows=2 cols=2 Triang ;
 INPUT ---        6 6 ;
 INPUT ---        6 ;
 INPUT ---    group=1 p 4:Stratum4   rows=2 cols=2 Triang ;
 INPUT ---        6 6 ;
 INPUT ---        6 ;
 INPUT ---    group=1 p 5:Stratum5   rows=2 cols=2 Triang ;
 INPUT ---        6 6 ;
 INPUT ---        6 ;
 INPUT ---    group=1 Psi 1 to 2   rows=2 cols=2 Triang ;
 INPUT ---        7 8 ;
 INPUT ---        9 ;
 INPUT ---    group=1 Psi 1 to 3   rows=2 cols=2 Triang ;
 INPUT ---        10 11 ;
 INPUT ---        12 ;
 INPUT ---    group=1 Psi 1 to 4   rows=2 cols=2 Triang ;
 INPUT ---        13 14 ;
 INPUT ---        15 ;
 INPUT ---    group=1 Psi 1 to 5   rows=2 cols=2 Triang ;
 INPUT ---        16 17 ;
 INPUT ---        18 ;

Program  MARK  - Survival Rate Estimation with Capture-Recapture Data
 gfortran(dble/PIM2) Vers. 11.2 Nov 2025   8-Jan-2026 14:45:39    Page  003
 - - - - - - - - - - - - - - - - - - - - - - - - - - - - - - - - - - - - - -
 
 INPUT ---    group=1 Psi 2 to 1   rows=2 cols=2 Triang ;
 INPUT ---        19 20 ;
 INPUT ---        21 ;
 INPUT ---    group=1 Psi 2 to 3   rows=2 cols=2 Triang ;
 INPUT ---        22 23 ;
 INPUT ---        24 ;
 INPUT ---    group=1 Psi 2 to 4   rows=2 cols=2 Triang ;
 INPUT ---        25 26 ;
 INPUT ---        27 ;
 INPUT ---    group=1 Psi 2 to 5   rows=2 cols=2 Triang ;
 INPUT ---        28 29 ;
 INPUT ---        30 ;
 INPUT ---    group=1 Psi 3 to 1   rows=2 cols=2 Triang ;
 INPUT ---        31 32 ;
 INPUT ---        33 ;
 INPUT ---    group=1 Psi 3 to 2   rows=2 cols=2 Triang ;
 INPUT ---        34 35 ;
 INPUT ---        36 ;
 INPUT ---    group=1 Psi 3 to 4   rows=2 cols=2 Triang ;
 INPUT ---        37 38 ;
 INPUT ---        39 ;
 INPUT ---    group=1 Psi 3 to 5   rows=2 cols=2 Triang ;
 INPUT ---        40 41 ;
 INPUT ---        42 ;
 INPUT ---    group=1 Psi 4 to 1   rows=2 cols=2 Triang ;
 INPUT ---        43 44 ;
 INPUT ---        45 ;
 INPUT ---    group=1 Psi 4 to 2   rows=2 cols=2 Triang ;
 INPUT ---        46 47 ;
 INPUT ---        48 ;
 INPUT ---    group=1 Psi 4 to 3   rows=2 cols=2 Triang ;
 INPUT ---        49 50 ;
 INPUT ---        51 ;
 INPUT ---    group=1 Psi 4 to 5   rows=2 cols=2 Triang ;
 INPUT ---        52 53 ;
 INPUT ---        54 ;
 INPUT ---    group=1 Psi 5 to 1   rows=2 cols=2 Triang ;
 INPUT ---        55 56 ;
 INPUT ---        57 ;
 INPUT ---    group=1 Psi 5 to 2   rows=2 cols=2 Triang ;
 INPUT ---        58 59 ;
 INPUT ---        60 ;
 INPUT ---    group=1 Psi 5 to 3   rows=2 cols=2 Triang ;
 INPUT ---        61 62 ;
 INPUT ---        63 ;
 INPUT ---    group=1 Psi 5 to 4   rows=2 cols=2 Triang ;

Program  MARK  - Survival Rate Estimation with Capture-Recapture Data
 gfortran(dble/PIM2) Vers. 11.2 Nov 2025   8-Jan-2026 14:45:40    Page  004
 - - - - - - - - - - - - - - - - - - - - - - - - - - - - - - - - - - - - - -
 
 INPUT ---        64 65 ;
 INPUT ---        66 ;
 INPUT ---    design matrix constraints=66 covariates=11;
 INPUT ---        1 0 0 0 0 0 0 0 0 0 0;
 INPUT ---        1 1 0 0 0 0 0 0 0 0 0;
 INPUT ---        1 0 1 0 0 0 0 0 0 0 0;
 INPUT ---        1 0 0 1 0 0 0 0 0 0 0;
 INPUT ---        1 0 0 0 1 0 0 0 0 0 0;
 INPUT ---        0 0 0 0 0 1 0 0 0 0 0;
 INPUT ---        0 0 0 0 0 0 1 0 0 0 0;
 INPUT ---        0 0 0 0 0 0 1 0 0 0 0;
 INPUT ---        0 0 0 0 0 0 1 0 0 0 0;
 INPUT ---        0 0 0 0 0 0 1 0 0 0 0;
 INPUT ---        0 0 0 0 0 0 1 0 0 0 0;
 INPUT ---        0 0 0 0 0 0 1 0 0 0 0;
 INPUT ---        0 0 0 0 0 0 1 0 0 0 0;
 INPUT ---        0 0 0 0 0 0 1 0 0 0 0;
 INPUT ---        0 0 0 0 0 0 1 0 0 0 0;
 INPUT ---        0 0 0 0 0 0 1 0 0 0 0;
 INPUT ---        0 0 0 0 0 0 1 0 0 0 0;
 INPUT ---        0 0 0 0 0 0 1 0 0 0 0;
 INPUT ---        0 0 0 0 0 0 1 1 0 0 0;
 INPUT ---        0 0 0 0 0 0 1 1 0 0 0;
 INPUT ---        0 0 0 0 0 0 1 1 0 0 0;
 INPUT ---        0 0 0 0 0 0 1 1 0 0 0;
 INPUT ---        0 0 0 0 0 0 1 1 0 0 0;
 INPUT ---        0 0 0 0 0 0 1 1 0 0 0;
 INPUT ---        0 0 0 0 0 0 1 1 0 0 0;
 INPUT ---        0 0 0 0 0 0 1 1 0 0 0;
 INPUT ---        0 0 0 0 0 0 1 1 0 0 0;
 INPUT ---        0 0 0 0 0 0 1 1 0 0 0;
 INPUT ---        0 0 0 0 0 0 1 1 0 0 0;
 INPUT ---        0 0 0 0 0 0 1 1 0 0 0;
 INPUT ---        0 0 0 0 0 0 1 0 1 0 0;
 INPUT ---        0 0 0 0 0 0 1 0 1 0 0;
 INPUT ---        0 0 0 0 0 0 1 0 1 0 0;
 INPUT ---        0 0 0 0 0 0 1 0 1 0 0;
 INPUT ---        0 0 0 0 0 0 1 0 1 0 0;
 INPUT ---        0 0 0 0 0 0 1 0 1 0 0;
 INPUT ---        0 0 0 0 0 0 1 0 1 0 0;
 INPUT ---        0 0 0 0 0 0 1 0 1 0 0;
 INPUT ---        0 0 0 0 0 0 1 0 1 0 0;
 INPUT ---        0 0 0 0 0 0 1 0 1 0 0;
 INPUT ---        0 0 0 0 0 0 1 0 1 0 0;
 INPUT ---        0 0 0 0 0 0 1 0 1 0 0;
 INPUT ---        0 0 0 0 0 0 1 0 0 1 0;

Program  MARK  - Survival Rate Estimation with Capture-Recapture Data
 gfortran(dble/PIM2) Vers. 11.2 Nov 2025   8-Jan-2026 14:45:40    Page  005
 - - - - - - - - - - - - - - - - - - - - - - - - - - - - - - - - - - - - - -
 
 INPUT ---        0 0 0 0 0 0 1 0 0 1 0;
 INPUT ---        0 0 0 0 0 0 1 0 0 1 0;
 INPUT ---        0 0 0 0 0 0 1 0 0 1 0;
 INPUT ---        0 0 0 0 0 0 1 0 0 1 0;
 INPUT ---        0 0 0 0 0 0 1 0 0 1 0;
 INPUT ---        0 0 0 0 0 0 1 0 0 1 0;
 INPUT ---        0 0 0 0 0 0 1 0 0 1 0;
 INPUT ---        0 0 0 0 0 0 1 0 0 1 0;
 INPUT ---        0 0 0 0 0 0 1 0 0 1 0;
 INPUT ---        0 0 0 0 0 0 1 0 0 1 0;
 INPUT ---        0 0 0 0 0 0 1 0 0 1 0;
 INPUT ---        0 0 0 0 0 0 1 0 0 0 1;
 INPUT ---        0 0 0 0 0 0 1 0 0 0 1;
 INPUT ---        0 0 0 0 0 0 1 0 0 0 1;
 INPUT ---        0 0 0 0 0 0 1 0 0 0 1;
 INPUT ---        0 0 0 0 0 0 1 0 0 0 1;
 INPUT ---        0 0 0 0 0 0 1 0 0 0 1;
 INPUT ---        0 0 0 0 0 0 1 0 0 0 1;
 INPUT ---        0 0 0 0 0 0 1 0 0 0 1;
 INPUT ---        0 0 0 0 0 0 1 0 0 0 1;
 INPUT ---        0 0 0 0 0 0 1 0 0 0 1;
 INPUT ---        0 0 0 0 0 0 1 0 0 0 1;
 INPUT ---        0 0 0 0 0 0 1 0 0 0 1;
 INPUT ---    links=66;
 INPUT ---       Logit;
 INPUT ---       Logit;
 INPUT ---       Logit;
 INPUT ---       Logit;
 INPUT ---       Logit;
 INPUT ---       Logit;
 INPUT ---       mlogit(1);
 INPUT ---       mlogit(2);
 INPUT ---       mlogit(3);
 INPUT ---       mlogit(1);
 INPUT ---       mlogit(2);
 INPUT ---       mlogit(3);
 INPUT ---       mlogit(1);
 INPUT ---       mlogit(2);
 INPUT ---       mlogit(3);
 INPUT ---       mlogit(1);
 INPUT ---       mlogit(2);
 INPUT ---       mlogit(3);
 INPUT ---       mlogit(4);
 INPUT ---       mlogit(5);
 INPUT ---       mlogit(6);
 INPUT ---       mlogit(4);

Program  MARK  - Survival Rate Estimation with Capture-Recapture Data
 gfortran(dble/PIM2) Vers. 11.2 Nov 2025   8-Jan-2026 14:45:40    Page  006
 - - - - - - - - - - - - - - - - - - - - - - - - - - - - - - - - - - - - - -
 
 INPUT ---       mlogit(5);
 INPUT ---       mlogit(6);
 INPUT ---       mlogit(4);
 INPUT ---       mlogit(5);
 INPUT ---       mlogit(6);
 INPUT ---       mlogit(4);
 INPUT ---       mlogit(5);
 INPUT ---       mlogit(6);
 INPUT ---       mlogit(7);
 INPUT ---       mlogit(8);
 INPUT ---       mlogit(9);
 INPUT ---       mlogit(7);
 INPUT ---       mlogit(8);
 INPUT ---       mlogit(9);
 INPUT ---       mlogit(7);
 INPUT ---       mlogit(8);
 INPUT ---       mlogit(9);
 INPUT ---       mlogit(7);
 INPUT ---       mlogit(8);
 INPUT ---       mlogit(9);
 INPUT ---       mlogit(10);
 INPUT ---       mlogit(11);
 INPUT ---       mlogit(12);
 INPUT ---       mlogit(10);
 INPUT ---       mlogit(11);
 INPUT ---       mlogit(12);
 INPUT ---       mlogit(10);
 INPUT ---       mlogit(11);
 INPUT ---       mlogit(12);
 INPUT ---       mlogit(10);
 INPUT ---       mlogit(11);
 INPUT ---       mlogit(12);
 INPUT ---       mlogit(13);
 INPUT ---       mlogit(14);
 INPUT ---       mlogit(15);
 INPUT ---       mlogit(13);
 INPUT ---       mlogit(14);
 INPUT ---       mlogit(15);
 INPUT ---       mlogit(13);
 INPUT ---       mlogit(14);
 INPUT ---       mlogit(15);
 INPUT ---       mlogit(13);
 INPUT ---       mlogit(14);
 INPUT ---       mlogit(15);
 INPUT ---       blabel(1)=S:(Intercept);
 INPUT ---       blabel(2)=S:stratum2;

Program  MARK  - Survival Rate Estimation with Capture-Recapture Data
 gfortran(dble/PIM2) Vers. 11.2 Nov 2025   8-Jan-2026 14:45:40    Page  007
 - - - - - - - - - - - - - - - - - - - - - - - - - - - - - - - - - - - - - -
 
 INPUT ---       blabel(3)=S:stratum3;
 INPUT ---       blabel(4)=S:stratum4;
 INPUT ---       blabel(5)=S:stratum5;
 INPUT ---       blabel(6)=p:(Intercept);
 INPUT ---       blabel(7)=Psi:(Intercept);
 INPUT ---       blabel(8)=Psi:stratum2;
 INPUT ---       blabel(9)=Psi:stratum3;
 INPUT ---       blabel(10)=Psi:stratum4;
 INPUT ---       blabel(11)=Psi:stratum5;
 INPUT ---       rlabel(1)=S s1 g1 c1 a0 o1 t1;
 INPUT ---       rlabel(2)=S s2 g1 c1 a0 o1 t1;
 INPUT ---       rlabel(3)=S s3 g1 c1 a0 o1 t1;
 INPUT ---       rlabel(4)=S s4 g1 c1 a0 o1 t1;
 INPUT ---       rlabel(5)=S s5 g1 c1 a0 o1 t1;
 INPUT ---       rlabel(6)=p s1 g1 c1 a1 o1 t2;
 INPUT ---       rlabel(7)=Psi s1 to2 g1 c1 a0 o1 t1;
 INPUT ---       rlabel(8)=Psi s1 to2 g1 c1 a1 o2 t2;
 INPUT ---       rlabel(9)=Psi s1 to2 g1 c2 a0 o2 t2;
 INPUT ---       rlabel(10)=Psi s1 to3 g1 c1 a0 o1 t1;
 INPUT ---       rlabel(11)=Psi s1 to3 g1 c1 a1 o2 t2;
 INPUT ---       rlabel(12)=Psi s1 to3 g1 c2 a0 o2 t2;
 INPUT ---       rlabel(13)=Psi s1 to4 g1 c1 a0 o1 t1;
 INPUT ---       rlabel(14)=Psi s1 to4 g1 c1 a1 o2 t2;
 INPUT ---       rlabel(15)=Psi s1 to4 g1 c2 a0 o2 t2;
 INPUT ---       rlabel(16)=Psi s1 to5 g1 c1 a0 o1 t1;
 INPUT ---       rlabel(17)=Psi s1 to5 g1 c1 a1 o2 t2;
 INPUT ---       rlabel(18)=Psi s1 to5 g1 c2 a0 o2 t2;
 INPUT ---       rlabel(19)=Psi s2 to1 g1 c1 a0 o1 t1;
 INPUT ---       rlabel(20)=Psi s2 to1 g1 c1 a1 o2 t2;
 INPUT ---       rlabel(21)=Psi s2 to1 g1 c2 a0 o2 t2;
 INPUT ---       rlabel(22)=Psi s2 to3 g1 c1 a0 o1 t1;
 INPUT ---       rlabel(23)=Psi s2 to3 g1 c1 a1 o2 t2;
 INPUT ---       rlabel(24)=Psi s2 to3 g1 c2 a0 o2 t2;
 INPUT ---       rlabel(25)=Psi s2 to4 g1 c1 a0 o1 t1;
 INPUT ---       rlabel(26)=Psi s2 to4 g1 c1 a1 o2 t2;
 INPUT ---       rlabel(27)=Psi s2 to4 g1 c2 a0 o2 t2;
 INPUT ---       rlabel(28)=Psi s2 to5 g1 c1 a0 o1 t1;
 INPUT ---       rlabel(29)=Psi s2 to5 g1 c1 a1 o2 t2;
 INPUT ---       rlabel(30)=Psi s2 to5 g1 c2 a0 o2 t2;
 INPUT ---       rlabel(31)=Psi s3 to1 g1 c1 a0 o1 t1;
 INPUT ---       rlabel(32)=Psi s3 to1 g1 c1 a1 o2 t2;
 INPUT ---       rlabel(33)=Psi s3 to1 g1 c2 a0 o2 t2;
 INPUT ---       rlabel(34)=Psi s3 to2 g1 c1 a0 o1 t1;
 INPUT ---       rlabel(35)=Psi s3 to2 g1 c1 a1 o2 t2;
 INPUT ---       rlabel(36)=Psi s3 to2 g1 c2 a0 o2 t2;
 INPUT ---       rlabel(37)=Psi s3 to4 g1 c1 a0 o1 t1;

Program  MARK  - Survival Rate Estimation with Capture-Recapture Data
 gfortran(dble/PIM2) Vers. 11.2 Nov 2025   8-Jan-2026 14:45:40    Page  008
 - - - - - - - - - - - - - - - - - - - - - - - - - - - - - - - - - - - - - -
 
 INPUT ---       rlabel(38)=Psi s3 to4 g1 c1 a1 o2 t2;
 INPUT ---       rlabel(39)=Psi s3 to4 g1 c2 a0 o2 t2;
 INPUT ---       rlabel(40)=Psi s3 to5 g1 c1 a0 o1 t1;
 INPUT ---       rlabel(41)=Psi s3 to5 g1 c1 a1 o2 t2;
 INPUT ---       rlabel(42)=Psi s3 to5 g1 c2 a0 o2 t2;
 INPUT ---       rlabel(43)=Psi s4 to1 g1 c1 a0 o1 t1;
 INPUT ---       rlabel(44)=Psi s4 to1 g1 c1 a1 o2 t2;
 INPUT ---       rlabel(45)=Psi s4 to1 g1 c2 a0 o2 t2;
 INPUT ---       rlabel(46)=Psi s4 to2 g1 c1 a0 o1 t1;
 INPUT ---       rlabel(47)=Psi s4 to2 g1 c1 a1 o2 t2;
 INPUT ---       rlabel(48)=Psi s4 to2 g1 c2 a0 o2 t2;
 INPUT ---       rlabel(49)=Psi s4 to3 g1 c1 a0 o1 t1;
 INPUT ---       rlabel(50)=Psi s4 to3 g1 c1 a1 o2 t2;
 INPUT ---       rlabel(51)=Psi s4 to3 g1 c2 a0 o2 t2;
 INPUT ---       rlabel(52)=Psi s4 to5 g1 c1 a0 o1 t1;
 INPUT ---       rlabel(53)=Psi s4 to5 g1 c1 a1 o2 t2;
 INPUT ---       rlabel(54)=Psi s4 to5 g1 c2 a0 o2 t2;
 INPUT ---       rlabel(55)=Psi s5 to1 g1 c1 a0 o1 t1;
 INPUT ---       rlabel(56)=Psi s5 to1 g1 c1 a1 o2 t2;
 INPUT ---       rlabel(57)=Psi s5 to1 g1 c2 a0 o2 t2;
 INPUT ---       rlabel(58)=Psi s5 to2 g1 c1 a0 o1 t1;
 INPUT ---       rlabel(59)=Psi s5 to2 g1 c1 a1 o2 t2;
 INPUT ---       rlabel(60)=Psi s5 to2 g1 c2 a0 o2 t2;
 INPUT ---       rlabel(61)=Psi s5 to3 g1 c1 a0 o1 t1;
 INPUT ---       rlabel(62)=Psi s5 to3 g1 c1 a1 o2 t2;
 INPUT ---       rlabel(63)=Psi s5 to3 g1 c2 a0 o2 t2;
 INPUT ---       rlabel(64)=Psi s5 to4 g1 c1 a0 o1 t1;
 INPUT ---       rlabel(65)=Psi s5 to4 g1 c1 a1 o2 t2;
 INPUT ---       rlabel(66)=Psi s5 to4 g1 c2 a0 o2 t2;
   Model is { S(~stratum)p(~1)Psi(~stratum) }

 Link Function Used is PARM-SPECIFIC

 Variance Estimation Procedure Used is 2ndPart 
 -2logL(saturated) = 776.47336     
 Effective Sample Size = 700

 Number of function evaluations was 46 for 11 parameters.
 For numerical optimization, CPU Time was 0.141 secs and System Time was 0.234 secs.
 -2logL { S(~stratum)p(~1)Psi(~stratum) } = 1260.4747     
 Penalty { S(~stratum)p(~1)Psi(~stratum) } = 0.0000000     
 Gradient { S(~stratum)p(~1)Psi(~stratum) }:
   0.0000       0.0000       0.0000       0.0000       0.0000    
   0.0000       0.0000       0.0000       0.0000       0.0000    
   0.0000    
 Maximum ABS(G) { S(~stratum)p(~1)Psi(~stratum) } =   0.0000    
 To compute VC matrix, CPU Time was 0.062 secs and System Time was 0.109 secs.

Program  MARK  - Survival Rate Estimation with Capture-Recapture Data
 gfortran(dble/PIM2) Vers. 11.2 Nov 2025   8-Jan-2026 14:45:41    Page  009
 - - - - - - - - - - - - - - - - - - - - - - - - - - - - - - - - - - - - - -
 
 S Vector { S(~stratum)p(~1)Psi(~stratum) }:
   139.3483      24.06293      5.776410     0.3814697E-05 0.3814697E-05
  0.3544840E-05 0.4799450E-06 0.1256437E-06 0.1319841E-07 0.4208938E-08
  0.3719191E-08
 To invert VC matrix, CPU Time was 0.001 secs and System Time was 0.001 secs.
 Ratio Threshold = 50.00 Max Gap (3/4) = 1.5143E+6 Next Max Gap (8/9) = 9.520
 Gap Method for Num. of Estimated Parameters { S(~stratum)p(~1)Psi(~stratum) } = 3          
 Numerical Threshold Method for Num. of Estimated Parameters { S(~stratum)p(~1)Psi(~stratum) } = 3          
 Number of Estimated Parameters { S(~stratum)p(~1)Psi(~stratum) } = 3          
 DEVIANCE { S(~stratum)p(~1)Psi(~stratum) } = 484.00136               
 DEVIANCE Degrees of Freedom { S(~stratum)p(~1)Psi(~stratum) } = 13          
 c-hat { S(~stratum)p(~1)Psi(~stratum) } = 37.230874               
 AIC { S(~stratum)p(~1)Psi(~stratum) } = 1266.4747               
 AICc { S(~stratum)p(~1)Psi(~stratum) } = 1266.5092               
 BIC { S(~stratum)p(~1)Psi(~stratum) } = 1280.1280               
 Pearson Chisquare { S(~stratum)p(~1)Psi(~stratum) } = 793.45345               
 Possible Encounter Histories { S(~stratum)p(~1)Psi(~stratum) } = 108          
 Pearson Chisquare df { S(~stratum)p(~1)Psi(~stratum) } = 102          
 Pearson chat { S(~stratum)p(~1)Psi(~stratum) } = 7.7789554               
 Sum(Observed/Expected) { S(~stratum)p(~1)Psi(~stratum) } = 81.532890               
 s-bar { S(~stratum)p(~1)Psi(~stratum) } = -0.2520677              
 Fletcher chat { S(~stratum)p(~1)Psi(~stratum) } = 10.400614               


       PARM-SPECIFIC Link Function Parameters of { S(~stratum)p(~1)Psi(~stratum) }
                                                              95% Confidence Interval
    Parameter                  Beta         Standard Error     Lower           Upper
 -------------------------  --------------  --------------  --------------  --------------
    1:S:(Intercept)          27.334591       0.0000000       27.334591       27.334591    
    2:S:stratum2             4.5394140       0.0000000       4.5394140       4.5394140    
    3:S:stratum3            -3.8830922       0.0000000      -3.8830922      -3.8830922    
    4:S:stratum4            -0.0373652       0.0000000      -0.0373652      -0.0373652    
    5:S:stratum5             0.0000000       0.0000000       0.0000000       0.0000000    
    6:p:(Intercept)          30.120926       15255.561      -29870.780       29931.022    
    7:Psi:(Intercept)       -1.8898207       0.1207701      -2.1265301      -1.6531113    
    8:Psi:stratum2          -1.3140410       0.1933338      -1.6929754      -0.9351067    
    9:Psi:stratum3           1.9205925       0.4121753       1.1127288       2.7284561    
   10:Psi:stratum4          -31.026230       0.0000000      -31.026230      -31.026230    
   11:Psi:stratum5           0.0000000       0.0000000       0.0000000       0.0000000    

Program  MARK  - Survival Rate Estimation with Capture-Recapture Data
 gfortran(dble/PIM2) Vers. 11.2 Nov 2025   8-Jan-2026 14:45:41    Page  010
 - - - - - - - - - - - - - - - - - - - - - - - - - - - - - - - - - - - - - -
 
              Real Function Parameters of { S(~stratum)p(~1)Psi(~stratum) }
                                                               95% Confidence Interval
     Parameter                Estimate       Standard Error     Lower           Upper
 --------------------------  --------------  --------------  --------------  --------------
     1:S s1 g1 c1 a0 o1 t1    1.0000000       0.0000000       1.0000000       1.0000000       
     2:S s2 g1 c1 a0 o1 t1    1.0000000       0.0000000       1.0000000       1.0000000       
     3:S s3 g1 c1 a0 o1 t1    1.0000000       0.0000000       1.0000000       1.0000000       
     4:S s4 g1 c1 a0 o1 t1    1.0000000       0.0000000       1.0000000       1.0000000       
     5:S s5 g1 c1 a0 o1 t1    1.0000000       0.0000000       1.0000000       1.0000000       
     6:p s1 g1 c1 a1 o1 t2    1.0000000       0.0000000       1.0000000       1.0000000       
     7:Psi s1 to2 g1 c1 a0    0.0941781       0.0070892       0.0811717       0.1090213       
     8:Psi s1 to2 g1 c1 a1    0.0941781       0.0070892       0.0811717       0.1090213       
     9:Psi s1 to2 g1 c2 a0    0.0941781       0.0070892       0.0811717       0.1090213       
    10:Psi s1 to3 g1 c1 a0    0.0941781       0.0070892       0.0811717       0.1090213       
    11:Psi s1 to3 g1 c1 a1    0.0941781       0.0070892       0.0811717       0.1090213       
    12:Psi s1 to3 g1 c2 a0    0.0941781       0.0070892       0.0811717       0.1090213       
    13:Psi s1 to4 g1 c1 a0    0.0941781       0.0070892       0.0811717       0.1090213       
    14:Psi s1 to4 g1 c1 a1    0.0941781       0.0070892       0.0811717       0.1090213       
    15:Psi s1 to4 g1 c2 a0    0.0941781       0.0070892       0.0811717       0.1090213       
    16:Psi s1 to5 g1 c1 a0    0.0941781       0.0070892       0.0811717       0.1090213       
    17:Psi s1 to5 g1 c1 a1    0.0941781       0.0070892       0.0811717       0.1090213       
    18:Psi s1 to5 g1 c2 a0    0.0941781       0.0070892       0.0811717       0.1090213       
    19:Psi s2 to1 g1 c1 a0    0.0349315       0.0045368       0.0270516       0.0450005       
    20:Psi s2 to1 g1 c1 a1    0.0349315       0.0045368       0.0270516       0.0450005       
    21:Psi s2 to1 g1 c2 a0    0.0349315       0.0045368       0.0270516       0.0450005       
    22:Psi s2 to3 g1 c1 a0    0.0349315       0.0045368       0.0270516       0.0450005       
    23:Psi s2 to3 g1 c1 a1    0.0349315       0.0045368       0.0270516       0.0450005       
    24:Psi s2 to3 g1 c2 a0    0.0349315       0.0045368       0.0270516       0.0450005       
    25:Psi s2 to4 g1 c1 a0    0.0349315       0.0045368       0.0270516       0.0450005       
    26:Psi s2 to4 g1 c1 a1    0.0349315       0.0045368       0.0270516       0.0450005       
    27:Psi s2 to4 g1 c2 a0    0.0349315       0.0045368       0.0270516       0.0450005       
    28:Psi s2 to5 g1 c1 a0    0.0349315       0.0045368       0.0270516       0.0450005       
    29:Psi s2 to5 g1 c1 a1    0.0349315       0.0045368       0.0270516       0.0450005       
    30:Psi s2 to5 g1 c2 a0    0.0349315       0.0045368       0.0270516       0.0450005       
    31:Psi s3 to1 g1 c1 a0    0.2012195       0.0154727       0.1725917       0.2332571       
    32:Psi s3 to1 g1 c1 a1    0.2012195       0.0154727       0.1725917       0.2332571       
    33:Psi s3 to1 g1 c2 a0    0.2012195       0.0154727       0.1725917       0.2332571       
    34:Psi s3 to2 g1 c1 a0    0.2012195       0.0154727       0.1725917       0.2332571       
    35:Psi s3 to2 g1 c1 a1    0.2012195       0.0154727       0.1725917       0.2332571       
    36:Psi s3 to2 g1 c2 a0    0.2012195       0.0154727       0.1725917       0.2332571       
    37:Psi s3 to4 g1 c1 a0    0.2012195       0.0154727       0.1725917       0.2332571       
    38:Psi s3 to4 g1 c1 a1    0.2012195       0.0154727       0.1725917       0.2332571       
    39:Psi s3 to4 g1 c2 a0    0.2012195       0.0154727       0.1725917       0.2332571       
    40:Psi s3 to5 g1 c1 a0    0.2012195       0.0154727       0.1725917       0.2332571       
    41:Psi s3 to5 g1 c1 a1    0.2012195       0.0154727       0.1725917       0.2332571       

Program  MARK  - Survival Rate Estimation with Capture-Recapture Data
 gfortran(dble/PIM2) Vers. 11.2 Nov 2025   8-Jan-2026 14:45:41    Page  011
 - - - - - - - - - - - - - - - - - - - - - - - - - - - - - - - - - - - - - -
 
    42:Psi s3 to5 g1 c2 a0    0.2012195       0.0154727       0.1725917       0.2332571       
    43:Psi s4 to1 g1 c1 a0    0.5066880E-14   0.0000000       0.5066880E-14   0.5066880E-14   
    44:Psi s4 to1 g1 c1 a1    0.5066880E-14   0.0000000       0.5066880E-14   0.5066880E-14   
    45:Psi s4 to1 g1 c2 a0    0.5066880E-14   0.0000000       0.5066880E-14   0.5066880E-14   
    46:Psi s4 to2 g1 c1 a0    0.5066880E-14   0.0000000       0.5066880E-14   0.5066880E-14   
    47:Psi s4 to2 g1 c1 a1    0.5066880E-14   0.0000000       0.5066880E-14   0.5066880E-14   
    48:Psi s4 to2 g1 c2 a0    0.5066880E-14   0.0000000       0.5066880E-14   0.5066880E-14   
    49:Psi s4 to3 g1 c1 a0    0.5066880E-14   0.0000000       0.5066880E-14   0.5066880E-14   
    50:Psi s4 to3 g1 c1 a1    0.5066880E-14   0.0000000       0.5066880E-14   0.5066880E-14   
    51:Psi s4 to3 g1 c2 a0    0.5066880E-14   0.0000000       0.5066880E-14   0.5066880E-14   
    52:Psi s4 to5 g1 c1 a0    0.5066880E-14   0.0000000       0.5066880E-14   0.5066880E-14   
    53:Psi s4 to5 g1 c1 a1    0.5066880E-14   0.0000000       0.5066880E-14   0.5066880E-14   
    54:Psi s4 to5 g1 c2 a0    0.5066880E-14   0.0000000       0.5066880E-14   0.5066880E-14   
    55:Psi s5 to1 g1 c1 a0    0.0941781       0.0000000       0.0941781       0.0941781       
    56:Psi s5 to1 g1 c1 a1    0.0941781       0.0000000       0.0941781       0.0941781       
    57:Psi s5 to1 g1 c2 a0    0.0941781       0.0000000       0.0941781       0.0941781       
    58:Psi s5 to2 g1 c1 a0    0.0941781       0.0000000       0.0941781       0.0941781       
    59:Psi s5 to2 g1 c1 a1    0.0941781       0.0000000       0.0941781       0.0941781       
    60:Psi s5 to2 g1 c2 a0    0.0941781       0.0000000       0.0941781       0.0941781       
    61:Psi s5 to3 g1 c1 a0    0.0941781       0.0000000       0.0941781       0.0941781       
    62:Psi s5 to3 g1 c1 a1    0.0941781       0.0000000       0.0941781       0.0941781       
    63:Psi s5 to3 g1 c2 a0    0.0941781       0.0000000       0.0941781       0.0941781       
    64:Psi s5 to4 g1 c1 a0    0.0941781       0.0000000       0.0941781       0.0941781       
    65:Psi s5 to4 g1 c1 a1    0.0941781       0.0000000       0.0941781       0.0941781       
    66:Psi s5 to4 g1 c2 a0    0.0941781       0.0000000       0.0941781       0.0941781       

 To compute parameter estimates, CPU Time was 0.016 secs and System Time was 0.078 secs.

 Attempted ordering of parameters by estimatibility:
   7  8  9  5 11  4  3  2  1  6 10
 Beta number 10 is a singular value.

 For procedure estimate CPU Time was 0.266 secs and System Time was 1.359 secs.

Program  MARK  - Survival Rate Estimation with Capture-Recapture Data
 gfortran(dble/PIM2) Vers. 11.2 Nov 2025   8-Jan-2026 14:45:41    Page  012
 - - - - - - - - - - - - - - - - - - - - - - - - - - - - - - - - - - - - - -
 


 INPUT --- proc stop;

 For this job, CPU Time in mins was 0.006 and System Time in mins was 0.025.

     Time Start = 14:45:39.735   Time End = 14:45:41.256

 Wall Clock Time in mins for this job was 0.023.

 Maximum of 22 words used.


          E X E C U T I O N   S U C C E S S F U L
