
 Program  MARK  - Survival Rate Estimation with Capture-Recapture Data
 gfortran(dble/PIM2) Vers. 11.2 Nov 2025   8-Jan-2026 14:49:32    Page  001
  
 - - - - - - - - - - - - - - - - - - - - - - - - - - - - - - - - - - - - - -
 
 Welcome to MARK Vuillemot on machine LORDI-1NRUQJIEA in subdirectory
   "C:\Users\Vuillemot\Desktop\cypripedium\Elian_cypripedium" running file "mark075.inp".
 This version was compiled by GCC version 15.2.0 using the options: 
  -cpp -iprefix C:/tdm-gcc-64/mingw64-15-2/bin/../lib/gcc/
  x86_64-w64-mingw32/15.2.0/ -D_MT -D_REENTRANT -U_REENTRANT -D
  dbleprecision -m64 -march=x86-64 -mtune=generic -mthreads -O3 -std=f2023
  -fimplicit-none -ffpe-summary=invalid,zero,overflow,underflow
  -funroll-loops -fno-unsafe-math-optimizations -frounding-math
  -fsignaling-nans -fprefetch-loop-arrays -fall-intrinsics -fopenmp

 This problem will use 3 of 4 possible threads.
 Static thread allocation is used.
 INPUT --- proc title ;

 For procedure title CPU Time was 0.001 secs and System Time was 0.001 secs.
 INPUT --- proc chmatrix occasions= 3 groups= 1 etype= Multistrata 
 INPUT --- Nodes= 101 strata=5 ICMeans  NoHist hist= 62 ;
 INPUT ---    time interval 1 1 ;
 INPUT ---     strata=A B C D E;
 INPUT ---    glabel(1)=Group 1;

      Number of unique encounter histories read was 62.

      Number of individual covariates read was 0.
      Time interval lengths are all equal to 1.

      Data type number is 9
      Data type is Multi-state with Live Recaptures

 For procedure chmatrix CPU Time was 0.001 secs and System Time was 0.001 secs.

Program  MARK  - Survival Rate Estimation with Capture-Recapture Data
 gfortran(dble/PIM2) Vers. 11.2 Nov 2025   8-Jan-2026 14:49:32    Page  002
 - - - - - - - - - - - - - - - - - - - - - - - - - - - - - - - - - - - - - -
 


 INPUT --- proc estimate link=Parm-Specific NOLOOP varest=2ndPart    ;
 INPUT --- model={ S(~1)p(~1)Psi(~stratum) };
 INPUT ---    group=1 S A:StratumA   rows=2 cols=2 Triang ;
 INPUT ---        1 1 ;
 INPUT ---        1 ;
 INPUT ---    group=1 S B:StratumB   rows=2 cols=2 Triang ;
 INPUT ---        1 1 ;
 INPUT ---        1 ;
 INPUT ---    group=1 S C:StratumC   rows=2 cols=2 Triang ;
 INPUT ---        1 1 ;
 INPUT ---        1 ;
 INPUT ---    group=1 S D:StratumD   rows=2 cols=2 Triang ;
 INPUT ---        1 1 ;
 INPUT ---        1 ;
 INPUT ---    group=1 S E:StratumE   rows=2 cols=2 Triang ;
 INPUT ---        1 1 ;
 INPUT ---        1 ;
 INPUT ---    group=1 p A:StratumA   rows=2 cols=2 Triang ;
 INPUT ---        2 2 ;
 INPUT ---        2 ;
 INPUT ---    group=1 p B:StratumB   rows=2 cols=2 Triang ;
 INPUT ---        2 2 ;
 INPUT ---        2 ;
 INPUT ---    group=1 p C:StratumC   rows=2 cols=2 Triang ;
 INPUT ---        2 2 ;
 INPUT ---        2 ;
 INPUT ---    group=1 p D:StratumD   rows=2 cols=2 Triang ;
 INPUT ---        2 2 ;
 INPUT ---        2 ;
 INPUT ---    group=1 p E:StratumE   rows=2 cols=2 Triang ;
 INPUT ---        2 2 ;
 INPUT ---        2 ;
 INPUT ---    group=1 Psi A to B   rows=2 cols=2 Triang ;
 INPUT ---        3 4 ;
 INPUT ---        5 ;
 INPUT ---    group=1 Psi A to C   rows=2 cols=2 Triang ;
 INPUT ---        6 7 ;
 INPUT ---        8 ;
 INPUT ---    group=1 Psi A to D   rows=2 cols=2 Triang ;
 INPUT ---        9 10 ;
 INPUT ---        11 ;
 INPUT ---    group=1 Psi A to E   rows=2 cols=2 Triang ;
 INPUT ---        12 13 ;
 INPUT ---        14 ;

Program  MARK  - Survival Rate Estimation with Capture-Recapture Data
 gfortran(dble/PIM2) Vers. 11.2 Nov 2025   8-Jan-2026 14:49:32    Page  003
 - - - - - - - - - - - - - - - - - - - - - - - - - - - - - - - - - - - - - -
 
 INPUT ---    group=1 Psi B to A   rows=2 cols=2 Triang ;
 INPUT ---        15 16 ;
 INPUT ---        17 ;
 INPUT ---    group=1 Psi B to C   rows=2 cols=2 Triang ;
 INPUT ---        18 19 ;
 INPUT ---        20 ;
 INPUT ---    group=1 Psi B to D   rows=2 cols=2 Triang ;
 INPUT ---        21 22 ;
 INPUT ---        23 ;
 INPUT ---    group=1 Psi B to E   rows=2 cols=2 Triang ;
 INPUT ---        24 25 ;
 INPUT ---        26 ;
 INPUT ---    group=1 Psi C to A   rows=2 cols=2 Triang ;
 INPUT ---        27 28 ;
 INPUT ---        29 ;
 INPUT ---    group=1 Psi C to B   rows=2 cols=2 Triang ;
 INPUT ---        30 31 ;
 INPUT ---        32 ;
 INPUT ---    group=1 Psi C to D   rows=2 cols=2 Triang ;
 INPUT ---        33 34 ;
 INPUT ---        35 ;
 INPUT ---    group=1 Psi C to E   rows=2 cols=2 Triang ;
 INPUT ---        36 37 ;
 INPUT ---        38 ;
 INPUT ---    group=1 Psi D to A   rows=2 cols=2 Triang ;
 INPUT ---        39 40 ;
 INPUT ---        41 ;
 INPUT ---    group=1 Psi D to B   rows=2 cols=2 Triang ;
 INPUT ---        42 43 ;
 INPUT ---        44 ;
 INPUT ---    group=1 Psi D to C   rows=2 cols=2 Triang ;
 INPUT ---        45 46 ;
 INPUT ---        47 ;
 INPUT ---    group=1 Psi D to E   rows=2 cols=2 Triang ;
 INPUT ---        48 49 ;
 INPUT ---        50 ;
 INPUT ---    group=1 Psi E to A   rows=2 cols=2 Triang ;
 INPUT ---        51 52 ;
 INPUT ---        53 ;
 INPUT ---    group=1 Psi E to B   rows=2 cols=2 Triang ;
 INPUT ---        54 55 ;
 INPUT ---        56 ;
 INPUT ---    group=1 Psi E to C   rows=2 cols=2 Triang ;
 INPUT ---        57 58 ;
 INPUT ---        59 ;
 INPUT ---    group=1 Psi E to D   rows=2 cols=2 Triang ;

Program  MARK  - Survival Rate Estimation with Capture-Recapture Data
 gfortran(dble/PIM2) Vers. 11.2 Nov 2025   8-Jan-2026 14:49:32    Page  004
 - - - - - - - - - - - - - - - - - - - - - - - - - - - - - - - - - - - - - -
 
 INPUT ---        60 61 ;
 INPUT ---        62 ;
 INPUT ---    design matrix constraints=62 covariates=7;
 INPUT ---        1 0 0 0 0 0 0;
 INPUT ---        0 1 0 0 0 0 0;
 INPUT ---        0 0 1 0 0 0 0;
 INPUT ---        0 0 1 0 0 0 0;
 INPUT ---        0 0 1 0 0 0 0;
 INPUT ---        0 0 1 0 0 0 0;
 INPUT ---        0 0 1 0 0 0 0;
 INPUT ---        0 0 1 0 0 0 0;
 INPUT ---        0 0 1 0 0 0 0;
 INPUT ---        0 0 1 0 0 0 0;
 INPUT ---        0 0 1 0 0 0 0;
 INPUT ---        0 0 1 0 0 0 0;
 INPUT ---        0 0 1 0 0 0 0;
 INPUT ---        0 0 1 0 0 0 0;
 INPUT ---        0 0 1 1 0 0 0;
 INPUT ---        0 0 1 1 0 0 0;
 INPUT ---        0 0 1 1 0 0 0;
 INPUT ---        0 0 1 1 0 0 0;
 INPUT ---        0 0 1 1 0 0 0;
 INPUT ---        0 0 1 1 0 0 0;
 INPUT ---        0 0 1 1 0 0 0;
 INPUT ---        0 0 1 1 0 0 0;
 INPUT ---        0 0 1 1 0 0 0;
 INPUT ---        0 0 1 1 0 0 0;
 INPUT ---        0 0 1 1 0 0 0;
 INPUT ---        0 0 1 1 0 0 0;
 INPUT ---        0 0 1 0 1 0 0;
 INPUT ---        0 0 1 0 1 0 0;
 INPUT ---        0 0 1 0 1 0 0;
 INPUT ---        0 0 1 0 1 0 0;
 INPUT ---        0 0 1 0 1 0 0;
 INPUT ---        0 0 1 0 1 0 0;
 INPUT ---        0 0 1 0 1 0 0;
 INPUT ---        0 0 1 0 1 0 0;
 INPUT ---        0 0 1 0 1 0 0;
 INPUT ---        0 0 1 0 1 0 0;
 INPUT ---        0 0 1 0 1 0 0;
 INPUT ---        0 0 1 0 1 0 0;
 INPUT ---        0 0 1 0 0 1 0;
 INPUT ---        0 0 1 0 0 1 0;
 INPUT ---        0 0 1 0 0 1 0;
 INPUT ---        0 0 1 0 0 1 0;
 INPUT ---        0 0 1 0 0 1 0;

Program  MARK  - Survival Rate Estimation with Capture-Recapture Data
 gfortran(dble/PIM2) Vers. 11.2 Nov 2025   8-Jan-2026 14:49:33    Page  005
 - - - - - - - - - - - - - - - - - - - - - - - - - - - - - - - - - - - - - -
 
 INPUT ---        0 0 1 0 0 1 0;
 INPUT ---        0 0 1 0 0 1 0;
 INPUT ---        0 0 1 0 0 1 0;
 INPUT ---        0 0 1 0 0 1 0;
 INPUT ---        0 0 1 0 0 1 0;
 INPUT ---        0 0 1 0 0 1 0;
 INPUT ---        0 0 1 0 0 1 0;
 INPUT ---        0 0 1 0 0 0 1;
 INPUT ---        0 0 1 0 0 0 1;
 INPUT ---        0 0 1 0 0 0 1;
 INPUT ---        0 0 1 0 0 0 1;
 INPUT ---        0 0 1 0 0 0 1;
 INPUT ---        0 0 1 0 0 0 1;
 INPUT ---        0 0 1 0 0 0 1;
 INPUT ---        0 0 1 0 0 0 1;
 INPUT ---        0 0 1 0 0 0 1;
 INPUT ---        0 0 1 0 0 0 1;
 INPUT ---        0 0 1 0 0 0 1;
 INPUT ---        0 0 1 0 0 0 1;
 INPUT ---    links=62;
 INPUT ---       Logit;
 INPUT ---       Logit;
 INPUT ---       mlogit(1);
 INPUT ---       mlogit(2);
 INPUT ---       mlogit(3);
 INPUT ---       mlogit(1);
 INPUT ---       mlogit(2);
 INPUT ---       mlogit(3);
 INPUT ---       mlogit(1);
 INPUT ---       mlogit(2);
 INPUT ---       mlogit(3);
 INPUT ---       mlogit(1);
 INPUT ---       mlogit(2);
 INPUT ---       mlogit(3);
 INPUT ---       mlogit(4);
 INPUT ---       mlogit(5);
 INPUT ---       mlogit(6);
 INPUT ---       mlogit(4);
 INPUT ---       mlogit(5);
 INPUT ---       mlogit(6);
 INPUT ---       mlogit(4);
 INPUT ---       mlogit(5);
 INPUT ---       mlogit(6);
 INPUT ---       mlogit(4);
 INPUT ---       mlogit(5);
 INPUT ---       mlogit(6);

Program  MARK  - Survival Rate Estimation with Capture-Recapture Data
 gfortran(dble/PIM2) Vers. 11.2 Nov 2025   8-Jan-2026 14:49:33    Page  006
 - - - - - - - - - - - - - - - - - - - - - - - - - - - - - - - - - - - - - -
 
 INPUT ---       mlogit(7);
 INPUT ---       mlogit(8);
 INPUT ---       mlogit(9);
 INPUT ---       mlogit(7);
 INPUT ---       mlogit(8);
 INPUT ---       mlogit(9);
 INPUT ---       mlogit(7);
 INPUT ---       mlogit(8);
 INPUT ---       mlogit(9);
 INPUT ---       mlogit(7);
 INPUT ---       mlogit(8);
 INPUT ---       mlogit(9);
 INPUT ---       mlogit(10);
 INPUT ---       mlogit(11);
 INPUT ---       mlogit(12);
 INPUT ---       mlogit(10);
 INPUT ---       mlogit(11);
 INPUT ---       mlogit(12);
 INPUT ---       mlogit(10);
 INPUT ---       mlogit(11);
 INPUT ---       mlogit(12);
 INPUT ---       mlogit(10);
 INPUT ---       mlogit(11);
 INPUT ---       mlogit(12);
 INPUT ---       mlogit(13);
 INPUT ---       mlogit(14);
 INPUT ---       mlogit(15);
 INPUT ---       mlogit(13);
 INPUT ---       mlogit(14);
 INPUT ---       mlogit(15);
 INPUT ---       mlogit(13);
 INPUT ---       mlogit(14);
 INPUT ---       mlogit(15);
 INPUT ---       mlogit(13);
 INPUT ---       mlogit(14);
 INPUT ---       mlogit(15);
 INPUT ---       blabel(1)=S:(Intercept);
 INPUT ---       blabel(2)=p:(Intercept);
 INPUT ---       blabel(3)=Psi:(Intercept);
 INPUT ---       blabel(4)=Psi:stratumB;
 INPUT ---       blabel(5)=Psi:stratumC;
 INPUT ---       blabel(6)=Psi:stratumD;
 INPUT ---       blabel(7)=Psi:stratumE;
 INPUT ---       rlabel(1)=S sA g1 c1 a0 o1 t1;
 INPUT ---       rlabel(2)=p sA g1 c1 a1 o1 t2;
 INPUT ---       rlabel(3)=Psi sA toB g1 c1 a0 o1 t1;

Program  MARK  - Survival Rate Estimation with Capture-Recapture Data
 gfortran(dble/PIM2) Vers. 11.2 Nov 2025   8-Jan-2026 14:49:33    Page  007
 - - - - - - - - - - - - - - - - - - - - - - - - - - - - - - - - - - - - - -
 
 INPUT ---       rlabel(4)=Psi sA toB g1 c1 a1 o2 t2;
 INPUT ---       rlabel(5)=Psi sA toB g1 c2 a0 o2 t2;
 INPUT ---       rlabel(6)=Psi sA toC g1 c1 a0 o1 t1;
 INPUT ---       rlabel(7)=Psi sA toC g1 c1 a1 o2 t2;
 INPUT ---       rlabel(8)=Psi sA toC g1 c2 a0 o2 t2;
 INPUT ---       rlabel(9)=Psi sA toD g1 c1 a0 o1 t1;
 INPUT ---       rlabel(10)=Psi sA toD g1 c1 a1 o2 t2;
 INPUT ---       rlabel(11)=Psi sA toD g1 c2 a0 o2 t2;
 INPUT ---       rlabel(12)=Psi sA toE g1 c1 a0 o1 t1;
 INPUT ---       rlabel(13)=Psi sA toE g1 c1 a1 o2 t2;
 INPUT ---       rlabel(14)=Psi sA toE g1 c2 a0 o2 t2;
 INPUT ---       rlabel(15)=Psi sB toA g1 c1 a0 o1 t1;
 INPUT ---       rlabel(16)=Psi sB toA g1 c1 a1 o2 t2;
 INPUT ---       rlabel(17)=Psi sB toA g1 c2 a0 o2 t2;
 INPUT ---       rlabel(18)=Psi sB toC g1 c1 a0 o1 t1;
 INPUT ---       rlabel(19)=Psi sB toC g1 c1 a1 o2 t2;
 INPUT ---       rlabel(20)=Psi sB toC g1 c2 a0 o2 t2;
 INPUT ---       rlabel(21)=Psi sB toD g1 c1 a0 o1 t1;
 INPUT ---       rlabel(22)=Psi sB toD g1 c1 a1 o2 t2;
 INPUT ---       rlabel(23)=Psi sB toD g1 c2 a0 o2 t2;
 INPUT ---       rlabel(24)=Psi sB toE g1 c1 a0 o1 t1;
 INPUT ---       rlabel(25)=Psi sB toE g1 c1 a1 o2 t2;
 INPUT ---       rlabel(26)=Psi sB toE g1 c2 a0 o2 t2;
 INPUT ---       rlabel(27)=Psi sC toA g1 c1 a0 o1 t1;
 INPUT ---       rlabel(28)=Psi sC toA g1 c1 a1 o2 t2;
 INPUT ---       rlabel(29)=Psi sC toA g1 c2 a0 o2 t2;
 INPUT ---       rlabel(30)=Psi sC toB g1 c1 a0 o1 t1;
 INPUT ---       rlabel(31)=Psi sC toB g1 c1 a1 o2 t2;
 INPUT ---       rlabel(32)=Psi sC toB g1 c2 a0 o2 t2;
 INPUT ---       rlabel(33)=Psi sC toD g1 c1 a0 o1 t1;
 INPUT ---       rlabel(34)=Psi sC toD g1 c1 a1 o2 t2;
 INPUT ---       rlabel(35)=Psi sC toD g1 c2 a0 o2 t2;
 INPUT ---       rlabel(36)=Psi sC toE g1 c1 a0 o1 t1;
 INPUT ---       rlabel(37)=Psi sC toE g1 c1 a1 o2 t2;
 INPUT ---       rlabel(38)=Psi sC toE g1 c2 a0 o2 t2;
 INPUT ---       rlabel(39)=Psi sD toA g1 c1 a0 o1 t1;
 INPUT ---       rlabel(40)=Psi sD toA g1 c1 a1 o2 t2;
 INPUT ---       rlabel(41)=Psi sD toA g1 c2 a0 o2 t2;
 INPUT ---       rlabel(42)=Psi sD toB g1 c1 a0 o1 t1;
 INPUT ---       rlabel(43)=Psi sD toB g1 c1 a1 o2 t2;
 INPUT ---       rlabel(44)=Psi sD toB g1 c2 a0 o2 t2;
 INPUT ---       rlabel(45)=Psi sD toC g1 c1 a0 o1 t1;
 INPUT ---       rlabel(46)=Psi sD toC g1 c1 a1 o2 t2;
 INPUT ---       rlabel(47)=Psi sD toC g1 c2 a0 o2 t2;
 INPUT ---       rlabel(48)=Psi sD toE g1 c1 a0 o1 t1;
 INPUT ---       rlabel(49)=Psi sD toE g1 c1 a1 o2 t2;

Program  MARK  - Survival Rate Estimation with Capture-Recapture Data
 gfortran(dble/PIM2) Vers. 11.2 Nov 2025   8-Jan-2026 14:49:33    Page  008
 - - - - - - - - - - - - - - - - - - - - - - - - - - - - - - - - - - - - - -
 
 INPUT ---       rlabel(50)=Psi sD toE g1 c2 a0 o2 t2;
 INPUT ---       rlabel(51)=Psi sE toA g1 c1 a0 o1 t1;
 INPUT ---       rlabel(52)=Psi sE toA g1 c1 a1 o2 t2;
 INPUT ---       rlabel(53)=Psi sE toA g1 c2 a0 o2 t2;
 INPUT ---       rlabel(54)=Psi sE toB g1 c1 a0 o1 t1;
 INPUT ---       rlabel(55)=Psi sE toB g1 c1 a1 o2 t2;
 INPUT ---       rlabel(56)=Psi sE toB g1 c2 a0 o2 t2;
 INPUT ---       rlabel(57)=Psi sE toC g1 c1 a0 o1 t1;
 INPUT ---       rlabel(58)=Psi sE toC g1 c1 a1 o2 t2;
 INPUT ---       rlabel(59)=Psi sE toC g1 c2 a0 o2 t2;
 INPUT ---       rlabel(60)=Psi sE toD g1 c1 a0 o1 t1;
 INPUT ---       rlabel(61)=Psi sE toD g1 c1 a1 o2 t2;
 INPUT ---       rlabel(62)=Psi sE toD g1 c2 a0 o2 t2;
   Model is { S(~1)p(~1)Psi(~stratum) }

 Link Function Used is PARM-SPECIFIC

 Variance Estimation Procedure Used is 2ndPart 
 -2logL(saturated) = 5450.0866     
 Effective Sample Size = 2526

 Number of function evaluations was 40 for 7 parameters.
 For numerical optimization, CPU Time was 0.188 secs and System Time was 0.219 secs.
 -2logL { S(~1)p(~1)Psi(~stratum) } = 6943.1575     
 Penalty { S(~1)p(~1)Psi(~stratum) } = 0.0000000     
 Gradient { S(~1)p(~1)Psi(~stratum) }:
  1.64828E-05  4.72749E-05  8.41915E-05  3.95924E-05  2.91051E-05
  7.90085E-06   0.0000    
 Maximum ABS(G) { S(~1)p(~1)Psi(~stratum) } =  8.41915E-05
 To compute VC matrix, CPU Time was 0.001 secs and System Time was 0.047 secs.
 S Vector { S(~1)p(~1)Psi(~stratum) }:
   425.0191      291.9791      71.02741      34.14106      22.29903    
  0.3206735E-05 0.2192108E-06
 To invert VC matrix, CPU Time was 0.001 secs and System Time was 0.001 secs.
 Ratio Threshold = 50.00 Max Gap (5/6) = 6.9538E+6 Next Max Gap (6/7) = 14.63
 Gap Method for Num. of Estimated Parameters { S(~1)p(~1)Psi(~stratum) } = 5          
 Threshold { S(~1)p(~1)Psi(~stratum) } = 0.1683829E-03           
 Numerical Threshold Method for Num. of Estimated Parameters { S(~1)p(~1)Psi(~stratum) } = 5          
 Number of Estimated Parameters { S(~1)p(~1)Psi(~stratum) } = 5          
 DEVIANCE { S(~1)p(~1)Psi(~stratum) } = 1493.0709               
 DEVIANCE Degrees of Freedom { S(~1)p(~1)Psi(~stratum) } = 51          
 c-hat { S(~1)p(~1)Psi(~stratum) } = 29.275901               
 AIC { S(~1)p(~1)Psi(~stratum) } = 6953.1575               
 AICc { S(~1)p(~1)Psi(~stratum) } = 6953.1813               
 BIC { S(~1)p(~1)Psi(~stratum) } = 6982.3295               
 Pearson Chisquare { S(~1)p(~1)Psi(~stratum) } = 3741.4681               
 Possible Encounter Histories { S(~1)p(~1)Psi(~stratum) } = 126          
 Pearson Chisquare df { S(~1)p(~1)Psi(~stratum) } = 115          

Program  MARK  - Survival Rate Estimation with Capture-Recapture Data
 gfortran(dble/PIM2) Vers. 11.2 Nov 2025   8-Jan-2026 14:49:33    Page  009
 - - - - - - - - - - - - - - - - - - - - - - - - - - - - - - - - - - - - - -
 
 Pearson chat { S(~1)p(~1)Psi(~stratum) } = 32.534505               
 Sum(Observed/Expected) { S(~1)p(~1)Psi(~stratum) } = 131.64698               
 s-bar { S(~1)p(~1)Psi(~stratum) } = 0.0470582               
 Fletcher chat { S(~1)p(~1)Psi(~stratum) } = 31.072299               


          PARM-SPECIFIC Link Function Parameters of { S(~1)p(~1)Psi(~stratum) }
                                                              95% Confidence Interval
    Parameter                  Beta         Standard Error     Lower           Upper
 -------------------------  --------------  --------------  --------------  --------------
    1:S:(Intercept)          2.7029644       0.1604094       2.3885619       3.0173669    
    2:p:(Intercept)          1.5821390       0.0835701       1.4183416       1.7459365    
    3:Psi:(Intercept)       -1.1748698       0.0789544      -1.3296203      -1.0201192    
    4:Psi:stratumB          -2.0831750       0.1130187      -2.3046918      -1.8616583    
    5:Psi:stratumC           1.0970602       0.2055964       0.6940913       1.5000292    
    6:Psi:stratumD          -14.450272       558.42964      -1108.9724       1080.0718    
    7:Psi:stratumE           17.342243       2135.8416      -4168.9074       4203.5918    


                 Real Function Parameters of { S(~1)p(~1)Psi(~stratum) }
                                                               95% Confidence Interval
     Parameter                Estimate       Standard Error     Lower           Upper
 --------------------------  --------------  --------------  --------------  --------------
     1:S sA g1 c1 a0 o1 t1    0.9372013       0.0094409       0.9159509       0.9533526       
     2:p sA g1 c1 a1 o1 t2    0.8295072       0.0118189       0.8050783       0.8514395       
     3:Psi sA toB g1 c1 a0    0.1381650       0.0048799       0.1288754       0.1480105       
     4:Psi sA toB g1 c1 a1    0.1381650       0.0048799       0.1288754       0.1480105       
     5:Psi sA toB g1 c2 a0    0.1381650       0.0048799       0.1288754       0.1480105       
     6:Psi sA toC g1 c1 a0    0.1381650       0.0048799       0.1288754       0.1480105       
     7:Psi sA toC g1 c1 a1    0.1381650       0.0048799       0.1288754       0.1480105       
     8:Psi sA toC g1 c2 a0    0.1381650       0.0048799       0.1288754       0.1480105       
     9:Psi sA toD g1 c1 a0    0.1381650       0.0048799       0.1288754       0.1480105       
    10:Psi sA toD g1 c1 a1    0.1381650       0.0048799       0.1288754       0.1480105       
    11:Psi sA toD g1 c2 a0    0.1381650       0.0048799       0.1288754       0.1480105       
    12:Psi sA toE g1 c1 a0    0.1381650       0.0048799       0.1288754       0.1480105       
    13:Psi sA toE g1 c1 a1    0.1381650       0.0048799       0.1288754       0.1480105       
    14:Psi sA toE g1 c2 a0    0.1381650       0.0048799       0.1288754       0.1480105       
    15:Psi sB toA g1 c1 a0    0.0333348       0.0023388       0.0290430       0.0382359       
    16:Psi sB toA g1 c1 a1    0.0333348       0.0023388       0.0290430       0.0382359       
    17:Psi sB toA g1 c2 a0    0.0333348       0.0023388       0.0290430       0.0382359       
    18:Psi sB toC g1 c1 a0    0.0333348       0.0023388       0.0290430       0.0382359       
    19:Psi sB toC g1 c1 a1    0.0333348       0.0023388       0.0290430       0.0382359       
    20:Psi sB toC g1 c2 a0    0.0333348       0.0023388       0.0290430       0.0382359       
    21:Psi sB toD g1 c1 a0    0.0333348       0.0023388       0.0290430       0.0382359       
    22:Psi sB toD g1 c1 a1    0.0333348       0.0023388       0.0290430       0.0382359       
    23:Psi sB toD g1 c2 a0    0.0333348       0.0023388       0.0290430       0.0382359       
    24:Psi sB toE g1 c1 a0    0.0333348       0.0023388       0.0290430       0.0382359       

Program  MARK  - Survival Rate Estimation with Capture-Recapture Data
 gfortran(dble/PIM2) Vers. 11.2 Nov 2025   8-Jan-2026 14:49:33    Page  010
 - - - - - - - - - - - - - - - - - - - - - - - - - - - - - - - - - - - - - -
 
    25:Psi sB toE g1 c1 a1    0.0333348       0.0023388       0.0290430       0.0382359       
    26:Psi sB toE g1 c2 a0    0.0333348       0.0023388       0.0290430       0.0382359       
    27:Psi sC toA g1 c1 a0    0.1968149       0.0079848       0.1816329       0.2129357       
    28:Psi sC toA g1 c1 a1    0.1968149       0.0079848       0.1816329       0.2129357       
    29:Psi sC toA g1 c2 a0    0.1968149       0.0079848       0.1816329       0.2129357       
    30:Psi sC toB g1 c1 a0    0.1968149       0.0079848       0.1816329       0.2129357       
    31:Psi sC toB g1 c1 a1    0.1968149       0.0079848       0.1816329       0.2129357       
    32:Psi sC toB g1 c2 a0    0.1968149       0.0079848       0.1816329       0.2129357       
    33:Psi sC toD g1 c1 a0    0.1968149       0.0079848       0.1816329       0.2129357       
    34:Psi sC toD g1 c1 a1    0.1968149       0.0079848       0.1816329       0.2129357       
    35:Psi sC toD g1 c2 a0    0.1968149       0.0079848       0.1816329       0.2129357       
    36:Psi sC toE g1 c1 a0    0.1968149       0.0079848       0.1816329       0.2129357       
    37:Psi sC toE g1 c1 a1    0.1968149       0.0079848       0.1816329       0.2129357       
    38:Psi sC toE g1 c2 a0    0.1968149       0.0079848       0.1816329       0.2129357       
    39:Psi sD toA g1 c1 a0    0.1637144E-06   0.9142294E-04  0.9106920E-315   1.0000000       
    40:Psi sD toA g1 c1 a1    0.1637144E-06   0.9142294E-04  0.9106920E-315   1.0000000       
    41:Psi sD toA g1 c2 a0    0.1637144E-06   0.9142294E-04  0.9106920E-315   1.0000000       
    42:Psi sD toB g1 c1 a0    0.1637144E-06   0.9142294E-04  0.9106920E-315   1.0000000       
    43:Psi sD toB g1 c1 a1    0.1637144E-06   0.9142294E-04  0.9106920E-315   1.0000000       
    44:Psi sD toB g1 c2 a0    0.1637144E-06   0.9142294E-04  0.9106920E-315   1.0000000       
    45:Psi sD toC g1 c1 a0    0.1637144E-06   0.9142294E-04  0.9106920E-315   1.0000000       
    46:Psi sD toC g1 c1 a1    0.1637144E-06   0.9142294E-04  0.9106920E-315   1.0000000       
    47:Psi sD toC g1 c2 a0    0.1637144E-06   0.9142294E-04  0.9106920E-315   1.0000000       
    48:Psi sD toE g1 c1 a0    0.1637144E-06   0.9142294E-04  0.9106920E-315   1.0000000       
    49:Psi sD toE g1 c1 a1    0.1637144E-06   0.9142294E-04  0.9106920E-315   1.0000000       
    50:Psi sD toE g1 c2 a0    0.1637144E-06   0.9142294E-04  0.9106920E-315   1.0000000       
    51:Psi sE toA g1 c1 a0    0.2500000       0.1257983E-04   0.2499753       0.2500247       
    52:Psi sE toA g1 c1 a1    0.2500000       0.1257983E-04   0.2499753       0.2500247       
    53:Psi sE toA g1 c2 a0    0.2500000       0.1257983E-04   0.2499753       0.2500247       
    54:Psi sE toB g1 c1 a0    0.2500000       0.1257983E-04   0.2499753       0.2500247       
    55:Psi sE toB g1 c1 a1    0.2500000       0.1257983E-04   0.2499753       0.2500247       
    56:Psi sE toB g1 c2 a0    0.2500000       0.1257983E-04   0.2499753       0.2500247       
    57:Psi sE toC g1 c1 a0    0.2500000       0.1257983E-04   0.2499753       0.2500247       
    58:Psi sE toC g1 c1 a1    0.2500000       0.1257983E-04   0.2499753       0.2500247       
    59:Psi sE toC g1 c2 a0    0.2500000       0.1257983E-04   0.2499753       0.2500247       
    60:Psi sE toD g1 c1 a0    0.2500000       0.1257983E-04   0.2499753       0.2500247       
    61:Psi sE toD g1 c1 a1    0.2500000       0.1257983E-04   0.2499753       0.2500247       
    62:Psi sE toD g1 c2 a0    0.2500000       0.1257983E-04   0.2499753       0.2500247       

Program  MARK  - Survival Rate Estimation with Capture-Recapture Data
 gfortran(dble/PIM2) Vers. 11.2 Nov 2025   8-Jan-2026 14:49:33    Page  011
 - - - - - - - - - - - - - - - - - - - - - - - - - - - - - - - - - - - - - -
 

 To compute parameter estimates, CPU Time was 0.016 secs and System Time was 0.015 secs.

 Attempted ordering of parameters by estimatibility:
  3 2 4 1 5 6 7
 Beta number 7 is a singular value.

 For procedure estimate CPU Time was 0.281 secs and System Time was 1.359 secs.
 INPUT --- proc stop;

 For this job, CPU Time in mins was 0.005 and System Time in mins was 0.024.

     Time Start = 14:49:32.451   Time End = 14:49:33.883

 Wall Clock Time in mins for this job was 0.023.

 Maximum of 22 words used.


          E X E C U T I O N   S U C C E S S F U L
