
 Program  MARK  - Survival Rate Estimation with Capture-Recapture Data
 gfortran(dble/PIM2) Vers. 11.2 Nov 2025   6-Jan-2026 21:55:46    Page  001
  
 - - - - - - - - - - - - - - - - - - - - - - - - - - - - - - - - - - - - - -
 
 Welcome to MARK Vuillemot on machine LORDI-1NRUQJIEA in subdirectory
   "C:\Users\Vuillemot\Desktop\cypripedium\Elian_cypripedium" running file "mark020.inp".
 This version was compiled by GCC version 15.2.0 using the options: 
  -cpp -iprefix C:/tdm-gcc-64/mingw64-15-2/bin/../lib/gcc/
  x86_64-w64-mingw32/15.2.0/ -D_MT -D_REENTRANT -U_REENTRANT -D
  dbleprecision -m64 -march=x86-64 -mtune=generic -mthreads -O3 -std=f2023
  -fimplicit-none -ffpe-summary=invalid,zero,overflow,underflow
  -funroll-loops -fno-unsafe-math-optimizations -frounding-math
  -fsignaling-nans -fprefetch-loop-arrays -fall-intrinsics -fopenmp

 This problem will use 3 of 4 possible threads.
 Static thread allocation is used.
 INPUT --- proc title ;

 For procedure title CPU Time was 0.001 secs and System Time was 0.001 secs.
 INPUT --- proc chmatrix occasions= 3 groups= 4 etype= Live Nodes= 101 
 INPUT --- ICMeans NoHist hist= 23 ;
 INPUT ---    time interval 1 1 ;
 INPUT ---    glabel(1)=siteCombe Michaut;
 INPUT ---    glabel(2)=siteTete Cendree Haut;
 INPUT ---    glabel(3)=siteVal Clavin;
 INPUT ---    glabel(4)=siteVigne au Renard;

   * *  WARNING  * *   At least a pair of the encounter histories are duplicates. 

      Number of unique encounter histories read was 7.

      Number of individual covariates read was 0.
      Time interval lengths are all equal to 1.

      Data type number is 1
      Data type is Live Recaptures (CJS)

 For procedure chmatrix CPU Time was 0.001 secs and System Time was 0.001 secs.

Program  MARK  - Survival Rate Estimation with Capture-Recapture Data
 gfortran(dble/PIM2) Vers. 11.2 Nov 2025   6-Jan-2026 21:55:46    Page  002
 - - - - - - - - - - - - - - - - - - - - - - - - - - - - - - - - - - - - - -
 


 INPUT --- proc estimate link=Logit NOLOOP varest=2ndPart    ;
 INPUT --- model={ Phi(~site)p(~1) };
 INPUT ---    group=1 Phi    rows=2 cols=2 Triang ;
 INPUT ---        1 1 ;
 INPUT ---        1 ;
 INPUT ---    group=2 Phi    rows=2 cols=2 Triang ;
 INPUT ---        2 2 ;
 INPUT ---        2 ;
 INPUT ---    group=3 Phi    rows=2 cols=2 Triang ;
 INPUT ---        3 3 ;
 INPUT ---        3 ;
 INPUT ---    group=4 Phi    rows=2 cols=2 Triang ;
 INPUT ---        4 4 ;
 INPUT ---        4 ;
 INPUT ---    group=1 p    rows=2 cols=2 Triang ;
 INPUT ---        5 5 ;
 INPUT ---        5 ;
 INPUT ---    group=2 p    rows=2 cols=2 Triang ;
 INPUT ---        5 5 ;
 INPUT ---        5 ;
 INPUT ---    group=3 p    rows=2 cols=2 Triang ;
 INPUT ---        5 5 ;
 INPUT ---        5 ;
 INPUT ---    group=4 p    rows=2 cols=2 Triang ;
 INPUT ---        5 5 ;
 INPUT ---        5 ;
 INPUT ---    design matrix constraints=5 covariates=5;
 INPUT ---        1 0 0 0 0;
 INPUT ---        1 1 0 0 0;
 INPUT ---        1 0 1 0 0;
 INPUT ---        1 0 0 1 0;
 INPUT ---        0 0 0 0 1;
 INPUT ---       blabel(1)=Phi:(Intercept);
 INPUT ---       blabel(2)=Phi:siteTete Cendree Haut;
 INPUT ---       blabel(3)=Phi:siteVal Clavin;
 INPUT ---       blabel(4)=Phi:siteVigne au Renard;
 INPUT ---       blabel(5)=p:(Intercept);
 INPUT ---       rlabel(1)=Phi gCombe Michaut c1 a0 t1;
 INPUT ---       rlabel(2)=Phi gTete Cendree Haut c1 a0 t1;
 INPUT ---       rlabel(3)=Phi gVal Clavin c1 a0 t1;
 INPUT ---       rlabel(4)=Phi gVigne au Renard c1 a0 t1;
 INPUT ---       rlabel(5)=p gCombe Michaut c1 a1 t2;
   Model is { Phi(~site)p(~1) }

 Link Function Used is LOGIT        

Program  MARK  - Survival Rate Estimation with Capture-Recapture Data
 gfortran(dble/PIM2) Vers. 11.2 Nov 2025   6-Jan-2026 21:55:46    Page  003
 - - - - - - - - - - - - - - - - - - - - - - - - - - - - - - - - - - - - - -
 

 Variance Estimation Procedure Used is 2ndPart 
 -2logL(saturated) = 333.05712     
 Effective Sample Size = 662

 Number of function evaluations was 32 for 5 parameters.
 For numerical optimization, CPU Time was 0.078 secs and System Time was 0.703 secs.
 -2logL { Phi(~site)p(~1) } = 361.91167     
 Penalty { Phi(~site)p(~1) } = 0.0000000     
 Gradient { Phi(~site)p(~1) }:
   0.0000       0.0000       0.0000       0.0000     -7.92924E-07
 Maximum ABS(G) { Phi(~site)p(~1) } =  7.92924E-07
 To compute VC matrix, CPU Time was 0.001 secs and System Time was 0.015 secs.
 S Vector { Phi(~site)p(~1) }:
   40.20970      6.863509      4.228715      1.899004      1.001635    
 To invert VC matrix, CPU Time was 0.001 secs and System Time was 0.001 secs.
 Ratio Threshold = 50.00 Max Gap (1/2) = 5.858 Next Max Gap (1/2) = 5.858
 Gap Method for Num. of Estimated Parameters { Phi(~site)p(~1) } = 5          
 Threshold { Phi(~site)p(~1) } = 0.1585849E-05           
 Numerical Threshold Method for Num. of Estimated Parameters { Phi(~site)p(~1) } = 5          
 Number of Estimated Parameters { Phi(~site)p(~1) } = 5          
 DEVIANCE { Phi(~site)p(~1) } = 28.854545               
 DEVIANCE Degrees of Freedom { Phi(~site)p(~1) } = 7          
 c-hat { Phi(~site)p(~1) } = 4.1220778               
 AIC { Phi(~site)p(~1) } = 371.91167               
 AICc { Phi(~site)p(~1) } = 372.00313               
 BIC { Phi(~site)p(~1) } = 394.38800               
 Pearson Chisquare { Phi(~site)p(~1) } = 32.359024               
 Possible Encounter Histories { Phi(~site)p(~1) } = 24          
 Pearson Chisquare df { Phi(~site)p(~1) } = 11          
 Pearson chat { Phi(~site)p(~1) } = 2.9417295               
 Sum(Observed/Expected) { Phi(~site)p(~1) } = 26.239909               
 s-bar { Phi(~site)p(~1) } = 0.1399943               
 Fletcher chat { Phi(~site)p(~1) } = 2.5804773               


                  LOGIT Link Function Parameters of { Phi(~site)p(~1) }
                                                              95% Confidence Interval
    Parameter                  Beta         Standard Error     Lower           Upper
 -------------------------  --------------  --------------  --------------  --------------
    1:Phi:(Intercept)        3.2714926       0.4049762       2.4777391       4.0652460    
    2:Phi:siteTete Cendree  -1.0751940       0.4545085      -1.9660306      -0.1843574    
    3:Phi:siteVal Clavin    -0.2400520       0.7115960      -1.6347803       1.1546762    
    4:Phi:siteVigne au Ren   0.5999574       0.9220679      -1.2072957       2.4072105    
    5:p:(Intercept)          3.8109215       0.4525971       2.9238312       4.6980117    

Program  MARK  - Survival Rate Estimation with Capture-Recapture Data
 gfortran(dble/PIM2) Vers. 11.2 Nov 2025   6-Jan-2026 21:55:47    Page  004
 - - - - - - - - - - - - - - - - - - - - - - - - - - - - - - - - - - - - - -
 
                     Real Function Parameters of { Phi(~site)p(~1) }
                                                               95% Confidence Interval
     Parameter                Estimate       Standard Error     Lower           Upper
 --------------------------  --------------  --------------  --------------  --------------
     1:Phi gCombe Michaut c   0.9634378       0.0142655       0.9225664       0.9831307       
     2:Phi gTete Cendree Ha   0.8999166       0.0236254       0.8431918       0.9376390       
     3:Phi gVal Clavin c1 a   0.9539745       0.0266293       0.8632697       0.9855166       
     4:Phi gVigne au Renard   0.9795968       0.0172473       0.8984489       0.9961766       
     5:p gCombe Michaut c1    0.9783513       0.0095860       0.9490120       0.9909689       

 To compute parameter estimates, CPU Time was 0.016 secs and System Time was 0.047 secs.

 For procedure estimate CPU Time was 0.109 secs and System Time was 0.797 secs.
 INPUT --- proc stop;

 For this job, CPU Time in mins was 0.003 and System Time in mins was 0.016.

     Time Start = 21:55:46.828   Time End = 21:55:47.768

 Wall Clock Time in mins for this job was 0.014.

 Maximum of 19 words used.


          E X E C U T I O N   S U C C E S S F U L
