
 Program  MARK  - Survival Rate Estimation with Capture-Recapture Data
 gfortran(dble/PIM2) Vers. 11.2 Nov 2025   7-Jan-2026 23:50:46    Page  001
  
 - - - - - - - - - - - - - - - - - - - - - - - - - - - - - - - - - - - - - -
 
 Welcome to MARK Vuillemot on machine LORDI-1NRUQJIEA in subdirectory
   "C:\Users\Vuillemot\Desktop\cypripedium\Elian_cypripedium" running file "mark044.inp".
 This version was compiled by GCC version 15.2.0 using the options: 
  -cpp -iprefix C:/tdm-gcc-64/mingw64-15-2/bin/../lib/gcc/
  x86_64-w64-mingw32/15.2.0/ -D_MT -D_REENTRANT -U_REENTRANT -D
  dbleprecision -m64 -march=x86-64 -mtune=generic -mthreads -O3 -std=f2023
  -fimplicit-none -ffpe-summary=invalid,zero,overflow,underflow
  -funroll-loops -fno-unsafe-math-optimizations -frounding-math
  -fsignaling-nans -fprefetch-loop-arrays -fall-intrinsics -fopenmp

 This problem will use 3 of 4 possible threads.
 Static thread allocation is used.
 INPUT --- proc title ;

 For procedure title CPU Time was 0.001 secs and System Time was 0.001 secs.
 INPUT --- proc chmatrix occasions= 3 groups= 1 etype= Multistrata 
 INPUT --- Nodes= 101 strata=5 ICMeans  NoHist hist= 62 ;
 INPUT ---    time interval 1 1 ;
 INPUT ---     strata=A B C D E;
 INPUT ---    glabel(1)=Group 1;

      Number of unique encounter histories read was 62.

      Number of individual covariates read was 0.
      Time interval lengths are all equal to 1.

      Data type number is 9
      Data type is Multi-state with Live Recaptures

 For procedure chmatrix CPU Time was 0.001 secs and System Time was 0.001 secs.

Program  MARK  - Survival Rate Estimation with Capture-Recapture Data
 gfortran(dble/PIM2) Vers. 11.2 Nov 2025   7-Jan-2026 23:50:46    Page  002
 - - - - - - - - - - - - - - - - - - - - - - - - - - - - - - - - - - - - - -
 


 INPUT --- proc estimate link=Parm-Specific NOLOOP varest=2ndPart    ;
 INPUT --- model={ S(~1)p(~stratum)Psi(~1) };
 INPUT ---    group=1 S A:StratumA   rows=2 cols=2 Triang ;
 INPUT ---        1 1 ;
 INPUT ---        1 ;
 INPUT ---    group=1 S B:StratumB   rows=2 cols=2 Triang ;
 INPUT ---        1 1 ;
 INPUT ---        1 ;
 INPUT ---    group=1 S C:StratumC   rows=2 cols=2 Triang ;
 INPUT ---        1 1 ;
 INPUT ---        1 ;
 INPUT ---    group=1 S D:StratumD   rows=2 cols=2 Triang ;
 INPUT ---        1 1 ;
 INPUT ---        1 ;
 INPUT ---    group=1 S E:StratumE   rows=2 cols=2 Triang ;
 INPUT ---        1 1 ;
 INPUT ---        1 ;
 INPUT ---    group=1 p A:StratumA   rows=2 cols=2 Triang ;
 INPUT ---        2 2 ;
 INPUT ---        2 ;
 INPUT ---    group=1 p B:StratumB   rows=2 cols=2 Triang ;
 INPUT ---        3 3 ;
 INPUT ---        3 ;
 INPUT ---    group=1 p C:StratumC   rows=2 cols=2 Triang ;
 INPUT ---        4 4 ;
 INPUT ---        4 ;
 INPUT ---    group=1 p D:StratumD   rows=2 cols=2 Triang ;
 INPUT ---        5 5 ;
 INPUT ---        5 ;
 INPUT ---    group=1 p E:StratumE   rows=2 cols=2 Triang ;
 INPUT ---        6 6 ;
 INPUT ---        6 ;
 INPUT ---    group=1 Psi A to B   rows=2 cols=2 Triang ;
 INPUT ---        7 8 ;
 INPUT ---        9 ;
 INPUT ---    group=1 Psi A to C   rows=2 cols=2 Triang ;
 INPUT ---        10 11 ;
 INPUT ---        12 ;
 INPUT ---    group=1 Psi A to D   rows=2 cols=2 Triang ;
 INPUT ---        13 14 ;
 INPUT ---        15 ;
 INPUT ---    group=1 Psi A to E   rows=2 cols=2 Triang ;
 INPUT ---        16 17 ;
 INPUT ---        18 ;

Program  MARK  - Survival Rate Estimation with Capture-Recapture Data
 gfortran(dble/PIM2) Vers. 11.2 Nov 2025   7-Jan-2026 23:50:46    Page  003
 - - - - - - - - - - - - - - - - - - - - - - - - - - - - - - - - - - - - - -
 
 INPUT ---    group=1 Psi B to A   rows=2 cols=2 Triang ;
 INPUT ---        19 20 ;
 INPUT ---        21 ;
 INPUT ---    group=1 Psi B to C   rows=2 cols=2 Triang ;
 INPUT ---        22 23 ;
 INPUT ---        24 ;
 INPUT ---    group=1 Psi B to D   rows=2 cols=2 Triang ;
 INPUT ---        25 26 ;
 INPUT ---        27 ;
 INPUT ---    group=1 Psi B to E   rows=2 cols=2 Triang ;
 INPUT ---        28 29 ;
 INPUT ---        30 ;
 INPUT ---    group=1 Psi C to A   rows=2 cols=2 Triang ;
 INPUT ---        31 32 ;
 INPUT ---        33 ;
 INPUT ---    group=1 Psi C to B   rows=2 cols=2 Triang ;
 INPUT ---        34 35 ;
 INPUT ---        36 ;
 INPUT ---    group=1 Psi C to D   rows=2 cols=2 Triang ;
 INPUT ---        37 38 ;
 INPUT ---        39 ;
 INPUT ---    group=1 Psi C to E   rows=2 cols=2 Triang ;
 INPUT ---        40 41 ;
 INPUT ---        42 ;
 INPUT ---    group=1 Psi D to A   rows=2 cols=2 Triang ;
 INPUT ---        43 44 ;
 INPUT ---        45 ;
 INPUT ---    group=1 Psi D to B   rows=2 cols=2 Triang ;
 INPUT ---        46 47 ;
 INPUT ---        48 ;
 INPUT ---    group=1 Psi D to C   rows=2 cols=2 Triang ;
 INPUT ---        49 50 ;
 INPUT ---        51 ;
 INPUT ---    group=1 Psi D to E   rows=2 cols=2 Triang ;
 INPUT ---        52 53 ;
 INPUT ---        54 ;
 INPUT ---    group=1 Psi E to A   rows=2 cols=2 Triang ;
 INPUT ---        55 56 ;
 INPUT ---        57 ;
 INPUT ---    group=1 Psi E to B   rows=2 cols=2 Triang ;
 INPUT ---        58 59 ;
 INPUT ---        60 ;
 INPUT ---    group=1 Psi E to C   rows=2 cols=2 Triang ;
 INPUT ---        61 62 ;
 INPUT ---        63 ;
 INPUT ---    group=1 Psi E to D   rows=2 cols=2 Triang ;

Program  MARK  - Survival Rate Estimation with Capture-Recapture Data
 gfortran(dble/PIM2) Vers. 11.2 Nov 2025   7-Jan-2026 23:50:47    Page  004
 - - - - - - - - - - - - - - - - - - - - - - - - - - - - - - - - - - - - - -
 
 INPUT ---        64 65 ;
 INPUT ---        66 ;
 INPUT ---    design matrix constraints=66 covariates=7;
 INPUT ---        1 0 0 0 0 0 0;
 INPUT ---        0 1 0 0 0 0 0;
 INPUT ---        0 1 1 0 0 0 0;
 INPUT ---        0 1 0 1 0 0 0;
 INPUT ---        0 1 0 0 1 0 0;
 INPUT ---        0 1 0 0 0 1 0;
 INPUT ---        0 0 0 0 0 0 1;
 INPUT ---        0 0 0 0 0 0 1;
 INPUT ---        0 0 0 0 0 0 1;
 INPUT ---        0 0 0 0 0 0 1;
 INPUT ---        0 0 0 0 0 0 1;
 INPUT ---        0 0 0 0 0 0 1;
 INPUT ---        0 0 0 0 0 0 1;
 INPUT ---        0 0 0 0 0 0 1;
 INPUT ---        0 0 0 0 0 0 1;
 INPUT ---        0 0 0 0 0 0 1;
 INPUT ---        0 0 0 0 0 0 1;
 INPUT ---        0 0 0 0 0 0 1;
 INPUT ---        0 0 0 0 0 0 1;
 INPUT ---        0 0 0 0 0 0 1;
 INPUT ---        0 0 0 0 0 0 1;
 INPUT ---        0 0 0 0 0 0 1;
 INPUT ---        0 0 0 0 0 0 1;
 INPUT ---        0 0 0 0 0 0 1;
 INPUT ---        0 0 0 0 0 0 1;
 INPUT ---        0 0 0 0 0 0 1;
 INPUT ---        0 0 0 0 0 0 1;
 INPUT ---        0 0 0 0 0 0 1;
 INPUT ---        0 0 0 0 0 0 1;
 INPUT ---        0 0 0 0 0 0 1;
 INPUT ---        0 0 0 0 0 0 1;
 INPUT ---        0 0 0 0 0 0 1;
 INPUT ---        0 0 0 0 0 0 1;
 INPUT ---        0 0 0 0 0 0 1;
 INPUT ---        0 0 0 0 0 0 1;
 INPUT ---        0 0 0 0 0 0 1;
 INPUT ---        0 0 0 0 0 0 1;
 INPUT ---        0 0 0 0 0 0 1;
 INPUT ---        0 0 0 0 0 0 1;
 INPUT ---        0 0 0 0 0 0 1;
 INPUT ---        0 0 0 0 0 0 1;
 INPUT ---        0 0 0 0 0 0 1;
 INPUT ---        0 0 0 0 0 0 1;

Program  MARK  - Survival Rate Estimation with Capture-Recapture Data
 gfortran(dble/PIM2) Vers. 11.2 Nov 2025   7-Jan-2026 23:50:47    Page  005
 - - - - - - - - - - - - - - - - - - - - - - - - - - - - - - - - - - - - - -
 
 INPUT ---        0 0 0 0 0 0 1;
 INPUT ---        0 0 0 0 0 0 1;
 INPUT ---        0 0 0 0 0 0 1;
 INPUT ---        0 0 0 0 0 0 1;
 INPUT ---        0 0 0 0 0 0 1;
 INPUT ---        0 0 0 0 0 0 1;
 INPUT ---        0 0 0 0 0 0 1;
 INPUT ---        0 0 0 0 0 0 1;
 INPUT ---        0 0 0 0 0 0 1;
 INPUT ---        0 0 0 0 0 0 1;
 INPUT ---        0 0 0 0 0 0 1;
 INPUT ---        0 0 0 0 0 0 1;
 INPUT ---        0 0 0 0 0 0 1;
 INPUT ---        0 0 0 0 0 0 1;
 INPUT ---        0 0 0 0 0 0 1;
 INPUT ---        0 0 0 0 0 0 1;
 INPUT ---        0 0 0 0 0 0 1;
 INPUT ---        0 0 0 0 0 0 1;
 INPUT ---        0 0 0 0 0 0 1;
 INPUT ---        0 0 0 0 0 0 1;
 INPUT ---        0 0 0 0 0 0 1;
 INPUT ---        0 0 0 0 0 0 1;
 INPUT ---        0 0 0 0 0 0 1;
 INPUT ---    links=66;
 INPUT ---       Logit;
 INPUT ---       Logit;
 INPUT ---       Logit;
 INPUT ---       Logit;
 INPUT ---       Logit;
 INPUT ---       Logit;
 INPUT ---       mlogit(1);
 INPUT ---       mlogit(2);
 INPUT ---       mlogit(3);
 INPUT ---       mlogit(1);
 INPUT ---       mlogit(2);
 INPUT ---       mlogit(3);
 INPUT ---       mlogit(1);
 INPUT ---       mlogit(2);
 INPUT ---       mlogit(3);
 INPUT ---       mlogit(1);
 INPUT ---       mlogit(2);
 INPUT ---       mlogit(3);
 INPUT ---       mlogit(4);
 INPUT ---       mlogit(5);
 INPUT ---       mlogit(6);
 INPUT ---       mlogit(4);

Program  MARK  - Survival Rate Estimation with Capture-Recapture Data
 gfortran(dble/PIM2) Vers. 11.2 Nov 2025   7-Jan-2026 23:50:47    Page  006
 - - - - - - - - - - - - - - - - - - - - - - - - - - - - - - - - - - - - - -
 
 INPUT ---       mlogit(5);
 INPUT ---       mlogit(6);
 INPUT ---       mlogit(4);
 INPUT ---       mlogit(5);
 INPUT ---       mlogit(6);
 INPUT ---       mlogit(4);
 INPUT ---       mlogit(5);
 INPUT ---       mlogit(6);
 INPUT ---       mlogit(7);
 INPUT ---       mlogit(8);
 INPUT ---       mlogit(9);
 INPUT ---       mlogit(7);
 INPUT ---       mlogit(8);
 INPUT ---       mlogit(9);
 INPUT ---       mlogit(7);
 INPUT ---       mlogit(8);
 INPUT ---       mlogit(9);
 INPUT ---       mlogit(7);
 INPUT ---       mlogit(8);
 INPUT ---       mlogit(9);
 INPUT ---       mlogit(10);
 INPUT ---       mlogit(11);
 INPUT ---       mlogit(12);
 INPUT ---       mlogit(10);
 INPUT ---       mlogit(11);
 INPUT ---       mlogit(12);
 INPUT ---       mlogit(10);
 INPUT ---       mlogit(11);
 INPUT ---       mlogit(12);
 INPUT ---       mlogit(10);
 INPUT ---       mlogit(11);
 INPUT ---       mlogit(12);
 INPUT ---       mlogit(13);
 INPUT ---       mlogit(14);
 INPUT ---       mlogit(15);
 INPUT ---       mlogit(13);
 INPUT ---       mlogit(14);
 INPUT ---       mlogit(15);
 INPUT ---       mlogit(13);
 INPUT ---       mlogit(14);
 INPUT ---       mlogit(15);
 INPUT ---       mlogit(13);
 INPUT ---       mlogit(14);
 INPUT ---       mlogit(15);
 INPUT ---       blabel(1)=S:(Intercept);
 INPUT ---       blabel(2)=p:(Intercept);

Program  MARK  - Survival Rate Estimation with Capture-Recapture Data
 gfortran(dble/PIM2) Vers. 11.2 Nov 2025   7-Jan-2026 23:50:47    Page  007
 - - - - - - - - - - - - - - - - - - - - - - - - - - - - - - - - - - - - - -
 
 INPUT ---       blabel(3)=p:stratumB;
 INPUT ---       blabel(4)=p:stratumC;
 INPUT ---       blabel(5)=p:stratumD;
 INPUT ---       blabel(6)=p:stratumE;
 INPUT ---       blabel(7)=Psi:(Intercept);
 INPUT ---       rlabel(1)=S sA g1 c1 a0 o1 t1;
 INPUT ---       rlabel(2)=p sA g1 c1 a1 o1 t2;
 INPUT ---       rlabel(3)=p sB g1 c1 a1 o1 t2;
 INPUT ---       rlabel(4)=p sC g1 c1 a1 o1 t2;
 INPUT ---       rlabel(5)=p sD g1 c1 a1 o1 t2;
 INPUT ---       rlabel(6)=p sE g1 c1 a1 o1 t2;
 INPUT ---       rlabel(7)=Psi sA toB g1 c1 a0 o1 t1;
 INPUT ---       rlabel(8)=Psi sA toB g1 c1 a1 o2 t2;
 INPUT ---       rlabel(9)=Psi sA toB g1 c2 a0 o2 t2;
 INPUT ---       rlabel(10)=Psi sA toC g1 c1 a0 o1 t1;
 INPUT ---       rlabel(11)=Psi sA toC g1 c1 a1 o2 t2;
 INPUT ---       rlabel(12)=Psi sA toC g1 c2 a0 o2 t2;
 INPUT ---       rlabel(13)=Psi sA toD g1 c1 a0 o1 t1;
 INPUT ---       rlabel(14)=Psi sA toD g1 c1 a1 o2 t2;
 INPUT ---       rlabel(15)=Psi sA toD g1 c2 a0 o2 t2;
 INPUT ---       rlabel(16)=Psi sA toE g1 c1 a0 o1 t1;
 INPUT ---       rlabel(17)=Psi sA toE g1 c1 a1 o2 t2;
 INPUT ---       rlabel(18)=Psi sA toE g1 c2 a0 o2 t2;
 INPUT ---       rlabel(19)=Psi sB toA g1 c1 a0 o1 t1;
 INPUT ---       rlabel(20)=Psi sB toA g1 c1 a1 o2 t2;
 INPUT ---       rlabel(21)=Psi sB toA g1 c2 a0 o2 t2;
 INPUT ---       rlabel(22)=Psi sB toC g1 c1 a0 o1 t1;
 INPUT ---       rlabel(23)=Psi sB toC g1 c1 a1 o2 t2;
 INPUT ---       rlabel(24)=Psi sB toC g1 c2 a0 o2 t2;
 INPUT ---       rlabel(25)=Psi sB toD g1 c1 a0 o1 t1;
 INPUT ---       rlabel(26)=Psi sB toD g1 c1 a1 o2 t2;
 INPUT ---       rlabel(27)=Psi sB toD g1 c2 a0 o2 t2;
 INPUT ---       rlabel(28)=Psi sB toE g1 c1 a0 o1 t1;
 INPUT ---       rlabel(29)=Psi sB toE g1 c1 a1 o2 t2;
 INPUT ---       rlabel(30)=Psi sB toE g1 c2 a0 o2 t2;
 INPUT ---       rlabel(31)=Psi sC toA g1 c1 a0 o1 t1;
 INPUT ---       rlabel(32)=Psi sC toA g1 c1 a1 o2 t2;
 INPUT ---       rlabel(33)=Psi sC toA g1 c2 a0 o2 t2;
 INPUT ---       rlabel(34)=Psi sC toB g1 c1 a0 o1 t1;
 INPUT ---       rlabel(35)=Psi sC toB g1 c1 a1 o2 t2;
 INPUT ---       rlabel(36)=Psi sC toB g1 c2 a0 o2 t2;
 INPUT ---       rlabel(37)=Psi sC toD g1 c1 a0 o1 t1;
 INPUT ---       rlabel(38)=Psi sC toD g1 c1 a1 o2 t2;
 INPUT ---       rlabel(39)=Psi sC toD g1 c2 a0 o2 t2;
 INPUT ---       rlabel(40)=Psi sC toE g1 c1 a0 o1 t1;
 INPUT ---       rlabel(41)=Psi sC toE g1 c1 a1 o2 t2;

Program  MARK  - Survival Rate Estimation with Capture-Recapture Data
 gfortran(dble/PIM2) Vers. 11.2 Nov 2025   7-Jan-2026 23:50:47    Page  008
 - - - - - - - - - - - - - - - - - - - - - - - - - - - - - - - - - - - - - -
 
 INPUT ---       rlabel(42)=Psi sC toE g1 c2 a0 o2 t2;
 INPUT ---       rlabel(43)=Psi sD toA g1 c1 a0 o1 t1;
 INPUT ---       rlabel(44)=Psi sD toA g1 c1 a1 o2 t2;
 INPUT ---       rlabel(45)=Psi sD toA g1 c2 a0 o2 t2;
 INPUT ---       rlabel(46)=Psi sD toB g1 c1 a0 o1 t1;
 INPUT ---       rlabel(47)=Psi sD toB g1 c1 a1 o2 t2;
 INPUT ---       rlabel(48)=Psi sD toB g1 c2 a0 o2 t2;
 INPUT ---       rlabel(49)=Psi sD toC g1 c1 a0 o1 t1;
 INPUT ---       rlabel(50)=Psi sD toC g1 c1 a1 o2 t2;
 INPUT ---       rlabel(51)=Psi sD toC g1 c2 a0 o2 t2;
 INPUT ---       rlabel(52)=Psi sD toE g1 c1 a0 o1 t1;
 INPUT ---       rlabel(53)=Psi sD toE g1 c1 a1 o2 t2;
 INPUT ---       rlabel(54)=Psi sD toE g1 c2 a0 o2 t2;
 INPUT ---       rlabel(55)=Psi sE toA g1 c1 a0 o1 t1;
 INPUT ---       rlabel(56)=Psi sE toA g1 c1 a1 o2 t2;
 INPUT ---       rlabel(57)=Psi sE toA g1 c2 a0 o2 t2;
 INPUT ---       rlabel(58)=Psi sE toB g1 c1 a0 o1 t1;
 INPUT ---       rlabel(59)=Psi sE toB g1 c1 a1 o2 t2;
 INPUT ---       rlabel(60)=Psi sE toB g1 c2 a0 o2 t2;
 INPUT ---       rlabel(61)=Psi sE toC g1 c1 a0 o1 t1;
 INPUT ---       rlabel(62)=Psi sE toC g1 c1 a1 o2 t2;
 INPUT ---       rlabel(63)=Psi sE toC g1 c2 a0 o2 t2;
 INPUT ---       rlabel(64)=Psi sE toD g1 c1 a0 o1 t1;
 INPUT ---       rlabel(65)=Psi sE toD g1 c1 a1 o2 t2;
 INPUT ---       rlabel(66)=Psi sE toD g1 c2 a0 o2 t2;
   Model is { S(~1)p(~stratum)Psi(~1) }

 Link Function Used is PARM-SPECIFIC

 Variance Estimation Procedure Used is 2ndPart 
 -2logL(saturated) = 90643.026     
 Effective Sample Size = 41954

 Number of function evaluations was 42 for 7 parameters.
 For numerical optimization, CPU Time was 0.141 secs and System Time was 0.188 secs.
 -2logL { S(~1)p(~stratum)Psi(~1) } = 119025.89     
 Penalty { S(~1)p(~stratum)Psi(~1) } = 0.0000000     
 Gradient { S(~1)p(~stratum)Psi(~1) }:
   0.0000       0.0000       0.0000       0.0000       0.0000    
   0.0000     -3.59539E-04
 Maximum ABS(G) { S(~1)p(~stratum)Psi(~1) } =  3.59539E-04
 To compute VC matrix, CPU Time was 0.047 secs and System Time was 0.046 secs.
 S Vector { S(~1)p(~stratum)Psi(~1) }:
   9500.293      5943.745      538.0957      521.1402      178.2323    
  0.4691479E-05 0.8699944E-06
 To invert VC matrix, CPU Time was 0.001 secs and System Time was 0.001 secs.
 Ratio Threshold = 50.00 Max Gap (5/6) = 3.7991E+7 Next Max Gap (2/3) = 11.05
 Gap Method for Num. of Estimated Parameters { S(~1)p(~stratum)Psi(~1) } = 5          

Program  MARK  - Survival Rate Estimation with Capture-Recapture Data
 gfortran(dble/PIM2) Vers. 11.2 Nov 2025   7-Jan-2026 23:50:48    Page  009
 - - - - - - - - - - - - - - - - - - - - - - - - - - - - - - - - - - - - - -
 
 Threshold { S(~1)p(~stratum)Psi(~1) } = 0.7190780E-03           
 Numerical Threshold Method for Num. of Estimated Parameters { S(~1)p(~stratum)Psi(~1) } = 5          
 Number of Estimated Parameters { S(~1)p(~stratum)Psi(~1) } = 5          
 DEVIANCE { S(~1)p(~stratum)Psi(~1) } = 28382.862               
 DEVIANCE Degrees of Freedom { S(~1)p(~stratum)Psi(~1) } = 51          
 c-hat { S(~1)p(~stratum)Psi(~1) } = 556.52671               
 AIC { S(~1)p(~stratum)Psi(~1) } = 119035.89               
 AICc { S(~1)p(~stratum)Psi(~1) } = 119035.89               
 BIC { S(~1)p(~stratum)Psi(~1) } = 119079.11               
 Pearson Chisquare { S(~1)p(~stratum)Psi(~1) } = 98276.044               
 Possible Encounter Histories { S(~1)p(~stratum)Psi(~1) } = 126          
 Pearson Chisquare df { S(~1)p(~stratum)Psi(~1) } = 115          
 Pearson chat { S(~1)p(~stratum)Psi(~1) } = 854.57430               
 Sum(Observed/Expected) { S(~1)p(~stratum)Psi(~1) } = 198.95255               
 s-bar { S(~1)p(~stratum)Psi(~1) } = 0.6079379               
 Fletcher chat { S(~1)p(~stratum)Psi(~1) } = 531.47221               


          PARM-SPECIFIC Link Function Parameters of { S(~1)p(~stratum)Psi(~1) }
                                                              95% Confidence Interval
    Parameter                  Beta         Standard Error     Lower           Upper
 -------------------------  --------------  --------------  --------------  --------------
    1:S:(Intercept)          22.441226       1069.9872      -2074.7338       2119.6162    
    2:p:(Intercept)          0.3600693       0.0285555       0.3041005       0.4160382    
    3:p:stratumB             18.573965       466.59661      -895.95541       933.10334    
    4:p:stratumC            -0.3599943       0.0541674      -0.4661624      -0.2538262    
    5:p:stratumD            -0.6479532       0.0539684      -0.7537314      -0.5421751    
    6:p:stratumE            -0.9111298       0.0537299      -1.0164403      -0.8058193    
    7:Psi:(Intercept)       -1.7161518       0.0106029      -1.7369335      -1.6953702    


                 Real Function Parameters of { S(~1)p(~stratum)Psi(~1) }
                                                               95% Confidence Interval
     Parameter                Estimate       Standard Error     Lower           Upper
 --------------------------  --------------  --------------  --------------  --------------
     1:S sA g1 c1 a0 o1 t1    1.0000000       0.0000000       1.0000000       1.0000000       
     2:p sA g1 c1 a1 o1 t2    0.5890572       0.0069124       0.5754446       0.6025348       
     3:p sB g1 c1 a1 o1 t2    1.0000000       0.2841665E-05   0.9999944       1.0000056       
     4:p sC g1 c1 a1 o1 t2    0.5000187       0.0103510       0.4797419       0.5202956       
     5:p sD g1 c1 a1 o1 t2    0.4285220       0.0100560       0.4089356       0.4483350       
     6:p sE g1 c1 a1 o1 t2    0.3656184       0.0095104       0.3471870       0.3844521       
     7:Psi sA toB g1 c1 a0    0.1045688       0.6449762E-03   0.1033114       0.1058397       
     8:Psi sA toB g1 c1 a1    0.1045688       0.6449762E-03   0.1033114       0.1058397       
     9:Psi sA toB g1 c2 a0    0.1045688       0.6449762E-03   0.1033114       0.1058397       
    10:Psi sA toC g1 c1 a0    0.1045688       0.6449762E-03   0.1033114       0.1058397       
    11:Psi sA toC g1 c1 a1    0.1045688       0.6449762E-03   0.1033114       0.1058397       
    12:Psi sA toC g1 c2 a0    0.1045688       0.6449762E-03   0.1033114       0.1058397       

Program  MARK  - Survival Rate Estimation with Capture-Recapture Data
 gfortran(dble/PIM2) Vers. 11.2 Nov 2025   7-Jan-2026 23:50:48    Page  010
 - - - - - - - - - - - - - - - - - - - - - - - - - - - - - - - - - - - - - -
 
    13:Psi sA toD g1 c1 a0    0.1045688       0.6449762E-03   0.1033114       0.1058397       
    14:Psi sA toD g1 c1 a1    0.1045688       0.6449762E-03   0.1033114       0.1058397       
    15:Psi sA toD g1 c2 a0    0.1045688       0.6449762E-03   0.1033114       0.1058397       
    16:Psi sA toE g1 c1 a0    0.1045688       0.6449762E-03   0.1033114       0.1058397       
    17:Psi sA toE g1 c1 a1    0.1045688       0.6449762E-03   0.1033114       0.1058397       
    18:Psi sA toE g1 c2 a0    0.1045688       0.6449762E-03   0.1033114       0.1058397       
    19:Psi sB toA g1 c1 a0    0.1045688       0.6449762E-03   0.1033114       0.1058397       
    20:Psi sB toA g1 c1 a1    0.1045688       0.6449762E-03   0.1033114       0.1058397       
    21:Psi sB toA g1 c2 a0    0.1045688       0.6449762E-03   0.1033114       0.1058397       
    22:Psi sB toC g1 c1 a0    0.1045688       0.6449762E-03   0.1033114       0.1058397       
    23:Psi sB toC g1 c1 a1    0.1045688       0.6449762E-03   0.1033114       0.1058397       
    24:Psi sB toC g1 c2 a0    0.1045688       0.6449762E-03   0.1033114       0.1058397       
    25:Psi sB toD g1 c1 a0    0.1045688       0.6449762E-03   0.1033114       0.1058397       
    26:Psi sB toD g1 c1 a1    0.1045688       0.6449762E-03   0.1033114       0.1058397       
    27:Psi sB toD g1 c2 a0    0.1045688       0.6449762E-03   0.1033114       0.1058397       
    28:Psi sB toE g1 c1 a0    0.1045688       0.6449762E-03   0.1033114       0.1058397       
    29:Psi sB toE g1 c1 a1    0.1045688       0.6449762E-03   0.1033114       0.1058397       
    30:Psi sB toE g1 c2 a0    0.1045688       0.6449762E-03   0.1033114       0.1058397       
    31:Psi sC toA g1 c1 a0    0.1045688       0.6449762E-03   0.1033114       0.1058397       
    32:Psi sC toA g1 c1 a1    0.1045688       0.6449762E-03   0.1033114       0.1058397       
    33:Psi sC toA g1 c2 a0    0.1045688       0.6449762E-03   0.1033114       0.1058397       
    34:Psi sC toB g1 c1 a0    0.1045688       0.6449762E-03   0.1033114       0.1058397       
    35:Psi sC toB g1 c1 a1    0.1045688       0.6449762E-03   0.1033114       0.1058397       
    36:Psi sC toB g1 c2 a0    0.1045688       0.6449762E-03   0.1033114       0.1058397       
    37:Psi sC toD g1 c1 a0    0.1045688       0.6449762E-03   0.1033114       0.1058397       
    38:Psi sC toD g1 c1 a1    0.1045688       0.6449762E-03   0.1033114       0.1058397       
    39:Psi sC toD g1 c2 a0    0.1045688       0.6449762E-03   0.1033114       0.1058397       
    40:Psi sC toE g1 c1 a0    0.1045688       0.6449762E-03   0.1033114       0.1058397       
    41:Psi sC toE g1 c1 a1    0.1045688       0.6449762E-03   0.1033114       0.1058397       
    42:Psi sC toE g1 c2 a0    0.1045688       0.6449762E-03   0.1033114       0.1058397       
    43:Psi sD toA g1 c1 a0    0.1045688       0.6449762E-03   0.1033114       0.1058397       
    44:Psi sD toA g1 c1 a1    0.1045688       0.6449762E-03   0.1033114       0.1058397       
    45:Psi sD toA g1 c2 a0    0.1045688       0.6449762E-03   0.1033114       0.1058397       
    46:Psi sD toB g1 c1 a0    0.1045688       0.6449762E-03   0.1033114       0.1058397       
    47:Psi sD toB g1 c1 a1    0.1045688       0.6449762E-03   0.1033114       0.1058397       
    48:Psi sD toB g1 c2 a0    0.1045688       0.6449762E-03   0.1033114       0.1058397       
    49:Psi sD toC g1 c1 a0    0.1045688       0.6449762E-03   0.1033114       0.1058397       
    50:Psi sD toC g1 c1 a1    0.1045688       0.6449762E-03   0.1033114       0.1058397       
    51:Psi sD toC g1 c2 a0    0.1045688       0.6449762E-03   0.1033114       0.1058397       
    52:Psi sD toE g1 c1 a0    0.1045688       0.6449762E-03   0.1033114       0.1058397       
    53:Psi sD toE g1 c1 a1    0.1045688       0.6449762E-03   0.1033114       0.1058397       
    54:Psi sD toE g1 c2 a0    0.1045688       0.6449762E-03   0.1033114       0.1058397       
    55:Psi sE toA g1 c1 a0    0.1045688       0.6449762E-03   0.1033114       0.1058397       
    56:Psi sE toA g1 c1 a1    0.1045688       0.6449762E-03   0.1033114       0.1058397       
    57:Psi sE toA g1 c2 a0    0.1045688       0.6449762E-03   0.1033114       0.1058397       
    58:Psi sE toB g1 c1 a0    0.1045688       0.6449762E-03   0.1033114       0.1058397       

Program  MARK  - Survival Rate Estimation with Capture-Recapture Data
 gfortran(dble/PIM2) Vers. 11.2 Nov 2025   7-Jan-2026 23:50:48    Page  011
 - - - - - - - - - - - - - - - - - - - - - - - - - - - - - - - - - - - - - -
 
    59:Psi sE toB g1 c1 a1    0.1045688       0.6449762E-03   0.1033114       0.1058397       
    60:Psi sE toB g1 c2 a0    0.1045688       0.6449762E-03   0.1033114       0.1058397       
    61:Psi sE toC g1 c1 a0    0.1045688       0.6449762E-03   0.1033114       0.1058397       
    62:Psi sE toC g1 c1 a1    0.1045688       0.6449762E-03   0.1033114       0.1058397       
    63:Psi sE toC g1 c2 a0    0.1045688       0.6449762E-03   0.1033114       0.1058397       
    64:Psi sE toD g1 c1 a0    0.1045688       0.6449762E-03   0.1033114       0.1058397       
    65:Psi sE toD g1 c1 a1    0.1045688       0.6449762E-03   0.1033114       0.1058397       
    66:Psi sE toD g1 c2 a0    0.1045688       0.6449762E-03   0.1033114       0.1058397       

 To compute parameter estimates, CPU Time was 0.031 secs and System Time was 0.031 secs.

 Attempted ordering of parameters by estimatibility:
  7 2 6 5 4 3 1
 Beta number 1 is a singular value.

 For procedure estimate CPU Time was 0.234 secs and System Time was 1.218 secs.
 INPUT --- proc stop;

 For this job, CPU Time in mins was 0.006 and System Time in mins was 0.024.

     Time Start = 23:50:46.705   Time End = 23:50:48.174

 Wall Clock Time in mins for this job was 0.021.

 Maximum of 22 words used.


          E X E C U T I O N   S U C C E S S F U L
