
 Program  MARK  - Survival Rate Estimation with Capture-Recapture Data
 gfortran(dble/PIM2) Vers. 11.2 Nov 2025   6-Jan-2026 21:55:54    Page  001
  
 - - - - - - - - - - - - - - - - - - - - - - - - - - - - - - - - - - - - - -
 
 Welcome to MARK Vuillemot on machine LORDI-1NRUQJIEA in subdirectory
   "C:\Users\Vuillemot\Desktop\cypripedium\Elian_cypripedium" running file "mark022.inp".
 This version was compiled by GCC version 15.2.0 using the options: 
  -cpp -iprefix C:/tdm-gcc-64/mingw64-15-2/bin/../lib/gcc/
  x86_64-w64-mingw32/15.2.0/ -D_MT -D_REENTRANT -U_REENTRANT -D
  dbleprecision -m64 -march=x86-64 -mtune=generic -mthreads -O3 -std=f2023
  -fimplicit-none -ffpe-summary=invalid,zero,overflow,underflow
  -funroll-loops -fno-unsafe-math-optimizations -frounding-math
  -fsignaling-nans -fprefetch-loop-arrays -fall-intrinsics -fopenmp

 This problem will use 3 of 4 possible threads.
 Static thread allocation is used.
 INPUT --- proc title ;

 For procedure title CPU Time was 0.001 secs and System Time was 0.001 secs.
 INPUT --- proc chmatrix occasions= 3 groups= 4 etype= Live Nodes= 101 
 INPUT --- icovar = 1 ICMeans NoHist  hist= 382 ;
 INPUT ---    time interval 1 1 ;
 INPUT ---     icovariates taille_c ;
 INPUT ---    glabel(1)=siteCombe Michaut;
 INPUT ---    glabel(2)=siteTete Cendree Haut;
 INPUT ---    glabel(3)=siteVal Clavin;
 INPUT ---    glabel(4)=siteVigne au Renard;

      Number of unique encounter histories read was 382.

      Number of individual covariates read was 1.
      Time interval lengths are all equal to 1.

      Data type number is 1
      Data type is Live Recaptures (CJS)

 For procedure chmatrix CPU Time was 0.031 secs and System Time was 0.031 secs.

Program  MARK  - Survival Rate Estimation with Capture-Recapture Data
 gfortran(dble/PIM2) Vers. 11.2 Nov 2025   6-Jan-2026 21:55:55    Page  002
 - - - - - - - - - - - - - - - - - - - - - - - - - - - - - - - - - - - - - -
 


 INPUT --- proc estimate link=Logit NOLOOP varest=2ndPart    ;
 INPUT --- model={ Phi(~taille_c)p(~1) };
 INPUT ---    group=1 Phi    rows=2 cols=2 Triang ;
 INPUT ---        1 1 ;
 INPUT ---        1 ;
 INPUT ---    group=2 Phi    rows=2 cols=2 Triang ;
 INPUT ---        1 1 ;
 INPUT ---        1 ;
 INPUT ---    group=3 Phi    rows=2 cols=2 Triang ;
 INPUT ---        1 1 ;
 INPUT ---        1 ;
 INPUT ---    group=4 Phi    rows=2 cols=2 Triang ;
 INPUT ---        1 1 ;
 INPUT ---        1 ;
 INPUT ---    group=1 p    rows=2 cols=2 Triang ;
 INPUT ---        2 2 ;
 INPUT ---        2 ;
 INPUT ---    group=2 p    rows=2 cols=2 Triang ;
 INPUT ---        2 2 ;
 INPUT ---        2 ;
 INPUT ---    group=3 p    rows=2 cols=2 Triang ;
 INPUT ---        2 2 ;
 INPUT ---        2 ;
 INPUT ---    group=4 p    rows=2 cols=2 Triang ;
 INPUT ---        2 2 ;
 INPUT ---        2 ;
 INPUT ---    design matrix constraints=2 covariates=3;
 INPUT ---        1 taille_c 0;
 INPUT ---        0 0 1;
 INPUT ---       blabel(1)=Phi:(Intercept);
 INPUT ---       blabel(2)=Phi:taille_c;
 INPUT ---       blabel(3)=p:(Intercept);
 INPUT ---       rlabel(1)=Phi gCombe Michaut c1 a0 t1;
 INPUT ---       rlabel(2)=p gCombe Michaut c1 a1 t2;
   Model is { Phi(~taille_c)p(~1) }

 Link Function Used is LOGIT        

 Variance Estimation Procedure Used is 2ndPart 
 -2logL(saturated) = 0.0000000     
 Effective Sample Size = 662

 Number of function evaluations was 27 for 3 parameters.
 For numerical optimization, CPU Time was 0.125 secs and System Time was 0.422 secs.
 -2logL { Phi(~taille_c)p(~1) } = 313.98814     
 Penalty { Phi(~taille_c)p(~1) } = 0.0000000     

Program  MARK  - Survival Rate Estimation with Capture-Recapture Data
 gfortran(dble/PIM2) Vers. 11.2 Nov 2025   6-Jan-2026 21:55:55    Page  003
 - - - - - - - - - - - - - - - - - - - - - - - - - - - - - - - - - - - - - -
 
 Gradient { Phi(~taille_c)p(~1) }:
   0.0000       0.0000       0.0000    
 Maximum ABS(G) { Phi(~taille_c)p(~1) } =   0.0000    
 To compute VC matrix, CPU Time was 0.016 secs and System Time was 0.031 secs.
 S Vector { Phi(~taille_c)p(~1) }:
   26.35120      8.322445     0.1244171    
 To invert VC matrix, CPU Time was 0.001 secs and System Time was 0.001 secs.
 Ratio Threshold = 50.00 Max Gap (2/3) = 66.89 Next Max Gap (1/2) = 3.166
 Gap Method for Num. of Estimated Parameters { Phi(~taille_c)p(~1) } = 2          
 Numerical Threshold Method for Num. of Estimated Parameters { Phi(~taille_c)p(~1) } = 2          
 Number of Estimated Parameters { Phi(~taille_c)p(~1) } = 2          
 DEVIANCE { Phi(~taille_c)p(~1) } = 313.98814               
 DEVIANCE Degrees of Freedom { Phi(~taille_c)p(~1) } = 333          
 c-hat { Phi(~taille_c)p(~1) } = 0.9429073               
 AIC { Phi(~taille_c)p(~1) } = 317.98814               
 AICc { Phi(~taille_c)p(~1) } = 318.00635               
 BIC { Phi(~taille_c)p(~1) } = 326.97867               
 Pearson Chisquare { Phi(~taille_c)p(~1) } = 1710.7686               
 Possible Encounter Histories { Phi(~taille_c)p(~1) } = 24          
 Pearson Chisquare df { Phi(~taille_c)p(~1) } = 14          
 Pearson chat { Phi(~taille_c)p(~1) } = 122.19776               
 Sum(Observed/Expected) { Phi(~taille_c)p(~1) } = 1250.4299               
 s-bar { Phi(~taille_c)p(~1) } = 76.651867               
 Fletcher chat { Phi(~taille_c)p(~1) } = 1.5736616               


                LOGIT Link Function Parameters of { Phi(~taille_c)p(~1) }
                                                              95% Confidence Interval
    Parameter                  Beta         Standard Error     Lower           Upper
 -------------------------  --------------  --------------  --------------  --------------
    1:Phi:(Intercept)        4.2230754       0.6442511       2.9603432       5.4858076    
    2:Phi:taille_c           0.3888772       0.0902028       0.2120797       0.5656746    
    3:p:(Intercept)          3.7336998       0.3770059       2.9947682       4.4726314    


                   Real Function Parameters of { Phi(~taille_c)p(~1) }

      Following estimates based on unstandardized individual covariate values:
          Variable                 Value        
          ----------------------  ------------- 
          TAILLE_C                 0.9802651E-11
                                                               95% Confidence Interval
     Parameter                Estimate       Standard Error     Lower           Upper
 --------------------------  --------------  --------------  --------------  --------------
     1:Phi gCombe Michaut c   0.9855581       0.0091698       0.9507501       0.9958719       

Program  MARK  - Survival Rate Estimation with Capture-Recapture Data
 gfortran(dble/PIM2) Vers. 11.2 Nov 2025   6-Jan-2026 21:55:55    Page  004
 - - - - - - - - - - - - - - - - - - - - - - - - - - - - - - - - - - - - - -
 
     2:p gCombe Michaut c1    0.9766538       0.0085962       0.9523372       0.9887116       

 To compute parameter estimates, CPU Time was 0.016 secs and System Time was 0.015 secs.

 Attempted ordering of parameters by estimatibility:
  1 3 2
 Beta number 2 is a singular value.

 For procedure estimate CPU Time was 0.188 secs and System Time was 0.594 secs.
 INPUT --- proc stop;

 For this job, CPU Time in mins was 0.005 and System Time in mins was 0.012.

     Time Start = 21:55:54.904   Time End = 21:55:55.634

 Wall Clock Time in mins for this job was 0.011.

 Maximum of 22 words used.


          E X E C U T I O N   S U C C E S S F U L
