
 Program  MARK  - Survival Rate Estimation with Capture-Recapture Data
 gfortran(dble/PIM2) Vers. 11.2 Nov 2025   7-Jan-2026 16:45:25    Page  001
  
 - - - - - - - - - - - - - - - - - - - - - - - - - - - - - - - - - - - - - -
 
 Welcome to MARK Vuillemot on machine LORDI-1NRUQJIEA in subdirectory
   "C:\Users\Vuillemot\Desktop\cypripedium\Elian_cypripedium" running file "mark026.inp".
 This version was compiled by GCC version 15.2.0 using the options: 
  -cpp -iprefix C:/tdm-gcc-64/mingw64-15-2/bin/../lib/gcc/
  x86_64-w64-mingw32/15.2.0/ -D_MT -D_REENTRANT -U_REENTRANT -D
  dbleprecision -m64 -march=x86-64 -mtune=generic -mthreads -O3 -std=f2023
  -fimplicit-none -ffpe-summary=invalid,zero,overflow,underflow
  -funroll-loops -fno-unsafe-math-optimizations -frounding-math
  -fsignaling-nans -fprefetch-loop-arrays -fall-intrinsics -fopenmp

 This problem will use 3 of 4 possible threads.
 Static thread allocation is used.
 INPUT --- proc title ;

 For procedure title CPU Time was 0.001 secs and System Time was 0.001 secs.
 INPUT --- proc chmatrix occasions= 3 groups= 1 etype= Multistrata 
 INPUT --- Nodes= 101 strata=5 ICMeans  NoHist hist= 62 ;
 INPUT ---    time interval 1 1 ;
 INPUT ---     strata=A B C D E;
 INPUT ---    glabel(1)=Group 1;

      Number of unique encounter histories read was 62.

      Number of individual covariates read was 0.
      Time interval lengths are all equal to 1.

      Data type number is 9
      Data type is Multi-state with Live Recaptures

 For procedure chmatrix CPU Time was 0.016 secs and System Time was 0.016 secs.

Program  MARK  - Survival Rate Estimation with Capture-Recapture Data
 gfortran(dble/PIM2) Vers. 11.2 Nov 2025   7-Jan-2026 16:45:25    Page  002
 - - - - - - - - - - - - - - - - - - - - - - - - - - - - - - - - - - - - - -
 


 INPUT --- proc estimate link=Parm-Specific NOLOOP varest=2ndPart    ;
 INPUT --- model={ S(~1)p(~stratum)Psi(~1) };
 INPUT ---    group=1 S A:StratumA   rows=2 cols=2 Triang ;
 INPUT ---        1 1 ;
 INPUT ---        1 ;
 INPUT ---    group=1 S B:StratumB   rows=2 cols=2 Triang ;
 INPUT ---        1 1 ;
 INPUT ---        1 ;
 INPUT ---    group=1 S C:StratumC   rows=2 cols=2 Triang ;
 INPUT ---        1 1 ;
 INPUT ---        1 ;
 INPUT ---    group=1 S D:StratumD   rows=2 cols=2 Triang ;
 INPUT ---        1 1 ;
 INPUT ---        1 ;
 INPUT ---    group=1 S E:StratumE   rows=2 cols=2 Triang ;
 INPUT ---        1 1 ;
 INPUT ---        1 ;
 INPUT ---    group=1 p A:StratumA   rows=2 cols=2 Triang ;
 INPUT ---        2 2 ;
 INPUT ---        2 ;
 INPUT ---    group=1 p B:StratumB   rows=2 cols=2 Triang ;
 INPUT ---        3 3 ;
 INPUT ---        3 ;
 INPUT ---    group=1 p C:StratumC   rows=2 cols=2 Triang ;
 INPUT ---        4 4 ;
 INPUT ---        4 ;
 INPUT ---    group=1 p D:StratumD   rows=2 cols=2 Triang ;
 INPUT ---        5 5 ;
 INPUT ---        5 ;
 INPUT ---    group=1 p E:StratumE   rows=2 cols=2 Triang ;
 INPUT ---        6 6 ;
 INPUT ---        6 ;
 INPUT ---    group=1 Psi A to B   rows=2 cols=2 Triang ;
 INPUT ---        7 8 ;
 INPUT ---        9 ;
 INPUT ---    group=1 Psi A to C   rows=2 cols=2 Triang ;
 INPUT ---        10 11 ;
 INPUT ---        12 ;
 INPUT ---    group=1 Psi A to D   rows=2 cols=2 Triang ;
 INPUT ---        13 14 ;
 INPUT ---        15 ;
 INPUT ---    group=1 Psi A to E   rows=2 cols=2 Triang ;
 INPUT ---        16 17 ;
 INPUT ---        18 ;

Program  MARK  - Survival Rate Estimation with Capture-Recapture Data
 gfortran(dble/PIM2) Vers. 11.2 Nov 2025   7-Jan-2026 16:45:25    Page  003
 - - - - - - - - - - - - - - - - - - - - - - - - - - - - - - - - - - - - - -
 
 INPUT ---    group=1 Psi B to A   rows=2 cols=2 Triang ;
 INPUT ---        19 20 ;
 INPUT ---        21 ;
 INPUT ---    group=1 Psi B to C   rows=2 cols=2 Triang ;
 INPUT ---        22 23 ;
 INPUT ---        24 ;
 INPUT ---    group=1 Psi B to D   rows=2 cols=2 Triang ;
 INPUT ---        25 26 ;
 INPUT ---        27 ;
 INPUT ---    group=1 Psi B to E   rows=2 cols=2 Triang ;
 INPUT ---        28 29 ;
 INPUT ---        30 ;
 INPUT ---    group=1 Psi C to A   rows=2 cols=2 Triang ;
 INPUT ---        31 32 ;
 INPUT ---        33 ;
 INPUT ---    group=1 Psi C to B   rows=2 cols=2 Triang ;
 INPUT ---        34 35 ;
 INPUT ---        36 ;
 INPUT ---    group=1 Psi C to D   rows=2 cols=2 Triang ;
 INPUT ---        37 38 ;
 INPUT ---        39 ;
 INPUT ---    group=1 Psi C to E   rows=2 cols=2 Triang ;
 INPUT ---        40 41 ;
 INPUT ---        42 ;
 INPUT ---    group=1 Psi D to A   rows=2 cols=2 Triang ;
 INPUT ---        43 44 ;
 INPUT ---        45 ;
 INPUT ---    group=1 Psi D to B   rows=2 cols=2 Triang ;
 INPUT ---        46 47 ;
 INPUT ---        48 ;
 INPUT ---    group=1 Psi D to C   rows=2 cols=2 Triang ;
 INPUT ---        49 50 ;
 INPUT ---        51 ;
 INPUT ---    group=1 Psi D to E   rows=2 cols=2 Triang ;
 INPUT ---        52 53 ;
 INPUT ---        54 ;
 INPUT ---    group=1 Psi E to A   rows=2 cols=2 Triang ;
 INPUT ---        55 56 ;
 INPUT ---        57 ;
 INPUT ---    group=1 Psi E to B   rows=2 cols=2 Triang ;
 INPUT ---        58 59 ;
 INPUT ---        60 ;
 INPUT ---    group=1 Psi E to C   rows=2 cols=2 Triang ;
 INPUT ---        61 62 ;
 INPUT ---        63 ;
 INPUT ---    group=1 Psi E to D   rows=2 cols=2 Triang ;

Program  MARK  - Survival Rate Estimation with Capture-Recapture Data
 gfortran(dble/PIM2) Vers. 11.2 Nov 2025   7-Jan-2026 16:45:25    Page  004
 - - - - - - - - - - - - - - - - - - - - - - - - - - - - - - - - - - - - - -
 
 INPUT ---        64 65 ;
 INPUT ---        66 ;
 INPUT ---    design matrix constraints=66 covariates=7;
 INPUT ---        1 0 0 0 0 0 0;
 INPUT ---        0 1 0 0 0 0 0;
 INPUT ---        0 1 1 0 0 0 0;
 INPUT ---        0 1 0 1 0 0 0;
 INPUT ---        0 1 0 0 1 0 0;
 INPUT ---        0 1 0 0 0 1 0;
 INPUT ---        0 0 0 0 0 0 1;
 INPUT ---        0 0 0 0 0 0 1;
 INPUT ---        0 0 0 0 0 0 1;
 INPUT ---        0 0 0 0 0 0 1;
 INPUT ---        0 0 0 0 0 0 1;
 INPUT ---        0 0 0 0 0 0 1;
 INPUT ---        0 0 0 0 0 0 1;
 INPUT ---        0 0 0 0 0 0 1;
 INPUT ---        0 0 0 0 0 0 1;
 INPUT ---        0 0 0 0 0 0 1;
 INPUT ---        0 0 0 0 0 0 1;
 INPUT ---        0 0 0 0 0 0 1;
 INPUT ---        0 0 0 0 0 0 1;
 INPUT ---        0 0 0 0 0 0 1;
 INPUT ---        0 0 0 0 0 0 1;
 INPUT ---        0 0 0 0 0 0 1;
 INPUT ---        0 0 0 0 0 0 1;
 INPUT ---        0 0 0 0 0 0 1;
 INPUT ---        0 0 0 0 0 0 1;
 INPUT ---        0 0 0 0 0 0 1;
 INPUT ---        0 0 0 0 0 0 1;
 INPUT ---        0 0 0 0 0 0 1;
 INPUT ---        0 0 0 0 0 0 1;
 INPUT ---        0 0 0 0 0 0 1;
 INPUT ---        0 0 0 0 0 0 1;
 INPUT ---        0 0 0 0 0 0 1;
 INPUT ---        0 0 0 0 0 0 1;
 INPUT ---        0 0 0 0 0 0 1;
 INPUT ---        0 0 0 0 0 0 1;
 INPUT ---        0 0 0 0 0 0 1;
 INPUT ---        0 0 0 0 0 0 1;
 INPUT ---        0 0 0 0 0 0 1;
 INPUT ---        0 0 0 0 0 0 1;
 INPUT ---        0 0 0 0 0 0 1;
 INPUT ---        0 0 0 0 0 0 1;
 INPUT ---        0 0 0 0 0 0 1;
 INPUT ---        0 0 0 0 0 0 1;

Program  MARK  - Survival Rate Estimation with Capture-Recapture Data
 gfortran(dble/PIM2) Vers. 11.2 Nov 2025   7-Jan-2026 16:45:25    Page  005
 - - - - - - - - - - - - - - - - - - - - - - - - - - - - - - - - - - - - - -
 
 INPUT ---        0 0 0 0 0 0 1;
 INPUT ---        0 0 0 0 0 0 1;
 INPUT ---        0 0 0 0 0 0 1;
 INPUT ---        0 0 0 0 0 0 1;
 INPUT ---        0 0 0 0 0 0 1;
 INPUT ---        0 0 0 0 0 0 1;
 INPUT ---        0 0 0 0 0 0 1;
 INPUT ---        0 0 0 0 0 0 1;
 INPUT ---        0 0 0 0 0 0 1;
 INPUT ---        0 0 0 0 0 0 1;
 INPUT ---        0 0 0 0 0 0 1;
 INPUT ---        0 0 0 0 0 0 1;
 INPUT ---        0 0 0 0 0 0 1;
 INPUT ---        0 0 0 0 0 0 1;
 INPUT ---        0 0 0 0 0 0 1;
 INPUT ---        0 0 0 0 0 0 1;
 INPUT ---        0 0 0 0 0 0 1;
 INPUT ---        0 0 0 0 0 0 1;
 INPUT ---        0 0 0 0 0 0 1;
 INPUT ---        0 0 0 0 0 0 1;
 INPUT ---        0 0 0 0 0 0 1;
 INPUT ---        0 0 0 0 0 0 1;
 INPUT ---        0 0 0 0 0 0 1;
 INPUT ---    links=66;
 INPUT ---       Logit;
 INPUT ---       Logit;
 INPUT ---       Logit;
 INPUT ---       Logit;
 INPUT ---       Logit;
 INPUT ---       Logit;
 INPUT ---       mlogit(1);
 INPUT ---       mlogit(2);
 INPUT ---       mlogit(3);
 INPUT ---       mlogit(1);
 INPUT ---       mlogit(2);
 INPUT ---       mlogit(3);
 INPUT ---       mlogit(1);
 INPUT ---       mlogit(2);
 INPUT ---       mlogit(3);
 INPUT ---       mlogit(1);
 INPUT ---       mlogit(2);
 INPUT ---       mlogit(3);
 INPUT ---       mlogit(4);
 INPUT ---       mlogit(5);
 INPUT ---       mlogit(6);
 INPUT ---       mlogit(4);

Program  MARK  - Survival Rate Estimation with Capture-Recapture Data
 gfortran(dble/PIM2) Vers. 11.2 Nov 2025   7-Jan-2026 16:45:26    Page  006
 - - - - - - - - - - - - - - - - - - - - - - - - - - - - - - - - - - - - - -
 
 INPUT ---       mlogit(5);
 INPUT ---       mlogit(6);
 INPUT ---       mlogit(4);
 INPUT ---       mlogit(5);
 INPUT ---       mlogit(6);
 INPUT ---       mlogit(4);
 INPUT ---       mlogit(5);
 INPUT ---       mlogit(6);
 INPUT ---       mlogit(7);
 INPUT ---       mlogit(8);
 INPUT ---       mlogit(9);
 INPUT ---       mlogit(7);
 INPUT ---       mlogit(8);
 INPUT ---       mlogit(9);
 INPUT ---       mlogit(7);
 INPUT ---       mlogit(8);
 INPUT ---       mlogit(9);
 INPUT ---       mlogit(7);
 INPUT ---       mlogit(8);
 INPUT ---       mlogit(9);
 INPUT ---       mlogit(10);
 INPUT ---       mlogit(11);
 INPUT ---       mlogit(12);
 INPUT ---       mlogit(10);
 INPUT ---       mlogit(11);
 INPUT ---       mlogit(12);
 INPUT ---       mlogit(10);
 INPUT ---       mlogit(11);
 INPUT ---       mlogit(12);
 INPUT ---       mlogit(10);
 INPUT ---       mlogit(11);
 INPUT ---       mlogit(12);
 INPUT ---       mlogit(13);
 INPUT ---       mlogit(14);
 INPUT ---       mlogit(15);
 INPUT ---       mlogit(13);
 INPUT ---       mlogit(14);
 INPUT ---       mlogit(15);
 INPUT ---       mlogit(13);
 INPUT ---       mlogit(14);
 INPUT ---       mlogit(15);
 INPUT ---       mlogit(13);
 INPUT ---       mlogit(14);
 INPUT ---       mlogit(15);
 INPUT ---       blabel(1)=S:(Intercept);
 INPUT ---       blabel(2)=p:(Intercept);

Program  MARK  - Survival Rate Estimation with Capture-Recapture Data
 gfortran(dble/PIM2) Vers. 11.2 Nov 2025   7-Jan-2026 16:45:26    Page  007
 - - - - - - - - - - - - - - - - - - - - - - - - - - - - - - - - - - - - - -
 
 INPUT ---       blabel(3)=p:stratumB;
 INPUT ---       blabel(4)=p:stratumC;
 INPUT ---       blabel(5)=p:stratumD;
 INPUT ---       blabel(6)=p:stratumE;
 INPUT ---       blabel(7)=Psi:(Intercept);
 INPUT ---       rlabel(1)=S sA g1 c1 a0 o1 t1;
 INPUT ---       rlabel(2)=p sA g1 c1 a1 o1 t2;
 INPUT ---       rlabel(3)=p sB g1 c1 a1 o1 t2;
 INPUT ---       rlabel(4)=p sC g1 c1 a1 o1 t2;
 INPUT ---       rlabel(5)=p sD g1 c1 a1 o1 t2;
 INPUT ---       rlabel(6)=p sE g1 c1 a1 o1 t2;
 INPUT ---       rlabel(7)=Psi sA toB g1 c1 a0 o1 t1;
 INPUT ---       rlabel(8)=Psi sA toB g1 c1 a1 o2 t2;
 INPUT ---       rlabel(9)=Psi sA toB g1 c2 a0 o2 t2;
 INPUT ---       rlabel(10)=Psi sA toC g1 c1 a0 o1 t1;
 INPUT ---       rlabel(11)=Psi sA toC g1 c1 a1 o2 t2;
 INPUT ---       rlabel(12)=Psi sA toC g1 c2 a0 o2 t2;
 INPUT ---       rlabel(13)=Psi sA toD g1 c1 a0 o1 t1;
 INPUT ---       rlabel(14)=Psi sA toD g1 c1 a1 o2 t2;
 INPUT ---       rlabel(15)=Psi sA toD g1 c2 a0 o2 t2;
 INPUT ---       rlabel(16)=Psi sA toE g1 c1 a0 o1 t1;
 INPUT ---       rlabel(17)=Psi sA toE g1 c1 a1 o2 t2;
 INPUT ---       rlabel(18)=Psi sA toE g1 c2 a0 o2 t2;
 INPUT ---       rlabel(19)=Psi sB toA g1 c1 a0 o1 t1;
 INPUT ---       rlabel(20)=Psi sB toA g1 c1 a1 o2 t2;
 INPUT ---       rlabel(21)=Psi sB toA g1 c2 a0 o2 t2;
 INPUT ---       rlabel(22)=Psi sB toC g1 c1 a0 o1 t1;
 INPUT ---       rlabel(23)=Psi sB toC g1 c1 a1 o2 t2;
 INPUT ---       rlabel(24)=Psi sB toC g1 c2 a0 o2 t2;
 INPUT ---       rlabel(25)=Psi sB toD g1 c1 a0 o1 t1;
 INPUT ---       rlabel(26)=Psi sB toD g1 c1 a1 o2 t2;
 INPUT ---       rlabel(27)=Psi sB toD g1 c2 a0 o2 t2;
 INPUT ---       rlabel(28)=Psi sB toE g1 c1 a0 o1 t1;
 INPUT ---       rlabel(29)=Psi sB toE g1 c1 a1 o2 t2;
 INPUT ---       rlabel(30)=Psi sB toE g1 c2 a0 o2 t2;
 INPUT ---       rlabel(31)=Psi sC toA g1 c1 a0 o1 t1;
 INPUT ---       rlabel(32)=Psi sC toA g1 c1 a1 o2 t2;
 INPUT ---       rlabel(33)=Psi sC toA g1 c2 a0 o2 t2;
 INPUT ---       rlabel(34)=Psi sC toB g1 c1 a0 o1 t1;
 INPUT ---       rlabel(35)=Psi sC toB g1 c1 a1 o2 t2;
 INPUT ---       rlabel(36)=Psi sC toB g1 c2 a0 o2 t2;
 INPUT ---       rlabel(37)=Psi sC toD g1 c1 a0 o1 t1;
 INPUT ---       rlabel(38)=Psi sC toD g1 c1 a1 o2 t2;
 INPUT ---       rlabel(39)=Psi sC toD g1 c2 a0 o2 t2;
 INPUT ---       rlabel(40)=Psi sC toE g1 c1 a0 o1 t1;
 INPUT ---       rlabel(41)=Psi sC toE g1 c1 a1 o2 t2;

Program  MARK  - Survival Rate Estimation with Capture-Recapture Data
 gfortran(dble/PIM2) Vers. 11.2 Nov 2025   7-Jan-2026 16:45:26    Page  008
 - - - - - - - - - - - - - - - - - - - - - - - - - - - - - - - - - - - - - -
 
 INPUT ---       rlabel(42)=Psi sC toE g1 c2 a0 o2 t2;
 INPUT ---       rlabel(43)=Psi sD toA g1 c1 a0 o1 t1;
 INPUT ---       rlabel(44)=Psi sD toA g1 c1 a1 o2 t2;
 INPUT ---       rlabel(45)=Psi sD toA g1 c2 a0 o2 t2;
 INPUT ---       rlabel(46)=Psi sD toB g1 c1 a0 o1 t1;
 INPUT ---       rlabel(47)=Psi sD toB g1 c1 a1 o2 t2;
 INPUT ---       rlabel(48)=Psi sD toB g1 c2 a0 o2 t2;
 INPUT ---       rlabel(49)=Psi sD toC g1 c1 a0 o1 t1;
 INPUT ---       rlabel(50)=Psi sD toC g1 c1 a1 o2 t2;
 INPUT ---       rlabel(51)=Psi sD toC g1 c2 a0 o2 t2;
 INPUT ---       rlabel(52)=Psi sD toE g1 c1 a0 o1 t1;
 INPUT ---       rlabel(53)=Psi sD toE g1 c1 a1 o2 t2;
 INPUT ---       rlabel(54)=Psi sD toE g1 c2 a0 o2 t2;
 INPUT ---       rlabel(55)=Psi sE toA g1 c1 a0 o1 t1;
 INPUT ---       rlabel(56)=Psi sE toA g1 c1 a1 o2 t2;
 INPUT ---       rlabel(57)=Psi sE toA g1 c2 a0 o2 t2;
 INPUT ---       rlabel(58)=Psi sE toB g1 c1 a0 o1 t1;
 INPUT ---       rlabel(59)=Psi sE toB g1 c1 a1 o2 t2;
 INPUT ---       rlabel(60)=Psi sE toB g1 c2 a0 o2 t2;
 INPUT ---       rlabel(61)=Psi sE toC g1 c1 a0 o1 t1;
 INPUT ---       rlabel(62)=Psi sE toC g1 c1 a1 o2 t2;
 INPUT ---       rlabel(63)=Psi sE toC g1 c2 a0 o2 t2;
 INPUT ---       rlabel(64)=Psi sE toD g1 c1 a0 o1 t1;
 INPUT ---       rlabel(65)=Psi sE toD g1 c1 a1 o2 t2;
 INPUT ---       rlabel(66)=Psi sE toD g1 c2 a0 o2 t2;
   Model is { S(~1)p(~stratum)Psi(~1) }

 Link Function Used is PARM-SPECIFIC

 Variance Estimation Procedure Used is 2ndPart 
 -2logL(saturated) = 5450.0866     
 Effective Sample Size = 2526

 Number of function evaluations was 47 for 7 parameters.
 For numerical optimization, CPU Time was 0.094 secs and System Time was 0.234 secs.
 -2logL { S(~1)p(~stratum)Psi(~1) } = 7126.7016     
 Penalty { S(~1)p(~stratum)Psi(~1) } = 0.0000000     
 Gradient { S(~1)p(~stratum)Psi(~1) }:
   0.0000      4.37816E-05   0.0000      4.19080E-05  3.59735E-05
   0.0000     -2.23985E-05
 Maximum ABS(G) { S(~1)p(~stratum)Psi(~1) } =  4.37816E-05
 To compute VC matrix, CPU Time was 0.062 secs and System Time was 0.047 secs.
 S Vector { S(~1)p(~stratum)Psi(~1) }:
   570.7758      352.7332      32.26813      31.52107      10.58555    
  0.1530514E-07 0.1459267E-07
 To invert VC matrix, CPU Time was 0.001 secs and System Time was 0.001 secs.
 Ratio Threshold = 50.00 Max Gap (5/6) = 6.9163E+8 Next Max Gap (2/3) = 10.93
 Gap Method for Num. of Estimated Parameters { S(~1)p(~stratum)Psi(~1) } = 5          

Program  MARK  - Survival Rate Estimation with Capture-Recapture Data
 gfortran(dble/PIM2) Vers. 11.2 Nov 2025   7-Jan-2026 16:45:26    Page  009
 - - - - - - - - - - - - - - - - - - - - - - - - - - - - - - - - - - - - - -
 
 Threshold { S(~1)p(~stratum)Psi(~1) } = 0.8756330E-04           
 Numerical Threshold Method for Num. of Estimated Parameters { S(~1)p(~stratum)Psi(~1) } = 5          
 Number of Estimated Parameters { S(~1)p(~stratum)Psi(~1) } = 5          
 DEVIANCE { S(~1)p(~stratum)Psi(~1) } = 1676.6151               
 DEVIANCE Degrees of Freedom { S(~1)p(~stratum)Psi(~1) } = 51          
 c-hat { S(~1)p(~stratum)Psi(~1) } = 32.874805               
 AIC { S(~1)p(~stratum)Psi(~1) } = 7136.7016               
 AICc { S(~1)p(~stratum)Psi(~1) } = 7136.7255               
 BIC { S(~1)p(~stratum)Psi(~1) } = 7165.8736               
 Pearson Chisquare { S(~1)p(~stratum)Psi(~1) } = 5912.0515               
 Possible Encounter Histories { S(~1)p(~stratum)Psi(~1) } = 126          
 Pearson Chisquare df { S(~1)p(~stratum)Psi(~1) } = 115          
 Pearson chat { S(~1)p(~stratum)Psi(~1) } = 51.409144               
 Sum(Observed/Expected) { S(~1)p(~stratum)Psi(~1) } = 205.00140               
 s-bar { S(~1)p(~stratum)Psi(~1) } = 0.6583450               
 Fletcher chat { S(~1)p(~stratum)Psi(~1) } = 31.000271               


          PARM-SPECIFIC Link Function Parameters of { S(~1)p(~stratum)Psi(~1) }
                                                              95% Confidence Interval
    Parameter                  Beta         Standard Error     Lower           Upper
 -------------------------  --------------  --------------  --------------  --------------
    1:S:(Intercept)          29.957611       0.0000000       29.957611       29.957611    
    2:p:(Intercept)          0.3940808       0.1172464       0.1642779       0.6238838    
    3:p:stratumB             21.664189       6893.8377      -13490.258       13533.586    
    4:p:stratumC            -0.4564097       0.2208861      -0.8893465      -0.0234729    
    5:p:stratumD            -0.6966700       0.2213766      -1.1305681      -0.2627720    
    6:p:stratumE            -0.9946332       0.2198821      -1.4256023      -0.5636642    
    7:Psi:(Intercept)       -1.7249675       0.0433290      -1.8098923      -1.6400428    


                 Real Function Parameters of { S(~1)p(~stratum)Psi(~1) }
                                                               95% Confidence Interval
     Parameter                Estimate       Standard Error     Lower           Upper
 --------------------------  --------------  --------------  --------------  --------------
     1:S sA g1 c1 a0 o1 t1    1.0000000       0.0000000       1.0000000       1.0000000       
     2:p sA g1 c1 a1 o1 t2    0.5972647       0.0282024       0.5409774       0.6511013       
     3:p sB g1 c1 a1 o1 t2    1.0000000       0.0000000       1.0000000       1.0000000       
     4:p sC g1 c1 a1 o1 t2    0.4844228       0.0419924       0.4032674       0.5664082       
     5:p sD g1 c1 a1 o1 t2    0.4249247       0.0411059       0.3469909       0.5067781       
     6:p sE g1 c1 a1 o1 t2    0.3542173       0.0383371       0.2831196       0.4324002       
     7:Psi sA toB g1 c1 a0    0.1040330       0.0026319       0.0989864       0.1093056       
     8:Psi sA toB g1 c1 a1    0.1040330       0.0026319       0.0989864       0.1093056       
     9:Psi sA toB g1 c2 a0    0.1040330       0.0026319       0.0989864       0.1093056       
    10:Psi sA toC g1 c1 a0    0.1040330       0.0026319       0.0989864       0.1093056       
    11:Psi sA toC g1 c1 a1    0.1040330       0.0026319       0.0989864       0.1093056       
    12:Psi sA toC g1 c2 a0    0.1040330       0.0026319       0.0989864       0.1093056       

Program  MARK  - Survival Rate Estimation with Capture-Recapture Data
 gfortran(dble/PIM2) Vers. 11.2 Nov 2025   7-Jan-2026 16:45:26    Page  010
 - - - - - - - - - - - - - - - - - - - - - - - - - - - - - - - - - - - - - -
 
    13:Psi sA toD g1 c1 a0    0.1040330       0.0026319       0.0989864       0.1093056       
    14:Psi sA toD g1 c1 a1    0.1040330       0.0026319       0.0989864       0.1093056       
    15:Psi sA toD g1 c2 a0    0.1040330       0.0026319       0.0989864       0.1093056       
    16:Psi sA toE g1 c1 a0    0.1040330       0.0026319       0.0989864       0.1093056       
    17:Psi sA toE g1 c1 a1    0.1040330       0.0026319       0.0989864       0.1093056       
    18:Psi sA toE g1 c2 a0    0.1040330       0.0026319       0.0989864       0.1093056       
    19:Psi sB toA g1 c1 a0    0.1040330       0.0026319       0.0989864       0.1093056       
    20:Psi sB toA g1 c1 a1    0.1040330       0.0026319       0.0989864       0.1093056       
    21:Psi sB toA g1 c2 a0    0.1040330       0.0026319       0.0989864       0.1093056       
    22:Psi sB toC g1 c1 a0    0.1040330       0.0026319       0.0989864       0.1093056       
    23:Psi sB toC g1 c1 a1    0.1040330       0.0026319       0.0989864       0.1093056       
    24:Psi sB toC g1 c2 a0    0.1040330       0.0026319       0.0989864       0.1093056       
    25:Psi sB toD g1 c1 a0    0.1040330       0.0026319       0.0989864       0.1093056       
    26:Psi sB toD g1 c1 a1    0.1040330       0.0026319       0.0989864       0.1093056       
    27:Psi sB toD g1 c2 a0    0.1040330       0.0026319       0.0989864       0.1093056       
    28:Psi sB toE g1 c1 a0    0.1040330       0.0026319       0.0989864       0.1093056       
    29:Psi sB toE g1 c1 a1    0.1040330       0.0026319       0.0989864       0.1093056       
    30:Psi sB toE g1 c2 a0    0.1040330       0.0026319       0.0989864       0.1093056       
    31:Psi sC toA g1 c1 a0    0.1040330       0.0026319       0.0989864       0.1093056       
    32:Psi sC toA g1 c1 a1    0.1040330       0.0026319       0.0989864       0.1093056       
    33:Psi sC toA g1 c2 a0    0.1040330       0.0026319       0.0989864       0.1093056       
    34:Psi sC toB g1 c1 a0    0.1040330       0.0026319       0.0989864       0.1093056       
    35:Psi sC toB g1 c1 a1    0.1040330       0.0026319       0.0989864       0.1093056       
    36:Psi sC toB g1 c2 a0    0.1040330       0.0026319       0.0989864       0.1093056       
    37:Psi sC toD g1 c1 a0    0.1040330       0.0026319       0.0989864       0.1093056       
    38:Psi sC toD g1 c1 a1    0.1040330       0.0026319       0.0989864       0.1093056       
    39:Psi sC toD g1 c2 a0    0.1040330       0.0026319       0.0989864       0.1093056       
    40:Psi sC toE g1 c1 a0    0.1040330       0.0026319       0.0989864       0.1093056       
    41:Psi sC toE g1 c1 a1    0.1040330       0.0026319       0.0989864       0.1093056       
    42:Psi sC toE g1 c2 a0    0.1040330       0.0026319       0.0989864       0.1093056       
    43:Psi sD toA g1 c1 a0    0.1040330       0.0026319       0.0989864       0.1093056       
    44:Psi sD toA g1 c1 a1    0.1040330       0.0026319       0.0989864       0.1093056       
    45:Psi sD toA g1 c2 a0    0.1040330       0.0026319       0.0989864       0.1093056       
    46:Psi sD toB g1 c1 a0    0.1040330       0.0026319       0.0989864       0.1093056       
    47:Psi sD toB g1 c1 a1    0.1040330       0.0026319       0.0989864       0.1093056       
    48:Psi sD toB g1 c2 a0    0.1040330       0.0026319       0.0989864       0.1093056       
    49:Psi sD toC g1 c1 a0    0.1040330       0.0026319       0.0989864       0.1093056       
    50:Psi sD toC g1 c1 a1    0.1040330       0.0026319       0.0989864       0.1093056       
    51:Psi sD toC g1 c2 a0    0.1040330       0.0026319       0.0989864       0.1093056       
    52:Psi sD toE g1 c1 a0    0.1040330       0.0026319       0.0989864       0.1093056       
    53:Psi sD toE g1 c1 a1    0.1040330       0.0026319       0.0989864       0.1093056       
    54:Psi sD toE g1 c2 a0    0.1040330       0.0026319       0.0989864       0.1093056       
    55:Psi sE toA g1 c1 a0    0.1040330       0.0026319       0.0989864       0.1093056       
    56:Psi sE toA g1 c1 a1    0.1040330       0.0026319       0.0989864       0.1093056       
    57:Psi sE toA g1 c2 a0    0.1040330       0.0026319       0.0989864       0.1093056       
    58:Psi sE toB g1 c1 a0    0.1040330       0.0026319       0.0989864       0.1093056       

Program  MARK  - Survival Rate Estimation with Capture-Recapture Data
 gfortran(dble/PIM2) Vers. 11.2 Nov 2025   7-Jan-2026 16:45:26    Page  011
 - - - - - - - - - - - - - - - - - - - - - - - - - - - - - - - - - - - - - -
 
    59:Psi sE toB g1 c1 a1    0.1040330       0.0026319       0.0989864       0.1093056       
    60:Psi sE toB g1 c2 a0    0.1040330       0.0026319       0.0989864       0.1093056       
    61:Psi sE toC g1 c1 a0    0.1040330       0.0026319       0.0989864       0.1093056       
    62:Psi sE toC g1 c1 a1    0.1040330       0.0026319       0.0989864       0.1093056       
    63:Psi sE toC g1 c2 a0    0.1040330       0.0026319       0.0989864       0.1093056       
    64:Psi sE toD g1 c1 a0    0.1040330       0.0026319       0.0989864       0.1093056       
    65:Psi sE toD g1 c1 a1    0.1040330       0.0026319       0.0989864       0.1093056       
    66:Psi sE toD g1 c2 a0    0.1040330       0.0026319       0.0989864       0.1093056       

 To compute parameter estimates, CPU Time was 0.016 secs and System Time was 0.015 secs.

 Attempted ordering of parameters by estimatibility:
  7 2 6 4 5 1 3
 Beta number 3 is a singular value.

 For procedure estimate CPU Time was 0.250 secs and System Time was 1.343 secs.
 INPUT --- proc stop;

 For this job, CPU Time in mins was 0.005 and System Time in mins was 0.024.

     Time Start = 16:45:25.208   Time End = 16:45:26.639

 Wall Clock Time in mins for this job was 0.023.

 Maximum of 22 words used.


          E X E C U T I O N   S U C C E S S F U L
