
 Program  MARK  - Survival Rate Estimation with Capture-Recapture Data
 gfortran(dble/PIM2) Vers. 11.2 Nov 2025  18-Jan-2026 17:16:04    Page  001
  
 - - - - - - - - - - - - - - - - - - - - - - - - - - - - - - - - - - - - - -
 
 Welcome to MARK SCD-UM on machine DESKTOP-LNMOLR6 in subdirectory
   "C:\Users\SCD-UM\Desktop\cypripedium\Elian_cypripedium" running file "mark126.inp".
 This version was compiled by GCC version 15.2.0 using the options: 
  -cpp -iprefix C:/tdm-gcc-64/mingw64-15-2/bin/../lib/gcc/
  x86_64-w64-mingw32/15.2.0/ -D_MT -D_REENTRANT -U_REENTRANT -D
  dbleprecision -m64 -march=x86-64 -mtune=generic -mthreads -O3 -std=f2023
  -fimplicit-none -ffpe-summary=invalid,zero,overflow,underflow
  -funroll-loops -fno-unsafe-math-optimizations -frounding-math
  -fsignaling-nans -fprefetch-loop-arrays -fall-intrinsics -fopenmp

 This problem will use 7 of 8 possible threads.
 Static thread allocation is used.
 INPUT --- proc title ;

 For procedure title CPU Time was 0.001 secs and System Time was 0.001 secs.
 INPUT --- proc chmatrix occasions= 3 groups= 1 etype= Multistrata 
 INPUT --- Nodes= 101 strata=5 ICMeans  NoHist hist= 31 ;
 INPUT ---    time interval 1 1 ;
 INPUT ---     strata=1 2 3 4 5;
 INPUT ---    glabel(1)=Group 1;

      Number of unique encounter histories read was 31.

      Number of individual covariates read was 0.
      Time interval lengths are all equal to 1.

      Data type number is 9
      Data type is Multi-state with Live Recaptures

 For procedure chmatrix CPU Time was 0.001 secs and System Time was 0.001 secs.

Program  MARK  - Survival Rate Estimation with Capture-Recapture Data
 gfortran(dble/PIM2) Vers. 11.2 Nov 2025  18-Jan-2026 17:16:04    Page  002
 - - - - - - - - - - - - - - - - - - - - - - - - - - - - - - - - - - - - - -
 


 INPUT --- proc estimate link=Parm-Specific NOLOOP varest=2ndPart    ;
 INPUT --- model={ S(~stratum)p(~1)Psi(~stratum:tostratum) };
 INPUT ---    fixed=2;
 INPUT ---        parm(6)=1 ;
 INPUT ---        parm(7)=0 ;
 INPUT ---    group=1 S 1:Stratum1   rows=2 cols=2 Triang ;
 INPUT ---        1 1 ;
 INPUT ---        1 ;
 INPUT ---    group=1 S 2:Stratum2   rows=2 cols=2 Triang ;
 INPUT ---        2 2 ;
 INPUT ---        2 ;
 INPUT ---    group=1 S 3:Stratum3   rows=2 cols=2 Triang ;
 INPUT ---        3 3 ;
 INPUT ---        3 ;
 INPUT ---    group=1 S 4:Stratum4   rows=2 cols=2 Triang ;
 INPUT ---        4 4 ;
 INPUT ---        4 ;
 INPUT ---    group=1 S 5:Stratum5   rows=2 cols=2 Triang ;
 INPUT ---        5 5 ;
 INPUT ---        5 ;
 INPUT ---    group=1 p 1:Stratum1   rows=2 cols=2 Triang ;
 INPUT ---        6 6 ;
 INPUT ---        6 ;
 INPUT ---    group=1 p 2:Stratum2   rows=2 cols=2 Triang ;
 INPUT ---        6 6 ;
 INPUT ---        6 ;
 INPUT ---    group=1 p 3:Stratum3   rows=2 cols=2 Triang ;
 INPUT ---        6 6 ;
 INPUT ---        6 ;
 INPUT ---    group=1 p 4:Stratum4   rows=2 cols=2 Triang ;
 INPUT ---        6 6 ;
 INPUT ---        6 ;
 INPUT ---    group=1 p 5:Stratum5   rows=2 cols=2 Triang ;
 INPUT ---        6 6 ;
 INPUT ---        6 ;
 INPUT ---    group=1 Psi 1 to 2   rows=2 cols=2 Triang ;
 INPUT ---        8 9 ;
 INPUT ---        10 ;
 INPUT ---    group=1 Psi 1 to 3   rows=2 cols=2 Triang ;
 INPUT ---        11 12 ;
 INPUT ---        13 ;
 INPUT ---    group=1 Psi 1 to 4   rows=2 cols=2 Triang ;
 INPUT ---        14 15 ;
 INPUT ---        16 ;

Program  MARK  - Survival Rate Estimation with Capture-Recapture Data
 gfortran(dble/PIM2) Vers. 11.2 Nov 2025  18-Jan-2026 17:16:04    Page  003
 - - - - - - - - - - - - - - - - - - - - - - - - - - - - - - - - - - - - - -
 
 INPUT ---    group=1 Psi 1 to 5   rows=2 cols=2 Triang ;
 INPUT ---        17 18 ;
 INPUT ---        19 ;
 INPUT ---    group=1 Psi 2 to 1   rows=2 cols=2 Triang ;
 INPUT ---        7 7 ;
 INPUT ---        7 ;
 INPUT ---    group=1 Psi 2 to 3   rows=2 cols=2 Triang ;
 INPUT ---        20 21 ;
 INPUT ---        22 ;
 INPUT ---    group=1 Psi 2 to 4   rows=2 cols=2 Triang ;
 INPUT ---        23 24 ;
 INPUT ---        25 ;
 INPUT ---    group=1 Psi 2 to 5   rows=2 cols=2 Triang ;
 INPUT ---        26 27 ;
 INPUT ---        28 ;
 INPUT ---    group=1 Psi 3 to 1   rows=2 cols=2 Triang ;
 INPUT ---        7 7 ;
 INPUT ---        7 ;
 INPUT ---    group=1 Psi 3 to 2   rows=2 cols=2 Triang ;
 INPUT ---        7 7 ;
 INPUT ---        7 ;
 INPUT ---    group=1 Psi 3 to 4   rows=2 cols=2 Triang ;
 INPUT ---        29 30 ;
 INPUT ---        31 ;
 INPUT ---    group=1 Psi 3 to 5   rows=2 cols=2 Triang ;
 INPUT ---        32 33 ;
 INPUT ---        34 ;
 INPUT ---    group=1 Psi 4 to 1   rows=2 cols=2 Triang ;
 INPUT ---        7 7 ;
 INPUT ---        7 ;
 INPUT ---    group=1 Psi 4 to 2   rows=2 cols=2 Triang ;
 INPUT ---        7 7 ;
 INPUT ---        7 ;
 INPUT ---    group=1 Psi 4 to 3   rows=2 cols=2 Triang ;
 INPUT ---        7 7 ;
 INPUT ---        7 ;
 INPUT ---    group=1 Psi 4 to 5   rows=2 cols=2 Triang ;
 INPUT ---        35 36 ;
 INPUT ---        37 ;
 INPUT ---    group=1 Psi 5 to 1   rows=2 cols=2 Triang ;
 INPUT ---        7 7 ;
 INPUT ---        7 ;
 INPUT ---    group=1 Psi 5 to 2   rows=2 cols=2 Triang ;
 INPUT ---        7 7 ;
 INPUT ---        7 ;
 INPUT ---    group=1 Psi 5 to 3   rows=2 cols=2 Triang ;

Program  MARK  - Survival Rate Estimation with Capture-Recapture Data
 gfortran(dble/PIM2) Vers. 11.2 Nov 2025  18-Jan-2026 17:16:05    Page  004
 - - - - - - - - - - - - - - - - - - - - - - - - - - - - - - - - - - - - - -
 
 INPUT ---        7 7 ;
 INPUT ---        7 ;
 INPUT ---    group=1 Psi 5 to 4   rows=2 cols=2 Triang ;
 INPUT ---        7 7 ;
 INPUT ---        7 ;
 INPUT ---    design matrix constraints=37 covariates=16;
 INPUT ---        1 0 0 0 0 0 0 0 0 0 0 0 0 0 0 0;
 INPUT ---        1 1 0 0 0 0 0 0 0 0 0 0 0 0 0 0;
 INPUT ---        1 0 1 0 0 0 0 0 0 0 0 0 0 0 0 0;
 INPUT ---        1 0 0 1 0 0 0 0 0 0 0 0 0 0 0 0;
 INPUT ---        1 0 0 0 1 0 0 0 0 0 0 0 0 0 0 0;
 INPUT ---        0 0 0 0 0 0 0 0 0 0 0 0 0 0 0 0;
 INPUT ---        0 0 0 0 0 0 0 0 0 0 0 0 0 0 0 0;
 INPUT ---        0 0 0 0 0 1 1 0 0 0 0 0 0 0 0 0;
 INPUT ---        0 0 0 0 0 1 1 0 0 0 0 0 0 0 0 0;
 INPUT ---        0 0 0 0 0 1 1 0 0 0 0 0 0 0 0 0;
 INPUT ---        0 0 0 0 0 1 0 1 0 0 0 0 0 0 0 0;
 INPUT ---        0 0 0 0 0 1 0 1 0 0 0 0 0 0 0 0;
 INPUT ---        0 0 0 0 0 1 0 1 0 0 0 0 0 0 0 0;
 INPUT ---        0 0 0 0 0 1 0 0 0 1 0 0 0 0 0 0;
 INPUT ---        0 0 0 0 0 1 0 0 0 1 0 0 0 0 0 0;
 INPUT ---        0 0 0 0 0 1 0 0 0 1 0 0 0 0 0 0;
 INPUT ---        0 0 0 0 0 1 0 0 0 0 0 0 1 0 0 0;
 INPUT ---        0 0 0 0 0 1 0 0 0 0 0 0 1 0 0 0;
 INPUT ---        0 0 0 0 0 1 0 0 0 0 0 0 1 0 0 0;
 INPUT ---        0 0 0 0 0 1 0 0 1 0 0 0 0 0 0 0;
 INPUT ---        0 0 0 0 0 1 0 0 1 0 0 0 0 0 0 0;
 INPUT ---        0 0 0 0 0 1 0 0 1 0 0 0 0 0 0 0;
 INPUT ---        0 0 0 0 0 1 0 0 0 0 1 0 0 0 0 0;
 INPUT ---        0 0 0 0 0 1 0 0 0 0 1 0 0 0 0 0;
 INPUT ---        0 0 0 0 0 1 0 0 0 0 1 0 0 0 0 0;
 INPUT ---        0 0 0 0 0 1 0 0 0 0 0 0 0 1 0 0;
 INPUT ---        0 0 0 0 0 1 0 0 0 0 0 0 0 1 0 0;
 INPUT ---        0 0 0 0 0 1 0 0 0 0 0 0 0 1 0 0;
 INPUT ---        0 0 0 0 0 1 0 0 0 0 0 1 0 0 0 0;
 INPUT ---        0 0 0 0 0 1 0 0 0 0 0 1 0 0 0 0;
 INPUT ---        0 0 0 0 0 1 0 0 0 0 0 1 0 0 0 0;
 INPUT ---        0 0 0 0 0 1 0 0 0 0 0 0 0 0 1 0;
 INPUT ---        0 0 0 0 0 1 0 0 0 0 0 0 0 0 1 0;
 INPUT ---        0 0 0 0 0 1 0 0 0 0 0 0 0 0 1 0;
 INPUT ---        0 0 0 0 0 1 0 0 0 0 0 0 0 0 0 1;
 INPUT ---        0 0 0 0 0 1 0 0 0 0 0 0 0 0 0 1;
 INPUT ---        0 0 0 0 0 1 0 0 0 0 0 0 0 0 0 1;
 INPUT ---    links=37;
 INPUT ---       Logit;
 INPUT ---       Logit;

Program  MARK  - Survival Rate Estimation with Capture-Recapture Data
 gfortran(dble/PIM2) Vers. 11.2 Nov 2025  18-Jan-2026 17:16:05    Page  005
 - - - - - - - - - - - - - - - - - - - - - - - - - - - - - - - - - - - - - -
 
 INPUT ---       Logit;
 INPUT ---       Logit;
 INPUT ---       Logit;
 INPUT ---       Logit;
 INPUT ---       Logit;
 INPUT ---       mlogit(1);
 INPUT ---       mlogit(2);
 INPUT ---       mlogit(3);
 INPUT ---       mlogit(1);
 INPUT ---       mlogit(2);
 INPUT ---       mlogit(3);
 INPUT ---       mlogit(1);
 INPUT ---       mlogit(2);
 INPUT ---       mlogit(3);
 INPUT ---       mlogit(1);
 INPUT ---       mlogit(2);
 INPUT ---       mlogit(3);
 INPUT ---       mlogit(4);
 INPUT ---       mlogit(5);
 INPUT ---       mlogit(6);
 INPUT ---       mlogit(4);
 INPUT ---       mlogit(5);
 INPUT ---       mlogit(6);
 INPUT ---       mlogit(4);
 INPUT ---       mlogit(5);
 INPUT ---       mlogit(6);
 INPUT ---       mlogit(7);
 INPUT ---       mlogit(8);
 INPUT ---       mlogit(9);
 INPUT ---       mlogit(7);
 INPUT ---       mlogit(8);
 INPUT ---       mlogit(9);
 INPUT ---       mlogit(10);
 INPUT ---       mlogit(11);
 INPUT ---       mlogit(12);
 INPUT ---       blabel(1)=S:(Intercept);
 INPUT ---       blabel(2)=S:stratum2;
 INPUT ---       blabel(3)=S:stratum3;
 INPUT ---       blabel(4)=S:stratum4;
 INPUT ---       blabel(5)=S:stratum5;
 INPUT ---       blabel(6)=Psi:(Intercept);
 INPUT ---       blabel(7)=Psi:stratum1:tostratum2;
 INPUT ---       blabel(8)=Psi:stratum1:tostratum3;
 INPUT ---       blabel(9)=Psi:stratum2:tostratum3;
 INPUT ---       blabel(10)=Psi:stratum1:tostratum4;
 INPUT ---       blabel(11)=Psi:stratum2:tostratum4;

Program  MARK  - Survival Rate Estimation with Capture-Recapture Data
 gfortran(dble/PIM2) Vers. 11.2 Nov 2025  18-Jan-2026 17:16:05    Page  006
 - - - - - - - - - - - - - - - - - - - - - - - - - - - - - - - - - - - - - -
 
 INPUT ---       blabel(12)=Psi:stratum3:tostratum4;
 INPUT ---       blabel(13)=Psi:stratum1:tostratum5;
 INPUT ---       blabel(14)=Psi:stratum2:tostratum5;
 INPUT ---       blabel(15)=Psi:stratum3:tostratum5;
 INPUT ---       blabel(16)=Psi:stratum4:tostratum5;
 INPUT ---       rlabel(1)=S s1 g1 c1 a0 o1 t1;
 INPUT ---       rlabel(2)=S s2 g1 c1 a0 o1 t1;
 INPUT ---       rlabel(3)=S s3 g1 c1 a0 o1 t1;
 INPUT ---       rlabel(4)=S s4 g1 c1 a0 o1 t1;
 INPUT ---       rlabel(5)=S s5 g1 c1 a0 o1 t1;
 INPUT ---       rlabel(6)=p s1 g1 c1 a1 o1 t2;
 INPUT ---       rlabel(7)=Psi s2 to1 g1 c1 a0 o1 t1;
 INPUT ---       rlabel(8)=Psi s1 to2 g1 c1 a0 o1 t1;
 INPUT ---       rlabel(9)=Psi s1 to2 g1 c1 a1 o2 t2;
 INPUT ---       rlabel(10)=Psi s1 to2 g1 c2 a0 o2 t2;
 INPUT ---       rlabel(11)=Psi s1 to3 g1 c1 a0 o1 t1;
 INPUT ---       rlabel(12)=Psi s1 to3 g1 c1 a1 o2 t2;
 INPUT ---       rlabel(13)=Psi s1 to3 g1 c2 a0 o2 t2;
 INPUT ---       rlabel(14)=Psi s1 to4 g1 c1 a0 o1 t1;
 INPUT ---       rlabel(15)=Psi s1 to4 g1 c1 a1 o2 t2;
 INPUT ---       rlabel(16)=Psi s1 to4 g1 c2 a0 o2 t2;
 INPUT ---       rlabel(17)=Psi s1 to5 g1 c1 a0 o1 t1;
 INPUT ---       rlabel(18)=Psi s1 to5 g1 c1 a1 o2 t2;
 INPUT ---       rlabel(19)=Psi s1 to5 g1 c2 a0 o2 t2;
 INPUT ---       rlabel(20)=Psi s2 to3 g1 c1 a0 o1 t1;
 INPUT ---       rlabel(21)=Psi s2 to3 g1 c1 a1 o2 t2;
 INPUT ---       rlabel(22)=Psi s2 to3 g1 c2 a0 o2 t2;
 INPUT ---       rlabel(23)=Psi s2 to4 g1 c1 a0 o1 t1;
 INPUT ---       rlabel(24)=Psi s2 to4 g1 c1 a1 o2 t2;
 INPUT ---       rlabel(25)=Psi s2 to4 g1 c2 a0 o2 t2;
 INPUT ---       rlabel(26)=Psi s2 to5 g1 c1 a0 o1 t1;
 INPUT ---       rlabel(27)=Psi s2 to5 g1 c1 a1 o2 t2;
 INPUT ---       rlabel(28)=Psi s2 to5 g1 c2 a0 o2 t2;
 INPUT ---       rlabel(29)=Psi s3 to4 g1 c1 a0 o1 t1;
 INPUT ---       rlabel(30)=Psi s3 to4 g1 c1 a1 o2 t2;
 INPUT ---       rlabel(31)=Psi s3 to4 g1 c2 a0 o2 t2;
 INPUT ---       rlabel(32)=Psi s3 to5 g1 c1 a0 o1 t1;
 INPUT ---       rlabel(33)=Psi s3 to5 g1 c1 a1 o2 t2;
 INPUT ---       rlabel(34)=Psi s3 to5 g1 c2 a0 o2 t2;
 INPUT ---       rlabel(35)=Psi s4 to5 g1 c1 a0 o1 t1;
 INPUT ---       rlabel(36)=Psi s4 to5 g1 c1 a1 o2 t2;
 INPUT ---       rlabel(37)=Psi s4 to5 g1 c2 a0 o2 t2;
   Model is { S(~stratum)p(~1)Psi(~stratum:tostratum) }

 Link Function Used is PARM-SPECIFIC

 Variance Estimation Procedure Used is 2ndPart 

Program  MARK  - Survival Rate Estimation with Capture-Recapture Data
 gfortran(dble/PIM2) Vers. 11.2 Nov 2025  18-Jan-2026 17:16:05    Page  007
 - - - - - - - - - - - - - - - - - - - - - - - - - - - - - - - - - - - - - -
 
 -2logL(saturated) = 917.92556     
 Effective Sample Size = 765

 Number of function evaluations was 56 for 16 parameters.
 For numerical optimization, CPU Time was 0.406 secs and System Time was 0.344 secs.
 -2logL { S(~stratum)p(~1)Psi(~stratum:tostratum) } = 30666.775     
 Penalty { S(~stratum)p(~1)Psi(~stratum:tostratum) } = 0.0000000     
 Gradient { S(~stratum)p(~1)Psi(~stratum:tostratum) }:
 -6.50835E-03 -6.48332E-04   0.0000     -2.71512E-05   0.0000    
 -8.88627E-03  1.74695E-03 -4.32721E-04 -3.32262E-03 -4.03152E-03
  6.11537E-03 -7.75313E-05   0.0000     -9.71087E-03  5.75939E-04
   0.0000    
 Maximum ABS(G) { S(~stratum)p(~1)Psi(~stratum:tostratum) } =  9.71087E-03
 To compute VC matrix, CPU Time was 0.203 secs and System Time was 0.156 secs.
 S Vector { S(~stratum)p(~1)Psi(~stratum:tostratum) }:
   154.2557      28.95121      17.87817      16.48889      11.26537    
   5.769920      3.932903      3.493697      1.730062      1.094076    
  0.7120768E-04 0.1452547E-04 0.9428335E-05 0.5330994E-05 0.2797128E-05
  0.1226817E-05
 To invert VC matrix, CPU Time was 0.001 secs and System Time was 0.001 secs.
 Ratio Threshold = 50.00 Max Gap (10/11) = 1.5365E+4 Next Max Gap (1/2) = 5.328
 Gap Method for Num. of Estimated Parameters { S(~stratum)p(~1)Psi(~stratum:tostratum) } = 10          
 Threshold { S(~stratum)p(~1)Psi(~stratum:tostratum) } = 0.0194217               
 Numerical Threshold Method for Num. of Estimated Parameters { S(~stratum)p(~1)Psi(~stratum:tostratum) } = 10          
 Number of Estimated Parameters { S(~stratum)p(~1)Psi(~stratum:tostratum) } = 10          
 DEVIANCE { S(~stratum)p(~1)Psi(~stratum:tostratum) } = 29748.850               
 DEVIANCE Degrees of Freedom { S(~stratum)p(~1)Psi(~stratum:tostratum) } = 16          
 c-hat { S(~stratum)p(~1)Psi(~stratum:tostratum) } = 1859.3031               
 AIC { S(~stratum)p(~1)Psi(~stratum:tostratum) } = 30686.775               
 AICc { S(~stratum)p(~1)Psi(~stratum:tostratum) } = 30687.067               
 BIC { S(~stratum)p(~1)Psi(~stratum:tostratum) } = 30733.174               
 Pearson Chisquare { S(~stratum)p(~1)Psi(~stratum:tostratum) } = 187.19489               
 Possible Encounter Histories { S(~stratum)p(~1)Psi(~stratum:tostratum) } = 120          
 Pearson Chisquare df { S(~stratum)p(~1)Psi(~stratum:tostratum) } = 105          
 Pearson chat { S(~stratum)p(~1)Psi(~stratum:tostratum) } = 1.7828085               
 Sum(Observed/Expected) { S(~stratum)p(~1)Psi(~stratum:tostratum) } = 59.361766               
 s-bar { S(~stratum)p(~1)Psi(~stratum:tostratum) } = -0.5272890              
 Fletcher chat { S(~stratum)p(~1)Psi(~stratum:tostratum) } = 3.7714554               

Program  MARK  - Survival Rate Estimation with Capture-Recapture Data
 gfortran(dble/PIM2) Vers. 11.2 Nov 2025  18-Jan-2026 17:16:05    Page  008
 - - - - - - - - - - - - - - - - - - - - - - - - - - - - - - - - - - - - - -
 
  PARM-SPECIFIC Link Function Parameters of { S(~stratum)p(~1)Psi(~stratum:tostratum) }
                                                              95% Confidence Interval
    Parameter                  Beta         Standard Error     Lower           Upper
 -------------------------  --------------  --------------  --------------  --------------
    1:S:(Intercept)          4.3266902       0.5031012       3.3406118       5.3127687    
    2:S:stratum2            -0.5062702       0.6171220      -1.7158293       0.7032890    
    3:S:stratum3             13.962574       902.83841      -1755.6007       1783.5259    
    4:S:stratum4             7.9918841       325.59490      -630.17413       646.15789    
    5:S:stratum5             0.0000000       118.50497      -232.26975       232.26975    
    6:Psi:(Intercept)       -4.6046815       90.609217      -182.19875       172.98939    
    7:Psi:stratum1:tostrat   3.8913340       90.609258      -173.70281       181.48548    
    8:Psi:stratum1:tostrat   0.6925976       90.608939      -176.90093       178.28612    
    9:Psi:stratum2:tostrat   1.7921781       90.609606      -175.80265       179.38701    
   10:Psi:stratum1:tostrat  -0.6956226       90.619116      -178.30909       176.91785    
   11:Psi:stratum2:tostrat   0.8763565       90.609812      -176.71888       178.47159    
   12:Psi:stratum3:tostrat   5.2978577       90.610168      -172.29808       182.89379    
   13:Psi:stratum1:tostrat  -12.908757       429.77446      -855.26672       829.44921    
   14:Psi:stratum2:tostrat   0.1816248       90.608792      -177.41161       177.77486    
   15:Psi:stratum3:tostrat   5.3585013       90.610167      -172.23743       182.95443    
   16:Psi:stratum4:tostrat  -9.1402348       596.14670      -1177.5878       1159.3073    


         Real Function Parameters of { S(~stratum)p(~1)Psi(~stratum:tostratum) }
                                                               95% Confidence Interval
     Parameter                Estimate       Standard Error     Lower           Upper
 --------------------------  --------------  --------------  --------------  --------------
     1:S s1 g1 c1 a0 o1 t1    0.9869611       0.0064744       0.9657961       0.9950959       
     2:S s2 g1 c1 a0 o1 t1    0.9785515       0.0075012       0.9577069       0.9892381       
     3:S s3 g1 c1 a0 o1 t1    1.0000000       0.9890462E-05   0.9999806       1.0000194       
     4:S s4 g1 c1 a0 o1 t1    0.9999955       0.0014547      0.1621122E-271   1.0000000       
     5:S s5 g1 c1 a0 o1 t1    0.9869611       1.5250463       0.1010712E-98   1.0000000       
     6:p s1 g1 c1 a1 o1 t2    1.0000000       0.0000000       1.0000000       1.0000000      Fixed
     7:Psi s2 to1 g1 c1 a0    0.0000000       0.0000000       0.0000000       0.0000000      Fixed
     8:Psi s1 to2 g1 c1 a0    0.3234352       0.0268737       0.2731428       0.3781698       
     9:Psi s1 to2 g1 c1 a1    0.3234352       0.0268737       0.2731428       0.3781698       
    10:Psi s1 to2 g1 c2 a0    0.3234352       0.0268737       0.2731428       0.3781698       
    11:Psi s1 to3 g1 c1 a0    0.0132006       0.0065568       0.0049630       0.0346349       
    12:Psi s1 to3 g1 c1 a1    0.0132006       0.0065568       0.0049630       0.0346349       
    13:Psi s1 to3 g1 c2 a0    0.0132006       0.0065568       0.0049630       0.0346349       
    14:Psi s1 to4 g1 c1 a0    0.0032938       0.0032917       0.4628555E-03   0.0230404       
    15:Psi s1 to4 g1 c1 a1    0.0032938       0.0032917       0.4628555E-03   0.0230404       
    16:Psi s1 to4 g1 c2 a0    0.0032938       0.0032917       0.4628555E-03   0.0230404       
    17:Psi s1 to5 g1 c1 a0    0.1635311E-07   0.6932750E-05  0.9096722E-316   1.0000000       
    18:Psi s1 to5 g1 c1 a1    0.1635311E-07   0.6932750E-05  0.9096722E-316   1.0000000       
    19:Psi s1 to5 g1 c2 a0    0.1635311E-07   0.6932750E-05  0.9096722E-316   1.0000000       

Program  MARK  - Survival Rate Estimation with Capture-Recapture Data
 gfortran(dble/PIM2) Vers. 11.2 Nov 2025  18-Jan-2026 17:16:05    Page  009
 - - - - - - - - - - - - - - - - - - - - - - - - - - - - - - - - - - - - - -
 
    20:Psi s2 to3 g1 c1 a0    0.0547900       0.0119116       0.0356154       0.0833950       
    21:Psi s2 to3 g1 c1 a1    0.0547900       0.0119116       0.0356154       0.0833950       
    22:Psi s2 to3 g1 c2 a0    0.0547900       0.0119116       0.0356154       0.0833950       
    23:Psi s2 to4 g1 c1 a0    0.0219263       0.0076652       0.0110038       0.0432169       
    24:Psi s2 to4 g1 c1 a1    0.0219263       0.0076652       0.0110038       0.0432169       
    25:Psi s2 to4 g1 c2 a0    0.0219263       0.0076652       0.0110038       0.0432169       
    26:Psi s2 to5 g1 c1 a0    0.0109458       0.0054461       0.0041117       0.0288100       
    27:Psi s2 to5 g1 c1 a1    0.0109458       0.0054461       0.0041117       0.0288100       
    28:Psi s2 to5 g1 c2 a0    0.0109458       0.0054461       0.0041117       0.0288100       
    29:Psi s3 to4 g1 c1 a0    0.3902430       0.0761823       0.2546816       0.5451804       
    30:Psi s3 to4 g1 c1 a1    0.3902430       0.0761823       0.2546816       0.5451804       
    31:Psi s3 to4 g1 c2 a0    0.3902430       0.0761823       0.2546816       0.5451804       
    32:Psi s3 to5 g1 c1 a0    0.4146411       0.0769406       0.2756518       0.5686905       
    33:Psi s3 to5 g1 c1 a1    0.4146411       0.0769406       0.2756518       0.5686905       
    34:Psi s3 to5 g1 c2 a0    0.4146411       0.0769406       0.2756518       0.5686905       
    35:Psi s4 to5 g1 c1 a0    0.1073145E-05   0.6336242E-03  0.5969571E-314   1.0000000       
    36:Psi s4 to5 g1 c1 a1    0.1073145E-05   0.6336242E-03  0.5969571E-314   1.0000000       
    37:Psi s4 to5 g1 c2 a0    0.1073145E-05   0.6336242E-03  0.5969571E-314   1.0000000       

 To compute parameter estimates, CPU Time was 0.001 secs and System Time was 0.001 secs.

 Attempted ordering of parameters by estimatibility:
   6  7  1 15  9 11 12  8  2 14  5 10  4 13 16  3
 Beta number 3 is a singular value.

 For procedure estimate CPU Time was 0.641 secs and System Time was 1.015 secs.

Program  MARK  - Survival Rate Estimation with Capture-Recapture Data
 gfortran(dble/PIM2) Vers. 11.2 Nov 2025  18-Jan-2026 17:16:05    Page  010
 - - - - - - - - - - - - - - - - - - - - - - - - - - - - - - - - - - - - - -
 


 INPUT --- proc stop;

 For this job, CPU Time in mins was 0.012 and System Time in mins was 0.018.

     Time Start = 17:16:04.822   Time End = 17:16:05.893

 Wall Clock Time in mins for this job was 0.017.

 Maximum of 22 words used.


          E X E C U T I O N   S U C C E S S F U L
