
 Program  MARK  - Survival Rate Estimation with Capture-Recapture Data
 gfortran(dble/PIM2) Vers. 11.2 Nov 2025  16-Jan-2026 12:05:57    Page  001
  
 - - - - - - - - - - - - - - - - - - - - - - - - - - - - - - - - - - - - - -
 
 Welcome to MARK SCD-UM on machine DESKTOP-LNMOLR6 in subdirectory
   "C:\Users\SCD-UM\Desktop\cypripedium\Elian_cypripedium" running file "mark109.inp".
 This version was compiled by GCC version 15.2.0 using the options: 
  -cpp -iprefix C:/tdm-gcc-64/mingw64-15-2/bin/../lib/gcc/
  x86_64-w64-mingw32/15.2.0/ -D_MT -D_REENTRANT -U_REENTRANT -D
  dbleprecision -m64 -march=x86-64 -mtune=generic -mthreads -O3 -std=f2023
  -fimplicit-none -ffpe-summary=invalid,zero,overflow,underflow
  -funroll-loops -fno-unsafe-math-optimizations -frounding-math
  -fsignaling-nans -fprefetch-loop-arrays -fall-intrinsics -fopenmp

 This problem will use 7 of 8 possible threads.
 Static thread allocation is used.
 INPUT --- proc title ;

 For procedure title CPU Time was 0.001 secs and System Time was 0.001 secs.
 INPUT --- proc chmatrix occasions= 2 groups= 1 etype= Multistrata 
 INPUT --- Nodes= 101 strata=5 ICMeans  NoHist hist= 9 ;
 INPUT ---    time interval 1 ;
 INPUT ---     strata=1 2 3 4 5;
 INPUT ---    glabel(1)=Group 1;

      Number of unique encounter histories read was 9.

      Number of individual covariates read was 0.
      Time interval lengths are all equal to 1.

      Data type number is 9
      Data type is Multi-state with Live Recaptures

 For procedure chmatrix CPU Time was 0.001 secs and System Time was 0.001 secs.

Program  MARK  - Survival Rate Estimation with Capture-Recapture Data
 gfortran(dble/PIM2) Vers. 11.2 Nov 2025  16-Jan-2026 12:05:57    Page  002
 - - - - - - - - - - - - - - - - - - - - - - - - - - - - - - - - - - - - - -
 


 INPUT --- proc estimate link=Parm-Specific NOLOOP varest=2ndPart    ;
 INPUT --- model={ S(~stratum)p(~1)Psi(~stratum + tostratum) };
 INPUT ---    group=1 S 1:Stratum1   rows=1 cols=1 Triang ;
 INPUT ---        1 ;
 INPUT ---    group=1 S 2:Stratum2   rows=1 cols=1 Triang ;
 INPUT ---        2 ;
 INPUT ---    group=1 S 3:Stratum3   rows=1 cols=1 Triang ;
 INPUT ---        3 ;
 INPUT ---    group=1 S 4:Stratum4   rows=1 cols=1 Triang ;
 INPUT ---        4 ;
 INPUT ---    group=1 S 5:Stratum5   rows=1 cols=1 Triang ;
 INPUT ---        5 ;
 INPUT ---    group=1 p 1:Stratum1   rows=1 cols=1 Triang ;
 INPUT ---        6 ;
 INPUT ---    group=1 p 2:Stratum2   rows=1 cols=1 Triang ;
 INPUT ---        6 ;
 INPUT ---    group=1 p 3:Stratum3   rows=1 cols=1 Triang ;
 INPUT ---        6 ;
 INPUT ---    group=1 p 4:Stratum4   rows=1 cols=1 Triang ;
 INPUT ---        6 ;
 INPUT ---    group=1 p 5:Stratum5   rows=1 cols=1 Triang ;
 INPUT ---        6 ;
 INPUT ---    group=1 Psi 1 to 2   rows=1 cols=1 Triang ;
 INPUT ---        7 ;
 INPUT ---    group=1 Psi 1 to 3   rows=1 cols=1 Triang ;
 INPUT ---        8 ;
 INPUT ---    group=1 Psi 1 to 4   rows=1 cols=1 Triang ;
 INPUT ---        9 ;
 INPUT ---    group=1 Psi 1 to 5   rows=1 cols=1 Triang ;
 INPUT ---        10 ;
 INPUT ---    group=1 Psi 2 to 1   rows=1 cols=1 Triang ;
 INPUT ---        11 ;
 INPUT ---    group=1 Psi 2 to 3   rows=1 cols=1 Triang ;
 INPUT ---        12 ;
 INPUT ---    group=1 Psi 2 to 4   rows=1 cols=1 Triang ;
 INPUT ---        13 ;
 INPUT ---    group=1 Psi 2 to 5   rows=1 cols=1 Triang ;
 INPUT ---        14 ;
 INPUT ---    group=1 Psi 3 to 1   rows=1 cols=1 Triang ;
 INPUT ---        15 ;
 INPUT ---    group=1 Psi 3 to 2   rows=1 cols=1 Triang ;
 INPUT ---        16 ;
 INPUT ---    group=1 Psi 3 to 4   rows=1 cols=1 Triang ;
 INPUT ---        17 ;

Program  MARK  - Survival Rate Estimation with Capture-Recapture Data
 gfortran(dble/PIM2) Vers. 11.2 Nov 2025  16-Jan-2026 12:05:57    Page  003
 - - - - - - - - - - - - - - - - - - - - - - - - - - - - - - - - - - - - - -
 
 INPUT ---    group=1 Psi 3 to 5   rows=1 cols=1 Triang ;
 INPUT ---        18 ;
 INPUT ---    group=1 Psi 4 to 1   rows=1 cols=1 Triang ;
 INPUT ---        19 ;
 INPUT ---    group=1 Psi 4 to 2   rows=1 cols=1 Triang ;
 INPUT ---        20 ;
 INPUT ---    group=1 Psi 4 to 3   rows=1 cols=1 Triang ;
 INPUT ---        21 ;
 INPUT ---    group=1 Psi 4 to 5   rows=1 cols=1 Triang ;
 INPUT ---        22 ;
 INPUT ---    group=1 Psi 5 to 1   rows=1 cols=1 Triang ;
 INPUT ---        23 ;
 INPUT ---    group=1 Psi 5 to 2   rows=1 cols=1 Triang ;
 INPUT ---        24 ;
 INPUT ---    group=1 Psi 5 to 3   rows=1 cols=1 Triang ;
 INPUT ---        25 ;
 INPUT ---    group=1 Psi 5 to 4   rows=1 cols=1 Triang ;
 INPUT ---        26 ;
 INPUT ---    design matrix constraints=26 covariates=15;
 INPUT ---        1 0 0 0 0 0 0 0 0 0 0 0 0 0 0;
 INPUT ---        1 1 0 0 0 0 0 0 0 0 0 0 0 0 0;
 INPUT ---        1 0 1 0 0 0 0 0 0 0 0 0 0 0 0;
 INPUT ---        1 0 0 1 0 0 0 0 0 0 0 0 0 0 0;
 INPUT ---        1 0 0 0 1 0 0 0 0 0 0 0 0 0 0;
 INPUT ---        0 0 0 0 0 1 0 0 0 0 0 0 0 0 0;
 INPUT ---        0 0 0 0 0 0 1 0 0 0 0 1 0 0 0;
 INPUT ---        0 0 0 0 0 0 1 0 0 0 0 0 1 0 0;
 INPUT ---        0 0 0 0 0 0 1 0 0 0 0 0 0 1 0;
 INPUT ---        0 0 0 0 0 0 1 0 0 0 0 0 0 0 1;
 INPUT ---        0 0 0 0 0 0 1 1 0 0 0 0 0 0 0;
 INPUT ---        0 0 0 0 0 0 1 1 0 0 0 0 1 0 0;
 INPUT ---        0 0 0 0 0 0 1 1 0 0 0 0 0 1 0;
 INPUT ---        0 0 0 0 0 0 1 1 0 0 0 0 0 0 1;
 INPUT ---        0 0 0 0 0 0 1 0 1 0 0 0 0 0 0;
 INPUT ---        0 0 0 0 0 0 1 0 1 0 0 1 0 0 0;
 INPUT ---        0 0 0 0 0 0 1 0 1 0 0 0 0 1 0;
 INPUT ---        0 0 0 0 0 0 1 0 1 0 0 0 0 0 1;
 INPUT ---        0 0 0 0 0 0 1 0 0 1 0 0 0 0 0;
 INPUT ---        0 0 0 0 0 0 1 0 0 1 0 1 0 0 0;
 INPUT ---        0 0 0 0 0 0 1 0 0 1 0 0 1 0 0;
 INPUT ---        0 0 0 0 0 0 1 0 0 1 0 0 0 0 1;
 INPUT ---        0 0 0 0 0 0 1 0 0 0 1 0 0 0 0;
 INPUT ---        0 0 0 0 0 0 1 0 0 0 1 1 0 0 0;
 INPUT ---        0 0 0 0 0 0 1 0 0 0 1 0 1 0 0;
 INPUT ---        0 0 0 0 0 0 1 0 0 0 1 0 0 1 0;
 INPUT ---    links=26;

Program  MARK  - Survival Rate Estimation with Capture-Recapture Data
 gfortran(dble/PIM2) Vers. 11.2 Nov 2025  16-Jan-2026 12:05:57    Page  004
 - - - - - - - - - - - - - - - - - - - - - - - - - - - - - - - - - - - - - -
 
 INPUT ---       Logit;
 INPUT ---       Logit;
 INPUT ---       Logit;
 INPUT ---       Logit;
 INPUT ---       Logit;
 INPUT ---       Logit;
 INPUT ---       mlogit(1);
 INPUT ---       mlogit(1);
 INPUT ---       mlogit(1);
 INPUT ---       mlogit(1);
 INPUT ---       mlogit(2);
 INPUT ---       mlogit(2);
 INPUT ---       mlogit(2);
 INPUT ---       mlogit(2);
 INPUT ---       mlogit(3);
 INPUT ---       mlogit(3);
 INPUT ---       mlogit(3);
 INPUT ---       mlogit(3);
 INPUT ---       mlogit(4);
 INPUT ---       mlogit(4);
 INPUT ---       mlogit(4);
 INPUT ---       mlogit(4);
 INPUT ---       mlogit(5);
 INPUT ---       mlogit(5);
 INPUT ---       mlogit(5);
 INPUT ---       mlogit(5);
 INPUT ---       blabel(1)=S:(Intercept);
 INPUT ---       blabel(2)=S:stratum2;
 INPUT ---       blabel(3)=S:stratum3;
 INPUT ---       blabel(4)=S:stratum4;
 INPUT ---       blabel(5)=S:stratum5;
 INPUT ---       blabel(6)=p:(Intercept);
 INPUT ---       blabel(7)=Psi:(Intercept);
 INPUT ---       blabel(8)=Psi:stratum2;
 INPUT ---       blabel(9)=Psi:stratum3;
 INPUT ---       blabel(10)=Psi:stratum4;
 INPUT ---       blabel(11)=Psi:stratum5;
 INPUT ---       blabel(12)=Psi:tostratum2;
 INPUT ---       blabel(13)=Psi:tostratum3;
 INPUT ---       blabel(14)=Psi:tostratum4;
 INPUT ---       blabel(15)=Psi:tostratum5;
 INPUT ---       rlabel(1)=S s1 g1 c1 a0 o1 t1;
 INPUT ---       rlabel(2)=S s2 g1 c1 a0 o1 t1;
 INPUT ---       rlabel(3)=S s3 g1 c1 a0 o1 t1;
 INPUT ---       rlabel(4)=S s4 g1 c1 a0 o1 t1;
 INPUT ---       rlabel(5)=S s5 g1 c1 a0 o1 t1;

Program  MARK  - Survival Rate Estimation with Capture-Recapture Data
 gfortran(dble/PIM2) Vers. 11.2 Nov 2025  16-Jan-2026 12:05:57    Page  005
 - - - - - - - - - - - - - - - - - - - - - - - - - - - - - - - - - - - - - -
 
 INPUT ---       rlabel(6)=p s1 g1 c1 a1 o1 t2;
 INPUT ---       rlabel(7)=Psi s1 to2 g1 c1 a0 o1 t1;
 INPUT ---       rlabel(8)=Psi s1 to3 g1 c1 a0 o1 t1;
 INPUT ---       rlabel(9)=Psi s1 to4 g1 c1 a0 o1 t1;
 INPUT ---       rlabel(10)=Psi s1 to5 g1 c1 a0 o1 t1;
 INPUT ---       rlabel(11)=Psi s2 to1 g1 c1 a0 o1 t1;
 INPUT ---       rlabel(12)=Psi s2 to3 g1 c1 a0 o1 t1;
 INPUT ---       rlabel(13)=Psi s2 to4 g1 c1 a0 o1 t1;
 INPUT ---       rlabel(14)=Psi s2 to5 g1 c1 a0 o1 t1;
 INPUT ---       rlabel(15)=Psi s3 to1 g1 c1 a0 o1 t1;
 INPUT ---       rlabel(16)=Psi s3 to2 g1 c1 a0 o1 t1;
 INPUT ---       rlabel(17)=Psi s3 to4 g1 c1 a0 o1 t1;
 INPUT ---       rlabel(18)=Psi s3 to5 g1 c1 a0 o1 t1;
 INPUT ---       rlabel(19)=Psi s4 to1 g1 c1 a0 o1 t1;
 INPUT ---       rlabel(20)=Psi s4 to2 g1 c1 a0 o1 t1;
 INPUT ---       rlabel(21)=Psi s4 to3 g1 c1 a0 o1 t1;
 INPUT ---       rlabel(22)=Psi s4 to5 g1 c1 a0 o1 t1;
 INPUT ---       rlabel(23)=Psi s5 to1 g1 c1 a0 o1 t1;
 INPUT ---       rlabel(24)=Psi s5 to2 g1 c1 a0 o1 t1;
 INPUT ---       rlabel(25)=Psi s5 to3 g1 c1 a0 o1 t1;
 INPUT ---       rlabel(26)=Psi s5 to4 g1 c1 a0 o1 t1;
   Model is { S(~stratum)p(~1)Psi(~stratum + tostratum) }

 Link Function Used is PARM-SPECIFIC

 Variance Estimation Procedure Used is 2ndPart 
 -2logL(saturated) = 489.74457     
 Effective Sample Size = 350

 Number of function evaluations was 60 for 15 parameters.
 For numerical optimization, CPU Time was 0.094 secs and System Time was 0.094 secs.
 -2logL { S(~stratum)p(~1)Psi(~stratum + tostratum) } = 504.60690     
 Penalty { S(~stratum)p(~1)Psi(~stratum + tostratum) } = 0.0000000     
 Gradient { S(~stratum)p(~1)Psi(~stratum + tostratum) }:
   0.0000       0.0000       0.0000       0.0000       0.0000    
   0.0000      3.74434E-05  7.88412E-06  1.21557E-05   0.0000    
   0.0000     -5.53924E-06  3.86479E-06  7.58938E-06   0.0000    
 Maximum ABS(G) { S(~stratum)p(~1)Psi(~stratum + tostratum) } =  3.74434E-05
 To compute VC matrix, CPU Time was 0.016 secs and System Time was 0.141 secs.
 S Vector { S(~stratum)p(~1)Psi(~stratum + tostratum) }:
   113.6890      42.35694      6.859219      2.052957     0.8816042    
  0.8557919     0.2915130E-05 0.2847026E-05 0.4768372E-06 0.4768372E-06
  0.4768372E-06 0.4768372E-06 0.4535050E-07 0.4358908E-07 0.1954434E-07
 To invert VC matrix, CPU Time was 0.001 secs and System Time was 0.001 secs.
 Ratio Threshold = 50.00 Max Gap (6/7) = 2.9357E+5 Next Max Gap (12/13) = 10.51
 Gap Method for Num. of Estimated Parameters { S(~stratum)p(~1)Psi(~stratum + tostratum) } = 6          

Program  MARK  - Survival Rate Estimation with Capture-Recapture Data
 gfortran(dble/PIM2) Vers. 11.2 Nov 2025  16-Jan-2026 12:05:57    Page  006
 - - - - - - - - - - - - - - - - - - - - - - - - - - - - - - - - - - - - - -
 
 Threshold { S(~stratum)p(~1)Psi(~stratum + tostratum) } = 0.7488678E-04           
 Numerical Threshold Method for Num. of Estimated Parameters { S(~stratum)p(~1)Psi(~stratum + tostratum) } = 6          
 Number of Estimated Parameters { S(~stratum)p(~1)Psi(~stratum + tostratum) } = 6          
 DEVIANCE { S(~stratum)p(~1)Psi(~stratum + tostratum) } = 14.862325               
 DEVIANCE Degrees of Freedom { S(~stratum)p(~1)Psi(~stratum + tostratum) } = 0          
 c-hat { S(~stratum)p(~1)Psi(~stratum + tostratum) } = 1.0000000               
 AIC { S(~stratum)p(~1)Psi(~stratum + tostratum) } = 516.60690               
 AICc { S(~stratum)p(~1)Psi(~stratum + tostratum) } = 516.85180               
 BIC { S(~stratum)p(~1)Psi(~stratum + tostratum) } = 539.75450               
 Pearson Chisquare { S(~stratum)p(~1)Psi(~stratum + tostratum) } = 214.50263               
 Possible Encounter Histories { S(~stratum)p(~1)Psi(~stratum + tostratum) } = 18          
 Pearson Chisquare df { S(~stratum)p(~1)Psi(~stratum + tostratum) } = 9          
 Pearson chat { S(~stratum)p(~1)Psi(~stratum + tostratum) } = 23.833626               
 Sum(Observed/Expected) { S(~stratum)p(~1)Psi(~stratum + tostratum) } = 221.77717               
 s-bar { S(~stratum)p(~1)Psi(~stratum + tostratum) } = 13.585145               
 Fletcher chat { S(~stratum)p(~1)Psi(~stratum + tostratum) } = 1.6341028               


 PARM-SPECIFIC Link Function Parameters of { S(~stratum)p(~1)Psi(~stratum + tostratum) }
                                                              95% Confidence Interval
    Parameter                  Beta         Standard Error     Lower           Upper
 -------------------------  --------------  --------------  --------------  --------------
    1:S:(Intercept)          23.052276       4763.0433      -9312.5128       9358.6173    
    2:S:stratum2             0.1198698       586.41920      -1149.2618       1149.5015    
    3:S:stratum3             0.2277707       593.98974      -1163.9921       1164.4477    
    4:S:stratum4             0.0000000       1448.1547      -2838.3832       2838.3832    
    5:S:stratum5             0.0000000       1448.1547      -2838.3832       2838.3832    
    6:p:(Intercept)          23.124973       4726.0113      -9239.8574       9286.1073    
    7:Psi:(Intercept)       -3.7883157       0.6071980      -4.9784239      -2.5982075    
    8:Psi:stratum2           0.9353838       0.4851513      -0.0155129       1.8862804    
    9:Psi:stratum3          -2.1381842       1.0705407      -4.2364440      -0.0399243    
   10:Psi:stratum4           0.0000000       1448.1547      -2838.3832       2838.3832    
   11:Psi:stratum5           0.0000000       1448.1547      -2838.3832       2838.3832    
   12:Psi:tostratum2         3.8206781       0.6067686       2.6314117       5.0099445    
   13:Psi:tostratum3         0.9740777       0.4423337       0.1071035       1.8410518    
   14:Psi:tostratum4        -1.5131800       0.8087983      -3.0984247       0.0720646    
   15:Psi:tostratum5        -23.625076       7150.7709      -14039.136       13991.886    

Program  MARK  - Survival Rate Estimation with Capture-Recapture Data
 gfortran(dble/PIM2) Vers. 11.2 Nov 2025  16-Jan-2026 12:05:57    Page  007
 - - - - - - - - - - - - - - - - - - - - - - - - - - - - - - - - - - - - - -
 
        Real Function Parameters of { S(~stratum)p(~1)Psi(~stratum + tostratum) }
                                                               95% Confidence Interval
     Parameter                Estimate       Standard Error     Lower           Upper
 --------------------------  --------------  --------------  --------------  --------------
     1:S s1 g1 c1 a0 o1 t1    1.0000000       0.0000000       1.0000000       1.0000000       
     2:S s2 g1 c1 a0 o1 t1    1.0000000       0.0000000       1.0000000       1.0000000       
     3:S s3 g1 c1 a0 o1 t1    1.0000000       0.0000000       1.0000000       1.0000000       
     4:S s4 g1 c1 a0 o1 t1    1.0000000       0.0000000       1.0000000       1.0000000       
     5:S s5 g1 c1 a0 o1 t1    1.0000000       0.0000000       1.0000000       1.0000000       
     6:p s1 g1 c1 a1 o1 t2    1.0000000       0.2919094E-05   0.9999943       1.0000057       
     7:Psi s1 to2 g1 c1 a0    0.4923629       0.0359772       0.4224612       0.5625644       
     8:Psi s1 to3 g1 c1 a0    0.0285774       0.0115996       0.0128039       0.0625513       
     9:Psi s1 to4 g1 c1 a0    0.0023759       0.0018745       0.5051602E-03   0.0110971       
    10:Psi s1 to5 g1 c1 a0    0.5925784E-12   0.4237392E-08  -0.8304697E-08   0.8305882E-08   
    11:Psi s2 to1 g1 c1 a0    0.0471532       0.0173963       0.0226443       0.0955947       
    12:Psi s2 to3 g1 c1 a0    0.1248957       0.0268831       0.0809914       0.1877381       
    13:Psi s2 to4 g1 c1 a0    0.0103835       0.0073777       0.0025622       0.0410968       
    14:Psi s2 to5 g1 c1 a0    0.2589828E-11   0.1851927E-07  -0.3629518E-07   0.3630036E-07   
    15:Psi s3 to1 g1 c1 a0    0.0023714       0.0026405       0.2665796E-03   0.0207499       
    16:Psi s3 to2 g1 c1 a0    0.1082182       0.1020412       0.0150462       0.4908320       
    17:Psi s3 to4 g1 c1 a0    0.5221980E-03   0.6424666E-03   0.4679848E-04   0.0057989       
    18:Psi s3 to5 g1 c1 a0    0.1302450E-12   0.9313518E-09  -0.1825319E-08   0.1825580E-08   
    19:Psi s4 to1 g1 c1 a0    0.0106991       7.3241022      0.6015938E-310   1.0000000       
    20:Psi s4 to2 g1 c1 a0    0.4882550       334.23632      0.5307349E-308   1.0000000       
    21:Psi s4 to3 g1 c1 a0    0.0283390       19.399515      0.1622384E-309   1.0000000       
    22:Psi s4 to5 g1 c1 a0    0.5876345E-12   0.4221250E-08  -0.8273063E-08   0.8274238E-08   
    23:Psi s5 to1 g1 c1 a0    0.0106740       7.2897118      0.6001645E-310   1.0000000       
    24:Psi s5 to2 g1 c1 a0    0.4871074       332.66691      0.5283026E-308   1.0000000       
    25:Psi s5 to3 g1 c1 a0    0.0282723       19.308424      0.1618459E-309   1.0000000       
    26:Psi s5 to4 g1 c1 a0    0.0023505       1.6052577      0.1310588E-310   1.0000000       

 To compute parameter estimates, CPU Time was 0.001 secs and System Time was 0.015 secs.

 Attempted ordering of parameters by estimatibility:
   7 12 13  8 14  9  2  3 10 11  4  5  6  1 15
 Beta number 15 is a singular value.

 For procedure estimate CPU Time was 0.109 secs and System Time was 0.609 secs.

Program  MARK  - Survival Rate Estimation with Capture-Recapture Data
 gfortran(dble/PIM2) Vers. 11.2 Nov 2025  16-Jan-2026 12:05:57    Page  008
 - - - - - - - - - - - - - - - - - - - - - - - - - - - - - - - - - - - - - -
 


 INPUT --- proc stop;

 For this job, CPU Time in mins was 0.002 and System Time in mins was 0.011.

     Time Start = 12:05:57.319   Time End = 12:05:57.952

 Wall Clock Time in mins for this job was 0.010.

 Maximum of 22 words used.


          E X E C U T I O N   S U C C E S S F U L
