
 Program  MARK  - Survival Rate Estimation with Capture-Recapture Data
 gfortran(dble/PIM2) Vers. 11.2 Nov 2025  15-Jan-2026 23:53:53    Page  001
  
 - - - - - - - - - - - - - - - - - - - - - - - - - - - - - - - - - - - - - -
 
 Welcome to MARK SCD-UM on machine DESKTOP-LNMOLR6 in subdirectory
   "C:\Users\SCD-UM\Desktop\cypripedium\Elian_cypripedium" running file "mark101.inp".
 This version was compiled by GCC version 15.2.0 using the options: 
  -cpp -iprefix C:/tdm-gcc-64/mingw64-15-2/bin/../lib/gcc/
  x86_64-w64-mingw32/15.2.0/ -D_MT -D_REENTRANT -U_REENTRANT -D
  dbleprecision -m64 -march=x86-64 -mtune=generic -mthreads -O3 -std=f2023
  -fimplicit-none -ffpe-summary=invalid,zero,overflow,underflow
  -funroll-loops -fno-unsafe-math-optimizations -frounding-math
  -fsignaling-nans -fprefetch-loop-arrays -fall-intrinsics -fopenmp

 This problem will use 7 of 8 possible threads.
 Static thread allocation is used.
 INPUT --- proc title ;

 For procedure title CPU Time was 0.001 secs and System Time was 0.001 secs.
 INPUT --- proc chmatrix occasions= 2 groups= 1 etype= Multistrata 
 INPUT --- Nodes= 101 strata=4 ICMeans  NoHist hist= 9 ;
 INPUT ---    time interval 1 ;
 INPUT ---     strata=1 2 3 4;
 INPUT ---    glabel(1)=Group 1;

      Number of unique encounter histories read was 9.

      Number of individual covariates read was 0.
      Time interval lengths are all equal to 1.

      Data type number is 9
      Data type is Multi-state with Live Recaptures

 For procedure chmatrix CPU Time was 0.016 secs and System Time was 0.001 secs.

Program  MARK  - Survival Rate Estimation with Capture-Recapture Data
 gfortran(dble/PIM2) Vers. 11.2 Nov 2025  15-Jan-2026 23:53:53    Page  002
 - - - - - - - - - - - - - - - - - - - - - - - - - - - - - - - - - - - - - -
 


 INPUT --- proc estimate link=Parm-Specific NOLOOP varest=2ndPart    ;
 INPUT --- model={ S(~stratum)p(~1)Psi(~stratum + tostratum) };
 INPUT ---    group=1 S 1:Stratum1   rows=1 cols=1 Triang ;
 INPUT ---        1 ;
 INPUT ---    group=1 S 2:Stratum2   rows=1 cols=1 Triang ;
 INPUT ---        2 ;
 INPUT ---    group=1 S 3:Stratum3   rows=1 cols=1 Triang ;
 INPUT ---        3 ;
 INPUT ---    group=1 S 4:Stratum4   rows=1 cols=1 Triang ;
 INPUT ---        4 ;
 INPUT ---    group=1 p 1:Stratum1   rows=1 cols=1 Triang ;
 INPUT ---        5 ;
 INPUT ---    group=1 p 2:Stratum2   rows=1 cols=1 Triang ;
 INPUT ---        5 ;
 INPUT ---    group=1 p 3:Stratum3   rows=1 cols=1 Triang ;
 INPUT ---        5 ;
 INPUT ---    group=1 p 4:Stratum4   rows=1 cols=1 Triang ;
 INPUT ---        5 ;
 INPUT ---    group=1 Psi 1 to 2   rows=1 cols=1 Triang ;
 INPUT ---        6 ;
 INPUT ---    group=1 Psi 1 to 3   rows=1 cols=1 Triang ;
 INPUT ---        7 ;
 INPUT ---    group=1 Psi 1 to 4   rows=1 cols=1 Triang ;
 INPUT ---        8 ;
 INPUT ---    group=1 Psi 2 to 1   rows=1 cols=1 Triang ;
 INPUT ---        9 ;
 INPUT ---    group=1 Psi 2 to 3   rows=1 cols=1 Triang ;
 INPUT ---        10 ;
 INPUT ---    group=1 Psi 2 to 4   rows=1 cols=1 Triang ;
 INPUT ---        11 ;
 INPUT ---    group=1 Psi 3 to 1   rows=1 cols=1 Triang ;
 INPUT ---        12 ;
 INPUT ---    group=1 Psi 3 to 2   rows=1 cols=1 Triang ;
 INPUT ---        13 ;
 INPUT ---    group=1 Psi 3 to 4   rows=1 cols=1 Triang ;
 INPUT ---        14 ;
 INPUT ---    group=1 Psi 4 to 1   rows=1 cols=1 Triang ;
 INPUT ---        15 ;
 INPUT ---    group=1 Psi 4 to 2   rows=1 cols=1 Triang ;
 INPUT ---        16 ;
 INPUT ---    group=1 Psi 4 to 3   rows=1 cols=1 Triang ;
 INPUT ---        17 ;
 INPUT ---    design matrix constraints=17 covariates=12;
 INPUT ---        1 0 0 0 0 0 0 0 0 0 0 0;

Program  MARK  - Survival Rate Estimation with Capture-Recapture Data
 gfortran(dble/PIM2) Vers. 11.2 Nov 2025  15-Jan-2026 23:53:53    Page  003
 - - - - - - - - - - - - - - - - - - - - - - - - - - - - - - - - - - - - - -
 
 INPUT ---        1 1 0 0 0 0 0 0 0 0 0 0;
 INPUT ---        1 0 1 0 0 0 0 0 0 0 0 0;
 INPUT ---        1 0 0 1 0 0 0 0 0 0 0 0;
 INPUT ---        0 0 0 0 1 0 0 0 0 0 0 0;
 INPUT ---        0 0 0 0 0 1 0 0 0 1 0 0;
 INPUT ---        0 0 0 0 0 1 0 0 0 0 1 0;
 INPUT ---        0 0 0 0 0 1 0 0 0 0 0 1;
 INPUT ---        0 0 0 0 0 1 1 0 0 0 0 0;
 INPUT ---        0 0 0 0 0 1 1 0 0 0 1 0;
 INPUT ---        0 0 0 0 0 1 1 0 0 0 0 1;
 INPUT ---        0 0 0 0 0 1 0 1 0 0 0 0;
 INPUT ---        0 0 0 0 0 1 0 1 0 1 0 0;
 INPUT ---        0 0 0 0 0 1 0 1 0 0 0 1;
 INPUT ---        0 0 0 0 0 1 0 0 1 0 0 0;
 INPUT ---        0 0 0 0 0 1 0 0 1 1 0 0;
 INPUT ---        0 0 0 0 0 1 0 0 1 0 1 0;
 INPUT ---    links=17;
 INPUT ---       Logit;
 INPUT ---       Logit;
 INPUT ---       Logit;
 INPUT ---       Logit;
 INPUT ---       Logit;
 INPUT ---       mlogit(1);
 INPUT ---       mlogit(1);
 INPUT ---       mlogit(1);
 INPUT ---       mlogit(2);
 INPUT ---       mlogit(2);
 INPUT ---       mlogit(2);
 INPUT ---       mlogit(3);
 INPUT ---       mlogit(3);
 INPUT ---       mlogit(3);
 INPUT ---       mlogit(4);
 INPUT ---       mlogit(4);
 INPUT ---       mlogit(4);
 INPUT ---       blabel(1)=S:(Intercept);
 INPUT ---       blabel(2)=S:stratum2;
 INPUT ---       blabel(3)=S:stratum3;
 INPUT ---       blabel(4)=S:stratum4;
 INPUT ---       blabel(5)=p:(Intercept);
 INPUT ---       blabel(6)=Psi:(Intercept);
 INPUT ---       blabel(7)=Psi:stratum2;
 INPUT ---       blabel(8)=Psi:stratum3;
 INPUT ---       blabel(9)=Psi:stratum4;
 INPUT ---       blabel(10)=Psi:tostratum2;
 INPUT ---       blabel(11)=Psi:tostratum3;
 INPUT ---       blabel(12)=Psi:tostratum4;

Program  MARK  - Survival Rate Estimation with Capture-Recapture Data
 gfortran(dble/PIM2) Vers. 11.2 Nov 2025  15-Jan-2026 23:53:53    Page  004
 - - - - - - - - - - - - - - - - - - - - - - - - - - - - - - - - - - - - - -
 
 INPUT ---       rlabel(1)=S s1 g1 c1 a0 o1 t1;
 INPUT ---       rlabel(2)=S s2 g1 c1 a0 o1 t1;
 INPUT ---       rlabel(3)=S s3 g1 c1 a0 o1 t1;
 INPUT ---       rlabel(4)=S s4 g1 c1 a0 o1 t1;
 INPUT ---       rlabel(5)=p s1 g1 c1 a1 o1 t2;
 INPUT ---       rlabel(6)=Psi s1 to2 g1 c1 a0 o1 t1;
 INPUT ---       rlabel(7)=Psi s1 to3 g1 c1 a0 o1 t1;
 INPUT ---       rlabel(8)=Psi s1 to4 g1 c1 a0 o1 t1;
 INPUT ---       rlabel(9)=Psi s2 to1 g1 c1 a0 o1 t1;
 INPUT ---       rlabel(10)=Psi s2 to3 g1 c1 a0 o1 t1;
 INPUT ---       rlabel(11)=Psi s2 to4 g1 c1 a0 o1 t1;
 INPUT ---       rlabel(12)=Psi s3 to1 g1 c1 a0 o1 t1;
 INPUT ---       rlabel(13)=Psi s3 to2 g1 c1 a0 o1 t1;
 INPUT ---       rlabel(14)=Psi s3 to4 g1 c1 a0 o1 t1;
 INPUT ---       rlabel(15)=Psi s4 to1 g1 c1 a0 o1 t1;
 INPUT ---       rlabel(16)=Psi s4 to2 g1 c1 a0 o1 t1;
 INPUT ---       rlabel(17)=Psi s4 to3 g1 c1 a0 o1 t1;
   Model is { S(~stratum)p(~1)Psi(~stratum + tostratum) }

 Link Function Used is PARM-SPECIFIC

 Variance Estimation Procedure Used is 2ndPart 
 -2logL(saturated) = 494.66311     
 Effective Sample Size = 357

 Number of function evaluations was 56 for 12 parameters.
 For numerical optimization, CPU Time was 0.406 secs and System Time was 0.422 secs.
 -2logL { S(~stratum)p(~1)Psi(~stratum + tostratum) } = 509.52543     
 Penalty { S(~stratum)p(~1)Psi(~stratum + tostratum) } = 0.0000000     
 Gradient { S(~stratum)p(~1)Psi(~stratum + tostratum) }:
   0.0000       0.0000       0.0000       0.0000       0.0000    
  2.37931E-06  1.99055E-06   0.0000       0.0000      7.91319E-07
  3.86478E-06  1.51788E-06
 Maximum ABS(G) { S(~stratum)p(~1)Psi(~stratum + tostratum) } =  3.86478E-06
 To compute VC matrix, CPU Time was 0.125 secs and System Time was 0.156 secs.
 S Vector { S(~stratum)p(~1)Psi(~stratum + tostratum) }:
   114.8295      42.62696      6.869225      2.053569     0.8816273    
  0.8560750     0.7947286E-06 0.7947286E-06 0.7344742E-06 0.4485485E-07
  0.4071639E-08 0.1202158E-08
 To invert VC matrix, CPU Time was 0.001 secs and System Time was 0.001 secs.
 Ratio Threshold = 50.00 Max Gap (6/7) = 1.0772E+6 Next Max Gap (9/10) = 16.37
 Gap Method for Num. of Estimated Parameters { S(~stratum)p(~1)Psi(~stratum + tostratum) } = 6          
 Threshold { S(~stratum)p(~1)Psi(~stratum + tostratum) } = 0.7729568E-05           
 Numerical Threshold Method for Num. of Estimated Parameters { S(~stratum)p(~1)Psi(~stratum + tostratum) } = 6          
 Number of Estimated Parameters { S(~stratum)p(~1)Psi(~stratum + tostratum) } = 6          
 DEVIANCE { S(~stratum)p(~1)Psi(~stratum + tostratum) } = 14.862325               
 DEVIANCE Degrees of Freedom { S(~stratum)p(~1)Psi(~stratum + tostratum) } = 0          
 c-hat { S(~stratum)p(~1)Psi(~stratum + tostratum) } = 1.0000000               

Program  MARK  - Survival Rate Estimation with Capture-Recapture Data
 gfortran(dble/PIM2) Vers. 11.2 Nov 2025  15-Jan-2026 23:53:54    Page  005
 - - - - - - - - - - - - - - - - - - - - - - - - - - - - - - - - - - - - - -
 
 AIC { S(~stratum)p(~1)Psi(~stratum + tostratum) } = 521.52543               
 AICc { S(~stratum)p(~1)Psi(~stratum + tostratum) } = 521.76543               
 BIC { S(~stratum)p(~1)Psi(~stratum + tostratum) } = 544.79185               
 Pearson Chisquare { S(~stratum)p(~1)Psi(~stratum + tostratum) } = 214.50481               
 Possible Encounter Histories { S(~stratum)p(~1)Psi(~stratum + tostratum) } = 15          
 Pearson Chisquare df { S(~stratum)p(~1)Psi(~stratum + tostratum) } = 6          
 Pearson chat { S(~stratum)p(~1)Psi(~stratum + tostratum) } = 35.750802               
 Sum(Observed/Expected) { S(~stratum)p(~1)Psi(~stratum + tostratum) } = 221.77938               
 s-bar { S(~stratum)p(~1)Psi(~stratum + tostratum) } = 17.231615               
 Fletcher chat { S(~stratum)p(~1)Psi(~stratum + tostratum) } = 1.9609235               


 PARM-SPECIFIC Link Function Parameters of { S(~stratum)p(~1)Psi(~stratum + tostratum) }
                                                              95% Confidence Interval
    Parameter                  Beta         Standard Error     Lower           Upper
 -------------------------  --------------  --------------  --------------  --------------
    1:S:(Intercept)          30.239911       0.0000000       30.239911       30.239911    
    2:S:stratum2             3.2092501       0.0000000       3.2092501       3.2092501    
    3:S:stratum3            -0.0402103       0.0000000      -0.0402103      -0.0402103    
    4:S:stratum4             0.0000000       0.0000000       0.0000000       0.0000000    
    5:p:(Intercept)          31.522859       0.0000000       31.522859       31.522859    
    6:Psi:(Intercept)       -3.8098275       0.6070085      -4.9995642      -2.6200908    
    7:Psi:stratum2           0.9164020       0.4845753      -0.0333655       1.8661695    
    8:Psi:stratum3          -2.1166849       1.0704356      -4.2147387      -0.0186310    
    9:Psi:stratum4           0.0000000       0.0000000       0.0000000       0.0000000    
   10:Psi:tostratum2         3.8206837       0.6067695       2.6314154       5.0099519    
   11:Psi:tostratum3         0.9740805       0.4423343       0.1071053       1.8410557    
   12:Psi:tostratum4        -1.5131786       0.8087993      -3.0984252       0.0720680    


        Real Function Parameters of { S(~stratum)p(~1)Psi(~stratum + tostratum) }
                                                               95% Confidence Interval
     Parameter                Estimate       Standard Error     Lower           Upper
 --------------------------  --------------  --------------  --------------  --------------
     1:S s1 g1 c1 a0 o1 t1    1.0000000       0.0000000       1.0000000       1.0000000       
     2:S s2 g1 c1 a0 o1 t1    1.0000000       0.0000000       1.0000000       1.0000000       
     3:S s3 g1 c1 a0 o1 t1    1.0000000       0.0000000       1.0000000       1.0000000       
     4:S s4 g1 c1 a0 o1 t1    1.0000000       0.0000000       1.0000000       1.0000000       
     5:p s1 g1 c1 a1 o1 t2    1.0000000       0.0000000       1.0000000       1.0000000       
     6:Psi s1 to2 g1 c1 a0    0.4873130       0.0357850       0.4178772       0.5572420       
     7:Psi s1 to3 g1 c1 a0    0.0282842       0.0114825       0.0126719       0.0619252       
     8:Psi s1 to4 g1 c1 a0    0.0023515       0.0018554       0.4999524E-03   0.0109846       
     9:Psi s2 to1 g1 c1 a0    0.0456121       0.0168415       0.0218989       0.0925731       
    10:Psi s2 to3 g1 c1 a0    0.1208143       0.0260664       0.0782955       0.1818671       
    11:Psi s2 to4 g1 c1 a0    0.0100442       0.0071382       0.0024782       0.0397875       
    12:Psi s3 to1 g1 c1 a0    0.0023714       0.0026405       0.2665747E-03   0.0207498       
    13:Psi s3 to2 g1 c1 a0    0.1082176       0.1020410       0.0150460       0.4908318       

Program  MARK  - Survival Rate Estimation with Capture-Recapture Data
 gfortran(dble/PIM2) Vers. 11.2 Nov 2025  15-Jan-2026 23:53:54    Page  006
 - - - - - - - - - - - - - - - - - - - - - - - - - - - - - - - - - - - - - -
 
    14:Psi s3 to4 g1 c1 a0    0.5221927E-03   0.6424617E-03   0.4679770E-04   0.0057989       
    15:Psi s4 to1 g1 c1 a0    0.0105902       0.0000000       0.0105902       0.0105902       
    16:Psi s4 to2 g1 c1 a0    0.4832887       0.0000000       0.4832887       0.4832887       
    17:Psi s4 to3 g1 c1 a0    0.0280506       0.0000000       0.0280506       0.0280506       

 To compute parameter estimates, CPU Time was 0.016 secs and System Time was 0.032 secs.

 Attempted ordering of parameters by estimatibility:
   6 10 11  7 12  8  4  9  3  2  1  5
 Beta number 5 is a singular value.

 For procedure estimate CPU Time was 0.547 secs and System Time was 1.250 secs.
 INPUT --- proc stop;

 For this job, CPU Time in mins was 0.011 and System Time in mins was 0.023.

     Time Start = 23:53:53.237   Time End = 23:53:54.636

 Wall Clock Time in mins for this job was 0.021.

 Maximum of 22 words used.


          E X E C U T I O N   S U C C E S S F U L
