
   Program  MARK  - Survival Rate Estimation with Capture-Recapture Data
   gfortran(dble/PIM2) Vers. 10.1 March 2023   5-Jan-2026 09:27:25    Page  001
    
 - - - - - - - - - - - - - - - - - - - - - - - - - - - - - - - - - - - - - -
 
   Welcome to MARK galad on machine LAPTOP-0G3JH30A in subdirectory 
   "C:\Users\galad\Documents\R\scriptes\projet_biodiv_data\cypripedium\Elian_cypripedium" running file "mark010.inp".
   This version was compiled by GCC version 12.2.0 using the options: 
     -cpp -iprefix c:\tdm-gcc-64\mingw64\bin\../lib/gcc/x86_64-w64-mingw32/12.2.0/
     -D_MT -D_REENTRANT -U_REENTRANT -D ieee -D dbleprecision -m64 -mtune=generic
     -march=x86-64 -mthreads -O3 -std=f2018 -fsignaling-nans
     -ffpe-summary=invalid,zero,overflow,underflow -funroll-loops -ffast-math
     -fall-intrinsics -fopenmp.

   This problem will use 7 of 8 possible threads.
   Static thread allocation is used.
   Schedule kind is omp_sched_dynamic with chunk size 1


  INPUT --- proc title ;

   For procedure title CPU Time was 0.001 seconds and System Time was 0.001 seconds.


  INPUT --- proc chmatrix occasions= 2 groups= 1 etype= Multistrata 
  INPUT --- Nodes= 101 strata=5 ICMeans  NoHist hist= 9 ;

  INPUT ---    time interval 1 ;

  INPUT ---     strata=1 2 3 4 5;

  INPUT ---    glabel(1)=Group 1;

      Number of unique encounter histories read was 9.

      Number of individual covariates read was 0.
      Time interval lengths are all equal to 1.

      Data type number is 9
      Data type is Multi-state with Live Recaptures

   For procedure chmatrix CPU Time was 0.001 seconds and System Time was 0.001 seconds.

  Program  MARK  - Survival Rate Estimation with Capture-Recapture Data
   gfortran(dble/PIM2) Vers. 10.1 March 2023   5-Jan-2026 09:27:25    Page  002
 - - - - - - - - - - - - - - - - - - - - - - - - - - - - - - - - - - - - - -
 


  INPUT --- proc estimate link=Parm-Specific NOLOOP varest=2ndPart    ;


  INPUT --- model={ S(~stratum)p(~1)Psi(~stratum) };

  INPUT ---    group=1 S 1:Stratum1   rows=1 cols=1 Triang ;
  INPUT ---        1 ;

  INPUT ---    group=1 S 2:Stratum2   rows=1 cols=1 Triang ;
  INPUT ---        2 ;

  INPUT ---    group=1 S 3:Stratum3   rows=1 cols=1 Triang ;
  INPUT ---        3 ;

  INPUT ---    group=1 S 4:Stratum4   rows=1 cols=1 Triang ;
  INPUT ---        4 ;

  INPUT ---    group=1 S 5:Stratum5   rows=1 cols=1 Triang ;
  INPUT ---        5 ;

  INPUT ---    group=1 p 1:Stratum1   rows=1 cols=1 Triang ;
  INPUT ---        6 ;

  INPUT ---    group=1 p 2:Stratum2   rows=1 cols=1 Triang ;
  INPUT ---        6 ;

  INPUT ---    group=1 p 3:Stratum3   rows=1 cols=1 Triang ;
  INPUT ---        6 ;

  INPUT ---    group=1 p 4:Stratum4   rows=1 cols=1 Triang ;
  INPUT ---        6 ;

  INPUT ---    group=1 p 5:Stratum5   rows=1 cols=1 Triang ;
  INPUT ---        6 ;

  INPUT ---    group=1 Psi 1 to 2   rows=1 cols=1 Triang ;
  INPUT ---        7 ;

  INPUT ---    group=1 Psi 1 to 3   rows=1 cols=1 Triang ;
  INPUT ---        8 ;

  INPUT ---    group=1 Psi 1 to 4   rows=1 cols=1 Triang ;
  INPUT ---        9 ;


  Program  MARK  - Survival Rate Estimation with Capture-Recapture Data
   gfortran(dble/PIM2) Vers. 10.1 March 2023   5-Jan-2026 09:27:25    Page  003
 - - - - - - - - - - - - - - - - - - - - - - - - - - - - - - - - - - - - - -
 
  INPUT ---    group=1 Psi 1 to 5   rows=1 cols=1 Triang ;
  INPUT ---        10 ;

  INPUT ---    group=1 Psi 2 to 1   rows=1 cols=1 Triang ;
  INPUT ---        11 ;

  INPUT ---    group=1 Psi 2 to 3   rows=1 cols=1 Triang ;
  INPUT ---        12 ;

  INPUT ---    group=1 Psi 2 to 4   rows=1 cols=1 Triang ;
  INPUT ---        13 ;

  INPUT ---    group=1 Psi 2 to 5   rows=1 cols=1 Triang ;
  INPUT ---        14 ;

  INPUT ---    group=1 Psi 3 to 1   rows=1 cols=1 Triang ;
  INPUT ---        15 ;

  INPUT ---    group=1 Psi 3 to 2   rows=1 cols=1 Triang ;
  INPUT ---        16 ;

  INPUT ---    group=1 Psi 3 to 4   rows=1 cols=1 Triang ;
  INPUT ---        17 ;

  INPUT ---    group=1 Psi 3 to 5   rows=1 cols=1 Triang ;
  INPUT ---        18 ;

  INPUT ---    group=1 Psi 4 to 1   rows=1 cols=1 Triang ;
  INPUT ---        19 ;

  INPUT ---    group=1 Psi 4 to 2   rows=1 cols=1 Triang ;
  INPUT ---        20 ;

  INPUT ---    group=1 Psi 4 to 3   rows=1 cols=1 Triang ;
  INPUT ---        21 ;

  INPUT ---    group=1 Psi 4 to 5   rows=1 cols=1 Triang ;
  INPUT ---        22 ;

  INPUT ---    group=1 Psi 5 to 1   rows=1 cols=1 Triang ;
  INPUT ---        23 ;

  INPUT ---    group=1 Psi 5 to 2   rows=1 cols=1 Triang ;
  INPUT ---        24 ;

  INPUT ---    group=1 Psi 5 to 3   rows=1 cols=1 Triang ;

  Program  MARK  - Survival Rate Estimation with Capture-Recapture Data
   gfortran(dble/PIM2) Vers. 10.1 March 2023   5-Jan-2026 09:27:25    Page  004
 - - - - - - - - - - - - - - - - - - - - - - - - - - - - - - - - - - - - - -
 
  INPUT ---        25 ;

  INPUT ---    group=1 Psi 5 to 4   rows=1 cols=1 Triang ;
  INPUT ---        26 ;

  INPUT ---    design matrix constraints=26 covariates=11;
  INPUT ---        1 0 0 0 0 0 0 0 0 0 0;
  INPUT ---        1 1 0 0 0 0 0 0 0 0 0;
  INPUT ---        1 0 1 0 0 0 0 0 0 0 0;
  INPUT ---        1 0 0 1 0 0 0 0 0 0 0;
  INPUT ---        1 0 0 0 1 0 0 0 0 0 0;
  INPUT ---        0 0 0 0 0 1 0 0 0 0 0;
  INPUT ---        0 0 0 0 0 0 1 0 0 0 0;
  INPUT ---        0 0 0 0 0 0 1 0 0 0 0;
  INPUT ---        0 0 0 0 0 0 1 0 0 0 0;
  INPUT ---        0 0 0 0 0 0 1 0 0 0 0;
  INPUT ---        0 0 0 0 0 0 1 1 0 0 0;
  INPUT ---        0 0 0 0 0 0 1 1 0 0 0;
  INPUT ---        0 0 0 0 0 0 1 1 0 0 0;
  INPUT ---        0 0 0 0 0 0 1 1 0 0 0;
  INPUT ---        0 0 0 0 0 0 1 0 1 0 0;
  INPUT ---        0 0 0 0 0 0 1 0 1 0 0;
  INPUT ---        0 0 0 0 0 0 1 0 1 0 0;
  INPUT ---        0 0 0 0 0 0 1 0 1 0 0;
  INPUT ---        0 0 0 0 0 0 1 0 0 1 0;
  INPUT ---        0 0 0 0 0 0 1 0 0 1 0;
  INPUT ---        0 0 0 0 0 0 1 0 0 1 0;
  INPUT ---        0 0 0 0 0 0 1 0 0 1 0;
  INPUT ---        0 0 0 0 0 0 1 0 0 0 1;
  INPUT ---        0 0 0 0 0 0 1 0 0 0 1;
  INPUT ---        0 0 0 0 0 0 1 0 0 0 1;
  INPUT ---        0 0 0 0 0 0 1 0 0 0 1;

  INPUT ---    links=26;

  INPUT ---    Logit;

  INPUT ---    Logit;

  INPUT ---    Logit;

  INPUT ---    Logit;

  INPUT ---    Logit;

  INPUT ---    Logit;

  Program  MARK  - Survival Rate Estimation with Capture-Recapture Data
   gfortran(dble/PIM2) Vers. 10.1 March 2023   5-Jan-2026 09:27:26    Page  005
 - - - - - - - - - - - - - - - - - - - - - - - - - - - - - - - - - - - - - -
 

  INPUT ---    mlogit(1);

  INPUT ---    mlogit(1);

  INPUT ---    mlogit(1);

  INPUT ---    mlogit(1);

  INPUT ---    mlogit(2);

  INPUT ---    mlogit(2);

  INPUT ---    mlogit(2);

  INPUT ---    mlogit(2);

  INPUT ---    mlogit(3);

  INPUT ---    mlogit(3);

  INPUT ---    mlogit(3);

  INPUT ---    mlogit(3);

  INPUT ---    mlogit(4);

  INPUT ---    mlogit(4);

  INPUT ---    mlogit(4);

  INPUT ---    mlogit(4);

  INPUT ---    mlogit(5);

  INPUT ---    mlogit(5);

  INPUT ---    mlogit(5);

  INPUT ---    mlogit(5);
  INPUT ---       blabel(1)=S:(Intercept);
  INPUT ---       blabel(2)=S:stratum2;
  INPUT ---       blabel(3)=S:stratum3;
  INPUT ---       blabel(4)=S:stratum4;
  INPUT ---       blabel(5)=S:stratum5;
  INPUT ---       blabel(6)=p:(Intercept);

  Program  MARK  - Survival Rate Estimation with Capture-Recapture Data
   gfortran(dble/PIM2) Vers. 10.1 March 2023   5-Jan-2026 09:27:26    Page  006
 - - - - - - - - - - - - - - - - - - - - - - - - - - - - - - - - - - - - - -
 
  INPUT ---       blabel(7)=Psi:(Intercept);
  INPUT ---       blabel(8)=Psi:stratum2;
  INPUT ---       blabel(9)=Psi:stratum3;
  INPUT ---       blabel(10)=Psi:stratum4;
  INPUT ---       blabel(11)=Psi:stratum5;
  INPUT ---       rlabel(1)=S s1 g1 c1 a0 o1 t1;
  INPUT ---       rlabel(2)=S s2 g1 c1 a0 o1 t1;
  INPUT ---       rlabel(3)=S s3 g1 c1 a0 o1 t1;
  INPUT ---       rlabel(4)=S s4 g1 c1 a0 o1 t1;
  INPUT ---       rlabel(5)=S s5 g1 c1 a0 o1 t1;
  INPUT ---       rlabel(6)=p s1 g1 c1 a1 o1 t2;
  INPUT ---       rlabel(7)=Psi s1 to2 g1 c1 a0 o1 t1;
  INPUT ---       rlabel(8)=Psi s1 to3 g1 c1 a0 o1 t1;
  INPUT ---       rlabel(9)=Psi s1 to4 g1 c1 a0 o1 t1;
  INPUT ---       rlabel(10)=Psi s1 to5 g1 c1 a0 o1 t1;
  INPUT ---       rlabel(11)=Psi s2 to1 g1 c1 a0 o1 t1;
  INPUT ---       rlabel(12)=Psi s2 to3 g1 c1 a0 o1 t1;
  INPUT ---       rlabel(13)=Psi s2 to4 g1 c1 a0 o1 t1;
  INPUT ---       rlabel(14)=Psi s2 to5 g1 c1 a0 o1 t1;
  INPUT ---       rlabel(15)=Psi s3 to1 g1 c1 a0 o1 t1;
  INPUT ---       rlabel(16)=Psi s3 to2 g1 c1 a0 o1 t1;
  INPUT ---       rlabel(17)=Psi s3 to4 g1 c1 a0 o1 t1;
  INPUT ---       rlabel(18)=Psi s3 to5 g1 c1 a0 o1 t1;
  INPUT ---       rlabel(19)=Psi s4 to1 g1 c1 a0 o1 t1;
  INPUT ---       rlabel(20)=Psi s4 to2 g1 c1 a0 o1 t1;
  INPUT ---       rlabel(21)=Psi s4 to3 g1 c1 a0 o1 t1;
  INPUT ---       rlabel(22)=Psi s4 to5 g1 c1 a0 o1 t1;
  INPUT ---       rlabel(23)=Psi s5 to1 g1 c1 a0 o1 t1;
  INPUT ---       rlabel(24)=Psi s5 to2 g1 c1 a0 o1 t1;
  INPUT ---       rlabel(25)=Psi s5 to3 g1 c1 a0 o1 t1;
  INPUT ---       rlabel(26)=Psi s5 to4 g1 c1 a0 o1 t1;
   Model is { S(~stratum)p(~1)Psi(~stratum) }

 Link Function Used is PARM-SPECIFIC

 Variance Estimation Procedure Used is 2ndPart 
 -2logL(saturated) = 342.81501     
 Effective Sample Size = 396

 Number of function evaluations was 53 for 11 parameters.
 For numerical optimization, CPU Time was 0.203 seconds and System Time was 0.250 seconds.
 -2logL { S(~stratum)p(~1)Psi(~stratum) } = 444.26648     
 Penalty { S(~stratum)p(~1)Psi(~stratum) } = 0.0000000     
 Gradient { S(~stratum)p(~1)Psi(~stratum) }:
   0.0000000       0.0000000       0.0000000       0.0000000       0.0000000    
   0.0000000      0.84193385E-06   0.0000000       0.0000000       0.0000000    
   0.0000000    
 Maximum ABS(G) { S(~stratum)p(~1)Psi(~stratum) } = 0.8419338E-06 
 To compute VC matrix, CPU Time was 0.062 seconds and System Time was 0.110 seconds.

  Program  MARK  - Survival Rate Estimation with Capture-Recapture Data
   gfortran(dble/PIM2) Vers. 10.1 March 2023   5-Jan-2026 09:27:27    Page  007
 - - - - - - - - - - - - - - - - - - - - - - - - - - - - - - - - - - - - - -
 
 S Vector { S(~stratum)p(~1)Psi(~stratum) }:
   52.85761      5.098818     0.7604610E-07 0.1693075E-07 0.6202311E-08
  0.2522589E-08 0.2522589E-08 0.1710164E-15 0.2469383E-24 -0.000000    
   0.000000    
 To invert VC matrix, CPU Time was 0.001 seconds and System Time was 0.001 seconds.
 Ratio Threshold = 50.000000       Max Gap (8/9) = 0.6925469E+09   Next Max Gap (2/3) = 67049039.     
 Gap Method for Num. of Estimated Parameters { S(~stratum)p(~1)Psi(~stratum) } = 2          
 Threshold { S(~stratum)p(~1)Psi(~stratum) } = 0.1683868E-05           
 Numerical Threshold Method for Num. of Estimated Parameters { S(~stratum)p(~1)Psi(~stratum) } = 2          
 Number of Estimated Parameters { S(~stratum)p(~1)Psi(~stratum) } = 2          
 DEVIANCE { S(~stratum)p(~1)Psi(~stratum) } = 101.45147               
 DEVIANCE Degrees of Freedom { S(~stratum)p(~1)Psi(~stratum) } = 3          
 c-hat { S(~stratum)p(~1)Psi(~stratum) } = 33.817155               
 AIC { S(~stratum)p(~1)Psi(~stratum) } = 448.26648               
 AICc { S(~stratum)p(~1)Psi(~stratum) } = 448.29701               
 BIC { S(~stratum)p(~1)Psi(~stratum) } = 456.22931               
 Pearson Chisquare { S(~stratum)p(~1)Psi(~stratum) } = 87.711542               
 Possible Encounter Histories { S(~stratum)p(~1)Psi(~stratum) } = 24          
 Pearson Chisquare df { S(~stratum)p(~1)Psi(~stratum) } = 18          
 Pearson chat { S(~stratum)p(~1)Psi(~stratum) } = 4.8728634               
 Sum(Observed/Expected) { S(~stratum)p(~1)Psi(~stratum) } = 15.000000               
 s-bar { S(~stratum)p(~1)Psi(~stratum) } = -0.4500000              
 Fletcher chat { S(~stratum)p(~1)Psi(~stratum) } = 8.8597514               

   * *  WARNING  * *   Divide by zero occurred during variance-covariance calculation of this model. 
     IEEE flag status at end of variance-covariance calculation:
     overflow       F
     divide by zero T
     invalid        T
     underflow      F
     inexact        T



       PARM-SPECIFIC Link Function Parameters of { S(~stratum)p(~1)Psi(~stratum) }
                                                              95% Confidence Interval
    Parameter                  Beta         Standard Error     Lower           Upper
 -------------------------  --------------  --------------  --------------  --------------
    1:S:(Intercept)          21.717946       0.0000000       21.717946       21.717946    
    2:S:stratum2             8.1646101       0.0000000       8.1646101       8.1646101    
    3:S:stratum3             9.7880592       0.0000000       9.7880592       9.7880592    
    4:S:stratum4            -0.1713480       0.0000000      -0.1713480      -0.1713480    
    5:S:stratum5             0.0000000       0.0000000       0.0000000       0.0000000    
    6:p:(Intercept)          27.601660       0.0000000       27.601660       27.601660    
    7:Psi:(Intercept)       -3.5308753       0.0000000      -3.5308753      -3.5308753    
    8:Psi:stratum2           0.0460912       0.0000000       0.0460912       0.0460912    
    9:Psi:stratum3           34.043724       0.0000000       34.043724       34.043724    
   10:Psi:stratum4          -27.074488       0.0000000      -27.074488      -27.074488    
   11:Psi:stratum5           0.0000000       0.0000000       0.0000000       0.0000000    


              Real Function Parameters of { S(~stratum)p(~1)Psi(~stratum) }
                                                               95% Confidence Interval
     Parameter                Estimate       Standard Error     Lower           Upper
 --------------------------  --------------  --------------  --------------  --------------
     1:S s1 g1 c1 a0 o1 t1    1.0000000       0.0000000       0.0000000       0.0000000       
     2:S s2 g1 c1 a0 o1 t1    1.0000000       0.0000000       0.0000000       0.0000000       
     3:S s3 g1 c1 a0 o1 t1    1.0000000       0.0000000       0.0000000       0.0000000       
     4:S s4 g1 c1 a0 o1 t1    1.0000000       0.0000000       0.0000000       0.0000000       
     5:S s5 g1 c1 a0 o1 t1    1.0000000       0.0000000       0.0000000       0.0000000       
     6:p s1 g1 c1 a1 o1 t2    1.0000000       0.0000000       0.0000000       0.0000000       
     7:Psi s1 to2 g1 c1 a0    0.0262097       0.0000000       1.0000000      0.5988811E-309   
     8:Psi s1 to3 g1 c1 a0    0.0262097       0.0000000       1.0000000      0.5988811E-309   
     9:Psi s1 to4 g1 c1 a0    0.0262097       0.0000000       1.0000000      0.5988811E-309   
    10:Psi s1 to5 g1 c1 a0    0.0262097       0.0000000       1.0000000      0.5988811E-309   
    11:Psi s2 to1 g1 c1 a0    0.0273109       0.0000000       1.0000000      0.6247508E-309   

  Program  MARK  - Survival Rate Estimation with Capture-Recapture Data
   gfortran(dble/PIM2) Vers. 10.1 March 2023   5-Jan-2026 09:27:27    Page  008
 - - - - - - - - - - - - - - - - - - - - - - - - - - - - - - - - - - - - - -
 
    12:Psi s2 to3 g1 c1 a0    0.0273109       0.0000000       1.0000000      0.6247508E-309   
    13:Psi s2 to4 g1 c1 a0    0.0273109       0.0000000       1.0000000      0.6247508E-309   
    14:Psi s2 to5 g1 c1 a0    0.0273109       0.0000000       1.0000000      0.6247508E-309   
    15:Psi s3 to1 g1 c1 a0    0.2500000       0.0000000       1.0000000      0.7416913E-308   
    16:Psi s3 to2 g1 c1 a0    0.2500000       0.0000000       1.0000000      0.7416913E-308   
    17:Psi s3 to4 g1 c1 a0    0.2500000       0.0000000       1.0000000      0.7416913E-308   
    18:Psi s3 to5 g1 c1 a0    0.2500000       0.0000000       1.0000000      0.7416913E-308   
    19:Psi s4 to1 g1 c1 a0    0.5108101E-13   0.0000000       0.0000000       0.0000000       
    20:Psi s4 to2 g1 c1 a0    0.5108101E-13   0.0000000       0.0000000       0.0000000       
    21:Psi s4 to3 g1 c1 a0    0.5108101E-13   0.0000000       0.0000000       0.0000000       
    22:Psi s4 to5 g1 c1 a0    0.5108101E-13   0.0000000       0.0000000       0.0000000       
    23:Psi s5 to1 g1 c1 a0    0.0262097       0.0000000       1.0000000      0.5988811E-309   
    24:Psi s5 to2 g1 c1 a0    0.0262097       0.0000000       1.0000000      0.5988811E-309   
    25:Psi s5 to3 g1 c1 a0    0.0262097       0.0000000       1.0000000      0.5988811E-309   
    26:Psi s5 to4 g1 c1 a0    0.0262097       0.0000000       1.0000000      0.5988811E-309   

 To compute parameter estimates, CPU Time was 0.001 seconds and System Time was 0.015 seconds.

 Attempted ordering of parameters by estimatibility:
   7  8  1  4  6  3  9  2  5 10 11
 Beta number 11 is a singular value.

   For procedure estimate CPU Time was 0.422 seconds and System Time was 1.359 seconds.

  Program  MARK  - Survival Rate Estimation with Capture-Recapture Data
   gfortran(dble/PIM2) Vers. 10.1 March 2023   5-Jan-2026 09:27:27    Page  009
 - - - - - - - - - - - - - - - - - - - - - - - - - - - - - - - - - - - - - -
 


  INPUT --- proc stop;

     For this job, CPU Time in minutes was 0.008 and System Time in minutes was 0.023.

     Time Start = 09:27:25.694   Time End = 09:27:27.104

     Wall Clock Time in minutes for this job was 0.023.

     Maximum of 22 words used of 4096 words allocated.


          E X E C U T I O N   S U C C E S S F U L 
