
   Program  MARK  - Survival Rate Estimation with Capture-Recapture Data
   gfortran(dble/PIM2) Vers. 10.1 March 2023  18-Jan-2026 10:00:22    Page  001
    
 - - - - - - - - - - - - - - - - - - - - - - - - - - - - - - - - - - - - - -
 
   Welcome to MARK galad on machine LAPTOP-0G3JH30A in subdirectory 
   "C:\Users\galad\Documents\R\scriptes\projet_biodiv_data\cypripedium\Elian_cypripedium" running file "mark112.inp".
   This version was compiled by GCC version 12.2.0 using the options: 
     -cpp -iprefix c:\tdm-gcc-64\mingw64\bin\../lib/gcc/x86_64-w64-mingw32/12.2.0/
     -D_MT -D_REENTRANT -U_REENTRANT -D ieee -D dbleprecision -m64 -mtune=generic
     -march=x86-64 -mthreads -O3 -std=f2018 -fsignaling-nans
     -ffpe-summary=invalid,zero,overflow,underflow -funroll-loops -ffast-math
     -fall-intrinsics -fopenmp.

   This problem will use 7 of 8 possible threads.
   Static thread allocation is used.
   Schedule kind is omp_sched_dynamic with chunk size 1


  INPUT --- proc title ;

   For procedure title CPU Time was 0.001 seconds and System Time was 0.001 seconds.


  INPUT --- proc chmatrix occasions= 3 groups= 1 etype= Multistrata 
  INPUT --- Nodes= 101 strata=5 ICMeans  NoHist hist= 31 ;

  INPUT ---    time interval 1 1 ;

  INPUT ---     strata=1 2 3 4 5;

  INPUT ---    glabel(1)=Group 1;

      Number of unique encounter histories read was 31.

      Number of individual covariates read was 0.
      Time interval lengths are all equal to 1.

      Data type number is 9
      Data type is Multi-state with Live Recaptures

   For procedure chmatrix CPU Time was 0.001 seconds and System Time was 0.015 seconds.

  Program  MARK  - Survival Rate Estimation with Capture-Recapture Data
   gfortran(dble/PIM2) Vers. 10.1 March 2023  18-Jan-2026 10:00:22    Page  002
 - - - - - - - - - - - - - - - - - - - - - - - - - - - - - - - - - - - - - -
 


  INPUT --- proc estimate link=Parm-Specific NOLOOP varest=2ndPart    ;


  INPUT --- model={ S(~stratum)p(~1)Psi(~-1 + stratum:tostratum) };

  INPUT ---    fixed=1;
  INPUT ---        parm(6)=1 ;

  INPUT ---    group=1 S 1:Stratum1   rows=2 cols=2 Triang ;
  INPUT ---        1 1 ;
  INPUT ---        1 ;

  INPUT ---    group=1 S 2:Stratum2   rows=2 cols=2 Triang ;
  INPUT ---        2 2 ;
  INPUT ---        2 ;

  INPUT ---    group=1 S 3:Stratum3   rows=2 cols=2 Triang ;
  INPUT ---        3 3 ;
  INPUT ---        3 ;

  INPUT ---    group=1 S 4:Stratum4   rows=2 cols=2 Triang ;
  INPUT ---        4 4 ;
  INPUT ---        4 ;

  INPUT ---    group=1 S 5:Stratum5   rows=2 cols=2 Triang ;
  INPUT ---        5 5 ;
  INPUT ---        5 ;

  INPUT ---    group=1 p 1:Stratum1   rows=2 cols=2 Triang ;
  INPUT ---        6 6 ;
  INPUT ---        6 ;

  INPUT ---    group=1 p 2:Stratum2   rows=2 cols=2 Triang ;
  INPUT ---        6 6 ;
  INPUT ---        6 ;

  INPUT ---    group=1 p 3:Stratum3   rows=2 cols=2 Triang ;
  INPUT ---        6 6 ;
  INPUT ---        6 ;

  INPUT ---    group=1 p 4:Stratum4   rows=2 cols=2 Triang ;
  INPUT ---        6 6 ;
  INPUT ---        6 ;


  Program  MARK  - Survival Rate Estimation with Capture-Recapture Data
   gfortran(dble/PIM2) Vers. 10.1 March 2023  18-Jan-2026 10:00:22    Page  003
 - - - - - - - - - - - - - - - - - - - - - - - - - - - - - - - - - - - - - -
 
  INPUT ---    group=1 p 5:Stratum5   rows=2 cols=2 Triang ;
  INPUT ---        6 6 ;
  INPUT ---        6 ;

  INPUT ---    group=1 Psi 1 to 2   rows=2 cols=2 Triang ;
  INPUT ---        7 8 ;
  INPUT ---        9 ;

  INPUT ---    group=1 Psi 1 to 3   rows=2 cols=2 Triang ;
  INPUT ---        10 11 ;
  INPUT ---        12 ;

  INPUT ---    group=1 Psi 1 to 4   rows=2 cols=2 Triang ;
  INPUT ---        13 14 ;
  INPUT ---        15 ;

  INPUT ---    group=1 Psi 1 to 5   rows=2 cols=2 Triang ;
  INPUT ---        16 17 ;
  INPUT ---        18 ;

  INPUT ---    group=1 Psi 2 to 1   rows=2 cols=2 Triang ;
  INPUT ---        19 20 ;
  INPUT ---        21 ;

  INPUT ---    group=1 Psi 2 to 3   rows=2 cols=2 Triang ;
  INPUT ---        22 23 ;
  INPUT ---        24 ;

  INPUT ---    group=1 Psi 2 to 4   rows=2 cols=2 Triang ;
  INPUT ---        25 26 ;
  INPUT ---        27 ;

  INPUT ---    group=1 Psi 2 to 5   rows=2 cols=2 Triang ;
  INPUT ---        28 29 ;
  INPUT ---        30 ;

  INPUT ---    group=1 Psi 3 to 1   rows=2 cols=2 Triang ;
  INPUT ---        31 32 ;
  INPUT ---        33 ;

  INPUT ---    group=1 Psi 3 to 2   rows=2 cols=2 Triang ;
  INPUT ---        34 35 ;
  INPUT ---        36 ;

  INPUT ---    group=1 Psi 3 to 4   rows=2 cols=2 Triang ;
  INPUT ---        37 38 ;

  Program  MARK  - Survival Rate Estimation with Capture-Recapture Data
   gfortran(dble/PIM2) Vers. 10.1 March 2023  18-Jan-2026 10:00:22    Page  004
 - - - - - - - - - - - - - - - - - - - - - - - - - - - - - - - - - - - - - -
 
  INPUT ---        39 ;

  INPUT ---    group=1 Psi 3 to 5   rows=2 cols=2 Triang ;
  INPUT ---        40 41 ;
  INPUT ---        42 ;

  INPUT ---    group=1 Psi 4 to 1   rows=2 cols=2 Triang ;
  INPUT ---        43 44 ;
  INPUT ---        45 ;

  INPUT ---    group=1 Psi 4 to 2   rows=2 cols=2 Triang ;
  INPUT ---        46 47 ;
  INPUT ---        48 ;

  INPUT ---    group=1 Psi 4 to 3   rows=2 cols=2 Triang ;
  INPUT ---        49 50 ;
  INPUT ---        51 ;

  INPUT ---    group=1 Psi 4 to 5   rows=2 cols=2 Triang ;
  INPUT ---        52 53 ;
  INPUT ---        54 ;

  INPUT ---    group=1 Psi 5 to 1   rows=2 cols=2 Triang ;
  INPUT ---        55 56 ;
  INPUT ---        57 ;

  INPUT ---    group=1 Psi 5 to 2   rows=2 cols=2 Triang ;
  INPUT ---        58 59 ;
  INPUT ---        60 ;

  INPUT ---    group=1 Psi 5 to 3   rows=2 cols=2 Triang ;
  INPUT ---        61 62 ;
  INPUT ---        63 ;

  INPUT ---    group=1 Psi 5 to 4   rows=2 cols=2 Triang ;
  INPUT ---        64 65 ;
  INPUT ---        66 ;

  INPUT ---    design matrix constraints=66 covariates=25;
  INPUT ---        1 0 0 0 0 0 0 0 0 0 0 0 0 0 0 0 0 0 0 0 0 0 0 0 0;
  INPUT ---        1 1 0 0 0 0 0 0 0 0 0 0 0 0 0 0 0 0 0 0 0 0 0 0 0;
  INPUT ---        1 0 1 0 0 0 0 0 0 0 0 0 0 0 0 0 0 0 0 0 0 0 0 0 0;
  INPUT ---        1 0 0 1 0 0 0 0 0 0 0 0 0 0 0 0 0 0 0 0 0 0 0 0 0;
  INPUT ---        1 0 0 0 1 0 0 0 0 0 0 0 0 0 0 0 0 0 0 0 0 0 0 0 0;
  INPUT ---        0 0 0 0 0 0 0 0 0 0 0 0 0 0 0 0 0 0 0 0 0 0 0 0 0;
  INPUT ---        0 0 0 0 0 0 0 0 0 1 0 0 0 0 0 0 0 0 0 0 0 0 0 0 0;

  Program  MARK  - Survival Rate Estimation with Capture-Recapture Data
   gfortran(dble/PIM2) Vers. 10.1 March 2023  18-Jan-2026 10:00:23    Page  005
 - - - - - - - - - - - - - - - - - - - - - - - - - - - - - - - - - - - - - -
 
  INPUT ---        0 0 0 0 0 0 0 0 0 1 0 0 0 0 0 0 0 0 0 0 0 0 0 0 0;
  INPUT ---        0 0 0 0 0 0 0 0 0 1 0 0 0 0 0 0 0 0 0 0 0 0 0 0 0;
  INPUT ---        0 0 0 0 0 0 0 0 0 0 0 0 0 1 0 0 0 0 0 0 0 0 0 0 0;
  INPUT ---        0 0 0 0 0 0 0 0 0 0 0 0 0 1 0 0 0 0 0 0 0 0 0 0 0;
  INPUT ---        0 0 0 0 0 0 0 0 0 0 0 0 0 1 0 0 0 0 0 0 0 0 0 0 0;
  INPUT ---        0 0 0 0 0 0 0 0 0 0 0 0 0 0 0 0 0 1 0 0 0 0 0 0 0;
  INPUT ---        0 0 0 0 0 0 0 0 0 0 0 0 0 0 0 0 0 1 0 0 0 0 0 0 0;
  INPUT ---        0 0 0 0 0 0 0 0 0 0 0 0 0 0 0 0 0 1 0 0 0 0 0 0 0;
  INPUT ---        0 0 0 0 0 0 0 0 0 0 0 0 0 0 0 0 0 0 0 0 0 1 0 0 0;
  INPUT ---        0 0 0 0 0 0 0 0 0 0 0 0 0 0 0 0 0 0 0 0 0 1 0 0 0;
  INPUT ---        0 0 0 0 0 0 0 0 0 0 0 0 0 0 0 0 0 0 0 0 0 1 0 0 0;
  INPUT ---        0 0 0 0 0 1 0 0 0 0 0 0 0 0 0 0 0 0 0 0 0 0 0 0 0;
  INPUT ---        0 0 0 0 0 1 0 0 0 0 0 0 0 0 0 0 0 0 0 0 0 0 0 0 0;
  INPUT ---        0 0 0 0 0 1 0 0 0 0 0 0 0 0 0 0 0 0 0 0 0 0 0 0 0;
  INPUT ---        0 0 0 0 0 0 0 0 0 0 0 0 0 0 1 0 0 0 0 0 0 0 0 0 0;
  INPUT ---        0 0 0 0 0 0 0 0 0 0 0 0 0 0 1 0 0 0 0 0 0 0 0 0 0;
  INPUT ---        0 0 0 0 0 0 0 0 0 0 0 0 0 0 1 0 0 0 0 0 0 0 0 0 0;
  INPUT ---        0 0 0 0 0 0 0 0 0 0 0 0 0 0 0 0 0 0 1 0 0 0 0 0 0;
  INPUT ---        0 0 0 0 0 0 0 0 0 0 0 0 0 0 0 0 0 0 1 0 0 0 0 0 0;
  INPUT ---        0 0 0 0 0 0 0 0 0 0 0 0 0 0 0 0 0 0 1 0 0 0 0 0 0;
  INPUT ---        0 0 0 0 0 0 0 0 0 0 0 0 0 0 0 0 0 0 0 0 0 0 1 0 0;
  INPUT ---        0 0 0 0 0 0 0 0 0 0 0 0 0 0 0 0 0 0 0 0 0 0 1 0 0;
  INPUT ---        0 0 0 0 0 0 0 0 0 0 0 0 0 0 0 0 0 0 0 0 0 0 1 0 0;
  INPUT ---        0 0 0 0 0 0 1 0 0 0 0 0 0 0 0 0 0 0 0 0 0 0 0 0 0;
  INPUT ---        0 0 0 0 0 0 1 0 0 0 0 0 0 0 0 0 0 0 0 0 0 0 0 0 0;
  INPUT ---        0 0 0 0 0 0 1 0 0 0 0 0 0 0 0 0 0 0 0 0 0 0 0 0 0;
  INPUT ---        0 0 0 0 0 0 0 0 0 0 1 0 0 0 0 0 0 0 0 0 0 0 0 0 0;
  INPUT ---        0 0 0 0 0 0 0 0 0 0 1 0 0 0 0 0 0 0 0 0 0 0 0 0 0;
  INPUT ---        0 0 0 0 0 0 0 0 0 0 1 0 0 0 0 0 0 0 0 0 0 0 0 0 0;
  INPUT ---        0 0 0 0 0 0 0 0 0 0 0 0 0 0 0 0 0 0 0 1 0 0 0 0 0;
  INPUT ---        0 0 0 0 0 0 0 0 0 0 0 0 0 0 0 0 0 0 0 1 0 0 0 0 0;
  INPUT ---        0 0 0 0 0 0 0 0 0 0 0 0 0 0 0 0 0 0 0 1 0 0 0 0 0;
  INPUT ---        0 0 0 0 0 0 0 0 0 0 0 0 0 0 0 0 0 0 0 0 0 0 0 1 0;
  INPUT ---        0 0 0 0 0 0 0 0 0 0 0 0 0 0 0 0 0 0 0 0 0 0 0 1 0;
  INPUT ---        0 0 0 0 0 0 0 0 0 0 0 0 0 0 0 0 0 0 0 0 0 0 0 1 0;
  INPUT ---        0 0 0 0 0 0 0 1 0 0 0 0 0 0 0 0 0 0 0 0 0 0 0 0 0;
  INPUT ---        0 0 0 0 0 0 0 1 0 0 0 0 0 0 0 0 0 0 0 0 0 0 0 0 0;
  INPUT ---        0 0 0 0 0 0 0 1 0 0 0 0 0 0 0 0 0 0 0 0 0 0 0 0 0;
  INPUT ---        0 0 0 0 0 0 0 0 0 0 0 1 0 0 0 0 0 0 0 0 0 0 0 0 0;
  INPUT ---        0 0 0 0 0 0 0 0 0 0 0 1 0 0 0 0 0 0 0 0 0 0 0 0 0;
  INPUT ---        0 0 0 0 0 0 0 0 0 0 0 1 0 0 0 0 0 0 0 0 0 0 0 0 0;
  INPUT ---        0 0 0 0 0 0 0 0 0 0 0 0 0 0 0 1 0 0 0 0 0 0 0 0 0;
  INPUT ---        0 0 0 0 0 0 0 0 0 0 0 0 0 0 0 1 0 0 0 0 0 0 0 0 0;
  INPUT ---        0 0 0 0 0 0 0 0 0 0 0 0 0 0 0 1 0 0 0 0 0 0 0 0 0;
  INPUT ---        0 0 0 0 0 0 0 0 0 0 0 0 0 0 0 0 0 0 0 0 0 0 0 0 1;
  INPUT ---        0 0 0 0 0 0 0 0 0 0 0 0 0 0 0 0 0 0 0 0 0 0 0 0 1;

  Program  MARK  - Survival Rate Estimation with Capture-Recapture Data
   gfortran(dble/PIM2) Vers. 10.1 March 2023  18-Jan-2026 10:00:23    Page  006
 - - - - - - - - - - - - - - - - - - - - - - - - - - - - - - - - - - - - - -
 
  INPUT ---        0 0 0 0 0 0 0 0 0 0 0 0 0 0 0 0 0 0 0 0 0 0 0 0 1;
  INPUT ---        0 0 0 0 0 0 0 0 1 0 0 0 0 0 0 0 0 0 0 0 0 0 0 0 0;
  INPUT ---        0 0 0 0 0 0 0 0 1 0 0 0 0 0 0 0 0 0 0 0 0 0 0 0 0;
  INPUT ---        0 0 0 0 0 0 0 0 1 0 0 0 0 0 0 0 0 0 0 0 0 0 0 0 0;
  INPUT ---        0 0 0 0 0 0 0 0 0 0 0 0 1 0 0 0 0 0 0 0 0 0 0 0 0;
  INPUT ---        0 0 0 0 0 0 0 0 0 0 0 0 1 0 0 0 0 0 0 0 0 0 0 0 0;
  INPUT ---        0 0 0 0 0 0 0 0 0 0 0 0 1 0 0 0 0 0 0 0 0 0 0 0 0;
  INPUT ---        0 0 0 0 0 0 0 0 0 0 0 0 0 0 0 0 1 0 0 0 0 0 0 0 0;
  INPUT ---        0 0 0 0 0 0 0 0 0 0 0 0 0 0 0 0 1 0 0 0 0 0 0 0 0;
  INPUT ---        0 0 0 0 0 0 0 0 0 0 0 0 0 0 0 0 1 0 0 0 0 0 0 0 0;
  INPUT ---        0 0 0 0 0 0 0 0 0 0 0 0 0 0 0 0 0 0 0 0 1 0 0 0 0;
  INPUT ---        0 0 0 0 0 0 0 0 0 0 0 0 0 0 0 0 0 0 0 0 1 0 0 0 0;
  INPUT ---        0 0 0 0 0 0 0 0 0 0 0 0 0 0 0 0 0 0 0 0 1 0 0 0 0;

  INPUT ---    links=66;

  INPUT ---    Logit;

  INPUT ---    Logit;

  INPUT ---    Logit;

  INPUT ---    Logit;

  INPUT ---    Logit;

  INPUT ---    Logit;

  INPUT ---    mlogit(1);

  INPUT ---    mlogit(2);

  INPUT ---    mlogit(3);

  INPUT ---    mlogit(1);

  INPUT ---    mlogit(2);

  INPUT ---    mlogit(3);

  INPUT ---    mlogit(1);

  INPUT ---    mlogit(2);

  INPUT ---    mlogit(3);


  Program  MARK  - Survival Rate Estimation with Capture-Recapture Data
   gfortran(dble/PIM2) Vers. 10.1 March 2023  18-Jan-2026 10:00:23    Page  007
 - - - - - - - - - - - - - - - - - - - - - - - - - - - - - - - - - - - - - -
 
  INPUT ---    mlogit(1);

  INPUT ---    mlogit(2);

  INPUT ---    mlogit(3);

  INPUT ---    mlogit(4);

  INPUT ---    mlogit(5);

  INPUT ---    mlogit(6);

  INPUT ---    mlogit(4);

  INPUT ---    mlogit(5);

  INPUT ---    mlogit(6);

  INPUT ---    mlogit(4);

  INPUT ---    mlogit(5);

  INPUT ---    mlogit(6);

  INPUT ---    mlogit(4);

  INPUT ---    mlogit(5);

  INPUT ---    mlogit(6);

  INPUT ---    mlogit(7);

  INPUT ---    mlogit(8);

  INPUT ---    mlogit(9);

  INPUT ---    mlogit(7);

  INPUT ---    mlogit(8);

  INPUT ---    mlogit(9);

  INPUT ---    mlogit(7);

  INPUT ---    mlogit(8);


  Program  MARK  - Survival Rate Estimation with Capture-Recapture Data
   gfortran(dble/PIM2) Vers. 10.1 March 2023  18-Jan-2026 10:00:23    Page  008
 - - - - - - - - - - - - - - - - - - - - - - - - - - - - - - - - - - - - - -
 
  INPUT ---    mlogit(9);

  INPUT ---    mlogit(7);

  INPUT ---    mlogit(8);

  INPUT ---    mlogit(9);

  INPUT ---    mlogit(10);

  INPUT ---    mlogit(11);

  INPUT ---    mlogit(12);

  INPUT ---    mlogit(10);

  INPUT ---    mlogit(11);

  INPUT ---    mlogit(12);

  INPUT ---    mlogit(10);

  INPUT ---    mlogit(11);

  INPUT ---    mlogit(12);

  INPUT ---    mlogit(10);

  INPUT ---    mlogit(11);

  INPUT ---    mlogit(12);

  INPUT ---    mlogit(13);

  INPUT ---    mlogit(14);

  INPUT ---    mlogit(15);

  INPUT ---    mlogit(13);

  INPUT ---    mlogit(14);

  INPUT ---    mlogit(15);

  INPUT ---    mlogit(13);


  Program  MARK  - Survival Rate Estimation with Capture-Recapture Data
   gfortran(dble/PIM2) Vers. 10.1 March 2023  18-Jan-2026 10:00:23    Page  009
 - - - - - - - - - - - - - - - - - - - - - - - - - - - - - - - - - - - - - -
 
  INPUT ---    mlogit(14);

  INPUT ---    mlogit(15);

  INPUT ---    mlogit(13);

  INPUT ---    mlogit(14);

  INPUT ---    mlogit(15);
  INPUT ---       blabel(1)=S:(Intercept);
  INPUT ---       blabel(2)=S:stratum2;
  INPUT ---       blabel(3)=S:stratum3;
  INPUT ---       blabel(4)=S:stratum4;
  INPUT ---       blabel(5)=S:stratum5;
  INPUT ---       blabel(6)=Psi:stratum2:tostratum1;
  INPUT ---       blabel(7)=Psi:stratum3:tostratum1;
  INPUT ---       blabel(8)=Psi:stratum4:tostratum1;
  INPUT ---       blabel(9)=Psi:stratum5:tostratum1;
  INPUT ---       blabel(10)=Psi:stratum1:tostratum2;
  INPUT ---       blabel(11)=Psi:stratum3:tostratum2;
  INPUT ---       blabel(12)=Psi:stratum4:tostratum2;
  INPUT ---       blabel(13)=Psi:stratum5:tostratum2;
  INPUT ---       blabel(14)=Psi:stratum1:tostratum3;
  INPUT ---       blabel(15)=Psi:stratum2:tostratum3;
  INPUT ---       blabel(16)=Psi:stratum4:tostratum3;
  INPUT ---       blabel(17)=Psi:stratum5:tostratum3;
  INPUT ---       blabel(18)=Psi:stratum1:tostratum4;
  INPUT ---       blabel(19)=Psi:stratum2:tostratum4;
  INPUT ---       blabel(20)=Psi:stratum3:tostratum4;
  INPUT ---       blabel(21)=Psi:stratum5:tostratum4;
  INPUT ---       blabel(22)=Psi:stratum1:tostratum5;
  INPUT ---       blabel(23)=Psi:stratum2:tostratum5;
  INPUT ---       blabel(24)=Psi:stratum3:tostratum5;
  INPUT ---       blabel(25)=Psi:stratum4:tostratum5;
  INPUT ---       rlabel(1)=S s1 g1 c1 a0 o1 t1;
  INPUT ---       rlabel(2)=S s2 g1 c1 a0 o1 t1;
  INPUT ---       rlabel(3)=S s3 g1 c1 a0 o1 t1;
  INPUT ---       rlabel(4)=S s4 g1 c1 a0 o1 t1;
  INPUT ---       rlabel(5)=S s5 g1 c1 a0 o1 t1;
  INPUT ---       rlabel(6)=p s1 g1 c1 a1 o1 t2;
  INPUT ---       rlabel(7)=Psi s1 to2 g1 c1 a0 o1 t1;
  INPUT ---       rlabel(8)=Psi s1 to2 g1 c1 a1 o2 t2;
  INPUT ---       rlabel(9)=Psi s1 to2 g1 c2 a0 o2 t2;
  INPUT ---       rlabel(10)=Psi s1 to3 g1 c1 a0 o1 t1;
  INPUT ---       rlabel(11)=Psi s1 to3 g1 c1 a1 o2 t2;
  INPUT ---       rlabel(12)=Psi s1 to3 g1 c2 a0 o2 t2;

  Program  MARK  - Survival Rate Estimation with Capture-Recapture Data
   gfortran(dble/PIM2) Vers. 10.1 March 2023  18-Jan-2026 10:00:23    Page  010
 - - - - - - - - - - - - - - - - - - - - - - - - - - - - - - - - - - - - - -
 
  INPUT ---       rlabel(13)=Psi s1 to4 g1 c1 a0 o1 t1;
  INPUT ---       rlabel(14)=Psi s1 to4 g1 c1 a1 o2 t2;
  INPUT ---       rlabel(15)=Psi s1 to4 g1 c2 a0 o2 t2;
  INPUT ---       rlabel(16)=Psi s1 to5 g1 c1 a0 o1 t1;
  INPUT ---       rlabel(17)=Psi s1 to5 g1 c1 a1 o2 t2;
  INPUT ---       rlabel(18)=Psi s1 to5 g1 c2 a0 o2 t2;
  INPUT ---       rlabel(19)=Psi s2 to1 g1 c1 a0 o1 t1;
  INPUT ---       rlabel(20)=Psi s2 to1 g1 c1 a1 o2 t2;
  INPUT ---       rlabel(21)=Psi s2 to1 g1 c2 a0 o2 t2;
  INPUT ---       rlabel(22)=Psi s2 to3 g1 c1 a0 o1 t1;
  INPUT ---       rlabel(23)=Psi s2 to3 g1 c1 a1 o2 t2;
  INPUT ---       rlabel(24)=Psi s2 to3 g1 c2 a0 o2 t2;
  INPUT ---       rlabel(25)=Psi s2 to4 g1 c1 a0 o1 t1;
  INPUT ---       rlabel(26)=Psi s2 to4 g1 c1 a1 o2 t2;
  INPUT ---       rlabel(27)=Psi s2 to4 g1 c2 a0 o2 t2;
  INPUT ---       rlabel(28)=Psi s2 to5 g1 c1 a0 o1 t1;
  INPUT ---       rlabel(29)=Psi s2 to5 g1 c1 a1 o2 t2;
  INPUT ---       rlabel(30)=Psi s2 to5 g1 c2 a0 o2 t2;
  INPUT ---       rlabel(31)=Psi s3 to1 g1 c1 a0 o1 t1;
  INPUT ---       rlabel(32)=Psi s3 to1 g1 c1 a1 o2 t2;
  INPUT ---       rlabel(33)=Psi s3 to1 g1 c2 a0 o2 t2;
  INPUT ---       rlabel(34)=Psi s3 to2 g1 c1 a0 o1 t1;
  INPUT ---       rlabel(35)=Psi s3 to2 g1 c1 a1 o2 t2;
  INPUT ---       rlabel(36)=Psi s3 to2 g1 c2 a0 o2 t2;
  INPUT ---       rlabel(37)=Psi s3 to4 g1 c1 a0 o1 t1;
  INPUT ---       rlabel(38)=Psi s3 to4 g1 c1 a1 o2 t2;
  INPUT ---       rlabel(39)=Psi s3 to4 g1 c2 a0 o2 t2;
  INPUT ---       rlabel(40)=Psi s3 to5 g1 c1 a0 o1 t1;
  INPUT ---       rlabel(41)=Psi s3 to5 g1 c1 a1 o2 t2;
  INPUT ---       rlabel(42)=Psi s3 to5 g1 c2 a0 o2 t2;
  INPUT ---       rlabel(43)=Psi s4 to1 g1 c1 a0 o1 t1;
  INPUT ---       rlabel(44)=Psi s4 to1 g1 c1 a1 o2 t2;
  INPUT ---       rlabel(45)=Psi s4 to1 g1 c2 a0 o2 t2;
  INPUT ---       rlabel(46)=Psi s4 to2 g1 c1 a0 o1 t1;
  INPUT ---       rlabel(47)=Psi s4 to2 g1 c1 a1 o2 t2;
  INPUT ---       rlabel(48)=Psi s4 to2 g1 c2 a0 o2 t2;
  INPUT ---       rlabel(49)=Psi s4 to3 g1 c1 a0 o1 t1;
  INPUT ---       rlabel(50)=Psi s4 to3 g1 c1 a1 o2 t2;
  INPUT ---       rlabel(51)=Psi s4 to3 g1 c2 a0 o2 t2;
  INPUT ---       rlabel(52)=Psi s4 to5 g1 c1 a0 o1 t1;
  INPUT ---       rlabel(53)=Psi s4 to5 g1 c1 a1 o2 t2;
  INPUT ---       rlabel(54)=Psi s4 to5 g1 c2 a0 o2 t2;
  INPUT ---       rlabel(55)=Psi s5 to1 g1 c1 a0 o1 t1;
  INPUT ---       rlabel(56)=Psi s5 to1 g1 c1 a1 o2 t2;
  INPUT ---       rlabel(57)=Psi s5 to1 g1 c2 a0 o2 t2;
  INPUT ---       rlabel(58)=Psi s5 to2 g1 c1 a0 o1 t1;

  Program  MARK  - Survival Rate Estimation with Capture-Recapture Data
   gfortran(dble/PIM2) Vers. 10.1 March 2023  18-Jan-2026 10:00:23    Page  011
 - - - - - - - - - - - - - - - - - - - - - - - - - - - - - - - - - - - - - -
 
  INPUT ---       rlabel(59)=Psi s5 to2 g1 c1 a1 o2 t2;
  INPUT ---       rlabel(60)=Psi s5 to2 g1 c2 a0 o2 t2;
  INPUT ---       rlabel(61)=Psi s5 to3 g1 c1 a0 o1 t1;
  INPUT ---       rlabel(62)=Psi s5 to3 g1 c1 a1 o2 t2;
  INPUT ---       rlabel(63)=Psi s5 to3 g1 c2 a0 o2 t2;
  INPUT ---       rlabel(64)=Psi s5 to4 g1 c1 a0 o1 t1;
  INPUT ---       rlabel(65)=Psi s5 to4 g1 c1 a1 o2 t2;
  INPUT ---       rlabel(66)=Psi s5 to4 g1 c2 a0 o2 t2;
   Model is { S(~stratum)p(~1)Psi(~-1 + stratum:tostratum) }

 Link Function Used is PARM-SPECIFIC

 Variance Estimation Procedure Used is 2ndPart 
 -2logL(saturated) = 917.92556     
 Effective Sample Size = 765

 Number of function evaluations was 72 for 25 parameters.
 For numerical optimization, CPU Time was 1.281 seconds and System Time was 0.890 seconds.
 -2logL { S(~stratum)p(~1)Psi(~-1 + stratum:tostratum) } = 1108.7050     
 Penalty { S(~stratum)p(~1)Psi(~-1 + stratum:tostratum) } = 0.0000000     
 Gradient { S(~stratum)p(~1)Psi(~-1 + stratum:tostratum) }:
   0.0000000       0.0000000       0.0000000       0.0000000       0.0000000    
   0.0000000       0.0000000       0.0000000       0.0000000       0.0000000    
   0.0000000       0.0000000       0.0000000       0.0000000       0.0000000    
   0.0000000       0.0000000       0.0000000      0.32167077E-05   0.0000000    
   0.0000000      0.63996213E-06   0.0000000       0.0000000       0.0000000    
 Maximum ABS(G) { S(~stratum)p(~1)Psi(~-1 + stratum:tostratum) } = 0.3216708E-05 
 To compute VC matrix, CPU Time was 0.500 seconds and System Time was 0.281 seconds.
 S Vector { S(~stratum)p(~1)Psi(~-1 + stratum:tostratum) }:
   71.78467      20.58984      18.29852      17.89944      16.48852    
   7.805460      3.950678      3.922433      3.218800      1.730230    
  0.9950898     0.4130794E-06 0.4077619E-07 0.4989041E-08 0.1931391E-14
  0.9824432E-15 0.6554622E-15 0.3162181E-15 0.4223460E-16 0.1305611E-16
  0.1612911E-23 0.1225943E-23 0.1535317E-24 0.8617181E-32 0.4896306E-41
 To invert VC matrix, CPU Time was 0.001 seconds and System Time was 0.001 seconds.
 Ratio Threshold = 50.000000       Max Gap (24/25) = 0.1759935E+10   Next Max Gap (23/24) = 17816926.     
 Gap Method for Num. of Estimated Parameters { S(~stratum)p(~1)Psi(~-1 + stratum:tostratum) } = 23          
 Threshold { S(~stratum)p(~1)Psi(~-1 + stratum:tostratum) } = 0.6433415E-05           
 Numerical Threshold Method for Num. of Estimated Parameters { S(~stratum)p(~1)Psi(~-1 + stratum:tostratum) } = 11          
 Number of Estimated Parameters { S(~stratum)p(~1)Psi(~-1 + stratum:tostratum) } = 23          

   * *  WARNING  * *   Number of parameters estimated from gap method (=23) and threshold method (=11) differ.  Inspect full output. 
 Ratios of S Vector { S(~stratum)p(~1)Psi(~-1 + stratum:tostratum) }:
   1/2    3.486412       2/3    1.125219       3/4    1.022295       4/5    1.085570       5/6    2.112435    
   6/7    1.975727       7/8    1.007201       8/9    1.218601       9/10    1.860331       10/11    1.738767    
   11/12    2408955.       12/13    10.13041       13/14    8.173152       14/15    2583134.       15/16    1.965906    
   16/17    1.498856       17/18    2.072817       18/19    7.487181       19/20    3.234852       20/21    8094749.    
   21/22    1.315650       22/23    7.984950       23/24   0.1781693E+08   24/25   0.1759935E+10
 DEVIANCE { S(~stratum)p(~1)Psi(~-1 + stratum:tostratum) } = 190.77943               
 DEVIANCE Degrees of Freedom { S(~stratum)p(~1)Psi(~-1 + stratum:tostratum) } = 15          
 c-hat { S(~stratum)p(~1)Psi(~-1 + stratum:tostratum) } = 12.718628               
 AIC { S(~stratum)p(~1)Psi(~-1 + stratum:tostratum) } = 1130.7050               
 AICc { S(~stratum)p(~1)Psi(~-1 + stratum:tostratum) } = 1131.0556               
 BIC { S(~stratum)p(~1)Psi(~-1 + stratum:tostratum) } = 1181.7436               
 Pearson Chisquare { S(~stratum)p(~1)Psi(~-1 + stratum:tostratum) } = 204.76775               
 Possible Encounter Histories { S(~stratum)p(~1)Psi(~-1 + stratum:tostratum) } = 120          
 Pearson Chisquare df { S(~stratum)p(~1)Psi(~-1 + stratum:tostratum) } = 104          
 Pearson chat { S(~stratum)p(~1)Psi(~-1 + stratum:tostratum) } = 1.9689207               
 Sum(Observed/Expected) { S(~stratum)p(~1)Psi(~-1 + stratum:tostratum) } = 67.119084               
 s-bar { S(~stratum)p(~1)Psi(~-1 + stratum:tostratum) } = -0.4598341              
 Fletcher chat { S(~stratum)p(~1)Psi(~-1 + stratum:tostratum) } = 3.6450293               

   * *  WARNING  * *   Numerical underflow occurred during variance-covariance calculation of this model. 

  Program  MARK  - Survival Rate Estimation with Capture-Recapture Data
   gfortran(dble/PIM2) Vers. 10.1 March 2023  18-Jan-2026 10:00:25    Page  012
 - - - - - - - - - - - - - - - - - - - - - - - - - - - - - - - - - - - - - -
 
     IEEE flag status at end of variance-covariance calculation:
     overflow       F
     divide by zero F
     invalid        F
     underflow      T
     inexact        T



 PARM-SPECIFIC Link Function Parameters of { S(~stratum)p(~1)Psi(~-1 + stratum:tostratum) }
                                                              95% Confidence Interval
    Parameter                  Beta         Standard Error     Lower           Upper
 -------------------------  --------------  --------------  --------------  --------------
    1:S:(Intercept)          4.3788969       0.5031246       3.3927727       5.3650211    
    2:S:stratum2            -0.4896311       0.6170018      -1.6989547       0.7196925    
    3:S:stratum3             31.365881       25051686.      -49101275.       49101338.    
    4:S:stratum4             11.155512       1555.9056      -3038.4196       3060.7306    
    5:S:stratum5             0.0000000       29445837.      -57713842.       57713842.    
    6:Psi:stratum2:tostrat  -2.7785235       0.2248947      -3.2193172      -2.3377299    
    7:Psi:stratum3:tostrat  -30.897696       0.0000000      -30.897696      -30.897696    
    8:Psi:stratum4:tostrat  -21.434313       0.3038195E+09  -0.5954862E+09   0.5954862E+09
    9:Psi:stratum5:tostrat   0.0000000       0.1372291E+09  -0.2689691E+09   0.2689691E+09
   10:Psi:stratum1:tostrat  -0.6316622       0.1185427      -0.8640058      -0.3993186    
   11:Psi:stratum3:tostrat  -30.897696       30951266.      -60664513.       60664451.    
   12:Psi:stratum4:tostrat  -21.434313       0.0000000      -21.434313      -21.434313    
   13:Psi:stratum5:tostrat   0.0000000       0.0000000       0.0000000       0.0000000    
   14:Psi:stratum1:tostrat  -3.9367158       0.5048545      -4.9262306      -2.9472009    
   15:Psi:stratum2:tostrat  -2.8273137       0.2301273      -3.2783632      -2.3762642    
   16:Psi:stratum4:tostrat  -21.434313       0.0000000      -21.434313      -21.434313    
   17:Psi:stratum5:tostrat   0.0000000       0.0000000       0.0000000       0.0000000    
   18:Psi:stratum1:tostrat  -5.3230108       1.0024362      -7.2877858      -3.3582358    
   19:Psi:stratum2:tostrat  -3.7436044       0.3577130      -4.4447218      -3.0424870    
   20:Psi:stratum3:tostrat   0.6931467       0.4330121      -0.1555571       1.5418505    
   21:Psi:stratum5:tostrat   0.0000000       0.4519243E+21  -0.8857717E+21   0.8857717E+21
   22:Psi:stratum1:tostrat  -22.843269       6.7387911      -36.051300      -9.6352381    
   23:Psi:stratum2:tostrat  -4.4367517       0.5029499      -5.4225335      -3.4509699    
   24:Psi:stratum3:tostrat   0.7537714       0.4287460      -0.0865709       1.5941136    
   25:Psi:stratum4:tostrat  -21.434313       0.0000000      -21.434313      -21.434313    


       Real Function Parameters of { S(~stratum)p(~1)Psi(~-1 + stratum:tostratum) }
                                                               95% Confidence Interval
     Parameter                Estimate       Standard Error     Lower           Upper
 --------------------------  --------------  --------------  --------------  --------------
     1:S s1 g1 c1 a0 o1 t1    0.9876161       0.0061535       0.9674779       0.9953444       
     2:S s2 g1 c1 a0 o1 t1    0.9799499       0.0070174       0.9604276       0.9899421       
     3:S s3 g1 c1 a0 o1 t1    1.0000000       0.0000000       1.0000000       1.0000000       

  Program  MARK  - Survival Rate Estimation with Capture-Recapture Data
   gfortran(dble/PIM2) Vers. 10.1 March 2023  18-Jan-2026 10:00:25    Page  013
 - - - - - - - - - - - - - - - - - - - - - - - - - - - - - - - - - - - - - -
 
     4:S s4 g1 c1 a0 o1 t1    0.9999998       0.2784729E-03  0.3103076E-301   1.0000000       
     5:S s5 g1 c1 a0 o1 t1    0.9876161       360138.43      0.4436242E-306   1.0000000       
     6:p s1 g1 c1 a1 o1 t2    1.0000000       0.0000000       1.0000000       1.0000000      Fixed
     7:Psi s1 to2 g1 c1 a0    0.3416928       0.0265544       0.2917001       0.3954695       
     8:Psi s1 to2 g1 c1 a1    0.3416928       0.0265544       0.2917001       0.3954695       
     9:Psi s1 to2 g1 c2 a0    0.3416928       0.0265544       0.2917001       0.3954695       
    10:Psi s1 to3 g1 c1 a0    0.0125392       0.0062302       0.0047141       0.0329240       
    11:Psi s1 to3 g1 c1 a1    0.0125392       0.0062302       0.0047141       0.0329240       
    12:Psi s1 to3 g1 c2 a0    0.0125392       0.0062302       0.0047141       0.0329240       
    13:Psi s1 to4 g1 c1 a0    0.0031348       0.0031299       0.4413937E-03   0.0219033       
    14:Psi s1 to4 g1 c1 a1    0.0031348       0.0031299       0.4413937E-03   0.0219033       
    15:Psi s1 to4 g1 c2 a0    0.0031348       0.0031299       0.4413937E-03   0.0219033       
    16:Psi s1 to5 g1 c1 a0    0.7713608E-10   0.5198139E-09  -0.9416992E-09   0.1095971E-08   
    17:Psi s1 to5 g1 c1 a1    0.7713608E-10   0.5198139E-09  -0.9416992E-09   0.1095971E-08   
    18:Psi s1 to5 g1 c2 a0    0.7713608E-10   0.5198139E-09  -0.9416992E-09   0.1095971E-08   
    19:Psi s2 to1 g1 c1 a0    0.0537084       0.0114011       0.0352754       0.0809653       
    20:Psi s2 to1 g1 c1 a1    0.0537084       0.0114011       0.0352754       0.0809653       
    21:Psi s2 to1 g1 c2 a0    0.0537084       0.0114011       0.0352754       0.0809653       
    22:Psi s2 to3 g1 c1 a0    0.0511509       0.0111413       0.0332335       0.0779492       
    23:Psi s2 to3 g1 c1 a1    0.0511509       0.0111413       0.0332335       0.0779492       
    24:Psi s2 to3 g1 c2 a0    0.0511509       0.0111413       0.0332335       0.0779492       
    25:Psi s2 to4 g1 c1 a0    0.0204604       0.0071594       0.0102644       0.0403712       
    26:Psi s2 to4 g1 c1 a1    0.0204604       0.0071594       0.0102644       0.0403712       
    27:Psi s2 to4 g1 c2 a0    0.0204604       0.0071594       0.0102644       0.0403712       
    28:Psi s2 to5 g1 c1 a0    0.0102302       0.0050889       0.0038448       0.0269336       
    29:Psi s2 to5 g1 c1 a1    0.0102302       0.0050889       0.0038448       0.0269336       
    30:Psi s2 to5 g1 c2 a0    0.0102302       0.0050889       0.0038448       0.0269336       
    31:Psi s3 to1 g1 c1 a0    0.7440587E-14   0.0000000       0.7440587E-14   0.7440587E-14   
    32:Psi s3 to1 g1 c1 a1    0.7440587E-14   0.0000000       0.7440587E-14   0.7440587E-14   
    33:Psi s3 to1 g1 c2 a0    0.7440587E-14   0.0000000       0.7440587E-14   0.7440587E-14   
    34:Psi s3 to2 g1 c1 a0    0.7440587E-14   0.2302956E-06  -0.4513794E-06   0.4513794E-06   
    35:Psi s3 to2 g1 c1 a1    0.7440587E-14   0.2302956E-06  -0.4513794E-06   0.4513794E-06   
    36:Psi s3 to2 g1 c2 a0    0.7440587E-14   0.2302956E-06  -0.4513794E-06   0.4513794E-06   
    37:Psi s3 to4 g1 c1 a0    0.3902439       0.0761823       0.2546824       0.5451811       
    38:Psi s3 to4 g1 c1 a1    0.3902439       0.0761823       0.2546824       0.5451811       
    39:Psi s3 to4 g1 c2 a0    0.3902439       0.0761823       0.2546824       0.5451811       
    40:Psi s3 to5 g1 c1 a0    0.4146341       0.0769404       0.2756457       0.5686838       
    41:Psi s3 to5 g1 c1 a1    0.4146341       0.0769404       0.2756457       0.5686838       
    42:Psi s3 to5 g1 c2 a0    0.4146341       0.0769404       0.2756457       0.5686838       
    43:Psi s4 to1 g1 c1 a0    0.4911298E-09   0.1492148      -0.2924610       0.2924610       
    44:Psi s4 to1 g1 c1 a1    0.4911298E-09   0.1492148      -0.2924610       0.2924610       
    45:Psi s4 to1 g1 c2 a0    0.4911298E-09   0.1492148      -0.2924610       0.2924610       
    46:Psi s4 to2 g1 c1 a0    0.4911298E-09   0.0000000       0.4911298E-09   0.4911298E-09   
    47:Psi s4 to2 g1 c1 a1    0.4911298E-09   0.0000000       0.4911298E-09   0.4911298E-09   
    48:Psi s4 to2 g1 c2 a0    0.4911298E-09   0.0000000       0.4911298E-09   0.4911298E-09   
    49:Psi s4 to3 g1 c1 a0    0.4911298E-09   0.0000000       0.4911298E-09   0.4911298E-09   

  Program  MARK  - Survival Rate Estimation with Capture-Recapture Data
   gfortran(dble/PIM2) Vers. 10.1 March 2023  18-Jan-2026 10:00:25    Page  014
 - - - - - - - - - - - - - - - - - - - - - - - - - - - - - - - - - - - - - -
 
    50:Psi s4 to3 g1 c1 a1    0.4911298E-09   0.0000000       0.4911298E-09   0.4911298E-09   
    51:Psi s4 to3 g1 c2 a0    0.4911298E-09   0.0000000       0.4911298E-09   0.4911298E-09   
    52:Psi s4 to5 g1 c1 a0    0.4911298E-09   0.0000000       0.4911298E-09   0.4911298E-09   
    53:Psi s4 to5 g1 c1 a1    0.4911298E-09   0.0000000       0.4911298E-09   0.4911298E-09   
    54:Psi s4 to5 g1 c2 a0    0.4911298E-09   0.0000000       0.4911298E-09   0.4911298E-09   
    55:Psi s5 to1 g1 c1 a0    0.2000000       0.1807697E+20  0.1390671E-308   1.0000000       
    56:Psi s5 to1 g1 c1 a1    0.2000000       0.1807697E+20  0.1390671E-308   1.0000000       
    57:Psi s5 to1 g1 c2 a0    0.2000000       0.1807697E+20  0.1390671E-308   1.0000000       
    58:Psi s5 to2 g1 c1 a0    0.2000000       0.1807697E+20  0.1390671E-308   1.0000000       
    59:Psi s5 to2 g1 c1 a1    0.2000000       0.1807697E+20  0.1390671E-308   1.0000000       
    60:Psi s5 to2 g1 c2 a0    0.2000000       0.1807697E+20  0.1390671E-308   1.0000000       
    61:Psi s5 to3 g1 c1 a0    0.2000000       0.1807697E+20  0.1390671E-308   1.0000000       
    62:Psi s5 to3 g1 c1 a1    0.2000000       0.1807697E+20  0.1390671E-308   1.0000000       
    63:Psi s5 to3 g1 c2 a0    0.2000000       0.1807697E+20  0.1390671E-308   1.0000000       
    64:Psi s5 to4 g1 c1 a0    0.2000000       0.7230790E+20  0.1390671E-308   1.0000000       
    65:Psi s5 to4 g1 c1 a1    0.2000000       0.7230790E+20  0.1390671E-308   1.0000000       
    66:Psi s5 to4 g1 c2 a0    0.2000000       0.7230790E+20  0.1390671E-308   1.0000000       

 To compute parameter estimates, CPU Time was 0.016 seconds and System Time was 0.079 seconds.

 Attempted ordering of parameters by estimatibility:
  10  6 15  1 24 19 20 23 14  2 18  4 22  8 25 16 12 11 17  7 21 13  9  5  3

 Beta number 3 is a singular value.

   For procedure estimate CPU Time was 1.844 seconds and System Time was 2.985 seconds.

  Program  MARK  - Survival Rate Estimation with Capture-Recapture Data
   gfortran(dble/PIM2) Vers. 10.1 March 2023  18-Jan-2026 10:00:25    Page  015
 - - - - - - - - - - - - - - - - - - - - - - - - - - - - - - - - - - - - - -
 


  INPUT --- proc stop;

     For this job, CPU Time in minutes was 0.033 and System Time in minutes was 0.052.

     Time Start = 10:00:21.975   Time End = 10:00:25.127

     Wall Clock Time in minutes for this job was 0.053.

     Maximum of 25 words used of 4096 words allocated.


          E X E C U T I O N   S U C C E S S F U L 
