
 Program  MARK  - Survival Rate Estimation with Capture-Recapture Data
 gfortran(dble/PIM2) Vers. 11.2 Nov 2025   7-Jan-2026 23:09:05    Page  001
  
 - - - - - - - - - - - - - - - - - - - - - - - - - - - - - - - - - - - - - -
 
 Welcome to MARK Vuillemot on machine LORDI-1NRUQJIEA in subdirectory
   "C:\Users\Vuillemot\Desktop\cypripedium\Elian_cypripedium" running file "mark034.inp".
 This version was compiled by GCC version 15.2.0 using the options: 
  -cpp -iprefix C:/tdm-gcc-64/mingw64-15-2/bin/../lib/gcc/
  x86_64-w64-mingw32/15.2.0/ -D_MT -D_REENTRANT -U_REENTRANT -D
  dbleprecision -m64 -march=x86-64 -mtune=generic -mthreads -O3 -std=f2023
  -fimplicit-none -ffpe-summary=invalid,zero,overflow,underflow
  -funroll-loops -fno-unsafe-math-optimizations -frounding-math
  -fsignaling-nans -fprefetch-loop-arrays -fall-intrinsics -fopenmp

 This problem will use 3 of 4 possible threads.
 Static thread allocation is used.
 INPUT --- proc title ;

 For procedure title CPU Time was 0.001 secs and System Time was 0.001 secs.
 INPUT --- proc chmatrix occasions= 3 groups= 1 etype= Multistrata 
 INPUT --- Nodes= 101 strata=5 icovar =  1 ICMeans NoHist hist= 325 ;
 INPUT ---    time interval 1 1 ;
 INPUT ---     strata=A B C D E;
 INPUT ---     icovariates recov_c ;
 INPUT ---    glabel(1)=Group 1;

      Number of unique encounter histories read was 325.

      Number of individual covariates read was 1.
      Time interval lengths are all equal to 1.

      Data type number is 9
      Data type is Multi-state with Live Recaptures

 For procedure chmatrix CPU Time was 0.016 secs and System Time was 0.016 secs.

Program  MARK  - Survival Rate Estimation with Capture-Recapture Data
 gfortran(dble/PIM2) Vers. 11.2 Nov 2025   7-Jan-2026 23:09:05    Page  002
 - - - - - - - - - - - - - - - - - - - - - - - - - - - - - - - - - - - - - -
 


 INPUT --- proc estimate link=Parm-Specific NOLOOP varest=2ndPart    ;
 INPUT --- model={ S(~1)p(~stratum + recov_c)Psi(~stratum) };
 INPUT ---    group=1 S A:StratumA   rows=2 cols=2 Triang ;
 INPUT ---        1 1 ;
 INPUT ---        1 ;
 INPUT ---    group=1 S B:StratumB   rows=2 cols=2 Triang ;
 INPUT ---        1 1 ;
 INPUT ---        1 ;
 INPUT ---    group=1 S C:StratumC   rows=2 cols=2 Triang ;
 INPUT ---        1 1 ;
 INPUT ---        1 ;
 INPUT ---    group=1 S D:StratumD   rows=2 cols=2 Triang ;
 INPUT ---        1 1 ;
 INPUT ---        1 ;
 INPUT ---    group=1 S E:StratumE   rows=2 cols=2 Triang ;
 INPUT ---        1 1 ;
 INPUT ---        1 ;
 INPUT ---    group=1 p A:StratumA   rows=2 cols=2 Triang ;
 INPUT ---        2 2 ;
 INPUT ---        2 ;
 INPUT ---    group=1 p B:StratumB   rows=2 cols=2 Triang ;
 INPUT ---        3 3 ;
 INPUT ---        3 ;
 INPUT ---    group=1 p C:StratumC   rows=2 cols=2 Triang ;
 INPUT ---        4 4 ;
 INPUT ---        4 ;
 INPUT ---    group=1 p D:StratumD   rows=2 cols=2 Triang ;
 INPUT ---        5 5 ;
 INPUT ---        5 ;
 INPUT ---    group=1 p E:StratumE   rows=2 cols=2 Triang ;
 INPUT ---        6 6 ;
 INPUT ---        6 ;
 INPUT ---    group=1 Psi A to B   rows=2 cols=2 Triang ;
 INPUT ---        7 8 ;
 INPUT ---        9 ;
 INPUT ---    group=1 Psi A to C   rows=2 cols=2 Triang ;
 INPUT ---        10 11 ;
 INPUT ---        12 ;
 INPUT ---    group=1 Psi A to D   rows=2 cols=2 Triang ;
 INPUT ---        13 14 ;
 INPUT ---        15 ;
 INPUT ---    group=1 Psi A to E   rows=2 cols=2 Triang ;
 INPUT ---        16 17 ;
 INPUT ---        18 ;

Program  MARK  - Survival Rate Estimation with Capture-Recapture Data
 gfortran(dble/PIM2) Vers. 11.2 Nov 2025   7-Jan-2026 23:09:05    Page  003
 - - - - - - - - - - - - - - - - - - - - - - - - - - - - - - - - - - - - - -
 
 INPUT ---    group=1 Psi B to A   rows=2 cols=2 Triang ;
 INPUT ---        19 20 ;
 INPUT ---        21 ;
 INPUT ---    group=1 Psi B to C   rows=2 cols=2 Triang ;
 INPUT ---        22 23 ;
 INPUT ---        24 ;
 INPUT ---    group=1 Psi B to D   rows=2 cols=2 Triang ;
 INPUT ---        25 26 ;
 INPUT ---        27 ;
 INPUT ---    group=1 Psi B to E   rows=2 cols=2 Triang ;
 INPUT ---        28 29 ;
 INPUT ---        30 ;
 INPUT ---    group=1 Psi C to A   rows=2 cols=2 Triang ;
 INPUT ---        31 32 ;
 INPUT ---        33 ;
 INPUT ---    group=1 Psi C to B   rows=2 cols=2 Triang ;
 INPUT ---        34 35 ;
 INPUT ---        36 ;
 INPUT ---    group=1 Psi C to D   rows=2 cols=2 Triang ;
 INPUT ---        37 38 ;
 INPUT ---        39 ;
 INPUT ---    group=1 Psi C to E   rows=2 cols=2 Triang ;
 INPUT ---        40 41 ;
 INPUT ---        42 ;
 INPUT ---    group=1 Psi D to A   rows=2 cols=2 Triang ;
 INPUT ---        43 44 ;
 INPUT ---        45 ;
 INPUT ---    group=1 Psi D to B   rows=2 cols=2 Triang ;
 INPUT ---        46 47 ;
 INPUT ---        48 ;
 INPUT ---    group=1 Psi D to C   rows=2 cols=2 Triang ;
 INPUT ---        49 50 ;
 INPUT ---        51 ;
 INPUT ---    group=1 Psi D to E   rows=2 cols=2 Triang ;
 INPUT ---        52 53 ;
 INPUT ---        54 ;
 INPUT ---    group=1 Psi E to A   rows=2 cols=2 Triang ;
 INPUT ---        55 56 ;
 INPUT ---        57 ;
 INPUT ---    group=1 Psi E to B   rows=2 cols=2 Triang ;
 INPUT ---        58 59 ;
 INPUT ---        60 ;
 INPUT ---    group=1 Psi E to C   rows=2 cols=2 Triang ;
 INPUT ---        61 62 ;
 INPUT ---        63 ;
 INPUT ---    group=1 Psi E to D   rows=2 cols=2 Triang ;

Program  MARK  - Survival Rate Estimation with Capture-Recapture Data
 gfortran(dble/PIM2) Vers. 11.2 Nov 2025   7-Jan-2026 23:09:05    Page  004
 - - - - - - - - - - - - - - - - - - - - - - - - - - - - - - - - - - - - - -
 
 INPUT ---        64 65 ;
 INPUT ---        66 ;
 INPUT ---    design matrix constraints=66 covariates=12;
 INPUT ---        1 0 0 0 0 0 0 0 0 0 0 0;
 INPUT ---        0 1 0 0 0 0 recov_c 0 0 0 0 0;
 INPUT ---        0 1 1 0 0 0 recov_c 0 0 0 0 0;
 INPUT ---        0 1 0 1 0 0 recov_c 0 0 0 0 0;
 INPUT ---        0 1 0 0 1 0 recov_c 0 0 0 0 0;
 INPUT ---        0 1 0 0 0 1 recov_c 0 0 0 0 0;
 INPUT ---        0 0 0 0 0 0 0 1 0 0 0 0;
 INPUT ---        0 0 0 0 0 0 0 1 0 0 0 0;
 INPUT ---        0 0 0 0 0 0 0 1 0 0 0 0;
 INPUT ---        0 0 0 0 0 0 0 1 0 0 0 0;
 INPUT ---        0 0 0 0 0 0 0 1 0 0 0 0;
 INPUT ---        0 0 0 0 0 0 0 1 0 0 0 0;
 INPUT ---        0 0 0 0 0 0 0 1 0 0 0 0;
 INPUT ---        0 0 0 0 0 0 0 1 0 0 0 0;
 INPUT ---        0 0 0 0 0 0 0 1 0 0 0 0;
 INPUT ---        0 0 0 0 0 0 0 1 0 0 0 0;
 INPUT ---        0 0 0 0 0 0 0 1 0 0 0 0;
 INPUT ---        0 0 0 0 0 0 0 1 0 0 0 0;
 INPUT ---        0 0 0 0 0 0 0 1 1 0 0 0;
 INPUT ---        0 0 0 0 0 0 0 1 1 0 0 0;
 INPUT ---        0 0 0 0 0 0 0 1 1 0 0 0;
 INPUT ---        0 0 0 0 0 0 0 1 1 0 0 0;
 INPUT ---        0 0 0 0 0 0 0 1 1 0 0 0;
 INPUT ---        0 0 0 0 0 0 0 1 1 0 0 0;
 INPUT ---        0 0 0 0 0 0 0 1 1 0 0 0;
 INPUT ---        0 0 0 0 0 0 0 1 1 0 0 0;
 INPUT ---        0 0 0 0 0 0 0 1 1 0 0 0;
 INPUT ---        0 0 0 0 0 0 0 1 1 0 0 0;
 INPUT ---        0 0 0 0 0 0 0 1 1 0 0 0;
 INPUT ---        0 0 0 0 0 0 0 1 1 0 0 0;
 INPUT ---        0 0 0 0 0 0 0 1 0 1 0 0;
 INPUT ---        0 0 0 0 0 0 0 1 0 1 0 0;
 INPUT ---        0 0 0 0 0 0 0 1 0 1 0 0;
 INPUT ---        0 0 0 0 0 0 0 1 0 1 0 0;
 INPUT ---        0 0 0 0 0 0 0 1 0 1 0 0;
 INPUT ---        0 0 0 0 0 0 0 1 0 1 0 0;
 INPUT ---        0 0 0 0 0 0 0 1 0 1 0 0;
 INPUT ---        0 0 0 0 0 0 0 1 0 1 0 0;
 INPUT ---        0 0 0 0 0 0 0 1 0 1 0 0;
 INPUT ---        0 0 0 0 0 0 0 1 0 1 0 0;
 INPUT ---        0 0 0 0 0 0 0 1 0 1 0 0;
 INPUT ---        0 0 0 0 0 0 0 1 0 1 0 0;
 INPUT ---        0 0 0 0 0 0 0 1 0 0 1 0;

Program  MARK  - Survival Rate Estimation with Capture-Recapture Data
 gfortran(dble/PIM2) Vers. 11.2 Nov 2025   7-Jan-2026 23:09:05    Page  005
 - - - - - - - - - - - - - - - - - - - - - - - - - - - - - - - - - - - - - -
 
 INPUT ---        0 0 0 0 0 0 0 1 0 0 1 0;
 INPUT ---        0 0 0 0 0 0 0 1 0 0 1 0;
 INPUT ---        0 0 0 0 0 0 0 1 0 0 1 0;
 INPUT ---        0 0 0 0 0 0 0 1 0 0 1 0;
 INPUT ---        0 0 0 0 0 0 0 1 0 0 1 0;
 INPUT ---        0 0 0 0 0 0 0 1 0 0 1 0;
 INPUT ---        0 0 0 0 0 0 0 1 0 0 1 0;
 INPUT ---        0 0 0 0 0 0 0 1 0 0 1 0;
 INPUT ---        0 0 0 0 0 0 0 1 0 0 1 0;
 INPUT ---        0 0 0 0 0 0 0 1 0 0 1 0;
 INPUT ---        0 0 0 0 0 0 0 1 0 0 1 0;
 INPUT ---        0 0 0 0 0 0 0 1 0 0 0 1;
 INPUT ---        0 0 0 0 0 0 0 1 0 0 0 1;
 INPUT ---        0 0 0 0 0 0 0 1 0 0 0 1;
 INPUT ---        0 0 0 0 0 0 0 1 0 0 0 1;
 INPUT ---        0 0 0 0 0 0 0 1 0 0 0 1;
 INPUT ---        0 0 0 0 0 0 0 1 0 0 0 1;
 INPUT ---        0 0 0 0 0 0 0 1 0 0 0 1;
 INPUT ---        0 0 0 0 0 0 0 1 0 0 0 1;
 INPUT ---        0 0 0 0 0 0 0 1 0 0 0 1;
 INPUT ---        0 0 0 0 0 0 0 1 0 0 0 1;
 INPUT ---        0 0 0 0 0 0 0 1 0 0 0 1;
 INPUT ---        0 0 0 0 0 0 0 1 0 0 0 1;
 INPUT ---    links=66;
 INPUT ---       Logit;
 INPUT ---       Logit;
 INPUT ---       Logit;
 INPUT ---       Logit;
 INPUT ---       Logit;
 INPUT ---       Logit;
 INPUT ---       mlogit(1);
 INPUT ---       mlogit(2);
 INPUT ---       mlogit(3);
 INPUT ---       mlogit(1);
 INPUT ---       mlogit(2);
 INPUT ---       mlogit(3);
 INPUT ---       mlogit(1);
 INPUT ---       mlogit(2);
 INPUT ---       mlogit(3);
 INPUT ---       mlogit(1);
 INPUT ---       mlogit(2);
 INPUT ---       mlogit(3);
 INPUT ---       mlogit(4);
 INPUT ---       mlogit(5);
 INPUT ---       mlogit(6);
 INPUT ---       mlogit(4);

Program  MARK  - Survival Rate Estimation with Capture-Recapture Data
 gfortran(dble/PIM2) Vers. 11.2 Nov 2025   7-Jan-2026 23:09:06    Page  006
 - - - - - - - - - - - - - - - - - - - - - - - - - - - - - - - - - - - - - -
 
 INPUT ---       mlogit(5);
 INPUT ---       mlogit(6);
 INPUT ---       mlogit(4);
 INPUT ---       mlogit(5);
 INPUT ---       mlogit(6);
 INPUT ---       mlogit(4);
 INPUT ---       mlogit(5);
 INPUT ---       mlogit(6);
 INPUT ---       mlogit(7);
 INPUT ---       mlogit(8);
 INPUT ---       mlogit(9);
 INPUT ---       mlogit(7);
 INPUT ---       mlogit(8);
 INPUT ---       mlogit(9);
 INPUT ---       mlogit(7);
 INPUT ---       mlogit(8);
 INPUT ---       mlogit(9);
 INPUT ---       mlogit(7);
 INPUT ---       mlogit(8);
 INPUT ---       mlogit(9);
 INPUT ---       mlogit(10);
 INPUT ---       mlogit(11);
 INPUT ---       mlogit(12);
 INPUT ---       mlogit(10);
 INPUT ---       mlogit(11);
 INPUT ---       mlogit(12);
 INPUT ---       mlogit(10);
 INPUT ---       mlogit(11);
 INPUT ---       mlogit(12);
 INPUT ---       mlogit(10);
 INPUT ---       mlogit(11);
 INPUT ---       mlogit(12);
 INPUT ---       mlogit(13);
 INPUT ---       mlogit(14);
 INPUT ---       mlogit(15);
 INPUT ---       mlogit(13);
 INPUT ---       mlogit(14);
 INPUT ---       mlogit(15);
 INPUT ---       mlogit(13);
 INPUT ---       mlogit(14);
 INPUT ---       mlogit(15);
 INPUT ---       mlogit(13);
 INPUT ---       mlogit(14);
 INPUT ---       mlogit(15);
 INPUT ---       blabel(1)=S:(Intercept);
 INPUT ---       blabel(2)=p:(Intercept);

Program  MARK  - Survival Rate Estimation with Capture-Recapture Data
 gfortran(dble/PIM2) Vers. 11.2 Nov 2025   7-Jan-2026 23:09:06    Page  007
 - - - - - - - - - - - - - - - - - - - - - - - - - - - - - - - - - - - - - -
 
 INPUT ---       blabel(3)=p:stratumB;
 INPUT ---       blabel(4)=p:stratumC;
 INPUT ---       blabel(5)=p:stratumD;
 INPUT ---       blabel(6)=p:stratumE;
 INPUT ---       blabel(7)=p:recov_c;
 INPUT ---       blabel(8)=Psi:(Intercept);
 INPUT ---       blabel(9)=Psi:stratumB;
 INPUT ---       blabel(10)=Psi:stratumC;
 INPUT ---       blabel(11)=Psi:stratumD;
 INPUT ---       blabel(12)=Psi:stratumE;
 INPUT ---       rlabel(1)=S sA g1 c1 a0 o1 t1;
 INPUT ---       rlabel(2)=p sA g1 c1 a1 o1 t2;
 INPUT ---       rlabel(3)=p sB g1 c1 a1 o1 t2;
 INPUT ---       rlabel(4)=p sC g1 c1 a1 o1 t2;
 INPUT ---       rlabel(5)=p sD g1 c1 a1 o1 t2;
 INPUT ---       rlabel(6)=p sE g1 c1 a1 o1 t2;
 INPUT ---       rlabel(7)=Psi sA toB g1 c1 a0 o1 t1;
 INPUT ---       rlabel(8)=Psi sA toB g1 c1 a1 o2 t2;
 INPUT ---       rlabel(9)=Psi sA toB g1 c2 a0 o2 t2;
 INPUT ---       rlabel(10)=Psi sA toC g1 c1 a0 o1 t1;
 INPUT ---       rlabel(11)=Psi sA toC g1 c1 a1 o2 t2;
 INPUT ---       rlabel(12)=Psi sA toC g1 c2 a0 o2 t2;
 INPUT ---       rlabel(13)=Psi sA toD g1 c1 a0 o1 t1;
 INPUT ---       rlabel(14)=Psi sA toD g1 c1 a1 o2 t2;
 INPUT ---       rlabel(15)=Psi sA toD g1 c2 a0 o2 t2;
 INPUT ---       rlabel(16)=Psi sA toE g1 c1 a0 o1 t1;
 INPUT ---       rlabel(17)=Psi sA toE g1 c1 a1 o2 t2;
 INPUT ---       rlabel(18)=Psi sA toE g1 c2 a0 o2 t2;
 INPUT ---       rlabel(19)=Psi sB toA g1 c1 a0 o1 t1;
 INPUT ---       rlabel(20)=Psi sB toA g1 c1 a1 o2 t2;
 INPUT ---       rlabel(21)=Psi sB toA g1 c2 a0 o2 t2;
 INPUT ---       rlabel(22)=Psi sB toC g1 c1 a0 o1 t1;
 INPUT ---       rlabel(23)=Psi sB toC g1 c1 a1 o2 t2;
 INPUT ---       rlabel(24)=Psi sB toC g1 c2 a0 o2 t2;
 INPUT ---       rlabel(25)=Psi sB toD g1 c1 a0 o1 t1;
 INPUT ---       rlabel(26)=Psi sB toD g1 c1 a1 o2 t2;
 INPUT ---       rlabel(27)=Psi sB toD g1 c2 a0 o2 t2;
 INPUT ---       rlabel(28)=Psi sB toE g1 c1 a0 o1 t1;
 INPUT ---       rlabel(29)=Psi sB toE g1 c1 a1 o2 t2;
 INPUT ---       rlabel(30)=Psi sB toE g1 c2 a0 o2 t2;
 INPUT ---       rlabel(31)=Psi sC toA g1 c1 a0 o1 t1;
 INPUT ---       rlabel(32)=Psi sC toA g1 c1 a1 o2 t2;
 INPUT ---       rlabel(33)=Psi sC toA g1 c2 a0 o2 t2;
 INPUT ---       rlabel(34)=Psi sC toB g1 c1 a0 o1 t1;
 INPUT ---       rlabel(35)=Psi sC toB g1 c1 a1 o2 t2;
 INPUT ---       rlabel(36)=Psi sC toB g1 c2 a0 o2 t2;

Program  MARK  - Survival Rate Estimation with Capture-Recapture Data
 gfortran(dble/PIM2) Vers. 11.2 Nov 2025   7-Jan-2026 23:09:06    Page  008
 - - - - - - - - - - - - - - - - - - - - - - - - - - - - - - - - - - - - - -
 
 INPUT ---       rlabel(37)=Psi sC toD g1 c1 a0 o1 t1;
 INPUT ---       rlabel(38)=Psi sC toD g1 c1 a1 o2 t2;
 INPUT ---       rlabel(39)=Psi sC toD g1 c2 a0 o2 t2;
 INPUT ---       rlabel(40)=Psi sC toE g1 c1 a0 o1 t1;
 INPUT ---       rlabel(41)=Psi sC toE g1 c1 a1 o2 t2;
 INPUT ---       rlabel(42)=Psi sC toE g1 c2 a0 o2 t2;
 INPUT ---       rlabel(43)=Psi sD toA g1 c1 a0 o1 t1;
 INPUT ---       rlabel(44)=Psi sD toA g1 c1 a1 o2 t2;
 INPUT ---       rlabel(45)=Psi sD toA g1 c2 a0 o2 t2;
 INPUT ---       rlabel(46)=Psi sD toB g1 c1 a0 o1 t1;
 INPUT ---       rlabel(47)=Psi sD toB g1 c1 a1 o2 t2;
 INPUT ---       rlabel(48)=Psi sD toB g1 c2 a0 o2 t2;
 INPUT ---       rlabel(49)=Psi sD toC g1 c1 a0 o1 t1;
 INPUT ---       rlabel(50)=Psi sD toC g1 c1 a1 o2 t2;
 INPUT ---       rlabel(51)=Psi sD toC g1 c2 a0 o2 t2;
 INPUT ---       rlabel(52)=Psi sD toE g1 c1 a0 o1 t1;
 INPUT ---       rlabel(53)=Psi sD toE g1 c1 a1 o2 t2;
 INPUT ---       rlabel(54)=Psi sD toE g1 c2 a0 o2 t2;
 INPUT ---       rlabel(55)=Psi sE toA g1 c1 a0 o1 t1;
 INPUT ---       rlabel(56)=Psi sE toA g1 c1 a1 o2 t2;
 INPUT ---       rlabel(57)=Psi sE toA g1 c2 a0 o2 t2;
 INPUT ---       rlabel(58)=Psi sE toB g1 c1 a0 o1 t1;
 INPUT ---       rlabel(59)=Psi sE toB g1 c1 a1 o2 t2;
 INPUT ---       rlabel(60)=Psi sE toB g1 c2 a0 o2 t2;
 INPUT ---       rlabel(61)=Psi sE toC g1 c1 a0 o1 t1;
 INPUT ---       rlabel(62)=Psi sE toC g1 c1 a1 o2 t2;
 INPUT ---       rlabel(63)=Psi sE toC g1 c2 a0 o2 t2;
 INPUT ---       rlabel(64)=Psi sE toD g1 c1 a0 o1 t1;
 INPUT ---       rlabel(65)=Psi sE toD g1 c1 a1 o2 t2;
 INPUT ---       rlabel(66)=Psi sE toD g1 c2 a0 o2 t2;
   Model is { S(~1)p(~stratum + recov_c)Psi(~stratum) }

 Link Function Used is PARM-SPECIFIC

 Variance Estimation Procedure Used is 2ndPart 
 -2logL(saturated) = 0.0000000     
 Effective Sample Size = 41954

 Number of function evaluations was 60 for 12 parameters.
 For numerical optimization, CPU Time was 3.438 secs and System Time was 3.047 secs.
 -2logL { S(~1)p(~stratum + recov_c)Psi(~stratum) } = 113592.48     
 Penalty { S(~1)p(~stratum + recov_c)Psi(~stratum) } = 0.0000000     
 Gradient { S(~1)p(~stratum + recov_c)Psi(~stratum) }:
   0.0000      6.15195E-03  5.43609E-03 -2.12661E-03  3.34655E-04
 -3.07026E-04  1.48628E-02  2.56948E-03  3.06385E-03  2.01776E-03
   0.0000       0.0000    
 Maximum ABS(G) { S(~1)p(~stratum + recov_c)Psi(~stratum) } =  1.48628E-02
 To compute VC matrix, CPU Time was 1.047 secs and System Time was 0.969 secs.

Program  MARK  - Survival Rate Estimation with Capture-Recapture Data
 gfortran(dble/PIM2) Vers. 11.2 Nov 2025   7-Jan-2026 23:09:10    Page  009
 - - - - - - - - - - - - - - - - - - - - - - - - - - - - - - - - - - - - - -
 
 S Vector { S(~1)p(~stratum + recov_c)Psi(~stratum) }:
   9029.854      6786.264      1409.226      1214.836      671.6028    
   492.8850      431.9454      377.6135      14.07927     0.2071133E-04
  0.1448457E-07 0.1282090E-07
 To invert VC matrix, CPU Time was 0.001 secs and System Time was 0.001 secs.
 Ratio Threshold = 50.00 Max Gap (9/10) = 6.7979E+5 Next Max Gap (10/11) = 1430.
 Gap Method for Num. of Estimated Parameters { S(~1)p(~stratum + recov_c)Psi(~stratum) } = 9          
 Threshold { S(~1)p(~stratum + recov_c)Psi(~stratum) } = 0.0297256               
 Numerical Threshold Method for Num. of Estimated Parameters { S(~1)p(~stratum + recov_c)Psi(~stratum) } = 9          
 Number of Estimated Parameters { S(~1)p(~stratum + recov_c)Psi(~stratum) } = 9          
 DEVIANCE { S(~1)p(~stratum + recov_c)Psi(~stratum) } = 113592.48               
 DEVIANCE Degrees of Freedom { S(~1)p(~stratum + recov_c)Psi(~stratum) } = 310          
 c-hat { S(~1)p(~stratum + recov_c)Psi(~stratum) } = 366.42734               
 AIC { S(~1)p(~stratum + recov_c)Psi(~stratum) } = 113610.48               
 AICc { S(~1)p(~stratum + recov_c)Psi(~stratum) } = 113610.48               
 BIC { S(~1)p(~stratum + recov_c)Psi(~stratum) } = 113688.28               
 Pearson Chisquare { S(~1)p(~stratum + recov_c)Psi(~stratum) } = 974897.63               
 Possible Encounter Histories { S(~1)p(~stratum + recov_c)Psi(~stratum) } = 126          
 Pearson Chisquare df { S(~1)p(~stratum + recov_c)Psi(~stratum) } = 111          
 Pearson chat { S(~1)p(~stratum + recov_c)Psi(~stratum) } = 8782.8615               
 Sum(Observed/Expected) { S(~1)p(~stratum + recov_c)Psi(~stratum) } = 10698.678               
 s-bar { S(~1)p(~stratum + recov_c)Psi(~stratum) } = 88.105648               
 Fletcher chat { S(~1)p(~stratum + recov_c)Psi(~stratum) } = 98.566833               


  PARM-SPECIFIC Link Function Parameters of { S(~1)p(~stratum + recov_c)Psi(~stratum) }
                                                              95% Confidence Interval
    Parameter                  Beta         Standard Error     Lower           Upper
 -------------------------  --------------  --------------  --------------  --------------
    1:S:(Intercept)          18.822359       219.73338      -411.85507       449.49978    
    2:p:(Intercept)          1.5398469       0.1046264       1.3347791       1.7449147    
    3:p:stratumB             0.6167972       0.1130728       0.3951745       0.8384200    
    4:p:stratumC            -1.2960541       0.1430683      -1.5764680      -1.0156403    
    5:p:stratumD            -1.9181210       0.1232383      -2.1596680      -1.6765740    
    6:p:stratumE            -2.1807119       0.1231875      -2.4221593      -1.9392644    
    7:p:recov_c             -0.0725410       0.0119473      -0.0959578      -0.0491242    
    8:Psi:(Intercept)       -0.9003099       0.0295104      -0.9581502      -0.8424696    
    9:Psi:stratumB          -1.8686292       0.0364999      -1.9401690      -1.7970895    
   10:Psi:stratumC           0.9359329       0.0534616       0.8311481       1.0407178    
   11:Psi:stratumD          -73.956044       0.0000000      -73.956044      -73.956044    
   12:Psi:stratumE          -78.670977       0.0000000      -78.670977      -78.670977    

Program  MARK  - Survival Rate Estimation with Capture-Recapture Data
 gfortran(dble/PIM2) Vers. 11.2 Nov 2025   7-Jan-2026 23:09:10    Page  010
 - - - - - - - - - - - - - - - - - - - - - - - - - - - - - - - - - - - - - -
 
         Real Function Parameters of { S(~1)p(~stratum + recov_c)Psi(~stratum) }

      Following estimates based on unstandardized individual covariate values:
          Variable                 Value        
          ----------------------  ------------- 
          RECOV_C                 -0.5960714E-09
                                                               95% Confidence Interval
     Parameter                Estimate       Standard Error     Lower           Upper
 --------------------------  --------------  --------------  --------------  --------------
     1:S sA g1 c1 a0 o1 t1    1.0000000       0.1486631E-05   0.9999971       1.0000029       
     2:p sA g1 c1 a1 o1 t2    0.8234425       0.0152111       0.7916301       0.8513103       
     3:p sB g1 c1 a1 o1 t2    0.8962880       0.0030624       0.8901304       0.9021385       
     4:p sC g1 c1 a1 o1 t2    0.5606481       0.0140306       0.5329897       0.5879349       
     5:p sD g1 c1 a1 o1 t2    0.4065432       0.0102749       0.3865718       0.4268285       
     6:p sE g1 c1 a1 o1 t2    0.3450510       0.0095912       0.3265020       0.3640842       
     7:Psi sA toB g1 c1 a0    0.1547900       0.0017396       0.1514109       0.1582305       
     8:Psi sA toB g1 c1 a1    0.1547900       0.0017396       0.1514109       0.1582305       
     9:Psi sA toB g1 c2 a0    0.1547900       0.0017396       0.1514109       0.1582305       
    10:Psi sA toC g1 c1 a0    0.1547900       0.0017396       0.1514109       0.1582305       
    11:Psi sA toC g1 c1 a1    0.1547900       0.0017396       0.1514109       0.1582305       
    12:Psi sA toC g1 c2 a0    0.1547900       0.0017396       0.1514109       0.1582305       
    13:Psi sA toD g1 c1 a0    0.1547900       0.0017396       0.1514109       0.1582305       
    14:Psi sA toD g1 c1 a1    0.1547900       0.0017396       0.1514109       0.1582305       
    15:Psi sA toD g1 c2 a0    0.1547900       0.0017396       0.1514109       0.1582305       
    16:Psi sA toE g1 c1 a0    0.1547900       0.0017396       0.1514109       0.1582305       
    17:Psi sA toE g1 c1 a1    0.1547900       0.0017396       0.1514109       0.1582305       
    18:Psi sA toE g1 c2 a0    0.1547900       0.0017396       0.1514109       0.1582305       
    19:Psi sB toA g1 c1 a0    0.0501461       0.8190849E-03   0.0485649       0.0517761       
    20:Psi sB toA g1 c1 a1    0.0501461       0.8190849E-03   0.0485649       0.0517761       
    21:Psi sB toA g1 c2 a0    0.0501461       0.8190849E-03   0.0485649       0.0517761       
    22:Psi sB toC g1 c1 a0    0.0501461       0.8190849E-03   0.0485649       0.0517761       
    23:Psi sB toC g1 c1 a1    0.0501461       0.8190849E-03   0.0485649       0.0517761       
    24:Psi sB toC g1 c2 a0    0.0501461       0.8190849E-03   0.0485649       0.0517761       
    25:Psi sB toD g1 c1 a0    0.0501461       0.8190849E-03   0.0485649       0.0517761       
    26:Psi sB toD g1 c1 a1    0.0501461       0.8190849E-03   0.0485649       0.0517761       
    27:Psi sB toD g1 c2 a0    0.0501461       0.8190849E-03   0.0485649       0.0517761       
    28:Psi sB toE g1 c1 a0    0.0501461       0.8190849E-03   0.0485649       0.0517761       
    29:Psi sB toE g1 c1 a1    0.0501461       0.8190849E-03   0.0485649       0.0517761       
    30:Psi sB toE g1 c2 a0    0.0501461       0.8190849E-03   0.0485649       0.0517761       
    31:Psi sC toA g1 c1 a0    0.2014097       0.0018046       0.1978960       0.2049699       
    32:Psi sC toA g1 c1 a1    0.2014097       0.0018046       0.1978960       0.2049699       
    33:Psi sC toA g1 c2 a0    0.2014097       0.0018046       0.1978960       0.2049699       
    34:Psi sC toB g1 c1 a0    0.2014097       0.0018046       0.1978960       0.2049699       
    35:Psi sC toB g1 c1 a1    0.2014097       0.0018046       0.1978960       0.2049699       
    36:Psi sC toB g1 c2 a0    0.2014097       0.0018046       0.1978960       0.2049699       

Program  MARK  - Survival Rate Estimation with Capture-Recapture Data
 gfortran(dble/PIM2) Vers. 11.2 Nov 2025   7-Jan-2026 23:09:10    Page  011
 - - - - - - - - - - - - - - - - - - - - - - - - - - - - - - - - - - - - - -
 
    37:Psi sC toD g1 c1 a0    0.2014097       0.0018046       0.1978960       0.2049699       
    38:Psi sC toD g1 c1 a1    0.2014097       0.0018046       0.1978960       0.2049699       
    39:Psi sC toD g1 c2 a0    0.2014097       0.0018046       0.1978960       0.2049699       
    40:Psi sC toE g1 c1 a0    0.2014097       0.0018046       0.1978960       0.2049699       
    41:Psi sC toE g1 c1 a1    0.2014097       0.0018046       0.1978960       0.2049699       
    42:Psi sC toE g1 c2 a0    0.2014097       0.0018046       0.1978960       0.2049699       
    43:Psi sD toA g1 c1 a0    0.3092421E-32   0.0000000       0.3092421E-32   0.3092421E-32   
    44:Psi sD toA g1 c1 a1    0.3092421E-32   0.0000000       0.3092421E-32   0.3092421E-32   
    45:Psi sD toA g1 c2 a0    0.3092421E-32   0.0000000       0.3092421E-32   0.3092421E-32   
    46:Psi sD toB g1 c1 a0    0.3092421E-32   0.0000000       0.3092421E-32   0.3092421E-32   
    47:Psi sD toB g1 c1 a1    0.3092421E-32   0.0000000       0.3092421E-32   0.3092421E-32   
    48:Psi sD toB g1 c2 a0    0.3092421E-32   0.0000000       0.3092421E-32   0.3092421E-32   
    49:Psi sD toC g1 c1 a0    0.3092421E-32   0.0000000       0.3092421E-32   0.3092421E-32   
    50:Psi sD toC g1 c1 a1    0.3092421E-32   0.0000000       0.3092421E-32   0.3092421E-32   
    51:Psi sD toC g1 c2 a0    0.3092421E-32   0.0000000       0.3092421E-32   0.3092421E-32   
    52:Psi sD toE g1 c1 a0    0.3092421E-32   0.0000000       0.3092421E-32   0.3092421E-32   
    53:Psi sD toE g1 c1 a1    0.3092421E-32   0.0000000       0.3092421E-32   0.3092421E-32   
    54:Psi sD toE g1 c2 a0    0.3092421E-32   0.0000000       0.3092421E-32   0.3092421E-32   
    55:Psi sE toA g1 c1 a0    0.2770952E-34   0.0000000       0.2770952E-34   0.2770952E-34   
    56:Psi sE toA g1 c1 a1    0.2770952E-34   0.0000000       0.2770952E-34   0.2770952E-34   
    57:Psi sE toA g1 c2 a0    0.2770952E-34   0.0000000       0.2770952E-34   0.2770952E-34   
    58:Psi sE toB g1 c1 a0    0.2770952E-34   0.0000000       0.2770952E-34   0.2770952E-34   
    59:Psi sE toB g1 c1 a1    0.2770952E-34   0.0000000       0.2770952E-34   0.2770952E-34   
    60:Psi sE toB g1 c2 a0    0.2770952E-34   0.0000000       0.2770952E-34   0.2770952E-34   
    61:Psi sE toC g1 c1 a0    0.2770952E-34   0.0000000       0.2770952E-34   0.2770952E-34   
    62:Psi sE toC g1 c1 a1    0.2770952E-34   0.0000000       0.2770952E-34   0.2770952E-34   
    63:Psi sE toC g1 c2 a0    0.2770952E-34   0.0000000       0.2770952E-34   0.2770952E-34   
    64:Psi sE toD g1 c1 a0    0.2770952E-34   0.0000000       0.2770952E-34   0.2770952E-34   
    65:Psi sE toD g1 c1 a1    0.2770952E-34   0.0000000       0.2770952E-34   0.2770952E-34   
    66:Psi sE toD g1 c2 a0    0.2770952E-34   0.0000000       0.2770952E-34   0.2770952E-34   

 To compute parameter estimates, CPU Time was 0.016 secs and System Time was 0.016 secs.

 Attempted ordering of parameters by estimatibility:
   8  2  9  7  3  6 10  5  4  1 11 12
 Beta number 12 is a singular value.

 For procedure estimate CPU Time was 4.547 secs and System Time was 5.250 secs.

Program  MARK  - Survival Rate Estimation with Capture-Recapture Data
 gfortran(dble/PIM2) Vers. 11.2 Nov 2025   7-Jan-2026 23:09:10    Page  012
 - - - - - - - - - - - - - - - - - - - - - - - - - - - - - - - - - - - - - -
 


 INPUT --- proc stop;

 For this job, CPU Time in mins was 0.078 and System Time in mins was 0.091.

     Time Start = 23:09:05.237   Time End = 23:09:10.695

 Wall Clock Time in mins for this job was 0.088.

 Maximum of 25 words used.


          E X E C U T I O N   S U C C E S S F U L
