
 Program  MARK  - Survival Rate Estimation with Capture-Recapture Data
 gfortran(dble/PIM2) Vers. 11.2 Nov 2025   6-Jan-2026 21:55:41    Page  001
  
 - - - - - - - - - - - - - - - - - - - - - - - - - - - - - - - - - - - - - -
 
 Welcome to MARK Vuillemot on machine LORDI-1NRUQJIEA in subdirectory
   "C:\Users\Vuillemot\Desktop\cypripedium\Elian_cypripedium" running file "mark019.inp".
 This version was compiled by GCC version 15.2.0 using the options: 
  -cpp -iprefix C:/tdm-gcc-64/mingw64-15-2/bin/../lib/gcc/
  x86_64-w64-mingw32/15.2.0/ -D_MT -D_REENTRANT -U_REENTRANT -D
  dbleprecision -m64 -march=x86-64 -mtune=generic -mthreads -O3 -std=f2023
  -fimplicit-none -ffpe-summary=invalid,zero,overflow,underflow
  -funroll-loops -fno-unsafe-math-optimizations -frounding-math
  -fsignaling-nans -fprefetch-loop-arrays -fall-intrinsics -fopenmp

 This problem will use 3 of 4 possible threads.
 Static thread allocation is used.
 INPUT --- proc title ;

 For procedure title CPU Time was 0.001 secs and System Time was 0.001 secs.
 INPUT --- proc chmatrix occasions= 3 groups= 4 etype= Live Nodes= 101 
 INPUT --- ICMeans NoHist hist= 23 ;
 INPUT ---    time interval 1 1 ;
 INPUT ---    glabel(1)=siteCombe Michaut;
 INPUT ---    glabel(2)=siteTete Cendree Haut;
 INPUT ---    glabel(3)=siteVal Clavin;
 INPUT ---    glabel(4)=siteVigne au Renard;

   * *  WARNING  * *   At least a pair of the encounter histories are duplicates. 

      Number of unique encounter histories read was 7.

      Number of individual covariates read was 0.
      Time interval lengths are all equal to 1.

      Data type number is 1
      Data type is Live Recaptures (CJS)

 For procedure chmatrix CPU Time was 0.001 secs and System Time was 0.001 secs.

Program  MARK  - Survival Rate Estimation with Capture-Recapture Data
 gfortran(dble/PIM2) Vers. 11.2 Nov 2025   6-Jan-2026 21:55:41    Page  002
 - - - - - - - - - - - - - - - - - - - - - - - - - - - - - - - - - - - - - -
 


 INPUT --- proc estimate link=Logit NOLOOP varest=2ndPart    ;
 INPUT --- model={ Phi(~time)p(~1) };
 INPUT ---    group=1 Phi    rows=2 cols=2 Triang ;
 INPUT ---        1 2 ;
 INPUT ---        2 ;
 INPUT ---    group=2 Phi    rows=2 cols=2 Triang ;
 INPUT ---        1 2 ;
 INPUT ---        2 ;
 INPUT ---    group=3 Phi    rows=2 cols=2 Triang ;
 INPUT ---        1 2 ;
 INPUT ---        2 ;
 INPUT ---    group=4 Phi    rows=2 cols=2 Triang ;
 INPUT ---        1 2 ;
 INPUT ---        2 ;
 INPUT ---    group=1 p    rows=2 cols=2 Triang ;
 INPUT ---        3 3 ;
 INPUT ---        3 ;
 INPUT ---    group=2 p    rows=2 cols=2 Triang ;
 INPUT ---        3 3 ;
 INPUT ---        3 ;
 INPUT ---    group=3 p    rows=2 cols=2 Triang ;
 INPUT ---        3 3 ;
 INPUT ---        3 ;
 INPUT ---    group=4 p    rows=2 cols=2 Triang ;
 INPUT ---        3 3 ;
 INPUT ---        3 ;
 INPUT ---    design matrix constraints=3 covariates=3;
 INPUT ---        1 0 0;
 INPUT ---        1 1 0;
 INPUT ---        0 0 1;
 INPUT ---       blabel(1)=Phi:(Intercept);
 INPUT ---       blabel(2)=Phi:time2;
 INPUT ---       blabel(3)=p:(Intercept);
 INPUT ---       rlabel(1)=Phi gCombe Michaut c1 a0 t1;
 INPUT ---       rlabel(2)=Phi gCombe Michaut c1 a1 t2;
 INPUT ---       rlabel(3)=p gCombe Michaut c1 a1 t2;
   Model is { Phi(~time)p(~1) }

 Link Function Used is LOGIT        

 Variance Estimation Procedure Used is 2ndPart 
 -2logL(saturated) = 333.05712     
 Effective Sample Size = 662

 Number of function evaluations was 23 for 3 parameters.
 For numerical optimization, CPU Time was 0.001 secs and System Time was 0.828 secs.
 -2logL { Phi(~time)p(~1) } = 363.07005     
 Penalty { Phi(~time)p(~1) } = 0.0000000     

Program  MARK  - Survival Rate Estimation with Capture-Recapture Data
 gfortran(dble/PIM2) Vers. 11.2 Nov 2025   6-Jan-2026 21:55:41    Page  003
 - - - - - - - - - - - - - - - - - - - - - - - - - - - - - - - - - - - - - -
 
 Gradient { Phi(~time)p(~1) }:
  8.56690E-07  1.79253E-06   0.0000    
 Maximum ABS(G) { Phi(~time)p(~1) } =  1.79253E-06
 To compute VC matrix, CPU Time was 0.001 secs and System Time was 0.001 secs.
 S Vector { Phi(~time)p(~1) }:
   55.01004      4.118902      3.743019    
 To invert VC matrix, CPU Time was 0.001 secs and System Time was 0.001 secs.
 Ratio Threshold = 50.00 Max Gap (1/2) = 13.36 Next Max Gap (1/2) = 13.36
 Gap Method for Num. of Estimated Parameters { Phi(~time)p(~1) } = 3          
 Threshold { Phi(~time)p(~1) } = 0.3585052E-05           
 Numerical Threshold Method for Num. of Estimated Parameters { Phi(~time)p(~1) } = 3          
 Number of Estimated Parameters { Phi(~time)p(~1) } = 3          
 DEVIANCE { Phi(~time)p(~1) } = 30.012924               
 DEVIANCE Degrees of Freedom { Phi(~time)p(~1) } = 9          
 c-hat { Phi(~time)p(~1) } = 3.3347693               
 AIC { Phi(~time)p(~1) } = 369.07005               
 AICc { Phi(~time)p(~1) } = 369.10652               
 BIC { Phi(~time)p(~1) } = 382.55584               
 Pearson Chisquare { Phi(~time)p(~1) } = 31.870462               
 Possible Encounter Histories { Phi(~time)p(~1) } = 24          
 Pearson Chisquare df { Phi(~time)p(~1) } = 13          
 Pearson chat { Phi(~time)p(~1) } = 2.4515740               
 Sum(Observed/Expected) { Phi(~time)p(~1) } = 26.622479               
 s-bar { Phi(~time)p(~1) } = 0.1639049               
 Fletcher chat { Phi(~time)p(~1) } = 2.1063352               


                  LOGIT Link Function Parameters of { Phi(~time)p(~1) }
                                                              95% Confidence Interval
    Parameter                  Beta         Standard Error     Lower           Upper
 -------------------------  --------------  --------------  --------------  --------------
    1:Phi:(Intercept)        3.4528349       0.3378411       2.7906664       4.1150034    
    2:Phi:time2             -1.1281129       0.4003705      -1.9128391      -0.3433867    
    3:p:(Intercept)          4.1992241       0.5036790       3.2120132       5.1864351    

Program  MARK  - Survival Rate Estimation with Capture-Recapture Data
 gfortran(dble/PIM2) Vers. 11.2 Nov 2025   6-Jan-2026 21:55:42    Page  004
 - - - - - - - - - - - - - - - - - - - - - - - - - - - - - - - - - - - - - -
 
                     Real Function Parameters of { Phi(~time)p(~1) }
                                                               95% Confidence Interval
     Parameter                Estimate       Standard Error     Lower           Upper
 --------------------------  --------------  --------------  --------------  --------------
     1:Phi gCombe Michaut c   0.9693156       0.0100484       0.9421694       0.9839364       
     2:Phi gCombe Michaut c   0.9109039       0.0175554       0.8699765       0.9398395       
     3:p gCombe Michaut c1    0.9852147       0.0073370       0.9612839       0.9944392       

 To compute parameter estimates, CPU Time was 0.001 secs and System Time was 0.062 secs.

 For procedure estimate CPU Time was 0.001 secs and System Time was 0.922 secs.
 INPUT --- proc stop;

 For this job, CPU Time in mins was 0.002 and System Time in mins was 0.017.

     Time Start = 21:55:41.051   Time End = 21:55:42.083

 Wall Clock Time in mins for this job was 0.016.

 Maximum of 19 words used.


          E X E C U T I O N   S U C C E S S F U L
