
   Program  MARK  - Survival Rate Estimation with Capture-Recapture Data
   gfortran(dble/PIM2) Vers. 10.1 March 2023  18-Jan-2026 16:39:59    Page  001
    
 - - - - - - - - - - - - - - - - - - - - - - - - - - - - - - - - - - - - - -
 
   Welcome to MARK galad on machine LAPTOP-0G3JH30A in subdirectory 
   "C:\Users\galad\Documents\R\scriptes\projet_biodiv_data\cypripedium\Elian_cypripedium" running file "mark123.inp".
   This version was compiled by GCC version 12.2.0 using the options: 
     -cpp -iprefix c:\tdm-gcc-64\mingw64\bin\../lib/gcc/x86_64-w64-mingw32/12.2.0/
     -D_MT -D_REENTRANT -U_REENTRANT -D ieee -D dbleprecision -m64 -mtune=generic
     -march=x86-64 -mthreads -O3 -std=f2018 -fsignaling-nans
     -ffpe-summary=invalid,zero,overflow,underflow -funroll-loops -ffast-math
     -fall-intrinsics -fopenmp.

   This problem will use 7 of 8 possible threads.
   Static thread allocation is used.
   Schedule kind is omp_sched_dynamic with chunk size 1


  INPUT --- proc title ;

   For procedure title CPU Time was 0.001 seconds and System Time was 0.001 seconds.


  INPUT --- proc chmatrix occasions= 3 groups= 1 etype= Multistrata 
  INPUT --- Nodes= 101 strata=5 ICMeans  NoHist hist= 31 ;

  INPUT ---    time interval 1 1 ;

  INPUT ---     strata=1 2 3 4 5;

  INPUT ---    glabel(1)=Group 1;

      Number of unique encounter histories read was 31.

      Number of individual covariates read was 0.
      Time interval lengths are all equal to 1.

      Data type number is 9
      Data type is Multi-state with Live Recaptures

   For procedure chmatrix CPU Time was 0.001 seconds and System Time was 0.001 seconds.

  Program  MARK  - Survival Rate Estimation with Capture-Recapture Data
   gfortran(dble/PIM2) Vers. 10.1 March 2023  18-Jan-2026 16:39:59    Page  002
 - - - - - - - - - - - - - - - - - - - - - - - - - - - - - - - - - - - - - -
 


  INPUT --- proc estimate link=Parm-Specific NOLOOP varest=2ndPart    ;


  INPUT --- model={ S(~stratum)p(~1)Psi(~stratum:tostratum) };

  INPUT ---    fixed=2;
  INPUT ---        parm(6)=1 ;
  INPUT ---        parm(7)=0 ;

  INPUT ---    group=1 S 1:Stratum1   rows=2 cols=2 Triang ;
  INPUT ---        1 1 ;
  INPUT ---        1 ;

  INPUT ---    group=1 S 2:Stratum2   rows=2 cols=2 Triang ;
  INPUT ---        2 2 ;
  INPUT ---        2 ;

  INPUT ---    group=1 S 3:Stratum3   rows=2 cols=2 Triang ;
  INPUT ---        3 3 ;
  INPUT ---        3 ;

  INPUT ---    group=1 S 4:Stratum4   rows=2 cols=2 Triang ;
  INPUT ---        4 4 ;
  INPUT ---        4 ;

  INPUT ---    group=1 S 5:Stratum5   rows=2 cols=2 Triang ;
  INPUT ---        5 5 ;
  INPUT ---        5 ;

  INPUT ---    group=1 p 1:Stratum1   rows=2 cols=2 Triang ;
  INPUT ---        6 6 ;
  INPUT ---        6 ;

  INPUT ---    group=1 p 2:Stratum2   rows=2 cols=2 Triang ;
  INPUT ---        6 6 ;
  INPUT ---        6 ;

  INPUT ---    group=1 p 3:Stratum3   rows=2 cols=2 Triang ;
  INPUT ---        6 6 ;
  INPUT ---        6 ;

  INPUT ---    group=1 p 4:Stratum4   rows=2 cols=2 Triang ;
  INPUT ---        6 6 ;
  INPUT ---        6 ;

  Program  MARK  - Survival Rate Estimation with Capture-Recapture Data
   gfortran(dble/PIM2) Vers. 10.1 March 2023  18-Jan-2026 16:39:59    Page  003
 - - - - - - - - - - - - - - - - - - - - - - - - - - - - - - - - - - - - - -
 

  INPUT ---    group=1 p 5:Stratum5   rows=2 cols=2 Triang ;
  INPUT ---        6 6 ;
  INPUT ---        6 ;

  INPUT ---    group=1 Psi 1 to 2   rows=2 cols=2 Triang ;
  INPUT ---        8 9 ;
  INPUT ---        10 ;

  INPUT ---    group=1 Psi 1 to 3   rows=2 cols=2 Triang ;
  INPUT ---        11 12 ;
  INPUT ---        13 ;

  INPUT ---    group=1 Psi 1 to 4   rows=2 cols=2 Triang ;
  INPUT ---        14 15 ;
  INPUT ---        16 ;

  INPUT ---    group=1 Psi 1 to 5   rows=2 cols=2 Triang ;
  INPUT ---        17 18 ;
  INPUT ---        19 ;

  INPUT ---    group=1 Psi 2 to 1   rows=2 cols=2 Triang ;
  INPUT ---        7 7 ;
  INPUT ---        7 ;

  INPUT ---    group=1 Psi 2 to 3   rows=2 cols=2 Triang ;
  INPUT ---        20 21 ;
  INPUT ---        22 ;

  INPUT ---    group=1 Psi 2 to 4   rows=2 cols=2 Triang ;
  INPUT ---        23 24 ;
  INPUT ---        25 ;

  INPUT ---    group=1 Psi 2 to 5   rows=2 cols=2 Triang ;
  INPUT ---        26 27 ;
  INPUT ---        28 ;

  INPUT ---    group=1 Psi 3 to 1   rows=2 cols=2 Triang ;
  INPUT ---        7 7 ;
  INPUT ---        7 ;

  INPUT ---    group=1 Psi 3 to 2   rows=2 cols=2 Triang ;
  INPUT ---        7 7 ;
  INPUT ---        7 ;

  INPUT ---    group=1 Psi 3 to 4   rows=2 cols=2 Triang ;

  Program  MARK  - Survival Rate Estimation with Capture-Recapture Data
   gfortran(dble/PIM2) Vers. 10.1 March 2023  18-Jan-2026 16:39:59    Page  004
 - - - - - - - - - - - - - - - - - - - - - - - - - - - - - - - - - - - - - -
 
  INPUT ---        29 30 ;
  INPUT ---        31 ;

  INPUT ---    group=1 Psi 3 to 5   rows=2 cols=2 Triang ;
  INPUT ---        32 33 ;
  INPUT ---        34 ;

  INPUT ---    group=1 Psi 4 to 1   rows=2 cols=2 Triang ;
  INPUT ---        7 7 ;
  INPUT ---        7 ;

  INPUT ---    group=1 Psi 4 to 2   rows=2 cols=2 Triang ;
  INPUT ---        7 7 ;
  INPUT ---        7 ;

  INPUT ---    group=1 Psi 4 to 3   rows=2 cols=2 Triang ;
  INPUT ---        7 7 ;
  INPUT ---        7 ;

  INPUT ---    group=1 Psi 4 to 5   rows=2 cols=2 Triang ;
  INPUT ---        35 36 ;
  INPUT ---        37 ;

  INPUT ---    group=1 Psi 5 to 1   rows=2 cols=2 Triang ;
  INPUT ---        7 7 ;
  INPUT ---        7 ;

  INPUT ---    group=1 Psi 5 to 2   rows=2 cols=2 Triang ;
  INPUT ---        7 7 ;
  INPUT ---        7 ;

  INPUT ---    group=1 Psi 5 to 3   rows=2 cols=2 Triang ;
  INPUT ---        7 7 ;
  INPUT ---        7 ;

  INPUT ---    group=1 Psi 5 to 4   rows=2 cols=2 Triang ;
  INPUT ---        7 7 ;
  INPUT ---        7 ;

  INPUT ---    design matrix constraints=37 covariates=16;
  INPUT ---        1 0 0 0 0 0 0 0 0 0 0 0 0 0 0 0;
  INPUT ---        1 1 0 0 0 0 0 0 0 0 0 0 0 0 0 0;
  INPUT ---        1 0 1 0 0 0 0 0 0 0 0 0 0 0 0 0;
  INPUT ---        1 0 0 1 0 0 0 0 0 0 0 0 0 0 0 0;
  INPUT ---        1 0 0 0 1 0 0 0 0 0 0 0 0 0 0 0;
  INPUT ---        0 0 0 0 0 0 0 0 0 0 0 0 0 0 0 0;

  Program  MARK  - Survival Rate Estimation with Capture-Recapture Data
   gfortran(dble/PIM2) Vers. 10.1 March 2023  18-Jan-2026 16:40:00    Page  005
 - - - - - - - - - - - - - - - - - - - - - - - - - - - - - - - - - - - - - -
 
  INPUT ---        0 0 0 0 0 0 0 0 0 0 0 0 0 0 0 0;
  INPUT ---        0 0 0 0 0 1 1 0 0 0 0 0 0 0 0 0;
  INPUT ---        0 0 0 0 0 1 1 0 0 0 0 0 0 0 0 0;
  INPUT ---        0 0 0 0 0 1 1 0 0 0 0 0 0 0 0 0;
  INPUT ---        0 0 0 0 0 1 0 1 0 0 0 0 0 0 0 0;
  INPUT ---        0 0 0 0 0 1 0 1 0 0 0 0 0 0 0 0;
  INPUT ---        0 0 0 0 0 1 0 1 0 0 0 0 0 0 0 0;
  INPUT ---        0 0 0 0 0 1 0 0 0 1 0 0 0 0 0 0;
  INPUT ---        0 0 0 0 0 1 0 0 0 1 0 0 0 0 0 0;
  INPUT ---        0 0 0 0 0 1 0 0 0 1 0 0 0 0 0 0;
  INPUT ---        0 0 0 0 0 1 0 0 0 0 0 0 1 0 0 0;
  INPUT ---        0 0 0 0 0 1 0 0 0 0 0 0 1 0 0 0;
  INPUT ---        0 0 0 0 0 1 0 0 0 0 0 0 1 0 0 0;
  INPUT ---        0 0 0 0 0 1 0 0 1 0 0 0 0 0 0 0;
  INPUT ---        0 0 0 0 0 1 0 0 1 0 0 0 0 0 0 0;
  INPUT ---        0 0 0 0 0 1 0 0 1 0 0 0 0 0 0 0;
  INPUT ---        0 0 0 0 0 1 0 0 0 0 1 0 0 0 0 0;
  INPUT ---        0 0 0 0 0 1 0 0 0 0 1 0 0 0 0 0;
  INPUT ---        0 0 0 0 0 1 0 0 0 0 1 0 0 0 0 0;
  INPUT ---        0 0 0 0 0 1 0 0 0 0 0 0 0 1 0 0;
  INPUT ---        0 0 0 0 0 1 0 0 0 0 0 0 0 1 0 0;
  INPUT ---        0 0 0 0 0 1 0 0 0 0 0 0 0 1 0 0;
  INPUT ---        0 0 0 0 0 1 0 0 0 0 0 1 0 0 0 0;
  INPUT ---        0 0 0 0 0 1 0 0 0 0 0 1 0 0 0 0;
  INPUT ---        0 0 0 0 0 1 0 0 0 0 0 1 0 0 0 0;
  INPUT ---        0 0 0 0 0 1 0 0 0 0 0 0 0 0 1 0;
  INPUT ---        0 0 0 0 0 1 0 0 0 0 0 0 0 0 1 0;
  INPUT ---        0 0 0 0 0 1 0 0 0 0 0 0 0 0 1 0;
  INPUT ---        0 0 0 0 0 1 0 0 0 0 0 0 0 0 0 1;
  INPUT ---        0 0 0 0 0 1 0 0 0 0 0 0 0 0 0 1;
  INPUT ---        0 0 0 0 0 1 0 0 0 0 0 0 0 0 0 1;

  INPUT ---    links=37;

  INPUT ---    Logit;

  INPUT ---    Logit;

  INPUT ---    Logit;

  INPUT ---    Logit;

  INPUT ---    Logit;

  INPUT ---    Logit;


  Program  MARK  - Survival Rate Estimation with Capture-Recapture Data
   gfortran(dble/PIM2) Vers. 10.1 March 2023  18-Jan-2026 16:40:00    Page  006
 - - - - - - - - - - - - - - - - - - - - - - - - - - - - - - - - - - - - - -
 
  INPUT ---    Logit;

  INPUT ---    mlogit(1);

  INPUT ---    mlogit(2);

  INPUT ---    mlogit(3);

  INPUT ---    mlogit(1);

  INPUT ---    mlogit(2);

  INPUT ---    mlogit(3);

  INPUT ---    mlogit(1);

  INPUT ---    mlogit(2);

  INPUT ---    mlogit(3);

  INPUT ---    mlogit(1);

  INPUT ---    mlogit(2);

  INPUT ---    mlogit(3);

  INPUT ---    mlogit(4);

  INPUT ---    mlogit(5);

  INPUT ---    mlogit(6);

  INPUT ---    mlogit(4);

  INPUT ---    mlogit(5);

  INPUT ---    mlogit(6);

  INPUT ---    mlogit(4);

  INPUT ---    mlogit(5);

  INPUT ---    mlogit(6);

  INPUT ---    mlogit(7);


  Program  MARK  - Survival Rate Estimation with Capture-Recapture Data
   gfortran(dble/PIM2) Vers. 10.1 March 2023  18-Jan-2026 16:40:00    Page  007
 - - - - - - - - - - - - - - - - - - - - - - - - - - - - - - - - - - - - - -
 
  INPUT ---    mlogit(8);

  INPUT ---    mlogit(9);

  INPUT ---    mlogit(7);

  INPUT ---    mlogit(8);

  INPUT ---    mlogit(9);

  INPUT ---    mlogit(10);

  INPUT ---    mlogit(11);

  INPUT ---    mlogit(12);
  INPUT ---       blabel(1)=S:(Intercept);
  INPUT ---       blabel(2)=S:stratum2;
  INPUT ---       blabel(3)=S:stratum3;
  INPUT ---       blabel(4)=S:stratum4;
  INPUT ---       blabel(5)=S:stratum5;
  INPUT ---       blabel(6)=Psi:(Intercept);
  INPUT ---       blabel(7)=Psi:stratum1:tostratum2;
  INPUT ---       blabel(8)=Psi:stratum1:tostratum3;
  INPUT ---       blabel(9)=Psi:stratum2:tostratum3;
  INPUT ---       blabel(10)=Psi:stratum1:tostratum4;
  INPUT ---       blabel(11)=Psi:stratum2:tostratum4;
  INPUT ---       blabel(12)=Psi:stratum3:tostratum4;
  INPUT ---       blabel(13)=Psi:stratum1:tostratum5;
  INPUT ---       blabel(14)=Psi:stratum2:tostratum5;
  INPUT ---       blabel(15)=Psi:stratum3:tostratum5;
  INPUT ---       blabel(16)=Psi:stratum4:tostratum5;
  INPUT ---       rlabel(1)=S s1 g1 c1 a0 o1 t1;
  INPUT ---       rlabel(2)=S s2 g1 c1 a0 o1 t1;
  INPUT ---       rlabel(3)=S s3 g1 c1 a0 o1 t1;
  INPUT ---       rlabel(4)=S s4 g1 c1 a0 o1 t1;
  INPUT ---       rlabel(5)=S s5 g1 c1 a0 o1 t1;
  INPUT ---       rlabel(6)=p s1 g1 c1 a1 o1 t2;
  INPUT ---       rlabel(7)=Psi s2 to1 g1 c1 a0 o1 t1;
  INPUT ---       rlabel(8)=Psi s1 to2 g1 c1 a0 o1 t1;
  INPUT ---       rlabel(9)=Psi s1 to2 g1 c1 a1 o2 t2;
  INPUT ---       rlabel(10)=Psi s1 to2 g1 c2 a0 o2 t2;
  INPUT ---       rlabel(11)=Psi s1 to3 g1 c1 a0 o1 t1;
  INPUT ---       rlabel(12)=Psi s1 to3 g1 c1 a1 o2 t2;
  INPUT ---       rlabel(13)=Psi s1 to3 g1 c2 a0 o2 t2;
  INPUT ---       rlabel(14)=Psi s1 to4 g1 c1 a0 o1 t1;
  INPUT ---       rlabel(15)=Psi s1 to4 g1 c1 a1 o2 t2;

  Program  MARK  - Survival Rate Estimation with Capture-Recapture Data
   gfortran(dble/PIM2) Vers. 10.1 March 2023  18-Jan-2026 16:40:00    Page  008
 - - - - - - - - - - - - - - - - - - - - - - - - - - - - - - - - - - - - - -
 
  INPUT ---       rlabel(16)=Psi s1 to4 g1 c2 a0 o2 t2;
  INPUT ---       rlabel(17)=Psi s1 to5 g1 c1 a0 o1 t1;
  INPUT ---       rlabel(18)=Psi s1 to5 g1 c1 a1 o2 t2;
  INPUT ---       rlabel(19)=Psi s1 to5 g1 c2 a0 o2 t2;
  INPUT ---       rlabel(20)=Psi s2 to3 g1 c1 a0 o1 t1;
  INPUT ---       rlabel(21)=Psi s2 to3 g1 c1 a1 o2 t2;
  INPUT ---       rlabel(22)=Psi s2 to3 g1 c2 a0 o2 t2;
  INPUT ---       rlabel(23)=Psi s2 to4 g1 c1 a0 o1 t1;
  INPUT ---       rlabel(24)=Psi s2 to4 g1 c1 a1 o2 t2;
  INPUT ---       rlabel(25)=Psi s2 to4 g1 c2 a0 o2 t2;
  INPUT ---       rlabel(26)=Psi s2 to5 g1 c1 a0 o1 t1;
  INPUT ---       rlabel(27)=Psi s2 to5 g1 c1 a1 o2 t2;
  INPUT ---       rlabel(28)=Psi s2 to5 g1 c2 a0 o2 t2;
  INPUT ---       rlabel(29)=Psi s3 to4 g1 c1 a0 o1 t1;
  INPUT ---       rlabel(30)=Psi s3 to4 g1 c1 a1 o2 t2;
  INPUT ---       rlabel(31)=Psi s3 to4 g1 c2 a0 o2 t2;
  INPUT ---       rlabel(32)=Psi s3 to5 g1 c1 a0 o1 t1;
  INPUT ---       rlabel(33)=Psi s3 to5 g1 c1 a1 o2 t2;
  INPUT ---       rlabel(34)=Psi s3 to5 g1 c2 a0 o2 t2;
  INPUT ---       rlabel(35)=Psi s4 to5 g1 c1 a0 o1 t1;
  INPUT ---       rlabel(36)=Psi s4 to5 g1 c1 a1 o2 t2;
  INPUT ---       rlabel(37)=Psi s4 to5 g1 c2 a0 o2 t2;
   Model is { S(~stratum)p(~1)Psi(~stratum:tostratum) }

 Link Function Used is PARM-SPECIFIC

 Variance Estimation Procedure Used is 2ndPart 
 -2logL(saturated) = 917.92556     
 Effective Sample Size = 765

 Number of function evaluations was 61 for 16 parameters.
 For numerical optimization, CPU Time was 0.469 seconds and System Time was 0.312 seconds.
 -2logL { S(~stratum)p(~1)Psi(~stratum:tostratum) } = 30666.775     
 Penalty { S(~stratum)p(~1)Psi(~stratum:tostratum) } = 0.0000000     
 Gradient { S(~stratum)p(~1)Psi(~stratum:tostratum) }:
 -0.12650141E-01 -0.63198834E-02 -0.18002905E-04 -0.59684121E-04   0.0000000    
 -0.45172342E-03  0.46837022E-03 -0.81787445E-03  0.12243427E-02  0.12892966E-03
 -0.18938796E-02 -0.80075989E-03  0.18937650E-04  0.72011966E-03   0.0000000    
   0.0000000    
 Maximum ABS(G) { S(~stratum)p(~1)Psi(~stratum:tostratum) } = 0.0126501     
 To compute VC matrix, CPU Time was 0.312 seconds and System Time was 0.172 seconds.
 S Vector { S(~stratum)p(~1)Psi(~stratum:tostratum) }:
   154.2575      28.95368      17.88362      16.48857      11.26341    
   5.770980      3.935245      3.494484      1.730107      1.096211    
  0.4307245E-04 0.1945422E-04 0.1625191E-04 0.3844373E-05 0.1352530E-07
  0.3079665E-16
 To invert VC matrix, CPU Time was 0.001 seconds and System Time was 0.001 seconds.
 Ratio Threshold = 50.000000       Max Gap (15/16) = 0.4391810E+09   Next Max Gap (10/11) = 25450.397     
 Gap Method for Num. of Estimated Parameters { S(~stratum)p(~1)Psi(~stratum:tostratum) } = 10          
 Threshold { S(~stratum)p(~1)Psi(~stratum:tostratum) } = 0.0253003               
 Numerical Threshold Method for Num. of Estimated Parameters { S(~stratum)p(~1)Psi(~stratum:tostratum) } = 10          
 Number of Estimated Parameters { S(~stratum)p(~1)Psi(~stratum:tostratum) } = 10          
 DEVIANCE { S(~stratum)p(~1)Psi(~stratum:tostratum) } = 29748.850               
 DEVIANCE Degrees of Freedom { S(~stratum)p(~1)Psi(~stratum:tostratum) } = 16          
 c-hat { S(~stratum)p(~1)Psi(~stratum:tostratum) } = 1859.3031               
 AIC { S(~stratum)p(~1)Psi(~stratum:tostratum) } = 30686.775               
 AICc { S(~stratum)p(~1)Psi(~stratum:tostratum) } = 30687.067               
 BIC { S(~stratum)p(~1)Psi(~stratum:tostratum) } = 30733.174               
 Pearson Chisquare { S(~stratum)p(~1)Psi(~stratum:tostratum) } = 187.17219               
 Possible Encounter Histories { S(~stratum)p(~1)Psi(~stratum:tostratum) } = 120          
 Pearson Chisquare df { S(~stratum)p(~1)Psi(~stratum:tostratum) } = 105          
 Pearson chat { S(~stratum)p(~1)Psi(~stratum:tostratum) } = 1.7825923               
 Sum(Observed/Expected) { S(~stratum)p(~1)Psi(~stratum:tostratum) } = 59.345379               
 s-bar { S(~stratum)p(~1)Psi(~stratum:tostratum) } = -0.5274315              
 Fletcher chat { S(~stratum)p(~1)Psi(~stratum:tostratum) } = 3.7721351               

  Program  MARK  - Survival Rate Estimation with Capture-Recapture Data
   gfortran(dble/PIM2) Vers. 10.1 March 2023  18-Jan-2026 16:40:01    Page  009
 - - - - - - - - - - - - - - - - - - - - - - - - - - - - - - - - - - - - - -
 


  PARM-SPECIFIC Link Function Parameters of { S(~stratum)p(~1)Psi(~stratum:tostratum) }
                                                              95% Confidence Interval
    Parameter                  Beta         Standard Error     Lower           Upper
 -------------------------  --------------  --------------  --------------  --------------
    1:S:(Intercept)          4.3266453       0.5031135       3.3405429       5.3127477    
    2:S:stratum2            -0.5065918       0.6171071      -1.7161217       0.7029381    
    3:S:stratum3             12.561179       8596.5151      -16836.609       16861.731    
    4:S:stratum4             7.1810915       226.72171      -437.19346       451.55565    
    5:S:stratum5             0.0000000       0.0000000       0.0000000       0.0000000    
    6:Psi:(Intercept)       -4.4046484       1.0661991      -6.4943986      -2.3148982    
    7:Psi:stratum1:tostrat   3.6913009       1.0686348       1.5967766       5.7858251    
    8:Psi:stratum1:tostrat   0.4925312       1.1754827      -1.8114150       2.7964774    
    9:Psi:stratum2:tostrat   1.5922711       1.0907748      -0.5456475       3.7301897    
   10:Psi:stratum1:tostrat  -0.8935955       0.3624866      -1.6040692      -0.1831219    
   11:Psi:stratum2:tostrat   0.6758342       1.1246453      -1.5284707       2.8801391    
   12:Psi:stratum3:tostrat   5.0977237       1.1507751       2.8422044       7.3532429    
   13:Psi:stratum1:tostrat  -11.891812       252.62968      -507.04600       483.26237    
   14:Psi:stratum2:tostrat  -0.0170836       1.1789335      -2.3277934       2.2936262    
   15:Psi:stratum3:tostrat   5.1583725       1.1491757       2.9059881       7.4107570    
   16:Psi:stratum4:tostrat  -8.3770452       519.73823      -1027.0640       1010.3099    


         Real Function Parameters of { S(~stratum)p(~1)Psi(~stratum:tostratum) }
                                                               95% Confidence Interval
     Parameter                Estimate       Standard Error     Lower           Upper
 --------------------------  --------------  --------------  --------------  --------------
     1:S s1 g1 c1 a0 o1 t1    0.9869605       0.0064748       0.9657938       0.9950958       
     2:S s2 g1 c1 a0 o1 t1    0.9785438       0.0075026       0.9576967       0.9892330       
     3:S s3 g1 c1 a0 o1 t1    1.0000000       0.3967292E-03  0.1201085E-300   1.0000000       
     4:S s4 g1 c1 a0 o1 t1    0.9999899       0.0022785      0.1123094E-187   1.0000000       
     5:S s5 g1 c1 a0 o1 t1    0.9869605       0.0000000       0.9869605       0.9869605       
     6:p s1 g1 c1 a1 o1 t2    1.0000000       0.0000000       1.0000000       1.0000000      Fixed
     7:Psi s2 to1 g1 c1 a0    0.0000000       0.0000000       0.0000000       0.0000000      Fixed
     8:Psi s1 to2 g1 c1 a0    0.3234332       0.0268736       0.2731409       0.3781677       
     9:Psi s1 to2 g1 c1 a1    0.3234332       0.0268736       0.2731409       0.3781677       
    10:Psi s1 to2 g1 c2 a0    0.3234332       0.0268736       0.2731409       0.3781677       
    11:Psi s1 to3 g1 c1 a0    0.0132001       0.0065566       0.0049628       0.0346339       
    12:Psi s1 to3 g1 c1 a1    0.0132001       0.0065566       0.0049628       0.0346339       
    13:Psi s1 to3 g1 c2 a0    0.0132001       0.0065566       0.0049628       0.0346339       
    14:Psi s1 to4 g1 c1 a0    0.0033006       0.0032956       0.4645941E-03   0.0230488       
    15:Psi s1 to4 g1 c1 a1    0.0033006       0.0032956       0.4645942E-03   0.0230488       
    16:Psi s1 to4 g1 c2 a0    0.0033006       0.0032956       0.4645942E-03   0.0230488       
    17:Psi s1 to5 g1 c1 a0    0.5522357E-07   0.1395096E-04  0.5031980E-222   1.0000000       
    18:Psi s1 to5 g1 c1 a1    0.5522357E-07   0.1395096E-04  0.5031980E-222   1.0000000       

  Program  MARK  - Survival Rate Estimation with Capture-Recapture Data
   gfortran(dble/PIM2) Vers. 10.1 March 2023  18-Jan-2026 16:40:01    Page  010
 - - - - - - - - - - - - - - - - - - - - - - - - - - - - - - - - - - - - - -
 
    19:Psi s1 to5 g1 c2 a0    0.5522357E-07   0.1395096E-04  0.5031980E-222   1.0000000       
    20:Psi s2 to3 g1 c1 a0    0.0547963       0.0119122       0.0356204       0.0834025       
    21:Psi s2 to3 g1 c1 a1    0.0547963       0.0119122       0.0356204       0.0834025       
    22:Psi s2 to3 g1 c2 a0    0.0547963       0.0119122       0.0356204       0.0834025       
    23:Psi s2 to4 g1 c1 a0    0.0219153       0.0076633       0.0109963       0.0432029       
    24:Psi s2 to4 g1 c1 a1    0.0219153       0.0076633       0.0109963       0.0432029       
    25:Psi s2 to4 g1 c2 a0    0.0219153       0.0076633       0.0109963       0.0432029       
    26:Psi s2 to5 g1 c1 a0    0.0109602       0.0054498       0.0041197       0.0288300       
    27:Psi s2 to5 g1 c1 a1    0.0109602       0.0054498       0.0041197       0.0288300       
    28:Psi s2 to5 g1 c2 a0    0.0109602       0.0054498       0.0041197       0.0288300       
    29:Psi s3 to4 g1 c1 a0    0.3902345       0.0761820       0.2546743       0.5451721       
    30:Psi s3 to4 g1 c1 a1    0.3902345       0.0761820       0.2546743       0.5451721       
    31:Psi s3 to4 g1 c2 a0    0.3902345       0.0761820       0.2546743       0.5451721       
    32:Psi s3 to5 g1 c1 a0    0.4146342       0.0769404       0.2756457       0.5686839       
    33:Psi s3 to5 g1 c1 a1    0.4146342       0.0769404       0.2756457       0.5686839       
    34:Psi s3 to5 g1 c2 a0    0.4146342       0.0769404       0.2756457       0.5686839       
    35:Psi s4 to5 g1 c1 a0    0.2811770E-05   0.0014614      0.1564103E-313   1.0000000       
    36:Psi s4 to5 g1 c1 a1    0.2811770E-05   0.0014614      0.1564103E-313   1.0000000       
    37:Psi s4 to5 g1 c2 a0    0.2811770E-05   0.0014614      0.1564103E-313   1.0000000       

 To compute parameter estimates, CPU Time was 0.016 seconds and System Time was 0.016 seconds.

 Attempted ordering of parameters by estimatibility:
   6  7  1 15  9 11 12  8  2 10 14  4 13 16  3  5
 Beta number 5 is a singular value.

   For procedure estimate CPU Time was 1.000 seconds and System Time was 2.079 seconds.

  Program  MARK  - Survival Rate Estimation with Capture-Recapture Data
   gfortran(dble/PIM2) Vers. 10.1 March 2023  18-Jan-2026 16:40:01    Page  011
 - - - - - - - - - - - - - - - - - - - - - - - - - - - - - - - - - - - - - -
 


  INPUT --- proc stop;

     For this job, CPU Time in minutes was 0.017 and System Time in minutes was 0.035.

     Time Start = 16:39:59.372   Time End = 16:40:01.495

     Wall Clock Time in minutes for this job was 0.035.

     Maximum of 22 words used of 4096 words allocated.


          E X E C U T I O N   S U C C E S S F U L 
