
   Program  MARK  - Survival Rate Estimation with Capture-Recapture Data
   gfortran(dble/PIM2) Vers. 10.1 March 2023   8-Jan-2026 17:02:57    Page  001
    
 - - - - - - - - - - - - - - - - - - - - - - - - - - - - - - - - - - - - - -
 
   Welcome to MARK galad on machine LAPTOP-0G3JH30A in subdirectory 
   "C:\Users\galad\Documents\R\scriptes\projet_biodiv_data\cypripedium\Elian_cypripedium" running file "mark079.inp".
   This version was compiled by GCC version 12.2.0 using the options: 
     -cpp -iprefix c:\tdm-gcc-64\mingw64\bin\../lib/gcc/x86_64-w64-mingw32/12.2.0/
     -D_MT -D_REENTRANT -U_REENTRANT -D ieee -D dbleprecision -m64 -mtune=generic
     -march=x86-64 -mthreads -O3 -std=f2018 -fsignaling-nans
     -ffpe-summary=invalid,zero,overflow,underflow -funroll-loops -ffast-math
     -fall-intrinsics -fopenmp.

   This problem will use 7 of 8 possible threads.
   Static thread allocation is used.
   Schedule kind is omp_sched_dynamic with chunk size 1


  INPUT --- proc title ;

   For procedure title CPU Time was 0.001 seconds and System Time was 0.001 seconds.


  INPUT --- proc chmatrix occasions= 3 groups= 1 etype= Multistrata 
  INPUT --- Nodes= 101 strata=5 ICMeans  NoHist hist= 62 ;

  INPUT ---    time interval 1 1 ;

  INPUT ---     strata=A B C D E;

  INPUT ---    glabel(1)=Group 1;

      Number of unique encounter histories read was 62.

      Number of individual covariates read was 0.
      Time interval lengths are all equal to 1.

      Data type number is 9
      Data type is Multi-state with Live Recaptures

   For procedure chmatrix CPU Time was 0.016 seconds and System Time was 0.016 seconds.

  Program  MARK  - Survival Rate Estimation with Capture-Recapture Data
   gfortran(dble/PIM2) Vers. 10.1 March 2023   8-Jan-2026 17:02:57    Page  002
 - - - - - - - - - - - - - - - - - - - - - - - - - - - - - - - - - - - - - -
 


  INPUT --- proc estimate link=Parm-Specific NOLOOP varest=2ndPart    ;


  INPUT --- model={ S(~1)p(~1)Psi(~stratum) };

  INPUT ---    group=1 S A:StratumA   rows=2 cols=2 Triang ;
  INPUT ---        1 1 ;
  INPUT ---        1 ;

  INPUT ---    group=1 S B:StratumB   rows=2 cols=2 Triang ;
  INPUT ---        1 1 ;
  INPUT ---        1 ;

  INPUT ---    group=1 S C:StratumC   rows=2 cols=2 Triang ;
  INPUT ---        1 1 ;
  INPUT ---        1 ;

  INPUT ---    group=1 S D:StratumD   rows=2 cols=2 Triang ;
  INPUT ---        1 1 ;
  INPUT ---        1 ;

  INPUT ---    group=1 S E:StratumE   rows=2 cols=2 Triang ;
  INPUT ---        1 1 ;
  INPUT ---        1 ;

  INPUT ---    group=1 p A:StratumA   rows=2 cols=2 Triang ;
  INPUT ---        2 2 ;
  INPUT ---        2 ;

  INPUT ---    group=1 p B:StratumB   rows=2 cols=2 Triang ;
  INPUT ---        2 2 ;
  INPUT ---        2 ;

  INPUT ---    group=1 p C:StratumC   rows=2 cols=2 Triang ;
  INPUT ---        2 2 ;
  INPUT ---        2 ;

  INPUT ---    group=1 p D:StratumD   rows=2 cols=2 Triang ;
  INPUT ---        2 2 ;
  INPUT ---        2 ;

  INPUT ---    group=1 p E:StratumE   rows=2 cols=2 Triang ;
  INPUT ---        2 2 ;
  INPUT ---        2 ;

  Program  MARK  - Survival Rate Estimation with Capture-Recapture Data
   gfortran(dble/PIM2) Vers. 10.1 March 2023   8-Jan-2026 17:02:57    Page  003
 - - - - - - - - - - - - - - - - - - - - - - - - - - - - - - - - - - - - - -
 

  INPUT ---    group=1 Psi A to B   rows=2 cols=2 Triang ;
  INPUT ---        3 4 ;
  INPUT ---        5 ;

  INPUT ---    group=1 Psi A to C   rows=2 cols=2 Triang ;
  INPUT ---        6 7 ;
  INPUT ---        8 ;

  INPUT ---    group=1 Psi A to D   rows=2 cols=2 Triang ;
  INPUT ---        9 10 ;
  INPUT ---        11 ;

  INPUT ---    group=1 Psi A to E   rows=2 cols=2 Triang ;
  INPUT ---        12 13 ;
  INPUT ---        14 ;

  INPUT ---    group=1 Psi B to A   rows=2 cols=2 Triang ;
  INPUT ---        15 16 ;
  INPUT ---        17 ;

  INPUT ---    group=1 Psi B to C   rows=2 cols=2 Triang ;
  INPUT ---        18 19 ;
  INPUT ---        20 ;

  INPUT ---    group=1 Psi B to D   rows=2 cols=2 Triang ;
  INPUT ---        21 22 ;
  INPUT ---        23 ;

  INPUT ---    group=1 Psi B to E   rows=2 cols=2 Triang ;
  INPUT ---        24 25 ;
  INPUT ---        26 ;

  INPUT ---    group=1 Psi C to A   rows=2 cols=2 Triang ;
  INPUT ---        27 28 ;
  INPUT ---        29 ;

  INPUT ---    group=1 Psi C to B   rows=2 cols=2 Triang ;
  INPUT ---        30 31 ;
  INPUT ---        32 ;

  INPUT ---    group=1 Psi C to D   rows=2 cols=2 Triang ;
  INPUT ---        33 34 ;
  INPUT ---        35 ;

  INPUT ---    group=1 Psi C to E   rows=2 cols=2 Triang ;

  Program  MARK  - Survival Rate Estimation with Capture-Recapture Data
   gfortran(dble/PIM2) Vers. 10.1 March 2023   8-Jan-2026 17:02:57    Page  004
 - - - - - - - - - - - - - - - - - - - - - - - - - - - - - - - - - - - - - -
 
  INPUT ---        36 37 ;
  INPUT ---        38 ;

  INPUT ---    group=1 Psi D to A   rows=2 cols=2 Triang ;
  INPUT ---        39 40 ;
  INPUT ---        41 ;

  INPUT ---    group=1 Psi D to B   rows=2 cols=2 Triang ;
  INPUT ---        42 43 ;
  INPUT ---        44 ;

  INPUT ---    group=1 Psi D to C   rows=2 cols=2 Triang ;
  INPUT ---        45 46 ;
  INPUT ---        47 ;

  INPUT ---    group=1 Psi D to E   rows=2 cols=2 Triang ;
  INPUT ---        48 49 ;
  INPUT ---        50 ;

  INPUT ---    group=1 Psi E to A   rows=2 cols=2 Triang ;
  INPUT ---        51 52 ;
  INPUT ---        53 ;

  INPUT ---    group=1 Psi E to B   rows=2 cols=2 Triang ;
  INPUT ---        54 55 ;
  INPUT ---        56 ;

  INPUT ---    group=1 Psi E to C   rows=2 cols=2 Triang ;
  INPUT ---        57 58 ;
  INPUT ---        59 ;

  INPUT ---    group=1 Psi E to D   rows=2 cols=2 Triang ;
  INPUT ---        60 61 ;
  INPUT ---        62 ;

  INPUT ---    design matrix constraints=62 covariates=7;
  INPUT ---        1 0 0 0 0 0 0;
  INPUT ---        0 1 0 0 0 0 0;
  INPUT ---        0 0 1 0 0 0 0;
  INPUT ---        0 0 1 0 0 0 0;
  INPUT ---        0 0 1 0 0 0 0;
  INPUT ---        0 0 1 0 0 0 0;
  INPUT ---        0 0 1 0 0 0 0;
  INPUT ---        0 0 1 0 0 0 0;
  INPUT ---        0 0 1 0 0 0 0;
  INPUT ---        0 0 1 0 0 0 0;

  Program  MARK  - Survival Rate Estimation with Capture-Recapture Data
   gfortran(dble/PIM2) Vers. 10.1 March 2023   8-Jan-2026 17:02:58    Page  005
 - - - - - - - - - - - - - - - - - - - - - - - - - - - - - - - - - - - - - -
 
  INPUT ---        0 0 1 0 0 0 0;
  INPUT ---        0 0 1 0 0 0 0;
  INPUT ---        0 0 1 0 0 0 0;
  INPUT ---        0 0 1 0 0 0 0;
  INPUT ---        0 0 1 1 0 0 0;
  INPUT ---        0 0 1 1 0 0 0;
  INPUT ---        0 0 1 1 0 0 0;
  INPUT ---        0 0 1 1 0 0 0;
  INPUT ---        0 0 1 1 0 0 0;
  INPUT ---        0 0 1 1 0 0 0;
  INPUT ---        0 0 1 1 0 0 0;
  INPUT ---        0 0 1 1 0 0 0;
  INPUT ---        0 0 1 1 0 0 0;
  INPUT ---        0 0 1 1 0 0 0;
  INPUT ---        0 0 1 1 0 0 0;
  INPUT ---        0 0 1 1 0 0 0;
  INPUT ---        0 0 1 0 1 0 0;
  INPUT ---        0 0 1 0 1 0 0;
  INPUT ---        0 0 1 0 1 0 0;
  INPUT ---        0 0 1 0 1 0 0;
  INPUT ---        0 0 1 0 1 0 0;
  INPUT ---        0 0 1 0 1 0 0;
  INPUT ---        0 0 1 0 1 0 0;
  INPUT ---        0 0 1 0 1 0 0;
  INPUT ---        0 0 1 0 1 0 0;
  INPUT ---        0 0 1 0 1 0 0;
  INPUT ---        0 0 1 0 1 0 0;
  INPUT ---        0 0 1 0 1 0 0;
  INPUT ---        0 0 1 0 0 1 0;
  INPUT ---        0 0 1 0 0 1 0;
  INPUT ---        0 0 1 0 0 1 0;
  INPUT ---        0 0 1 0 0 1 0;
  INPUT ---        0 0 1 0 0 1 0;
  INPUT ---        0 0 1 0 0 1 0;
  INPUT ---        0 0 1 0 0 1 0;
  INPUT ---        0 0 1 0 0 1 0;
  INPUT ---        0 0 1 0 0 1 0;
  INPUT ---        0 0 1 0 0 1 0;
  INPUT ---        0 0 1 0 0 1 0;
  INPUT ---        0 0 1 0 0 1 0;
  INPUT ---        0 0 1 0 0 0 1;
  INPUT ---        0 0 1 0 0 0 1;
  INPUT ---        0 0 1 0 0 0 1;
  INPUT ---        0 0 1 0 0 0 1;
  INPUT ---        0 0 1 0 0 0 1;
  INPUT ---        0 0 1 0 0 0 1;

  Program  MARK  - Survival Rate Estimation with Capture-Recapture Data
   gfortran(dble/PIM2) Vers. 10.1 March 2023   8-Jan-2026 17:02:59    Page  006
 - - - - - - - - - - - - - - - - - - - - - - - - - - - - - - - - - - - - - -
 
  INPUT ---        0 0 1 0 0 0 1;
  INPUT ---        0 0 1 0 0 0 1;
  INPUT ---        0 0 1 0 0 0 1;
  INPUT ---        0 0 1 0 0 0 1;
  INPUT ---        0 0 1 0 0 0 1;
  INPUT ---        0 0 1 0 0 0 1;

  INPUT ---    links=62;

  INPUT ---    Logit;

  INPUT ---    Logit;

  INPUT ---    mlogit(1);

  INPUT ---    mlogit(2);

  INPUT ---    mlogit(3);

  INPUT ---    mlogit(1);

  INPUT ---    mlogit(2);

  INPUT ---    mlogit(3);

  INPUT ---    mlogit(1);

  INPUT ---    mlogit(2);

  INPUT ---    mlogit(3);

  INPUT ---    mlogit(1);

  INPUT ---    mlogit(2);

  INPUT ---    mlogit(3);

  INPUT ---    mlogit(4);

  INPUT ---    mlogit(5);

  INPUT ---    mlogit(6);

  INPUT ---    mlogit(4);

  INPUT ---    mlogit(5);

  Program  MARK  - Survival Rate Estimation with Capture-Recapture Data
   gfortran(dble/PIM2) Vers. 10.1 March 2023   8-Jan-2026 17:02:59    Page  007
 - - - - - - - - - - - - - - - - - - - - - - - - - - - - - - - - - - - - - -
 

  INPUT ---    mlogit(6);

  INPUT ---    mlogit(4);

  INPUT ---    mlogit(5);

  INPUT ---    mlogit(6);

  INPUT ---    mlogit(4);

  INPUT ---    mlogit(5);

  INPUT ---    mlogit(6);

  INPUT ---    mlogit(7);

  INPUT ---    mlogit(8);

  INPUT ---    mlogit(9);

  INPUT ---    mlogit(7);

  INPUT ---    mlogit(8);

  INPUT ---    mlogit(9);

  INPUT ---    mlogit(7);

  INPUT ---    mlogit(8);

  INPUT ---    mlogit(9);

  INPUT ---    mlogit(7);

  INPUT ---    mlogit(8);

  INPUT ---    mlogit(9);

  INPUT ---    mlogit(10);

  INPUT ---    mlogit(11);

  INPUT ---    mlogit(12);

  INPUT ---    mlogit(10);

  Program  MARK  - Survival Rate Estimation with Capture-Recapture Data
   gfortran(dble/PIM2) Vers. 10.1 March 2023   8-Jan-2026 17:02:59    Page  008
 - - - - - - - - - - - - - - - - - - - - - - - - - - - - - - - - - - - - - -
 

  INPUT ---    mlogit(11);

  INPUT ---    mlogit(12);

  INPUT ---    mlogit(10);

  INPUT ---    mlogit(11);

  INPUT ---    mlogit(12);

  INPUT ---    mlogit(10);

  INPUT ---    mlogit(11);

  INPUT ---    mlogit(12);

  INPUT ---    mlogit(13);

  INPUT ---    mlogit(14);

  INPUT ---    mlogit(15);

  INPUT ---    mlogit(13);

  INPUT ---    mlogit(14);

  INPUT ---    mlogit(15);

  INPUT ---    mlogit(13);

  INPUT ---    mlogit(14);

  INPUT ---    mlogit(15);

  INPUT ---    mlogit(13);

  INPUT ---    mlogit(14);

  INPUT ---    mlogit(15);
  INPUT ---       blabel(1)=S:(Intercept);
  INPUT ---       blabel(2)=p:(Intercept);
  INPUT ---       blabel(3)=Psi:(Intercept);
  INPUT ---       blabel(4)=Psi:stratumB;
  INPUT ---       blabel(5)=Psi:stratumC;
  INPUT ---       blabel(6)=Psi:stratumD;

  Program  MARK  - Survival Rate Estimation with Capture-Recapture Data
   gfortran(dble/PIM2) Vers. 10.1 March 2023   8-Jan-2026 17:02:59    Page  009
 - - - - - - - - - - - - - - - - - - - - - - - - - - - - - - - - - - - - - -
 
  INPUT ---       blabel(7)=Psi:stratumE;
  INPUT ---       rlabel(1)=S sA g1 c1 a0 o1 t1;
  INPUT ---       rlabel(2)=p sA g1 c1 a1 o1 t2;
  INPUT ---       rlabel(3)=Psi sA toB g1 c1 a0 o1 t1;
  INPUT ---       rlabel(4)=Psi sA toB g1 c1 a1 o2 t2;
  INPUT ---       rlabel(5)=Psi sA toB g1 c2 a0 o2 t2;
  INPUT ---       rlabel(6)=Psi sA toC g1 c1 a0 o1 t1;
  INPUT ---       rlabel(7)=Psi sA toC g1 c1 a1 o2 t2;
  INPUT ---       rlabel(8)=Psi sA toC g1 c2 a0 o2 t2;
  INPUT ---       rlabel(9)=Psi sA toD g1 c1 a0 o1 t1;
  INPUT ---       rlabel(10)=Psi sA toD g1 c1 a1 o2 t2;
  INPUT ---       rlabel(11)=Psi sA toD g1 c2 a0 o2 t2;
  INPUT ---       rlabel(12)=Psi sA toE g1 c1 a0 o1 t1;
  INPUT ---       rlabel(13)=Psi sA toE g1 c1 a1 o2 t2;
  INPUT ---       rlabel(14)=Psi sA toE g1 c2 a0 o2 t2;
  INPUT ---       rlabel(15)=Psi sB toA g1 c1 a0 o1 t1;
  INPUT ---       rlabel(16)=Psi sB toA g1 c1 a1 o2 t2;
  INPUT ---       rlabel(17)=Psi sB toA g1 c2 a0 o2 t2;
  INPUT ---       rlabel(18)=Psi sB toC g1 c1 a0 o1 t1;
  INPUT ---       rlabel(19)=Psi sB toC g1 c1 a1 o2 t2;
  INPUT ---       rlabel(20)=Psi sB toC g1 c2 a0 o2 t2;
  INPUT ---       rlabel(21)=Psi sB toD g1 c1 a0 o1 t1;
  INPUT ---       rlabel(22)=Psi sB toD g1 c1 a1 o2 t2;
  INPUT ---       rlabel(23)=Psi sB toD g1 c2 a0 o2 t2;
  INPUT ---       rlabel(24)=Psi sB toE g1 c1 a0 o1 t1;
  INPUT ---       rlabel(25)=Psi sB toE g1 c1 a1 o2 t2;
  INPUT ---       rlabel(26)=Psi sB toE g1 c2 a0 o2 t2;
  INPUT ---       rlabel(27)=Psi sC toA g1 c1 a0 o1 t1;
  INPUT ---       rlabel(28)=Psi sC toA g1 c1 a1 o2 t2;
  INPUT ---       rlabel(29)=Psi sC toA g1 c2 a0 o2 t2;
  INPUT ---       rlabel(30)=Psi sC toB g1 c1 a0 o1 t1;
  INPUT ---       rlabel(31)=Psi sC toB g1 c1 a1 o2 t2;
  INPUT ---       rlabel(32)=Psi sC toB g1 c2 a0 o2 t2;
  INPUT ---       rlabel(33)=Psi sC toD g1 c1 a0 o1 t1;
  INPUT ---       rlabel(34)=Psi sC toD g1 c1 a1 o2 t2;
  INPUT ---       rlabel(35)=Psi sC toD g1 c2 a0 o2 t2;
  INPUT ---       rlabel(36)=Psi sC toE g1 c1 a0 o1 t1;
  INPUT ---       rlabel(37)=Psi sC toE g1 c1 a1 o2 t2;
  INPUT ---       rlabel(38)=Psi sC toE g1 c2 a0 o2 t2;
  INPUT ---       rlabel(39)=Psi sD toA g1 c1 a0 o1 t1;
  INPUT ---       rlabel(40)=Psi sD toA g1 c1 a1 o2 t2;
  INPUT ---       rlabel(41)=Psi sD toA g1 c2 a0 o2 t2;
  INPUT ---       rlabel(42)=Psi sD toB g1 c1 a0 o1 t1;
  INPUT ---       rlabel(43)=Psi sD toB g1 c1 a1 o2 t2;
  INPUT ---       rlabel(44)=Psi sD toB g1 c2 a0 o2 t2;
  INPUT ---       rlabel(45)=Psi sD toC g1 c1 a0 o1 t1;

  Program  MARK  - Survival Rate Estimation with Capture-Recapture Data
   gfortran(dble/PIM2) Vers. 10.1 March 2023   8-Jan-2026 17:02:59    Page  010
 - - - - - - - - - - - - - - - - - - - - - - - - - - - - - - - - - - - - - -
 
  INPUT ---       rlabel(46)=Psi sD toC g1 c1 a1 o2 t2;
  INPUT ---       rlabel(47)=Psi sD toC g1 c2 a0 o2 t2;
  INPUT ---       rlabel(48)=Psi sD toE g1 c1 a0 o1 t1;
  INPUT ---       rlabel(49)=Psi sD toE g1 c1 a1 o2 t2;
  INPUT ---       rlabel(50)=Psi sD toE g1 c2 a0 o2 t2;
  INPUT ---       rlabel(51)=Psi sE toA g1 c1 a0 o1 t1;
  INPUT ---       rlabel(52)=Psi sE toA g1 c1 a1 o2 t2;
  INPUT ---       rlabel(53)=Psi sE toA g1 c2 a0 o2 t2;
  INPUT ---       rlabel(54)=Psi sE toB g1 c1 a0 o1 t1;
  INPUT ---       rlabel(55)=Psi sE toB g1 c1 a1 o2 t2;
  INPUT ---       rlabel(56)=Psi sE toB g1 c2 a0 o2 t2;
  INPUT ---       rlabel(57)=Psi sE toC g1 c1 a0 o1 t1;
  INPUT ---       rlabel(58)=Psi sE toC g1 c1 a1 o2 t2;
  INPUT ---       rlabel(59)=Psi sE toC g1 c2 a0 o2 t2;
  INPUT ---       rlabel(60)=Psi sE toD g1 c1 a0 o1 t1;
  INPUT ---       rlabel(61)=Psi sE toD g1 c1 a1 o2 t2;
  INPUT ---       rlabel(62)=Psi sE toD g1 c2 a0 o2 t2;
   Model is { S(~1)p(~1)Psi(~stratum) }

 Link Function Used is PARM-SPECIFIC

 Variance Estimation Procedure Used is 2ndPart 
 -2logL(saturated) = 5450.0866     
 Effective Sample Size = 2526

 Number of function evaluations was 54 for 7 parameters.
 For numerical optimization, CPU Time was 0.219 seconds and System Time was 0.218 seconds.
 -2logL { S(~1)p(~1)Psi(~stratum) } = 6943.1575     
 Penalty { S(~1)p(~1)Psi(~stratum) } = 0.0000000     
 Gradient { S(~1)p(~1)Psi(~stratum) }:
  0.16482782E-04 -0.23637441E-04   0.0000000     -0.59388597E-04  0.29105107E-04
  0.78535933E-05   0.0000000    
 Maximum ABS(G) { S(~1)p(~1)Psi(~stratum) } = 0.5938860E-04 
 To compute VC matrix, CPU Time was 0.031 seconds and System Time was 0.032 seconds.
 S Vector { S(~1)p(~1)Psi(~stratum) }:
   425.0191      291.9792      71.02741      34.14107      22.29904    
  0.3368492E-05 0.1191925E-05
 To invert VC matrix, CPU Time was 0.001 seconds and System Time was 0.001 seconds.
 Ratio Threshold = 50.000000       Max Gap (5/6) = 6619887.8       Next Max Gap (2/3) = 4.1107957     
 Gap Method for Num. of Estimated Parameters { S(~1)p(~1)Psi(~stratum) } = 5          
 Threshold { S(~1)p(~1)Psi(~stratum) } = 0.1187772E-03           
 Numerical Threshold Method for Num. of Estimated Parameters { S(~1)p(~1)Psi(~stratum) } = 5          
 Number of Estimated Parameters { S(~1)p(~1)Psi(~stratum) } = 5          
 DEVIANCE { S(~1)p(~1)Psi(~stratum) } = 1493.0709               
 DEVIANCE Degrees of Freedom { S(~1)p(~1)Psi(~stratum) } = 51          
 c-hat { S(~1)p(~1)Psi(~stratum) } = 29.275901               
 AIC { S(~1)p(~1)Psi(~stratum) } = 6953.1575               
 AICc { S(~1)p(~1)Psi(~stratum) } = 6953.1813               
 BIC { S(~1)p(~1)Psi(~stratum) } = 6982.3295               
 Pearson Chisquare { S(~1)p(~1)Psi(~stratum) } = 3741.4685               
 Possible Encounter Histories { S(~1)p(~1)Psi(~stratum) } = 126          
 Pearson Chisquare df { S(~1)p(~1)Psi(~stratum) } = 115          
 Pearson chat { S(~1)p(~1)Psi(~stratum) } = 32.534509               
 Sum(Observed/Expected) { S(~1)p(~1)Psi(~stratum) } = 131.64700               
 s-bar { S(~1)p(~1)Psi(~stratum) } = 0.0470583               
 Fletcher chat { S(~1)p(~1)Psi(~stratum) } = 31.072298               


          PARM-SPECIFIC Link Function Parameters of { S(~1)p(~1)Psi(~stratum) }
                                                              95% Confidence Interval
    Parameter                  Beta         Standard Error     Lower           Upper
 -------------------------  --------------  --------------  --------------  --------------
    1:S:(Intercept)          2.7029645       0.1604094       2.3885620       3.0173669    
    2:p:(Intercept)          1.5821389       0.0835701       1.4183415       1.7459363    
    3:Psi:(Intercept)       -1.1748697       0.0789544      -1.3296202      -1.0201191    
    4:Psi:stratumB          -2.0831755       0.1130187      -2.3046923      -1.8616588    
    5:Psi:stratumC           1.0970600       0.2055964       0.6940911       1.5000289    
    6:Psi:stratumD          -14.543244       544.85665      -1082.4623       1053.3758    

  Program  MARK  - Survival Rate Estimation with Capture-Recapture Data
   gfortran(dble/PIM2) Vers. 10.1 March 2023   8-Jan-2026 17:02:59    Page  011
 - - - - - - - - - - - - - - - - - - - - - - - - - - - - - - - - - - - - - -
 
    7:Psi:stratumE           15.525893       915.95798      -1779.7518       1810.8036    


                 Real Function Parameters of { S(~1)p(~1)Psi(~stratum) }
                                                               95% Confidence Interval
     Parameter                Estimate       Standard Error     Lower           Upper
 --------------------------  --------------  --------------  --------------  --------------
     1:S sA g1 c1 a0 o1 t1    0.9372013       0.0094409       0.9159509       0.9533526       
     2:p sA g1 c1 a1 o1 t2    0.8295072       0.0118189       0.8050783       0.8514395       
     3:Psi sA toB g1 c1 a0    0.1381650       0.0048799       0.1288754       0.1480105       
     4:Psi sA toB g1 c1 a1    0.1381650       0.0048799       0.1288754       0.1480105       
     5:Psi sA toB g1 c2 a0    0.1381650       0.0048799       0.1288754       0.1480105       
     6:Psi sA toC g1 c1 a0    0.1381650       0.0048799       0.1288754       0.1480105       
     7:Psi sA toC g1 c1 a1    0.1381650       0.0048799       0.1288754       0.1480105       
     8:Psi sA toC g1 c2 a0    0.1381650       0.0048799       0.1288754       0.1480105       
     9:Psi sA toD g1 c1 a0    0.1381650       0.0048799       0.1288754       0.1480105       
    10:Psi sA toD g1 c1 a1    0.1381650       0.0048799       0.1288754       0.1480105       
    11:Psi sA toD g1 c2 a0    0.1381650       0.0048799       0.1288754       0.1480105       
    12:Psi sA toE g1 c1 a0    0.1381650       0.0048799       0.1288754       0.1480105       
    13:Psi sA toE g1 c1 a1    0.1381650       0.0048799       0.1288754       0.1480105       
    14:Psi sA toE g1 c2 a0    0.1381650       0.0048799       0.1288754       0.1480105       
    15:Psi sB toA g1 c1 a0    0.0333348       0.0023388       0.0290430       0.0382359       
    16:Psi sB toA g1 c1 a1    0.0333348       0.0023388       0.0290430       0.0382359       
    17:Psi sB toA g1 c2 a0    0.0333348       0.0023388       0.0290430       0.0382359       
    18:Psi sB toC g1 c1 a0    0.0333348       0.0023388       0.0290430       0.0382359       
    19:Psi sB toC g1 c1 a1    0.0333348       0.0023388       0.0290430       0.0382359       
    20:Psi sB toC g1 c2 a0    0.0333348       0.0023388       0.0290430       0.0382359       
    21:Psi sB toD g1 c1 a0    0.0333348       0.0023388       0.0290430       0.0382359       
    22:Psi sB toD g1 c1 a1    0.0333348       0.0023388       0.0290430       0.0382359       
    23:Psi sB toD g1 c2 a0    0.0333348       0.0023388       0.0290430       0.0382359       
    24:Psi sB toE g1 c1 a0    0.0333348       0.0023388       0.0290430       0.0382359       
    25:Psi sB toE g1 c1 a1    0.0333348       0.0023388       0.0290430       0.0382359       
    26:Psi sB toE g1 c2 a0    0.0333348       0.0023388       0.0290430       0.0382359       
    27:Psi sC toA g1 c1 a0    0.1968149       0.0079848       0.1816328       0.2129357       
    28:Psi sC toA g1 c1 a1    0.1968149       0.0079848       0.1816328       0.2129357       
    29:Psi sC toA g1 c2 a0    0.1968149       0.0079848       0.1816328       0.2129357       
    30:Psi sC toB g1 c1 a0    0.1968149       0.0079848       0.1816328       0.2129357       
    31:Psi sC toB g1 c1 a1    0.1968149       0.0079848       0.1816328       0.2129357       
    32:Psi sC toB g1 c2 a0    0.1968149       0.0079848       0.1816328       0.2129357       
    33:Psi sC toD g1 c1 a0    0.1968149       0.0079848       0.1816328       0.2129357       
    34:Psi sC toD g1 c1 a1    0.1968149       0.0079848       0.1816328       0.2129357       
    35:Psi sC toD g1 c2 a0    0.1968149       0.0079848       0.1816328       0.2129357       
    36:Psi sC toE g1 c1 a0    0.1968149       0.0079848       0.1816328       0.2129357       
    37:Psi sC toE g1 c1 a1    0.1968149       0.0079848       0.1816328       0.2129357       
    38:Psi sC toE g1 c2 a0    0.1968149       0.0079848       0.1816328       0.2129357       
    39:Psi sD toA g1 c1 a0    0.1491798E-06   0.8128154E-04  0.8298401E-315   1.0000000       

  Program  MARK  - Survival Rate Estimation with Capture-Recapture Data
   gfortran(dble/PIM2) Vers. 10.1 March 2023   8-Jan-2026 17:02:59    Page  012
 - - - - - - - - - - - - - - - - - - - - - - - - - - - - - - - - - - - - - -
 
    40:Psi sD toA g1 c1 a1    0.1491798E-06   0.8128154E-04  0.8298401E-315   1.0000000       
    41:Psi sD toA g1 c2 a0    0.1491798E-06   0.8128154E-04  0.8298401E-315   1.0000000       
    42:Psi sD toB g1 c1 a0    0.1491798E-06   0.8128154E-04  0.8298401E-315   1.0000000       
    43:Psi sD toB g1 c1 a1    0.1491798E-06   0.8128154E-04  0.8298401E-315   1.0000000       
    44:Psi sD toB g1 c2 a0    0.1491798E-06   0.8128154E-04  0.8298401E-315   1.0000000       
    45:Psi sD toC g1 c1 a0    0.1491798E-06   0.8128154E-04  0.8298401E-315   1.0000000       
    46:Psi sD toC g1 c1 a1    0.1491798E-06   0.8128154E-04  0.8298401E-315   1.0000000       
    47:Psi sD toC g1 c2 a0    0.1491798E-06   0.8128154E-04  0.8298401E-315   1.0000000       
    48:Psi sD toE g1 c1 a0    0.1491798E-06   0.8128154E-04  0.8298401E-315   1.0000000       
    49:Psi sD toE g1 c1 a1    0.1491798E-06   0.8128154E-04  0.8298401E-315   1.0000000       
    50:Psi sD toE g1 c2 a0    0.1491798E-06   0.8128154E-04  0.8298401E-315   1.0000000       
    51:Psi sE toA g1 c1 a0    0.2500000       0.3355244E-04   0.2499342       0.2500657       
    52:Psi sE toA g1 c1 a1    0.2500000       0.3355244E-04   0.2499342       0.2500657       
    53:Psi sE toA g1 c2 a0    0.2500000       0.3355244E-04   0.2499342       0.2500657       
    54:Psi sE toB g1 c1 a0    0.2500000       0.3355244E-04   0.2499342       0.2500657       
    55:Psi sE toB g1 c1 a1    0.2500000       0.3355244E-04   0.2499342       0.2500657       
    56:Psi sE toB g1 c2 a0    0.2500000       0.3355244E-04   0.2499342       0.2500657       
    57:Psi sE toC g1 c1 a0    0.2500000       0.3355244E-04   0.2499342       0.2500657       
    58:Psi sE toC g1 c1 a1    0.2500000       0.3355244E-04   0.2499342       0.2500657       
    59:Psi sE toC g1 c2 a0    0.2500000       0.3355244E-04   0.2499342       0.2500657       
    60:Psi sE toD g1 c1 a0    0.2500000       0.3355244E-04   0.2499342       0.2500657       
    61:Psi sE toD g1 c1 a1    0.2500000       0.3355244E-04   0.2499342       0.2500657       
    62:Psi sE toD g1 c2 a0    0.2500000       0.3355244E-04   0.2499342       0.2500657       

 To compute parameter estimates, CPU Time was 0.016 seconds and System Time was 0.031 seconds.

 Attempted ordering of parameters by estimatibility:
  3 2 4 1 5 6 7
 Beta number 7 is a singular value.

   For procedure estimate CPU Time was 0.297 seconds and System Time was 1.703 seconds.

  Program  MARK  - Survival Rate Estimation with Capture-Recapture Data
   gfortran(dble/PIM2) Vers. 10.1 March 2023   8-Jan-2026 17:02:59    Page  013
 - - - - - - - - - - - - - - - - - - - - - - - - - - - - - - - - - - - - - -
 


  INPUT --- proc stop;

     For this job, CPU Time in minutes was 0.008 and System Time in minutes was 0.032.

     Time Start = 17:02:57.765   Time End = 17:02:59.662

     Wall Clock Time in minutes for this job was 0.032.

     Maximum of 22 words used of 4096 words allocated.


          E X E C U T I O N   S U C C E S S F U L 
