
 Program  MARK  - Survival Rate Estimation with Capture-Recapture Data
 gfortran(dble/PIM2) Vers. 11.2 Nov 2025  16-Jan-2026 00:20:34    Page  001
  
 - - - - - - - - - - - - - - - - - - - - - - - - - - - - - - - - - - - - - -
 
 Welcome to MARK SCD-UM on machine DESKTOP-LNMOLR6 in subdirectory
   "C:\Users\SCD-UM\Desktop\cypripedium\Elian_cypripedium" running file "mark106.inp".
 This version was compiled by GCC version 15.2.0 using the options: 
  -cpp -iprefix C:/tdm-gcc-64/mingw64-15-2/bin/../lib/gcc/
  x86_64-w64-mingw32/15.2.0/ -D_MT -D_REENTRANT -U_REENTRANT -D
  dbleprecision -m64 -march=x86-64 -mtune=generic -mthreads -O3 -std=f2023
  -fimplicit-none -ffpe-summary=invalid,zero,overflow,underflow
  -funroll-loops -fno-unsafe-math-optimizations -frounding-math
  -fsignaling-nans -fprefetch-loop-arrays -fall-intrinsics -fopenmp

 This problem will use 7 of 8 possible threads.
 Static thread allocation is used.
 INPUT --- proc title ;

 For procedure title CPU Time was 0.001 secs and System Time was 0.001 secs.
 INPUT --- proc chmatrix occasions= 2 groups= 1 etype= Multistrata 
 INPUT --- Nodes= 101 strata=5 ICMeans  NoHist hist= 9 ;
 INPUT ---    time interval 1 ;
 INPUT ---     strata=1 2 3 4 5;
 INPUT ---    glabel(1)=Group 1;

      Number of unique encounter histories read was 9.

      Number of individual covariates read was 0.
      Time interval lengths are all equal to 1.

      Data type number is 9
      Data type is Multi-state with Live Recaptures

 For procedure chmatrix CPU Time was 0.001 secs and System Time was 0.001 secs.

Program  MARK  - Survival Rate Estimation with Capture-Recapture Data
 gfortran(dble/PIM2) Vers. 11.2 Nov 2025  16-Jan-2026 00:20:34    Page  002
 - - - - - - - - - - - - - - - - - - - - - - - - - - - - - - - - - - - - - -
 


 INPUT --- proc estimate link=Parm-Specific NOLOOP varest=2ndPart    ;
 INPUT --- model={ S(~stratum)p(~1)Psi(~stratum + tostratum) };
 INPUT ---    group=1 S 1:Stratum1   rows=1 cols=1 Triang ;
 INPUT ---        1 ;
 INPUT ---    group=1 S 2:Stratum2   rows=1 cols=1 Triang ;
 INPUT ---        2 ;
 INPUT ---    group=1 S 3:Stratum3   rows=1 cols=1 Triang ;
 INPUT ---        3 ;
 INPUT ---    group=1 S 4:Stratum4   rows=1 cols=1 Triang ;
 INPUT ---        4 ;
 INPUT ---    group=1 S 5:Stratum5   rows=1 cols=1 Triang ;
 INPUT ---        5 ;
 INPUT ---    group=1 p 1:Stratum1   rows=1 cols=1 Triang ;
 INPUT ---        6 ;
 INPUT ---    group=1 p 2:Stratum2   rows=1 cols=1 Triang ;
 INPUT ---        6 ;
 INPUT ---    group=1 p 3:Stratum3   rows=1 cols=1 Triang ;
 INPUT ---        6 ;
 INPUT ---    group=1 p 4:Stratum4   rows=1 cols=1 Triang ;
 INPUT ---        6 ;
 INPUT ---    group=1 p 5:Stratum5   rows=1 cols=1 Triang ;
 INPUT ---        6 ;
 INPUT ---    group=1 Psi 1 to 2   rows=1 cols=1 Triang ;
 INPUT ---        7 ;
 INPUT ---    group=1 Psi 1 to 3   rows=1 cols=1 Triang ;
 INPUT ---        8 ;
 INPUT ---    group=1 Psi 1 to 4   rows=1 cols=1 Triang ;
 INPUT ---        9 ;
 INPUT ---    group=1 Psi 1 to 5   rows=1 cols=1 Triang ;
 INPUT ---        10 ;
 INPUT ---    group=1 Psi 2 to 1   rows=1 cols=1 Triang ;
 INPUT ---        11 ;
 INPUT ---    group=1 Psi 2 to 3   rows=1 cols=1 Triang ;
 INPUT ---        12 ;
 INPUT ---    group=1 Psi 2 to 4   rows=1 cols=1 Triang ;
 INPUT ---        13 ;
 INPUT ---    group=1 Psi 2 to 5   rows=1 cols=1 Triang ;
 INPUT ---        14 ;
 INPUT ---    group=1 Psi 3 to 1   rows=1 cols=1 Triang ;
 INPUT ---        15 ;
 INPUT ---    group=1 Psi 3 to 2   rows=1 cols=1 Triang ;
 INPUT ---        16 ;
 INPUT ---    group=1 Psi 3 to 4   rows=1 cols=1 Triang ;
 INPUT ---        17 ;

Program  MARK  - Survival Rate Estimation with Capture-Recapture Data
 gfortran(dble/PIM2) Vers. 11.2 Nov 2025  16-Jan-2026 00:20:34    Page  003
 - - - - - - - - - - - - - - - - - - - - - - - - - - - - - - - - - - - - - -
 
 INPUT ---    group=1 Psi 3 to 5   rows=1 cols=1 Triang ;
 INPUT ---        18 ;
 INPUT ---    group=1 Psi 4 to 1   rows=1 cols=1 Triang ;
 INPUT ---        19 ;
 INPUT ---    group=1 Psi 4 to 2   rows=1 cols=1 Triang ;
 INPUT ---        20 ;
 INPUT ---    group=1 Psi 4 to 3   rows=1 cols=1 Triang ;
 INPUT ---        21 ;
 INPUT ---    group=1 Psi 4 to 5   rows=1 cols=1 Triang ;
 INPUT ---        22 ;
 INPUT ---    group=1 Psi 5 to 1   rows=1 cols=1 Triang ;
 INPUT ---        23 ;
 INPUT ---    group=1 Psi 5 to 2   rows=1 cols=1 Triang ;
 INPUT ---        24 ;
 INPUT ---    group=1 Psi 5 to 3   rows=1 cols=1 Triang ;
 INPUT ---        25 ;
 INPUT ---    group=1 Psi 5 to 4   rows=1 cols=1 Triang ;
 INPUT ---        26 ;
 INPUT ---    design matrix constraints=26 covariates=15;
 INPUT ---        1 0 0 0 0 0 0 0 0 0 0 0 0 0 0;
 INPUT ---        1 1 0 0 0 0 0 0 0 0 0 0 0 0 0;
 INPUT ---        1 0 1 0 0 0 0 0 0 0 0 0 0 0 0;
 INPUT ---        1 0 0 1 0 0 0 0 0 0 0 0 0 0 0;
 INPUT ---        1 0 0 0 1 0 0 0 0 0 0 0 0 0 0;
 INPUT ---        0 0 0 0 0 1 0 0 0 0 0 0 0 0 0;
 INPUT ---        0 0 0 0 0 0 1 0 0 0 0 1 0 0 0;
 INPUT ---        0 0 0 0 0 0 1 0 0 0 0 0 1 0 0;
 INPUT ---        0 0 0 0 0 0 1 0 0 0 0 0 0 1 0;
 INPUT ---        0 0 0 0 0 0 1 0 0 0 0 0 0 0 1;
 INPUT ---        0 0 0 0 0 0 1 1 0 0 0 0 0 0 0;
 INPUT ---        0 0 0 0 0 0 1 1 0 0 0 0 1 0 0;
 INPUT ---        0 0 0 0 0 0 1 1 0 0 0 0 0 1 0;
 INPUT ---        0 0 0 0 0 0 1 1 0 0 0 0 0 0 1;
 INPUT ---        0 0 0 0 0 0 1 0 1 0 0 0 0 0 0;
 INPUT ---        0 0 0 0 0 0 1 0 1 0 0 1 0 0 0;
 INPUT ---        0 0 0 0 0 0 1 0 1 0 0 0 0 1 0;
 INPUT ---        0 0 0 0 0 0 1 0 1 0 0 0 0 0 1;
 INPUT ---        0 0 0 0 0 0 1 0 0 1 0 0 0 0 0;
 INPUT ---        0 0 0 0 0 0 1 0 0 1 0 1 0 0 0;
 INPUT ---        0 0 0 0 0 0 1 0 0 1 0 0 1 0 0;
 INPUT ---        0 0 0 0 0 0 1 0 0 1 0 0 0 0 1;
 INPUT ---        0 0 0 0 0 0 1 0 0 0 1 0 0 0 0;
 INPUT ---        0 0 0 0 0 0 1 0 0 0 1 1 0 0 0;
 INPUT ---        0 0 0 0 0 0 1 0 0 0 1 0 1 0 0;
 INPUT ---        0 0 0 0 0 0 1 0 0 0 1 0 0 1 0;
 INPUT ---    links=26;

Program  MARK  - Survival Rate Estimation with Capture-Recapture Data
 gfortran(dble/PIM2) Vers. 11.2 Nov 2025  16-Jan-2026 00:20:34    Page  004
 - - - - - - - - - - - - - - - - - - - - - - - - - - - - - - - - - - - - - -
 
 INPUT ---       Logit;
 INPUT ---       Logit;
 INPUT ---       Logit;
 INPUT ---       Logit;
 INPUT ---       Logit;
 INPUT ---       Logit;
 INPUT ---       mlogit(1);
 INPUT ---       mlogit(1);
 INPUT ---       mlogit(1);
 INPUT ---       mlogit(1);
 INPUT ---       mlogit(2);
 INPUT ---       mlogit(2);
 INPUT ---       mlogit(2);
 INPUT ---       mlogit(2);
 INPUT ---       mlogit(3);
 INPUT ---       mlogit(3);
 INPUT ---       mlogit(3);
 INPUT ---       mlogit(3);
 INPUT ---       mlogit(4);
 INPUT ---       mlogit(4);
 INPUT ---       mlogit(4);
 INPUT ---       mlogit(4);
 INPUT ---       mlogit(5);
 INPUT ---       mlogit(5);
 INPUT ---       mlogit(5);
 INPUT ---       mlogit(5);
 INPUT ---       blabel(1)=S:(Intercept);
 INPUT ---       blabel(2)=S:stratum2;
 INPUT ---       blabel(3)=S:stratum3;
 INPUT ---       blabel(4)=S:stratum4;
 INPUT ---       blabel(5)=S:stratum5;
 INPUT ---       blabel(6)=p:(Intercept);
 INPUT ---       blabel(7)=Psi:(Intercept);
 INPUT ---       blabel(8)=Psi:stratum2;
 INPUT ---       blabel(9)=Psi:stratum3;
 INPUT ---       blabel(10)=Psi:stratum4;
 INPUT ---       blabel(11)=Psi:stratum5;
 INPUT ---       blabel(12)=Psi:tostratum2;
 INPUT ---       blabel(13)=Psi:tostratum3;
 INPUT ---       blabel(14)=Psi:tostratum4;
 INPUT ---       blabel(15)=Psi:tostratum5;
 INPUT ---       rlabel(1)=S s1 g1 c1 a0 o1 t1;
 INPUT ---       rlabel(2)=S s2 g1 c1 a0 o1 t1;
 INPUT ---       rlabel(3)=S s3 g1 c1 a0 o1 t1;
 INPUT ---       rlabel(4)=S s4 g1 c1 a0 o1 t1;
 INPUT ---       rlabel(5)=S s5 g1 c1 a0 o1 t1;

Program  MARK  - Survival Rate Estimation with Capture-Recapture Data
 gfortran(dble/PIM2) Vers. 11.2 Nov 2025  16-Jan-2026 00:20:34    Page  005
 - - - - - - - - - - - - - - - - - - - - - - - - - - - - - - - - - - - - - -
 
 INPUT ---       rlabel(6)=p s1 g1 c1 a1 o1 t2;
 INPUT ---       rlabel(7)=Psi s1 to2 g1 c1 a0 o1 t1;
 INPUT ---       rlabel(8)=Psi s1 to3 g1 c1 a0 o1 t1;
 INPUT ---       rlabel(9)=Psi s1 to4 g1 c1 a0 o1 t1;
 INPUT ---       rlabel(10)=Psi s1 to5 g1 c1 a0 o1 t1;
 INPUT ---       rlabel(11)=Psi s2 to1 g1 c1 a0 o1 t1;
 INPUT ---       rlabel(12)=Psi s2 to3 g1 c1 a0 o1 t1;
 INPUT ---       rlabel(13)=Psi s2 to4 g1 c1 a0 o1 t1;
 INPUT ---       rlabel(14)=Psi s2 to5 g1 c1 a0 o1 t1;
 INPUT ---       rlabel(15)=Psi s3 to1 g1 c1 a0 o1 t1;
 INPUT ---       rlabel(16)=Psi s3 to2 g1 c1 a0 o1 t1;
 INPUT ---       rlabel(17)=Psi s3 to4 g1 c1 a0 o1 t1;
 INPUT ---       rlabel(18)=Psi s3 to5 g1 c1 a0 o1 t1;
 INPUT ---       rlabel(19)=Psi s4 to1 g1 c1 a0 o1 t1;
 INPUT ---       rlabel(20)=Psi s4 to2 g1 c1 a0 o1 t1;
 INPUT ---       rlabel(21)=Psi s4 to3 g1 c1 a0 o1 t1;
 INPUT ---       rlabel(22)=Psi s4 to5 g1 c1 a0 o1 t1;
 INPUT ---       rlabel(23)=Psi s5 to1 g1 c1 a0 o1 t1;
 INPUT ---       rlabel(24)=Psi s5 to2 g1 c1 a0 o1 t1;
 INPUT ---       rlabel(25)=Psi s5 to3 g1 c1 a0 o1 t1;
 INPUT ---       rlabel(26)=Psi s5 to4 g1 c1 a0 o1 t1;
   Model is { S(~stratum)p(~1)Psi(~stratum + tostratum) }

 Link Function Used is PARM-SPECIFIC

 Variance Estimation Procedure Used is 2ndPart 
 -2logL(saturated) = 342.81501     
 Effective Sample Size = 396

 Number of function evaluations was 49 for 15 parameters.
 For numerical optimization, CPU Time was 0.172 secs and System Time was 0.234 secs.
 -2logL { S(~stratum)p(~1)Psi(~stratum + tostratum) } = 421.10600     
 Penalty { S(~stratum)p(~1)Psi(~stratum + tostratum) } = 0.0000000     
 Gradient { S(~stratum)p(~1)Psi(~stratum + tostratum) }:
   0.0000       0.0000       0.0000       0.0000       0.0000    
   0.0000     -2.03230E-04 -1.42209E-04   0.0000       0.0000    
   0.0000       0.0000       0.0000     -5.96469E-05 -1.41271E-04
 Maximum ABS(G) { S(~stratum)p(~1)Psi(~stratum + tostratum) } =  2.03230E-04
 To compute VC matrix, CPU Time was 0.172 secs and System Time was 0.094 secs.
 S Vector { S(~stratum)p(~1)Psi(~stratum + tostratum) }:
   62.36684      21.96854      13.71252      6.855510      2.153650    
  0.7947286E-06 0.7947286E-06 0.7799162E-06 0.3451566E-06 0.5047324E-07
  0.2207906E-07 0.3592536E-09 0.2771653E-09 0.2647121E-09 0.2260659E-09
 To invert VC matrix, CPU Time was 0.001 secs and System Time was 0.001 secs.
 Ratio Threshold = 50.00 Max Gap (5/6) = 2.7099E+6 Next Max Gap (11/12) = 61.46
 Gap Method for Num. of Estimated Parameters { S(~stratum)p(~1)Psi(~stratum + tostratum) } = 5          

Program  MARK  - Survival Rate Estimation with Capture-Recapture Data
 gfortran(dble/PIM2) Vers. 11.2 Nov 2025  16-Jan-2026 00:20:35    Page  006
 - - - - - - - - - - - - - - - - - - - - - - - - - - - - - - - - - - - - - -
 
 Threshold { S(~stratum)p(~1)Psi(~stratum + tostratum) } = 0.4064603E-03           
 Numerical Threshold Method for Num. of Estimated Parameters { S(~stratum)p(~1)Psi(~stratum + tostratum) } = 5          
 Number of Estimated Parameters { S(~stratum)p(~1)Psi(~stratum + tostratum) } = 5          
 DEVIANCE { S(~stratum)p(~1)Psi(~stratum + tostratum) } = 78.290985               
 DEVIANCE Degrees of Freedom { S(~stratum)p(~1)Psi(~stratum + tostratum) } = 0          
 c-hat { S(~stratum)p(~1)Psi(~stratum + tostratum) } = 1.0000000               
 AIC { S(~stratum)p(~1)Psi(~stratum + tostratum) } = 431.10600               
 AICc { S(~stratum)p(~1)Psi(~stratum + tostratum) } = 431.25985               
 BIC { S(~stratum)p(~1)Psi(~stratum + tostratum) } = 451.01307               
 Pearson Chisquare { S(~stratum)p(~1)Psi(~stratum + tostratum) } = 64.106141               
 Possible Encounter Histories { S(~stratum)p(~1)Psi(~stratum + tostratum) } = 24          
 Pearson Chisquare df { S(~stratum)p(~1)Psi(~stratum + tostratum) } = 15          
 Pearson chat { S(~stratum)p(~1)Psi(~stratum + tostratum) } = 4.2737427               
 Sum(Observed/Expected) { S(~stratum)p(~1)Psi(~stratum + tostratum) } = 12.957297               
 s-bar { S(~stratum)p(~1)Psi(~stratum + tostratum) } = -0.5521351              
 Fletcher chat { S(~stratum)p(~1)Psi(~stratum + tostratum) } = 9.5424825               


 PARM-SPECIFIC Link Function Parameters of { S(~stratum)p(~1)Psi(~stratum + tostratum) }
                                                              95% Confidence Interval
    Parameter                  Beta         Standard Error     Lower           Upper
 -------------------------  --------------  --------------  --------------  --------------
    1:S:(Intercept)          53.792673       61462.903      -120413.50       120521.08    
    2:S:stratum2             0.5174043       1702.1268      -3335.6511       3336.6860    
    3:S:stratum3             4.9995558       6729.9165      -13185.637       13195.636    
    4:S:stratum4             0.0094515       1132.3379      -2219.3728       2219.3917    
    5:S:stratum5             0.0000000       1121.7358      -2198.6022       2198.6022    
    6:p:(Intercept)          52.547600       60066.260      -117677.32       117782.42    
    7:Psi:(Intercept)       -3.4861097       0.4290336      -4.3270157      -2.6452037    
    8:Psi:stratum2           0.1266291       0.3824176      -0.6229094       0.8761676    
    9:Psi:stratum3           22.205550       4451.1209      -8701.9916       8746.4027    
   10:Psi:stratum4          -58.291422       66509.307      -130416.54       130299.95    
   11:Psi:stratum5           0.0000000       1121.7358      -2198.6022       2198.6022    
   12:Psi:tostratum2         0.2592603       0.4153301      -0.5547867       1.0733073    
   13:Psi:tostratum3        -46.033669       52759.351      -103454.36       103362.30    
   14:Psi:tostratum4         0.2790922       0.3447629      -0.3966432       0.9548275    
   15:Psi:tostratum5         0.1881184       0.3507169      -0.4992867       0.8755235    

Program  MARK  - Survival Rate Estimation with Capture-Recapture Data
 gfortran(dble/PIM2) Vers. 11.2 Nov 2025  16-Jan-2026 00:20:35    Page  007
 - - - - - - - - - - - - - - - - - - - - - - - - - - - - - - - - - - - - - -
 
        Real Function Parameters of { S(~stratum)p(~1)Psi(~stratum + tostratum) }
                                                               95% Confidence Interval
     Parameter                Estimate       Standard Error     Lower           Upper
 --------------------------  --------------  --------------  --------------  --------------
     1:S s1 g1 c1 a0 o1 t1    1.0000000       0.0000000       1.0000000       1.0000000       
     2:S s2 g1 c1 a0 o1 t1    1.0000000       0.0000000       1.0000000       1.0000000       
     3:S s3 g1 c1 a0 o1 t1    1.0000000       0.0000000       1.0000000       1.0000000       
     4:S s4 g1 c1 a0 o1 t1    1.0000000       0.0000000       1.0000000       1.0000000       
     5:S s5 g1 c1 a0 o1 t1    1.0000000       0.0000000       1.0000000       1.0000000       
     6:p s1 g1 c1 a1 o1 t2    1.0000000       0.0000000       1.0000000       1.0000000       
     7:Psi s1 to2 g1 c1 a0    0.0355221       0.0122017       0.0179954       0.0689210       
     8:Psi s1 to3 g1 c1 a0    0.2790838E-21   0.1472428E-16  -0.2885931E-16   0.2885987E-16   
     9:Psi s1 to4 g1 c1 a0    0.0362336       0.0116011       0.0192275       0.0672497       
    10:Psi s1 to5 g1 c1 a0    0.0330828       0.0108041       0.0173426       0.0622044       
    11:Psi s2 to1 g1 c1 a0    0.0309567       0.0090065       0.0174267       0.0544099       
    12:Psi s2 to3 g1 c1 a0    0.3152003E-21   0.1662976E-16  -0.3259402E-16   0.3259465E-16   
    13:Psi s2 to4 g1 c1 a0    0.0409226       0.0102625       0.0249215       0.0664967       
    14:Psi s2 to5 g1 c1 a0    0.0373640       0.0096736       0.0223985       0.0616979       
    15:Psi s3 to1 g1 c1 a0    0.2072592       0.0514710       0.1239512       0.3257395       
    16:Psi s3 to2 g1 c1 a0    0.2686019       0.0650081       0.1610680       0.4126184       
    17:Psi s3 to4 g1 c1 a0    0.2739820       0.0513959       0.1852859       0.3850689       
    18:Psi s3 to5 g1 c1 a0    0.2501569       0.0496108       0.1657356       0.3590721       
    19:Psi s4 to1 g1 c1 a0    0.1480331E-26   0.9845580E-22  -0.1929719E-21   0.1929749E-21   
    20:Psi s4 to2 g1 c1 a0    0.1918466E-26   0.1275959E-21  -0.2500860E-21   0.2500898E-21   
    21:Psi s4 to3 g1 c1 a0    0.1507268E-46   0.1279584E-41  -0.2507969E-41   0.2507999E-41   
    22:Psi s4 to5 g1 c1 a0    0.1786725E-26   0.1188338E-21  -0.2329125E-21   0.2329161E-21   
    23:Psi s5 to1 g1 c1 a0    0.0275660       27.837927      0.1576879E-309   1.0000000       
    24:Psi s5 to2 g1 c1 a0    0.0357248       36.077149      0.2060880E-309   1.0000000       
    25:Psi s5 to3 g1 c1 a0    0.2806761E-21   0.1481100E-16  -0.2902929E-16   0.2902985E-16   
    26:Psi s5 to4 g1 c1 a0    0.0364403       36.799767      0.2103721E-309   1.0000000       

 To compute parameter estimates, CPU Time was 0.001 secs and System Time was 0.015 secs.

 Attempted ordering of parameters by estimatibility:
   7 14 15  8 12 11  5  4  2  9  3 13  6  1 10
 Beta number 10 is a singular value.

 For procedure estimate CPU Time was 0.375 secs and System Time was 0.734 secs.

Program  MARK  - Survival Rate Estimation with Capture-Recapture Data
 gfortran(dble/PIM2) Vers. 11.2 Nov 2025  16-Jan-2026 00:20:35    Page  008
 - - - - - - - - - - - - - - - - - - - - - - - - - - - - - - - - - - - - - -
 


 INPUT --- proc stop;

 For this job, CPU Time in mins was 0.007 and System Time in mins was 0.013.

     Time Start = 00:20:34.337   Time End = 00:20:35.105

 Wall Clock Time in mins for this job was 0.012.

 Maximum of 22 words used.


          E X E C U T I O N   S U C C E S S F U L
