
 Program  MARK  - Survival Rate Estimation with Capture-Recapture Data
 gfortran(dble/PIM2) Vers. 11.2 Nov 2025  15-Jan-2026 22:38:07    Page  001
  
 - - - - - - - - - - - - - - - - - - - - - - - - - - - - - - - - - - - - - -
 
 Welcome to MARK SCD-UM on machine DESKTOP-LNMOLR6 in subdirectory
   "C:\Users\SCD-UM\Desktop\cypripedium\Elian_cypripedium" running file "mark092.inp".
 This version was compiled by GCC version 15.2.0 using the options: 
  -cpp -iprefix C:/tdm-gcc-64/mingw64-15-2/bin/../lib/gcc/
  x86_64-w64-mingw32/15.2.0/ -D_MT -D_REENTRANT -U_REENTRANT -D
  dbleprecision -m64 -march=x86-64 -mtune=generic -mthreads -O3 -std=f2023
  -fimplicit-none -ffpe-summary=invalid,zero,overflow,underflow
  -funroll-loops -fno-unsafe-math-optimizations -frounding-math
  -fsignaling-nans -fprefetch-loop-arrays -fall-intrinsics -fopenmp

 This problem will use 7 of 8 possible threads.
 Static thread allocation is used.
 INPUT --- proc title ;

 For procedure title CPU Time was 0.001 secs and System Time was 0.001 secs.
 INPUT --- proc chmatrix occasions= 2 groups= 1 etype= Multistrata 
 INPUT --- Nodes= 101 strata=5 ICMeans  NoHist hist= 9 ;
 INPUT ---    time interval 1 ;
 INPUT ---     strata=1 2 3 4 5;
 INPUT ---    glabel(1)=Group 1;

      Number of unique encounter histories read was 9.

      Number of individual covariates read was 0.
      Time interval lengths are all equal to 1.

      Data type number is 9
      Data type is Multi-state with Live Recaptures

 For procedure chmatrix CPU Time was 0.001 secs and System Time was 0.001 secs.

Program  MARK  - Survival Rate Estimation with Capture-Recapture Data
 gfortran(dble/PIM2) Vers. 11.2 Nov 2025  15-Jan-2026 22:38:07    Page  002
 - - - - - - - - - - - - - - - - - - - - - - - - - - - - - - - - - - - - - -
 


 INPUT --- proc estimate link=Parm-Specific NOLOOP varest=2ndPart    ;
 INPUT --- model={ S(~stratum)p(~1)Psi(~stratum) };
 INPUT ---    group=1 S 1:Stratum1   rows=1 cols=1 Triang ;
 INPUT ---        1 ;
 INPUT ---    group=1 S 2:Stratum2   rows=1 cols=1 Triang ;
 INPUT ---        2 ;
 INPUT ---    group=1 S 3:Stratum3   rows=1 cols=1 Triang ;
 INPUT ---        3 ;
 INPUT ---    group=1 S 4:Stratum4   rows=1 cols=1 Triang ;
 INPUT ---        4 ;
 INPUT ---    group=1 S 5:Stratum5   rows=1 cols=1 Triang ;
 INPUT ---        5 ;
 INPUT ---    group=1 p 1:Stratum1   rows=1 cols=1 Triang ;
 INPUT ---        6 ;
 INPUT ---    group=1 p 2:Stratum2   rows=1 cols=1 Triang ;
 INPUT ---        6 ;
 INPUT ---    group=1 p 3:Stratum3   rows=1 cols=1 Triang ;
 INPUT ---        6 ;
 INPUT ---    group=1 p 4:Stratum4   rows=1 cols=1 Triang ;
 INPUT ---        6 ;
 INPUT ---    group=1 p 5:Stratum5   rows=1 cols=1 Triang ;
 INPUT ---        6 ;
 INPUT ---    group=1 Psi 1 to 2   rows=1 cols=1 Triang ;
 INPUT ---        7 ;
 INPUT ---    group=1 Psi 1 to 3   rows=1 cols=1 Triang ;
 INPUT ---        8 ;
 INPUT ---    group=1 Psi 1 to 4   rows=1 cols=1 Triang ;
 INPUT ---        9 ;
 INPUT ---    group=1 Psi 1 to 5   rows=1 cols=1 Triang ;
 INPUT ---        10 ;
 INPUT ---    group=1 Psi 2 to 1   rows=1 cols=1 Triang ;
 INPUT ---        11 ;
 INPUT ---    group=1 Psi 2 to 3   rows=1 cols=1 Triang ;
 INPUT ---        12 ;
 INPUT ---    group=1 Psi 2 to 4   rows=1 cols=1 Triang ;
 INPUT ---        13 ;
 INPUT ---    group=1 Psi 2 to 5   rows=1 cols=1 Triang ;
 INPUT ---        14 ;
 INPUT ---    group=1 Psi 3 to 1   rows=1 cols=1 Triang ;
 INPUT ---        15 ;
 INPUT ---    group=1 Psi 3 to 2   rows=1 cols=1 Triang ;
 INPUT ---        16 ;
 INPUT ---    group=1 Psi 3 to 4   rows=1 cols=1 Triang ;
 INPUT ---        17 ;

Program  MARK  - Survival Rate Estimation with Capture-Recapture Data
 gfortran(dble/PIM2) Vers. 11.2 Nov 2025  15-Jan-2026 22:38:07    Page  003
 - - - - - - - - - - - - - - - - - - - - - - - - - - - - - - - - - - - - - -
 
 INPUT ---    group=1 Psi 3 to 5   rows=1 cols=1 Triang ;
 INPUT ---        18 ;
 INPUT ---    group=1 Psi 4 to 1   rows=1 cols=1 Triang ;
 INPUT ---        19 ;
 INPUT ---    group=1 Psi 4 to 2   rows=1 cols=1 Triang ;
 INPUT ---        20 ;
 INPUT ---    group=1 Psi 4 to 3   rows=1 cols=1 Triang ;
 INPUT ---        21 ;
 INPUT ---    group=1 Psi 4 to 5   rows=1 cols=1 Triang ;
 INPUT ---        22 ;
 INPUT ---    group=1 Psi 5 to 1   rows=1 cols=1 Triang ;
 INPUT ---        23 ;
 INPUT ---    group=1 Psi 5 to 2   rows=1 cols=1 Triang ;
 INPUT ---        24 ;
 INPUT ---    group=1 Psi 5 to 3   rows=1 cols=1 Triang ;
 INPUT ---        25 ;
 INPUT ---    group=1 Psi 5 to 4   rows=1 cols=1 Triang ;
 INPUT ---        26 ;
 INPUT ---    design matrix constraints=26 covariates=11;
 INPUT ---        1 0 0 0 0 0 0 0 0 0 0;
 INPUT ---        1 1 0 0 0 0 0 0 0 0 0;
 INPUT ---        1 0 1 0 0 0 0 0 0 0 0;
 INPUT ---        1 0 0 1 0 0 0 0 0 0 0;
 INPUT ---        1 0 0 0 1 0 0 0 0 0 0;
 INPUT ---        0 0 0 0 0 1 0 0 0 0 0;
 INPUT ---        0 0 0 0 0 0 1 0 0 0 0;
 INPUT ---        0 0 0 0 0 0 1 0 0 0 0;
 INPUT ---        0 0 0 0 0 0 1 0 0 0 0;
 INPUT ---        0 0 0 0 0 0 1 0 0 0 0;
 INPUT ---        0 0 0 0 0 0 1 1 0 0 0;
 INPUT ---        0 0 0 0 0 0 1 1 0 0 0;
 INPUT ---        0 0 0 0 0 0 1 1 0 0 0;
 INPUT ---        0 0 0 0 0 0 1 1 0 0 0;
 INPUT ---        0 0 0 0 0 0 1 0 1 0 0;
 INPUT ---        0 0 0 0 0 0 1 0 1 0 0;
 INPUT ---        0 0 0 0 0 0 1 0 1 0 0;
 INPUT ---        0 0 0 0 0 0 1 0 1 0 0;
 INPUT ---        0 0 0 0 0 0 1 0 0 1 0;
 INPUT ---        0 0 0 0 0 0 1 0 0 1 0;
 INPUT ---        0 0 0 0 0 0 1 0 0 1 0;
 INPUT ---        0 0 0 0 0 0 1 0 0 1 0;
 INPUT ---        0 0 0 0 0 0 1 0 0 0 1;
 INPUT ---        0 0 0 0 0 0 1 0 0 0 1;
 INPUT ---        0 0 0 0 0 0 1 0 0 0 1;
 INPUT ---        0 0 0 0 0 0 1 0 0 0 1;
 INPUT ---    links=26;

Program  MARK  - Survival Rate Estimation with Capture-Recapture Data
 gfortran(dble/PIM2) Vers. 11.2 Nov 2025  15-Jan-2026 22:38:07    Page  004
 - - - - - - - - - - - - - - - - - - - - - - - - - - - - - - - - - - - - - -
 
 INPUT ---       Logit;
 INPUT ---       Logit;
 INPUT ---       Logit;
 INPUT ---       Logit;
 INPUT ---       Logit;
 INPUT ---       Logit;
 INPUT ---       mlogit(1);
 INPUT ---       mlogit(1);
 INPUT ---       mlogit(1);
 INPUT ---       mlogit(1);
 INPUT ---       mlogit(2);
 INPUT ---       mlogit(2);
 INPUT ---       mlogit(2);
 INPUT ---       mlogit(2);
 INPUT ---       mlogit(3);
 INPUT ---       mlogit(3);
 INPUT ---       mlogit(3);
 INPUT ---       mlogit(3);
 INPUT ---       mlogit(4);
 INPUT ---       mlogit(4);
 INPUT ---       mlogit(4);
 INPUT ---       mlogit(4);
 INPUT ---       mlogit(5);
 INPUT ---       mlogit(5);
 INPUT ---       mlogit(5);
 INPUT ---       mlogit(5);
 INPUT ---       blabel(1)=S:(Intercept);
 INPUT ---       blabel(2)=S:stratum2;
 INPUT ---       blabel(3)=S:stratum3;
 INPUT ---       blabel(4)=S:stratum4;
 INPUT ---       blabel(5)=S:stratum5;
 INPUT ---       blabel(6)=p:(Intercept);
 INPUT ---       blabel(7)=Psi:(Intercept);
 INPUT ---       blabel(8)=Psi:stratum2;
 INPUT ---       blabel(9)=Psi:stratum3;
 INPUT ---       blabel(10)=Psi:stratum4;
 INPUT ---       blabel(11)=Psi:stratum5;
 INPUT ---       rlabel(1)=S s1 g1 c1 a0 o1 t1;
 INPUT ---       rlabel(2)=S s2 g1 c1 a0 o1 t1;
 INPUT ---       rlabel(3)=S s3 g1 c1 a0 o1 t1;
 INPUT ---       rlabel(4)=S s4 g1 c1 a0 o1 t1;
 INPUT ---       rlabel(5)=S s5 g1 c1 a0 o1 t1;
 INPUT ---       rlabel(6)=p s1 g1 c1 a1 o1 t2;
 INPUT ---       rlabel(7)=Psi s1 to2 g1 c1 a0 o1 t1;
 INPUT ---       rlabel(8)=Psi s1 to3 g1 c1 a0 o1 t1;
 INPUT ---       rlabel(9)=Psi s1 to4 g1 c1 a0 o1 t1;

Program  MARK  - Survival Rate Estimation with Capture-Recapture Data
 gfortran(dble/PIM2) Vers. 11.2 Nov 2025  15-Jan-2026 22:38:07    Page  005
 - - - - - - - - - - - - - - - - - - - - - - - - - - - - - - - - - - - - - -
 
 INPUT ---       rlabel(10)=Psi s1 to5 g1 c1 a0 o1 t1;
 INPUT ---       rlabel(11)=Psi s2 to1 g1 c1 a0 o1 t1;
 INPUT ---       rlabel(12)=Psi s2 to3 g1 c1 a0 o1 t1;
 INPUT ---       rlabel(13)=Psi s2 to4 g1 c1 a0 o1 t1;
 INPUT ---       rlabel(14)=Psi s2 to5 g1 c1 a0 o1 t1;
 INPUT ---       rlabel(15)=Psi s3 to1 g1 c1 a0 o1 t1;
 INPUT ---       rlabel(16)=Psi s3 to2 g1 c1 a0 o1 t1;
 INPUT ---       rlabel(17)=Psi s3 to4 g1 c1 a0 o1 t1;
 INPUT ---       rlabel(18)=Psi s3 to5 g1 c1 a0 o1 t1;
 INPUT ---       rlabel(19)=Psi s4 to1 g1 c1 a0 o1 t1;
 INPUT ---       rlabel(20)=Psi s4 to2 g1 c1 a0 o1 t1;
 INPUT ---       rlabel(21)=Psi s4 to3 g1 c1 a0 o1 t1;
 INPUT ---       rlabel(22)=Psi s4 to5 g1 c1 a0 o1 t1;
 INPUT ---       rlabel(23)=Psi s5 to1 g1 c1 a0 o1 t1;
 INPUT ---       rlabel(24)=Psi s5 to2 g1 c1 a0 o1 t1;
 INPUT ---       rlabel(25)=Psi s5 to3 g1 c1 a0 o1 t1;
 INPUT ---       rlabel(26)=Psi s5 to4 g1 c1 a0 o1 t1;
   Model is { S(~stratum)p(~1)Psi(~stratum) }

 Link Function Used is PARM-SPECIFIC

 Variance Estimation Procedure Used is 2ndPart 
 -2logL(saturated) = 342.81501     
 Effective Sample Size = 396

 Number of function evaluations was 46 for 11 parameters.
 For numerical optimization, CPU Time was 0.141 secs and System Time was 0.235 secs.
 -2logL { S(~stratum)p(~1)Psi(~stratum) } = 444.26648     
 Penalty { S(~stratum)p(~1)Psi(~stratum) } = 0.0000000     
 Gradient { S(~stratum)p(~1)Psi(~stratum) }:
   0.0000       0.0000       0.0000       0.0000       0.0000    
   0.0000     -3.19935E-05 -1.45865E-05   0.0000       0.0000    
   0.0000    
 Maximum ABS(G) { S(~stratum)p(~1)Psi(~stratum) } =  3.19935E-05
 To compute VC matrix, CPU Time was 0.047 secs and System Time was 0.047 secs.
 S Vector { S(~stratum)p(~1)Psi(~stratum) }:
   52.85759      5.098816     0.1928194E-05 0.7947286E-06 0.7947286E-06
  0.6050863E-07 0.3053946E-07 0.8632415E-08 0.6260900E-08 0.9288059E-09
  0.6034266E-09
 To invert VC matrix, CPU Time was 0.001 secs and System Time was 0.001 secs.
 Ratio Threshold = 50.00 Max Gap (2/3) = 2.6443E+6 Next Max Gap (5/6) = 13.13
 Gap Method for Num. of Estimated Parameters { S(~stratum)p(~1)Psi(~stratum) } = 2          
 Threshold { S(~stratum)p(~1)Psi(~stratum) } = 0.6398696E-04           
 Numerical Threshold Method for Num. of Estimated Parameters { S(~stratum)p(~1)Psi(~stratum) } = 2          
 Number of Estimated Parameters { S(~stratum)p(~1)Psi(~stratum) } = 2          
 DEVIANCE { S(~stratum)p(~1)Psi(~stratum) } = 101.45147               
 DEVIANCE Degrees of Freedom { S(~stratum)p(~1)Psi(~stratum) } = 3          
 c-hat { S(~stratum)p(~1)Psi(~stratum) } = 33.817155               

Program  MARK  - Survival Rate Estimation with Capture-Recapture Data
 gfortran(dble/PIM2) Vers. 11.2 Nov 2025  15-Jan-2026 22:38:07    Page  006
 - - - - - - - - - - - - - - - - - - - - - - - - - - - - - - - - - - - - - -
 
 AIC { S(~stratum)p(~1)Psi(~stratum) } = 448.26648               
 AICc { S(~stratum)p(~1)Psi(~stratum) } = 448.29701               
 BIC { S(~stratum)p(~1)Psi(~stratum) } = 456.22931               
 Pearson Chisquare { S(~stratum)p(~1)Psi(~stratum) } = 87.711573               
 Possible Encounter Histories { S(~stratum)p(~1)Psi(~stratum) } = 24          
 Pearson Chisquare df { S(~stratum)p(~1)Psi(~stratum) } = 18          
 Pearson chat { S(~stratum)p(~1)Psi(~stratum) } = 4.8728651               
 Sum(Observed/Expected) { S(~stratum)p(~1)Psi(~stratum) } = 15.000004               
 s-bar { S(~stratum)p(~1)Psi(~stratum) } = -0.4499998              
 Fletcher chat { S(~stratum)p(~1)Psi(~stratum) } = 8.8597515               


       PARM-SPECIFIC Link Function Parameters of { S(~stratum)p(~1)Psi(~stratum) }
                                                              95% Confidence Interval
    Parameter                  Beta         Standard Error     Lower           Upper
 -------------------------  --------------  --------------  --------------  --------------
    1:S:(Intercept)          22.496246       5729.3529      -11207.036       11252.028    
    2:S:stratum2             8.5884804       4065.2882      -7959.3766       7976.5536    
    3:S:stratum3             10.266552       12638.095      -24760.400       24780.933    
    4:S:stratum4            -0.1837870       720.15283      -1411.6834       1411.3158    
    5:S:stratum5             0.0000000       1121.7358      -2198.6022       2198.6022    
    6:p:(Intercept)          28.692216       10759.250      -21059.439       21116.824    
    7:Psi:(Intercept)       -3.5308760       0.2931418      -4.1054340      -2.9563181    
    8:Psi:stratum2           0.0460916       0.3593196      -0.6581749       0.7503581    
    9:Psi:stratum3           35.290853       40708.749      -79753.860       79824.441    
   10:Psi:stratum4          -28.251420       32812.365      -64340.487       64283.984    
   11:Psi:stratum5           0.0000000       1121.7358      -2198.6022       2198.6022    


              Real Function Parameters of { S(~stratum)p(~1)Psi(~stratum) }
                                                               95% Confidence Interval
     Parameter                Estimate       Standard Error     Lower           Upper
 --------------------------  --------------  --------------  --------------  --------------
     1:S s1 g1 c1 a0 o1 t1    1.0000000       0.0000000       1.0000000       1.0000000       
     2:S s2 g1 c1 a0 o1 t1    1.0000000       0.0000000       1.0000000       1.0000000       
     3:S s3 g1 c1 a0 o1 t1    1.0000000       0.0000000       1.0000000       1.0000000       
     4:S s4 g1 c1 a0 o1 t1    1.0000000       0.0000000       1.0000000       1.0000000       
     5:S s5 g1 c1 a0 o1 t1    1.0000000       0.0000000       1.0000000       1.0000000       
     6:p s1 g1 c1 a1 o1 t2    1.0000000       0.0000000       1.0000000       1.0000000       
     7:Psi s1 to2 g1 c1 a0    0.0262097       0.0068777       0.0156235       0.0436507       
     8:Psi s1 to3 g1 c1 a0    0.0262097       0.0068777       0.0156235       0.0436507       
     9:Psi s1 to4 g1 c1 a0    0.0262097       0.0068777       0.0156235       0.0436507       
    10:Psi s1 to5 g1 c1 a0    0.0262097       0.0068777       0.0156235       0.0436507       
    11:Psi s2 to1 g1 c1 a0    0.0273109       0.0050551       0.0189699       0.0391730       
    12:Psi s2 to3 g1 c1 a0    0.0273109       0.0050551       0.0189699       0.0391730       
    13:Psi s2 to4 g1 c1 a0    0.0273109       0.0050551       0.0189699       0.0391730       
    14:Psi s2 to5 g1 c1 a0    0.0273109       0.0050551       0.0189699       0.0391730       

Program  MARK  - Survival Rate Estimation with Capture-Recapture Data
 gfortran(dble/PIM2) Vers. 11.2 Nov 2025  15-Jan-2026 22:38:07    Page  007
 - - - - - - - - - - - - - - - - - - - - - - - - - - - - - - - - - - - - - -
 
    15:Psi s3 to1 g1 c1 a0    0.2500000       0.0000000       0.2500000       0.2500000       
    16:Psi s3 to2 g1 c1 a0    0.2500000       0.0000000       0.2500000       0.2500000       
    17:Psi s3 to4 g1 c1 a0    0.2500000       0.0000000       0.2500000       0.2500000       
    18:Psi s3 to5 g1 c1 a0    0.2500000       0.0000000       0.2500000       0.2500000       
    19:Psi s4 to1 g1 c1 a0    0.1574434E-13   0.5166089E-09  -0.1012538E-08   0.1012569E-08   
    20:Psi s4 to2 g1 c1 a0    0.1574434E-13   0.5166089E-09  -0.1012538E-08   0.1012569E-08   
    21:Psi s4 to3 g1 c1 a0    0.1574434E-13   0.5166089E-09  -0.1012538E-08   0.1012569E-08   
    22:Psi s4 to5 g1 c1 a0    0.1574434E-13   0.5166089E-09  -0.1012538E-08   0.1012569E-08   
    23:Psi s5 to1 g1 c1 a0    0.0262097       26.318024      0.1497202E-309   1.0000000       
    24:Psi s5 to2 g1 c1 a0    0.0262097       26.318024      0.1497202E-309   1.0000000       
    25:Psi s5 to3 g1 c1 a0    0.0262097       26.318024      0.1497202E-309   1.0000000       
    26:Psi s5 to4 g1 c1 a0    0.0262097       26.318024      0.1497202E-309   1.0000000       

 To compute parameter estimates, CPU Time was 0.016 secs and System Time was 0.015 secs.

 Attempted ordering of parameters by estimatibility:
   7  8  4  5 11  2  1  6  3 10  9
 Beta number 9 is a singular value.

 For procedure estimate CPU Time was 0.219 secs and System Time was 0.500 secs.

Program  MARK  - Survival Rate Estimation with Capture-Recapture Data
 gfortran(dble/PIM2) Vers. 11.2 Nov 2025  15-Jan-2026 22:38:07    Page  008
 - - - - - - - - - - - - - - - - - - - - - - - - - - - - - - - - - - - - - -
 


 INPUT --- proc stop;

 For this job, CPU Time in mins was 0.004 and System Time in mins was 0.009.

     Time Start = 22:38:07.305   Time End = 22:38:07.850

 Wall Clock Time in mins for this job was 0.009.

 Maximum of 22 words used.


          E X E C U T I O N   S U C C E S S F U L
