
 Program  MARK  - Survival Rate Estimation with Capture-Recapture Data
 gfortran(dble/PIM2) Vers. 11.2 Nov 2025  15-Jan-2026 20:39:18    Page  001
  
 - - - - - - - - - - - - - - - - - - - - - - - - - - - - - - - - - - - - - -
 
 Welcome to MARK SCD-UM on machine DESKTOP-LNMOLR6 in subdirectory
   "C:\Users\SCD-UM\Desktop\cypripedium\Elian_cypripedium" running file "mark090.inp".
 This version was compiled by GCC version 15.2.0 using the options: 
  -cpp -iprefix C:/tdm-gcc-64/mingw64-15-2/bin/../lib/gcc/
  x86_64-w64-mingw32/15.2.0/ -D_MT -D_REENTRANT -U_REENTRANT -D
  dbleprecision -m64 -march=x86-64 -mtune=generic -mthreads -O3 -std=f2023
  -fimplicit-none -ffpe-summary=invalid,zero,overflow,underflow
  -funroll-loops -fno-unsafe-math-optimizations -frounding-math
  -fsignaling-nans -fprefetch-loop-arrays -fall-intrinsics -fopenmp

 This problem will use 7 of 8 possible threads.
 Static thread allocation is used.
 INPUT --- proc title ;

 For procedure title CPU Time was 0.001 secs and System Time was 0.001 secs.
 INPUT --- proc chmatrix occasions= 2 groups= 1 etype= Multistrata 
 INPUT --- Nodes= 101 strata=5 ICMeans  NoHist hist= 9 ;
 INPUT ---    time interval 1 ;
 INPUT ---     strata=1 2 3 4 5;
 INPUT ---    glabel(1)=Group 1;

      Number of unique encounter histories read was 9.

      Number of individual covariates read was 0.
      Time interval lengths are all equal to 1.

      Data type number is 9
      Data type is Multi-state with Live Recaptures

 For procedure chmatrix CPU Time was 0.001 secs and System Time was 0.001 secs.

Program  MARK  - Survival Rate Estimation with Capture-Recapture Data
 gfortran(dble/PIM2) Vers. 11.2 Nov 2025  15-Jan-2026 20:39:18    Page  002
 - - - - - - - - - - - - - - - - - - - - - - - - - - - - - - - - - - - - - -
 


 INPUT --- proc estimate link=Parm-Specific NOLOOP varest=2ndPart    ;
 INPUT --- model={ S(~stratum)p(~1)Psi(~stratum) };
 INPUT ---    group=1 S 1:Stratum1   rows=1 cols=1 Triang ;
 INPUT ---        1 ;
 INPUT ---    group=1 S 2:Stratum2   rows=1 cols=1 Triang ;
 INPUT ---        2 ;
 INPUT ---    group=1 S 3:Stratum3   rows=1 cols=1 Triang ;
 INPUT ---        3 ;
 INPUT ---    group=1 S 4:Stratum4   rows=1 cols=1 Triang ;
 INPUT ---        4 ;
 INPUT ---    group=1 S 5:Stratum5   rows=1 cols=1 Triang ;
 INPUT ---        5 ;
 INPUT ---    group=1 p 1:Stratum1   rows=1 cols=1 Triang ;
 INPUT ---        6 ;
 INPUT ---    group=1 p 2:Stratum2   rows=1 cols=1 Triang ;
 INPUT ---        6 ;
 INPUT ---    group=1 p 3:Stratum3   rows=1 cols=1 Triang ;
 INPUT ---        6 ;
 INPUT ---    group=1 p 4:Stratum4   rows=1 cols=1 Triang ;
 INPUT ---        6 ;
 INPUT ---    group=1 p 5:Stratum5   rows=1 cols=1 Triang ;
 INPUT ---        6 ;
 INPUT ---    group=1 Psi 1 to 2   rows=1 cols=1 Triang ;
 INPUT ---        7 ;
 INPUT ---    group=1 Psi 1 to 3   rows=1 cols=1 Triang ;
 INPUT ---        8 ;
 INPUT ---    group=1 Psi 1 to 4   rows=1 cols=1 Triang ;
 INPUT ---        9 ;
 INPUT ---    group=1 Psi 1 to 5   rows=1 cols=1 Triang ;
 INPUT ---        10 ;
 INPUT ---    group=1 Psi 2 to 1   rows=1 cols=1 Triang ;
 INPUT ---        11 ;
 INPUT ---    group=1 Psi 2 to 3   rows=1 cols=1 Triang ;
 INPUT ---        12 ;
 INPUT ---    group=1 Psi 2 to 4   rows=1 cols=1 Triang ;
 INPUT ---        13 ;
 INPUT ---    group=1 Psi 2 to 5   rows=1 cols=1 Triang ;
 INPUT ---        14 ;
 INPUT ---    group=1 Psi 3 to 1   rows=1 cols=1 Triang ;
 INPUT ---        15 ;
 INPUT ---    group=1 Psi 3 to 2   rows=1 cols=1 Triang ;
 INPUT ---        16 ;
 INPUT ---    group=1 Psi 3 to 4   rows=1 cols=1 Triang ;
 INPUT ---        17 ;

Program  MARK  - Survival Rate Estimation with Capture-Recapture Data
 gfortran(dble/PIM2) Vers. 11.2 Nov 2025  15-Jan-2026 20:39:18    Page  003
 - - - - - - - - - - - - - - - - - - - - - - - - - - - - - - - - - - - - - -
 
 INPUT ---    group=1 Psi 3 to 5   rows=1 cols=1 Triang ;
 INPUT ---        18 ;
 INPUT ---    group=1 Psi 4 to 1   rows=1 cols=1 Triang ;
 INPUT ---        19 ;
 INPUT ---    group=1 Psi 4 to 2   rows=1 cols=1 Triang ;
 INPUT ---        20 ;
 INPUT ---    group=1 Psi 4 to 3   rows=1 cols=1 Triang ;
 INPUT ---        21 ;
 INPUT ---    group=1 Psi 4 to 5   rows=1 cols=1 Triang ;
 INPUT ---        22 ;
 INPUT ---    group=1 Psi 5 to 1   rows=1 cols=1 Triang ;
 INPUT ---        23 ;
 INPUT ---    group=1 Psi 5 to 2   rows=1 cols=1 Triang ;
 INPUT ---        24 ;
 INPUT ---    group=1 Psi 5 to 3   rows=1 cols=1 Triang ;
 INPUT ---        25 ;
 INPUT ---    group=1 Psi 5 to 4   rows=1 cols=1 Triang ;
 INPUT ---        26 ;
 INPUT ---    design matrix constraints=26 covariates=11;
 INPUT ---        1 0 0 0 0 0 0 0 0 0 0;
 INPUT ---        1 1 0 0 0 0 0 0 0 0 0;
 INPUT ---        1 0 1 0 0 0 0 0 0 0 0;
 INPUT ---        1 0 0 1 0 0 0 0 0 0 0;
 INPUT ---        1 0 0 0 1 0 0 0 0 0 0;
 INPUT ---        0 0 0 0 0 1 0 0 0 0 0;
 INPUT ---        0 0 0 0 0 0 1 0 0 0 0;
 INPUT ---        0 0 0 0 0 0 1 0 0 0 0;
 INPUT ---        0 0 0 0 0 0 1 0 0 0 0;
 INPUT ---        0 0 0 0 0 0 1 0 0 0 0;
 INPUT ---        0 0 0 0 0 0 1 1 0 0 0;
 INPUT ---        0 0 0 0 0 0 1 1 0 0 0;
 INPUT ---        0 0 0 0 0 0 1 1 0 0 0;
 INPUT ---        0 0 0 0 0 0 1 1 0 0 0;
 INPUT ---        0 0 0 0 0 0 1 0 1 0 0;
 INPUT ---        0 0 0 0 0 0 1 0 1 0 0;
 INPUT ---        0 0 0 0 0 0 1 0 1 0 0;
 INPUT ---        0 0 0 0 0 0 1 0 1 0 0;
 INPUT ---        0 0 0 0 0 0 1 0 0 1 0;
 INPUT ---        0 0 0 0 0 0 1 0 0 1 0;
 INPUT ---        0 0 0 0 0 0 1 0 0 1 0;
 INPUT ---        0 0 0 0 0 0 1 0 0 1 0;
 INPUT ---        0 0 0 0 0 0 1 0 0 0 1;
 INPUT ---        0 0 0 0 0 0 1 0 0 0 1;
 INPUT ---        0 0 0 0 0 0 1 0 0 0 1;
 INPUT ---        0 0 0 0 0 0 1 0 0 0 1;
 INPUT ---    links=26;

Program  MARK  - Survival Rate Estimation with Capture-Recapture Data
 gfortran(dble/PIM2) Vers. 11.2 Nov 2025  15-Jan-2026 20:39:19    Page  004
 - - - - - - - - - - - - - - - - - - - - - - - - - - - - - - - - - - - - - -
 
 INPUT ---       Logit;
 INPUT ---       Logit;
 INPUT ---       Logit;
 INPUT ---       Logit;
 INPUT ---       Logit;
 INPUT ---       Logit;
 INPUT ---       mlogit(1);
 INPUT ---       mlogit(1);
 INPUT ---       mlogit(1);
 INPUT ---       mlogit(1);
 INPUT ---       mlogit(2);
 INPUT ---       mlogit(2);
 INPUT ---       mlogit(2);
 INPUT ---       mlogit(2);
 INPUT ---       mlogit(3);
 INPUT ---       mlogit(3);
 INPUT ---       mlogit(3);
 INPUT ---       mlogit(3);
 INPUT ---       mlogit(4);
 INPUT ---       mlogit(4);
 INPUT ---       mlogit(4);
 INPUT ---       mlogit(4);
 INPUT ---       mlogit(5);
 INPUT ---       mlogit(5);
 INPUT ---       mlogit(5);
 INPUT ---       mlogit(5);
 INPUT ---       blabel(1)=S:(Intercept);
 INPUT ---       blabel(2)=S:stratum2;
 INPUT ---       blabel(3)=S:stratum3;
 INPUT ---       blabel(4)=S:stratum4;
 INPUT ---       blabel(5)=S:stratum5;
 INPUT ---       blabel(6)=p:(Intercept);
 INPUT ---       blabel(7)=Psi:(Intercept);
 INPUT ---       blabel(8)=Psi:stratum2;
 INPUT ---       blabel(9)=Psi:stratum3;
 INPUT ---       blabel(10)=Psi:stratum4;
 INPUT ---       blabel(11)=Psi:stratum5;
 INPUT ---       rlabel(1)=S s1 g1 c1 a0 o1 t1;
 INPUT ---       rlabel(2)=S s2 g1 c1 a0 o1 t1;
 INPUT ---       rlabel(3)=S s3 g1 c1 a0 o1 t1;
 INPUT ---       rlabel(4)=S s4 g1 c1 a0 o1 t1;
 INPUT ---       rlabel(5)=S s5 g1 c1 a0 o1 t1;
 INPUT ---       rlabel(6)=p s1 g1 c1 a1 o1 t2;
 INPUT ---       rlabel(7)=Psi s1 to2 g1 c1 a0 o1 t1;
 INPUT ---       rlabel(8)=Psi s1 to3 g1 c1 a0 o1 t1;
 INPUT ---       rlabel(9)=Psi s1 to4 g1 c1 a0 o1 t1;

Program  MARK  - Survival Rate Estimation with Capture-Recapture Data
 gfortran(dble/PIM2) Vers. 11.2 Nov 2025  15-Jan-2026 20:39:19    Page  005
 - - - - - - - - - - - - - - - - - - - - - - - - - - - - - - - - - - - - - -
 
 INPUT ---       rlabel(10)=Psi s1 to5 g1 c1 a0 o1 t1;
 INPUT ---       rlabel(11)=Psi s2 to1 g1 c1 a0 o1 t1;
 INPUT ---       rlabel(12)=Psi s2 to3 g1 c1 a0 o1 t1;
 INPUT ---       rlabel(13)=Psi s2 to4 g1 c1 a0 o1 t1;
 INPUT ---       rlabel(14)=Psi s2 to5 g1 c1 a0 o1 t1;
 INPUT ---       rlabel(15)=Psi s3 to1 g1 c1 a0 o1 t1;
 INPUT ---       rlabel(16)=Psi s3 to2 g1 c1 a0 o1 t1;
 INPUT ---       rlabel(17)=Psi s3 to4 g1 c1 a0 o1 t1;
 INPUT ---       rlabel(18)=Psi s3 to5 g1 c1 a0 o1 t1;
 INPUT ---       rlabel(19)=Psi s4 to1 g1 c1 a0 o1 t1;
 INPUT ---       rlabel(20)=Psi s4 to2 g1 c1 a0 o1 t1;
 INPUT ---       rlabel(21)=Psi s4 to3 g1 c1 a0 o1 t1;
 INPUT ---       rlabel(22)=Psi s4 to5 g1 c1 a0 o1 t1;
 INPUT ---       rlabel(23)=Psi s5 to1 g1 c1 a0 o1 t1;
 INPUT ---       rlabel(24)=Psi s5 to2 g1 c1 a0 o1 t1;
 INPUT ---       rlabel(25)=Psi s5 to3 g1 c1 a0 o1 t1;
 INPUT ---       rlabel(26)=Psi s5 to4 g1 c1 a0 o1 t1;
   Model is { S(~stratum)p(~1)Psi(~stratum) }

 Link Function Used is PARM-SPECIFIC

 Variance Estimation Procedure Used is 2ndPart 
 -2logL(saturated) = 494.66311     
 Effective Sample Size = 357

 Number of function evaluations was 45 for 11 parameters.
 For numerical optimization, CPU Time was 0.422 secs and System Time was 0.406 secs.
 -2logL { S(~stratum)p(~1)Psi(~stratum) } = 776.61476     
 Penalty { S(~stratum)p(~1)Psi(~stratum) } = 0.0000000     
 Gradient { S(~stratum)p(~1)Psi(~stratum) }:
   0.0000       0.0000       0.0000       0.0000       0.0000    
   0.0000     -9.88917E-06   0.0000     -2.42105E-06   0.0000    
   0.0000    
 Maximum ABS(G) { S(~stratum)p(~1)Psi(~stratum) } =  9.88917E-06
 To compute VC matrix, CPU Time was 0.062 secs and System Time was 0.109 secs.
 S Vector { S(~stratum)p(~1)Psi(~stratum) }:
   80.33147      13.73171     0.8723566     0.1589457E-05 0.1589457E-05
  0.1589457E-05 0.1589457E-05 0.2338444E-06 0.5143291E-07 0.2566813E-07
  -0.000000    
 To invert VC matrix, CPU Time was 0.001 secs and System Time was 0.001 secs.
 Ratio Threshold = 50.00 Max Gap (3/4) = 5.4884E+5 Next Max Gap (2/3) = 15.74
 Gap Method for Num. of Estimated Parameters { S(~stratum)p(~1)Psi(~stratum) } = 3          
 Threshold { S(~stratum)p(~1)Psi(~stratum) } = 0.1977835E-04           
 Numerical Threshold Method for Num. of Estimated Parameters { S(~stratum)p(~1)Psi(~stratum) } = 3          
 Number of Estimated Parameters { S(~stratum)p(~1)Psi(~stratum) } = 3          
 DEVIANCE { S(~stratum)p(~1)Psi(~stratum) } = 281.95165               
 DEVIANCE Degrees of Freedom { S(~stratum)p(~1)Psi(~stratum) } = 3          
 c-hat { S(~stratum)p(~1)Psi(~stratum) } = 93.983884               

Program  MARK  - Survival Rate Estimation with Capture-Recapture Data
 gfortran(dble/PIM2) Vers. 11.2 Nov 2025  15-Jan-2026 20:39:19    Page  006
 - - - - - - - - - - - - - - - - - - - - - - - - - - - - - - - - - - - - - -
 
 AIC { S(~stratum)p(~1)Psi(~stratum) } = 782.61476               
 AICc { S(~stratum)p(~1)Psi(~stratum) } = 782.68275               
 BIC { S(~stratum)p(~1)Psi(~stratum) } = 794.24797               
 Pearson Chisquare { S(~stratum)p(~1)Psi(~stratum) } = 307.18190               
 Possible Encounter Histories { S(~stratum)p(~1)Psi(~stratum) } = 18          
 Pearson Chisquare df { S(~stratum)p(~1)Psi(~stratum) } = 12          
 Pearson chat { S(~stratum)p(~1)Psi(~stratum) } = 25.598492               
 Sum(Observed/Expected) { S(~stratum)p(~1)Psi(~stratum) } = 15.000007               
 s-bar { S(~stratum)p(~1)Psi(~stratum) } = -0.1999996              
 Fletcher chat { S(~stratum)p(~1)Psi(~stratum) } = 31.998097               

   * *  WARNING  * *   Divide by zero occurred computing the variance-covariance matrix. 
     IEEE flag status computing the variance-covariance matrix:
     overflow       F
     divide by zero T
     invalid        T
     underflow      F
     inexact        T



       PARM-SPECIFIC Link Function Parameters of { S(~stratum)p(~1)Psi(~stratum) }
                                                              95% Confidence Interval
    Parameter                  Beta         Standard Error     Lower           Upper
 -------------------------  --------------  --------------  --------------  --------------
    1:S:(Intercept)          22.055158      Not a Number    Not a Number    Not a Number  
    2:S:stratum2             2.4978176      Not a Number    Not a Number    Not a Number  
    3:S:stratum3            -0.0284016       0.0000000      -0.0284016      -0.0284016    
    4:S:stratum4             0.0000000      Not a Number    Not a Number    Not a Number  
    5:S:stratum5             0.0000000      Not a Number    Not a Number    Not a Number  
    6:p:(Intercept)          23.126328      Not a Number    Not a Number    Not a Number  
    7:Psi:(Intercept)       -1.3144687      Not a Number    Not a Number    Not a Number  
    8:Psi:stratum2          -1.6122707      Not a Number    Not a Number    Not a Number  
    9:Psi:stratum3          -2.1512690      Not a Number    Not a Number    Not a Number  
   10:Psi:stratum4           0.0000000      Not a Number    Not a Number    Not a Number  
   11:Psi:stratum5           0.0000000      Not a Number    Not a Number    Not a Number  


              Real Function Parameters of { S(~stratum)p(~1)Psi(~stratum) }
                                                               95% Confidence Interval
     Parameter                Estimate       Standard Error     Lower           Upper
 --------------------------  --------------  --------------  --------------  --------------
     1:S s1 g1 c1 a0 o1 t1    1.0000000      Not a Number    Not a Number    Not a Number     
     2:S s2 g1 c1 a0 o1 t1    1.0000000      Not a Number    Not a Number    Not a Number     
     3:S s3 g1 c1 a0 o1 t1    1.0000000      Not a Number    Not a Number    Not a Number     
     4:S s4 g1 c1 a0 o1 t1    1.0000000      Not a Number    Not a Number    Not a Number     
     5:S s5 g1 c1 a0 o1 t1    1.0000000      Not a Number    Not a Number    Not a Number     
     6:p s1 g1 c1 a1 o1 t2    1.0000000      Not a Number    Not a Number    Not a Number     

Program  MARK  - Survival Rate Estimation with Capture-Recapture Data
 gfortran(dble/PIM2) Vers. 11.2 Nov 2025  15-Jan-2026 20:39:19    Page  007
 - - - - - - - - - - - - - - - - - - - - - - - - - - - - - - - - - - - - - -
 
     7:Psi s1 to2 g1 c1 a0    0.1294872      Not a Number     1.0000000      0.3309756E-308   
     8:Psi s1 to3 g1 c1 a0    0.1294872      Not a Number     1.0000000      0.3309756E-308   
     9:Psi s1 to4 g1 c1 a0    0.1294872      Not a Number     1.0000000      0.3309756E-308   
    10:Psi s1 to5 g1 c1 a0    0.1294872      Not a Number     1.0000000      0.3309756E-308   
    11:Psi s2 to1 g1 c1 a0    0.0441176      Not a Number     1.0000000      0.1026957E-308   
    12:Psi s2 to3 g1 c1 a0    0.0441176      Not a Number     1.0000000      0.1026957E-308   
    13:Psi s2 to4 g1 c1 a0    0.0441176      Not a Number     1.0000000      0.1026957E-308   
    14:Psi s2 to5 g1 c1 a0    0.0441176      Not a Number     1.0000000      0.1026957E-308   
    15:Psi s3 to1 g1 c1 a0    0.0277777      Not a Number     1.0000000      0.6357343E-309   
    16:Psi s3 to2 g1 c1 a0    0.0277777      Not a Number     1.0000000      0.6357343E-309   
    17:Psi s3 to4 g1 c1 a0    0.0277777      Not a Number     1.0000000      0.6357343E-309   
    18:Psi s3 to5 g1 c1 a0    0.0277777      Not a Number     1.0000000      0.6357343E-309   
    19:Psi s4 to1 g1 c1 a0    0.1294872      Not a Number     1.0000000      0.3309756E-308   
    20:Psi s4 to2 g1 c1 a0    0.1294872      Not a Number     1.0000000      0.3309756E-308   
    21:Psi s4 to3 g1 c1 a0    0.1294872      Not a Number     1.0000000      0.3309756E-308   
    22:Psi s4 to5 g1 c1 a0    0.1294872      Not a Number     1.0000000      0.3309756E-308   
    23:Psi s5 to1 g1 c1 a0    0.1294872      Not a Number     1.0000000      0.3309756E-308   
    24:Psi s5 to2 g1 c1 a0    0.1294872      Not a Number     1.0000000      0.3309756E-308   
    25:Psi s5 to3 g1 c1 a0    0.1294872      Not a Number     1.0000000      0.3309756E-308   
    26:Psi s5 to4 g1 c1 a0    0.1294872      Not a Number     1.0000000      0.3309756E-308   

 To compute parameter estimates, CPU Time was 0.016 secs and System Time was 0.016 secs.

 Attempted ordering of parameters by estimatibility:
   7  8  9  4  5 10 11  2  1  6  3
 Beta number 3 is a singular value.

 For procedure estimate CPU Time was 0.531 secs and System Time was 1.266 secs.

Program  MARK  - Survival Rate Estimation with Capture-Recapture Data
 gfortran(dble/PIM2) Vers. 11.2 Nov 2025  15-Jan-2026 20:39:19    Page  008
 - - - - - - - - - - - - - - - - - - - - - - - - - - - - - - - - - - - - - -
 


 INPUT --- proc stop;

 For this job, CPU Time in mins was 0.011 and System Time in mins was 0.023.

     Time Start = 20:39:18.255   Time End = 20:39:19.668

 Wall Clock Time in mins for this job was 0.021.

 Maximum of 22 words used.


          E X E C U T I O N   S U C C E S S F U L
